Emulator Thread: Loading ROM: /home/jazzium/Documents/projects/JazzNess/Mario.nes
8000  78       SEI                              A:00 X:00 Y:00 P:24 SP:FD
8001  D8       CLD                              A:00 X:00 Y:00 P:24 SP:FD
8002  A9 10    LDA LDA #$10                     A:00 X:00 Y:00 P:24 SP:FD
8004  8D 00 20 STA STA $2000                    A:10 X:00 Y:00 P:24 SP:FD
8007  A2 FF    LDX LDX #$FF                     A:10 X:00 Y:00 P:24 SP:FD
8009  9A       TXS                              A:10 X:FF Y:00 P:A4 SP:FD
[Repeated block (4 instrs)] ×2
800A  AD 02 20 LDA LDA $2002                    A:10 X:FF Y:00 P:A4 SP:FF
<L063> ×2
# sample:
# [800D  10 FB    BPL BPL #$FB                     A:00 X:FF Y:00 P:26 SP:FF ; 800A  AD 02 20 LDA LDA $2002                    A:00 X:FF Y:00 P:26 SP:FF ; 800D  10 FB    BPL BPL #$FB                     A:00 X:FF Y:00 P:26 SP:FF ; 800A  AD 02 20 LDA LDA $2002                    A:00 X:FF Y:00 P:26 SP:FF ; 800D  10 FB    BPL BPL #$FB                     A:00 X:FF Y:00 P:26 SP:FF ; 800A  AD 02 20 LDA LDA $2002                    A:00 X:FF Y:00 P:26 SP:FF ; 800D  10 FB    BPL BPL #$FB                     A:00 X:FF Y:00 P:26 SP:FF ; 800A  AD 02 20 LDA LDA $2002                    A:00 X:FF Y:00 P:26 SP:FF ; 800D  10 FB    BPL BPL #$FB                     A:00 X:FF Y:00 P:26 SP:FF ; 800A  AD 02 20 LDA LDA $2002                    A:00 X:FF Y:00 P:26 SP:FF] ×782
# [800D  10 FB    BPL BPL #$FB                     A:00 X:FF Y:00 P:26 SP:FF ; 800A  AD 02 20 LDA LDA $2002                    A:00 X:FF Y:00 P:26 SP:FF] ×2
8016  A2 05    LDX LDX #$05                     A:80 X:FF Y:FE P:A4 SP:FF
[Repeated block (10 instrs)] ×3
<L064> ×2
# sample:
# 8018  BD D7 07 LDA LDA $07D7,X                  A:80 X:05 Y:FE P:24 SP:FF
# 801B  C9 0A    CMP CMP #$0A                     A:00 X:05 Y:FE P:26 SP:FF
# 801D  B0 0C    BCS BCS #$0C                     A:00 X:05 Y:FE P:A4 SP:FF
# 801F  CA       DEX                              A:00 X:05 Y:FE P:A4 SP:FF
# 8020  10 F6    BPL BPL #$F6                     A:00 X:04 Y:FE P:24 SP:FF
8022  AD FF 07 LDA LDA $07FF                    A:00 X:FF Y:FE P:A4 SP:FF
8025  C9 A5    CMP CMP #$A5                     A:00 X:FF Y:FE P:26 SP:FF
8027  D0 02    BNE BNE #$02                     A:00 X:FF Y:FE P:24 SP:FF
802B  20 CC 90 JSR JSR $90CC                    A:00 X:FF Y:FE P:24 SP:FF
<L001> ×2
# sample:
# 90CC  A2 07    LDX LDX #$07                     A:00 X:FF Y:FE P:24 SP:FD
90D0  85 06    STA STA $06                      A:00 X:07 Y:FE P:26 SP:FD
<L035> ×6
# sample:
# 90D2  86 07    STX STX $07                      A:00 X:07 Y:FE P:26 SP:FD
# [Repeated block (6 instrs)] ×255
# 90D4  E0 01    CPX CPX #$01                     A:00 X:07 Y:FE P:26 SP:FD
# 90D6  D0 04    BNE BNE #$04                     A:00 X:07 Y:FE P:25 SP:FD
# 90DC  91 06    STA STA ($06),Y                  A:00 X:07 Y:FE P:25 SP:FD
# 90DE  88       DEY                              A:00 X:07 Y:FE P:25 SP:FD
# 90DF  C0 FF    CPY CPY #$FF                     A:00 X:07 Y:FD P:A5 SP:FD
# 90E1  D0 F1    BNE BNE #$F1                     A:00 X:07 Y:FD P:A4 SP:FD
# 90E3  CA       DEX                              A:00 X:07 Y:FF P:27 SP:FD
# 90E4  10 EC    BPL BPL #$EC                     A:00 X:06 Y:FF P:25 SP:FD
90D2  86 07    STX STX $07                      A:00 X:01 Y:FF P:25 SP:FD
[Repeated block (7 instrs)] ×160
90D4  E0 01    CPX CPX #$01                     A:00 X:01 Y:FF P:25 SP:FD
90D6  D0 04    BNE BNE #$04                     A:00 X:01 Y:FF P:27 SP:FD
90D8  C0 60    CPY CPY #$60                     A:00 X:01 Y:FF P:27 SP:FD
<L001> ×3
# sample:
# 90DA  B0 02    BCS BCS #$02                     A:00 X:01 Y:FF P:A5 SP:FD
90E1  D0 F1    BNE BNE #$F1                     A:00 X:01 Y:FE P:A4 SP:FD
[Repeated block (8 instrs)] ×96
90D4  E0 01    CPX CPX #$01                     A:00 X:01 Y:5F P:24 SP:FD
90D6  D0 04    BNE BNE #$04                     A:00 X:01 Y:5F P:27 SP:FD
90D8  C0 60    CPY CPY #$60                     A:00 X:01 Y:5F P:27 SP:FD
<L002> ×2
# sample:
# 90DA  B0 02    BCS BCS #$02                     A:00 X:01 Y:5F P:A4 SP:FD
# 90DC  91 06    STA STA ($06),Y                  A:00 X:01 Y:5F P:A4 SP:FD
90E1  D0 F1    BNE BNE #$F1                     A:00 X:01 Y:5E P:24 SP:FD
90E3  CA       DEX                              A:00 X:01 Y:FF P:27 SP:FD
90E4  10 EC    BPL BPL #$EC                     A:00 X:00 Y:FF P:27 SP:FD
90D2  86 07    STX STX $07                      A:00 X:00 Y:FF P:27 SP:FD
[Repeated block (6 instrs)] ×256
90D4  E0 01    CPX CPX #$01                     A:00 X:00 Y:FF P:27 SP:FD
90D6  D0 04    BNE BNE #$04                     A:00 X:00 Y:FF P:A4 SP:FD
<L001> ×3
# sample:
# 90DC  91 06    STA STA ($06),Y                  A:00 X:00 Y:FF P:A4 SP:FD
90E1  D0 F1    BNE BNE #$F1                     A:00 X:00 Y:FE P:A4 SP:FD
90E3  CA       DEX                              A:00 X:00 Y:FF P:27 SP:FD
90E4  10 EC    BPL BPL #$EC                     A:00 X:FF Y:FF P:A5 SP:FD
90E6  60       RTS                              A:00 X:FF Y:FF P:A5 SP:FD
<L065> ×2
# sample:
# 802E  8D 11 40 STA STA $4011                    A:00 X:FF Y:FF P:A5 SP:FF
# 8031  8D 70 07 STA STA $0770                    A:00 X:FF Y:FF P:A5 SP:FF
# 8034  A9 A5    LDA LDA #$A5                     A:00 X:FF Y:FF P:A5 SP:FF
803E  8D 15 40 STA STA $4015                    A:0F X:FF Y:FF P:25 SP:FF
8041  A9 06    LDA LDA #$06                     A:0F X:FF Y:FF P:25 SP:FF
8043  8D 01 20 STA STA $2001                    A:06 X:FF Y:FF P:25 SP:FF
8046  20 20 82 JSR JSR $8220                    A:06 X:FF Y:FF P:25 SP:FF
8220  A0 00    LDY LDY #$00                     A:06 X:FF Y:FF P:25 SP:FD
8222  2C A0 04 BIT BIT $04A0                    A:06 X:FF Y:00 P:27 SP:FD
8225  A9 F8    LDA LDA #$F8                     A:06 X:FF Y:00 P:27 SP:FD
[Repeated block (6 instrs)] ×64
8227  99 00 02 STA STA $0200,Y                  A:F8 X:FF Y:00 P:A5 SP:FD
<L048> ×2
# sample:
# 822A  C8       INY                              A:F8 X:FF Y:00 P:A5 SP:FD
# 822B  C8       INY                              A:F8 X:FF Y:01 P:25 SP:FD
822E  D0 F7    BNE BNE #$F7                     A:F8 X:FF Y:04 P:25 SP:FD
8230  60       RTS                              A:F8 X:FF Y:00 P:27 SP:FD
8049  20 19 8E JSR JSR $8E19                    A:F8 X:FF Y:00 P:27 SP:FF
<L052> ×2
# sample:
# 8E19  AD 02 20 LDA LDA $2002                    A:F8 X:FF Y:00 P:27 SP:FD
8E1F  09 10    ORA ORA #$10                     A:00 X:FF Y:00 P:27 SP:FD
8E21  29 F0    AND AND #$F0                     A:10 X:FF Y:00 P:25 SP:FD
8E23  20 ED 8E JSR JSR $8EED                    A:10 X:FF Y:00 P:25 SP:FD
<L001> ×3
# sample:
# 8EED  8D 00 20 STA STA $2000                    A:10 X:FF Y:00 P:25 SP:FB
8E26  A9 24    LDA LDA #$24                     A:10 X:FF Y:00 P:25 SP:FD
8E28  20 2D 8E JSR JSR $8E2D                    A:24 X:FF Y:00 P:25 SP:FD
8E2D  8D 06 20 STA STA $2006                    A:24 X:FF Y:00 P:25 SP:FB
8E30  A9 00    LDA LDA #$00                     A:24 X:FF Y:00 P:25 SP:FB
8E32  8D 06 20 STA STA $2006                    A:00 X:FF Y:00 P:27 SP:FB
8E35  A2 04    LDX LDX #$04                     A:00 X:FF Y:00 P:27 SP:FB
8E37  A0 C0    LDY LDY #$C0                     A:00 X:04 Y:00 P:25 SP:FB
8E39  A9 24    LDA LDA #$24                     A:00 X:04 Y:C0 P:A5 SP:FB
[Repeated block (9 instrs)] ×64
<L040> ×3
# sample:
# 8E3B  8D 07 20 STA STA $2007                    A:24 X:04 Y:C0 P:25 SP:FB
# 8E3E  88       DEY                              A:24 X:04 Y:C0 P:25 SP:FB
# 8E3F  D0 FA    BNE BNE #$FA                     A:24 X:04 Y:BF P:A5 SP:FB
8E41  CA       DEX                              A:24 X:04 Y:00 P:27 SP:FB
8E42  D0 F7    BNE BNE #$F7                     A:24 X:03 Y:00 P:25 SP:FB
[Repeated block (9 instrs)] ×85
<L025> ×2
# sample:
# 8E3B  8D 07 20 STA STA $2007                    A:24 X:03 Y:00 P:25 SP:FB
# 8E3E  88       DEY                              A:24 X:03 Y:00 P:25 SP:FB
# 8E3F  D0 FA    BNE BNE #$FA                     A:24 X:03 Y:FF P:A5 SP:FB
# 8E3B  8D 07 20 STA STA $2007                    A:24 X:03 Y:FF P:A5 SP:FB
# 8E3E  88       DEY                              A:24 X:03 Y:FF P:A5 SP:FB
# 8E3F  D0 FA    BNE BNE #$FA                     A:24 X:03 Y:FE P:A5 SP:FB
8E41  CA       DEX                              A:24 X:03 Y:00 P:27 SP:FB
8E42  D0 F7    BNE BNE #$F7                     A:24 X:02 Y:00 P:25 SP:FB
[Repeated block (9 instrs)] ×85
<L025> ×2
# sample:
# 8E3B  8D 07 20 STA STA $2007                    A:24 X:02 Y:00 P:25 SP:FB
# 8E3E  88       DEY                              A:24 X:02 Y:00 P:25 SP:FB
# 8E3F  D0 FA    BNE BNE #$FA                     A:24 X:02 Y:FF P:A5 SP:FB
# 8E3B  8D 07 20 STA STA $2007                    A:24 X:02 Y:FF P:A5 SP:FB
# 8E3E  88       DEY                              A:24 X:02 Y:FF P:A5 SP:FB
# 8E3F  D0 FA    BNE BNE #$FA                     A:24 X:02 Y:FE P:A5 SP:FB
8E41  CA       DEX                              A:24 X:02 Y:00 P:27 SP:FB
8E42  D0 F7    BNE BNE #$F7                     A:24 X:01 Y:00 P:25 SP:FB
[Repeated block (9 instrs)] ×85
<L025> ×2
# sample:
# 8E3B  8D 07 20 STA STA $2007                    A:24 X:01 Y:00 P:25 SP:FB
# 8E3E  88       DEY                              A:24 X:01 Y:00 P:25 SP:FB
# 8E3F  D0 FA    BNE BNE #$FA                     A:24 X:01 Y:FF P:A5 SP:FB
# 8E3B  8D 07 20 STA STA $2007                    A:24 X:01 Y:FF P:A5 SP:FB
# 8E3E  88       DEY                              A:24 X:01 Y:FF P:A5 SP:FB
# 8E3F  D0 FA    BNE BNE #$FA                     A:24 X:01 Y:FE P:A5 SP:FB
8E41  CA       DEX                              A:24 X:01 Y:00 P:27 SP:FB
8E42  D0 F7    BNE BNE #$F7                     A:24 X:00 Y:00 P:27 SP:FB
8E44  A0 40    LDY LDY #$40                     A:24 X:00 Y:00 P:27 SP:FB
8E46  8A       TXA                              A:24 X:00 Y:40 P:25 SP:FB
<L027> ×2
# sample:
# 8E47  8D 00 03 STA STA $0300                    A:00 X:00 Y:40 P:27 SP:FB
[Repeated block (9 instrs)] ×21
<L025> ×2
# sample:
# 8E4D  8D 07 20 STA STA $2007                    A:00 X:00 Y:40 P:27 SP:FB
# 8E50  88       DEY                              A:00 X:00 Y:40 P:27 SP:FB
# 8E51  D0 FA    BNE BNE #$FA                     A:00 X:00 Y:3F P:25 SP:FB
# 8E4D  8D 07 20 STA STA $2007                    A:00 X:00 Y:3F P:25 SP:FB
# 8E50  88       DEY                              A:00 X:00 Y:3F P:25 SP:FB
# 8E51  D0 FA    BNE BNE #$FA                     A:00 X:00 Y:3E P:25 SP:FB
<L027> ×2
# sample:
# 8E53  8D 3F 07 STA STA $073F                    A:00 X:00 Y:00 P:27 SP:FB
8E59  4C E6 8E JMP JMP $8EE6                    A:00 X:00 Y:00 P:27 SP:FB
<L001> ×3
# sample:
# 8EE6  8D 05 20 STA STA $2005                    A:00 X:00 Y:00 P:27 SP:FB
<L046> ×2
# sample:
# 8E2B  A9 20    LDA LDA #$20                     A:00 X:00 Y:00 P:27 SP:FD
# 8E2D  8D 06 20 STA STA $2006                    A:20 X:00 Y:00 P:25 SP:FD
8E35  A2 04    LDX LDX #$04                     A:00 X:00 Y:00 P:27 SP:FD
8E37  A0 C0    LDY LDY #$C0                     A:00 X:04 Y:00 P:25 SP:FD
8E39  A9 24    LDA LDA #$24                     A:00 X:04 Y:C0 P:A5 SP:FD
[Repeated block (9 instrs)] ×64
<L040> ×3
# sample:
# 8E3B  8D 07 20 STA STA $2007                    A:24 X:04 Y:C0 P:25 SP:FD
# 8E3E  88       DEY                              A:24 X:04 Y:C0 P:25 SP:FD
# 8E3F  D0 FA    BNE BNE #$FA                     A:24 X:04 Y:BF P:A5 SP:FD
8E41  CA       DEX                              A:24 X:04 Y:00 P:27 SP:FD
8E42  D0 F7    BNE BNE #$F7                     A:24 X:03 Y:00 P:25 SP:FD
[Repeated block (9 instrs)] ×85
<L025> ×2
# sample:
# 8E3B  8D 07 20 STA STA $2007                    A:24 X:03 Y:00 P:25 SP:FD
# 8E3E  88       DEY                              A:24 X:03 Y:00 P:25 SP:FD
# 8E3F  D0 FA    BNE BNE #$FA                     A:24 X:03 Y:FF P:A5 SP:FD
# 8E3B  8D 07 20 STA STA $2007                    A:24 X:03 Y:FF P:A5 SP:FD
# 8E3E  88       DEY                              A:24 X:03 Y:FF P:A5 SP:FD
# 8E3F  D0 FA    BNE BNE #$FA                     A:24 X:03 Y:FE P:A5 SP:FD
8E41  CA       DEX                              A:24 X:03 Y:00 P:27 SP:FD
8E42  D0 F7    BNE BNE #$F7                     A:24 X:02 Y:00 P:25 SP:FD
[Repeated block (9 instrs)] ×85
<L025> ×2
# sample:
# 8E3B  8D 07 20 STA STA $2007                    A:24 X:02 Y:00 P:25 SP:FD
# 8E3E  88       DEY                              A:24 X:02 Y:00 P:25 SP:FD
# 8E3F  D0 FA    BNE BNE #$FA                     A:24 X:02 Y:FF P:A5 SP:FD
# 8E3B  8D 07 20 STA STA $2007                    A:24 X:02 Y:FF P:A5 SP:FD
# 8E3E  88       DEY                              A:24 X:02 Y:FF P:A5 SP:FD
# 8E3F  D0 FA    BNE BNE #$FA                     A:24 X:02 Y:FE P:A5 SP:FD
8E41  CA       DEX                              A:24 X:02 Y:00 P:27 SP:FD
8E42  D0 F7    BNE BNE #$F7                     A:24 X:01 Y:00 P:25 SP:FD
[Repeated block (9 instrs)] ×85
<L025> ×2
# sample:
# 8E3B  8D 07 20 STA STA $2007                    A:24 X:01 Y:00 P:25 SP:FD
# 8E3E  88       DEY                              A:24 X:01 Y:00 P:25 SP:FD
# 8E3F  D0 FA    BNE BNE #$FA                     A:24 X:01 Y:FF P:A5 SP:FD
# 8E3B  8D 07 20 STA STA $2007                    A:24 X:01 Y:FF P:A5 SP:FD
# 8E3E  88       DEY                              A:24 X:01 Y:FF P:A5 SP:FD
# 8E3F  D0 FA    BNE BNE #$FA                     A:24 X:01 Y:FE P:A5 SP:FD
8E41  CA       DEX                              A:24 X:01 Y:00 P:27 SP:FD
8E42  D0 F7    BNE BNE #$F7                     A:24 X:00 Y:00 P:27 SP:FD
8E44  A0 40    LDY LDY #$40                     A:24 X:00 Y:00 P:27 SP:FD
8E46  8A       TXA                              A:24 X:00 Y:40 P:25 SP:FD
<L027> ×2
# sample:
# 8E47  8D 00 03 STA STA $0300                    A:00 X:00 Y:40 P:27 SP:FD
[Repeated block (9 instrs)] ×21
<L025> ×2
# sample:
# 8E4D  8D 07 20 STA STA $2007                    A:00 X:00 Y:40 P:27 SP:FD
# 8E50  88       DEY                              A:00 X:00 Y:40 P:27 SP:FD
# 8E51  D0 FA    BNE BNE #$FA                     A:00 X:00 Y:3F P:25 SP:FD
# 8E4D  8D 07 20 STA STA $2007                    A:00 X:00 Y:3F P:25 SP:FD
# 8E50  88       DEY                              A:00 X:00 Y:3F P:25 SP:FD
# 8E51  D0 FA    BNE BNE #$FA                     A:00 X:00 Y:3E P:25 SP:FD
<L027> ×2
# sample:
# 8E53  8D 3F 07 STA STA $073F                    A:00 X:00 Y:00 P:27 SP:FD
8E59  4C E6 8E JMP JMP $8EE6                    A:00 X:00 Y:00 P:27 SP:FD
<L001> ×3
# sample:
# 8EE6  8D 05 20 STA STA $2005                    A:00 X:00 Y:00 P:27 SP:FD
804C  EE 74 07 INC INC $0774                    A:00 X:00 Y:00 P:27 SP:FF
804F  AD 78 07 LDA LDA $0778                    A:00 X:00 Y:00 P:25 SP:FF
8052  09 80    ORA ORA #$80                     A:10 X:00 Y:00 P:25 SP:FF
8054  20 ED 8E JSR JSR $8EED                    A:90 X:00 Y:00 P:A5 SP:FF
<L001> ×3
# sample:
# 8EED  8D 00 20 STA STA $2000                    A:90 X:00 Y:00 P:A5 SP:FD
8057  4C 57 80 JMP JMP $8057                    A:90 X:00 Y:00 P:A5 SP:FF
805A  01 A4    ORA ORA ($A4,X)                  A:90 X:00 Y:00 P:A5 SP:FF
805C  C8       INY                              A:90 X:00 Y:00 P:A5 SP:FF
805D  EC 10 00 CPX CPX $0010                    A:90 X:00 Y:01 P:25 SP:FF
8060  41 41    EOR EOR ($41,X)                  A:90 X:00 Y:01 P:27 SP:FF
8062  4C 34 3C JMP JMP $3C34                    A:90 X:00 Y:01 P:A5 SP:FF
[Repeated block (6 instrs)] ×109
3C34  00       BRK                              A:90 X:00 Y:01 P:A5 SP:FF
<L002> ×2
# sample:
# FFF0  19 19 1A ORA ORA $1A19,Y                  A:90 X:00 Y:01 P:A5 SP:FC
# FFF3  1A       *NOP                             A:90 X:00 Y:01 P:A5 SP:FC
FFFA  82 80    *NOP *NOP #$80                   A:90 X:00 Y:01 P:26 SP:FC
8082  AD 78 07 LDA LDA $0778                    A:90 X:00 Y:01 P:26 SP:B5
<L011> ×2
# sample:
# 8085  29 7F    AND AND #$7F                     A:90 X:00 Y:01 P:A4 SP:B5
# 8087  8D 78 07 STA STA $0778                    A:10 X:00 Y:01 P:24 SP:B5
808F  AD 79 07 LDA LDA $0779                    A:10 X:00 Y:01 P:24 SP:B5
8092  29 E6    AND AND #$E6                     A:00 X:00 Y:01 P:26 SP:B5
8094  AC 74 07 LDY LDY $0774                    A:00 X:00 Y:01 P:26 SP:B5
<L011> ×2
# sample:
# 8097  D0 05    BNE BNE #$05                     A:00 X:00 Y:01 P:24 SP:B5
# 809E  8D 79 07 STA STA $0779                    A:00 X:00 Y:01 P:24 SP:B5
80A6  AE 02 20 LDX LDX $2002                    A:00 X:00 Y:01 P:26 SP:B5
80A9  A9 00    LDA LDA #$00                     A:00 X:80 Y:01 P:A4 SP:B5
<L002> ×2
# sample:
# 80AB  20 E6 8E JSR JSR $8EE6                    A:00 X:80 Y:01 P:26 SP:B5
# 8EE6  8D 05 20 STA STA $2005                    A:00 X:80 Y:01 P:26 SP:B3
80AE  8D 03 20 STA STA $2003                    A:00 X:80 Y:01 P:26 SP:B5
80B1  A9 02    LDA LDA #$02                     A:00 X:80 Y:01 P:26 SP:B5
80B3  8D 14 40 STA STA $4014                    A:02 X:80 Y:01 P:24 SP:B5
80B6  AE 73 07 LDX LDX $0773                    A:02 X:80 Y:01 P:24 SP:B5
80B9  BD 5A 80 LDA LDA $805A,X                  A:02 X:00 Y:01 P:26 SP:B5
<L001> ×2
# sample:
# 80BC  85 00    STA STA $00                      A:01 X:00 Y:01 P:24 SP:B5
80C1  85 01    STA STA $01                      A:03 X:00 Y:01 P:24 SP:B5
80C3  20 DD 8E JSR JSR $8EDD                    A:03 X:00 Y:01 P:24 SP:B5
<L005> ×2
# sample:
# 8EDD  AE 02 20 LDX LDX $2002                    A:03 X:00 Y:01 P:24 SP:B3
# 8EE0  A0 00    LDY LDY #$00                     A:03 X:00 Y:01 P:26 SP:B3
# 8EE2  B1 00    LDA LDA ($00),Y                  A:03 X:00 Y:00 P:26 SP:B3
8EEC  60       RTS                              A:00 X:00 Y:00 P:26 SP:B3
80C6  A0 00    LDY LDY #$00                     A:00 X:00 Y:00 P:26 SP:B5
80C8  AE 73 07 LDX LDX $0773                    A:00 X:00 Y:00 P:26 SP:B5
<L001> ×2
# sample:
# 80CB  E0 06    CPX CPX #$06                     A:00 X:00 Y:00 P:26 SP:B5
80D0  BE 80 80 LDX LDX $8080,Y                  A:00 X:00 Y:00 P:A4 SP:B5
80D3  A9 00    LDA LDA #$00                     A:00 X:00 Y:00 P:26 SP:B5
<L022> ×2
# sample:
# 80D5  9D 00 03 STA STA $0300,X                  A:00 X:00 Y:00 P:26 SP:B5
<L001> ×2
# sample:
# 80DB  8D 73 07 STA STA $0773                    A:00 X:00 Y:00 P:26 SP:B5
80E1  8D 01 20 STA STA $2001                    A:00 X:00 Y:00 P:26 SP:B5
80E4  20 D0 F2 JSR JSR $F2D0                    A:00 X:00 Y:00 P:26 SP:B5
F2D0  AD 70 07 LDA LDA $0770                    A:00 X:00 Y:00 P:26 SP:B3
F2D3  D0 04    BNE BNE #$04                     A:00 X:00 Y:00 P:26 SP:B3
F2D5  8D 15 40 STA STA $4015                    A:00 X:00 Y:00 P:26 SP:B3
F2D8  60       RTS                              A:00 X:00 Y:00 P:26 SP:B3
80E7  20 5C 8E JSR JSR $8E5C                    A:00 X:00 Y:00 P:26 SP:B5
8E5C  A9 01    LDA LDA #$01                     A:00 X:00 Y:00 P:26 SP:B3
8E5E  8D 16 40 STA STA $4016                    A:01 X:00 Y:00 P:24 SP:B3
8E61  4A       LSR A                            A:01 X:00 Y:00 P:24 SP:B3
8E62  AA       TAX                              A:00 X:00 Y:00 P:27 SP:B3
8E63  8D 16 40 STA STA $4016                    A:00 X:00 Y:00 P:27 SP:B3
8E66  20 6A 8E JSR JSR $8E6A                    A:00 X:00 Y:00 P:27 SP:B3
8E6A  A0 08    LDY LDY #$08                     A:00 X:00 Y:00 P:27 SP:B1
[Repeated block (10 instrs)] ×8
8E6C  48       PHA                              A:00 X:00 Y:08 P:25 SP:B1
8E6D  BD 16 40 LDA LDA $4016,X                  A:00 X:00 Y:08 P:25 SP:B0
8E70  85 00    STA STA $00                      A:40 X:00 Y:08 P:25 SP:B0
8E72  4A       LSR A                            A:40 X:00 Y:08 P:25 SP:B0
8E73  05 00    ORA ORA $00                      A:20 X:00 Y:08 P:24 SP:B0
8E75  4A       LSR A                            A:60 X:00 Y:08 P:24 SP:B0
8E76  68       PLA                              A:30 X:00 Y:08 P:24 SP:B0
8E77  2A       ROL A                            A:00 X:00 Y:08 P:26 SP:B1
8E78  88       DEY                              A:00 X:00 Y:08 P:26 SP:B1
8E79  D0 F1    BNE BNE #$F1                     A:00 X:00 Y:07 P:24 SP:B1
8E7B  9D FC 06 STA STA $06FC,X                  A:00 X:00 Y:00 P:26 SP:B1
8E7E  48       PHA                              A:00 X:00 Y:00 P:26 SP:B1
8E7F  29 30    AND AND #$30                     A:00 X:00 Y:00 P:26 SP:B0
8E81  3D 4A 07 AND AND $074A,X                  A:00 X:00 Y:00 P:26 SP:B0
8E84  F0 07    BEQ BEQ #$07                     A:00 X:00 Y:00 P:26 SP:B0
8E8D  68       PLA                              A:00 X:00 Y:00 P:26 SP:B0
8E8E  9D 4A 07 STA STA $074A,X                  A:00 X:00 Y:00 P:26 SP:B1
8E91  60       RTS                              A:00 X:00 Y:00 P:26 SP:B1
8E69  E8       INX                              A:00 X:00 Y:00 P:26 SP:B3
8E6A  A0 08    LDY LDY #$08                     A:00 X:01 Y:00 P:24 SP:B3
[Repeated block (10 instrs)] ×8
8E6C  48       PHA                              A:00 X:01 Y:08 P:24 SP:B3
8E6D  BD 16 40 LDA LDA $4016,X                  A:00 X:01 Y:08 P:24 SP:B2
8E70  85 00    STA STA $00                      A:40 X:01 Y:08 P:24 SP:B2
8E72  4A       LSR A                            A:40 X:01 Y:08 P:24 SP:B2
8E73  05 00    ORA ORA $00                      A:20 X:01 Y:08 P:24 SP:B2
8E75  4A       LSR A                            A:60 X:01 Y:08 P:24 SP:B2
8E76  68       PLA                              A:30 X:01 Y:08 P:24 SP:B2
8E77  2A       ROL A                            A:00 X:01 Y:08 P:26 SP:B3
8E78  88       DEY                              A:00 X:01 Y:08 P:26 SP:B3
8E79  D0 F1    BNE BNE #$F1                     A:00 X:01 Y:07 P:24 SP:B3
8E7B  9D FC 06 STA STA $06FC,X                  A:00 X:01 Y:00 P:26 SP:B3
8E7E  48       PHA                              A:00 X:01 Y:00 P:26 SP:B3
8E7F  29 30    AND AND #$30                     A:00 X:01 Y:00 P:26 SP:B2
8E81  3D 4A 07 AND AND $074A,X                  A:00 X:01 Y:00 P:26 SP:B2
8E84  F0 07    BEQ BEQ #$07                     A:00 X:01 Y:00 P:26 SP:B2
8E8D  68       PLA                              A:00 X:01 Y:00 P:26 SP:B2
8E8E  9D 4A 07 STA STA $074A,X                  A:00 X:01 Y:00 P:26 SP:B3
8E91  60       RTS                              A:00 X:01 Y:00 P:26 SP:B3
80EA  20 82 81 JSR JSR $8182                    A:00 X:01 Y:00 P:26 SP:B5
8182  AD 70 07 LDA LDA $0770                    A:00 X:01 Y:00 P:26 SP:B3
8185  C9 02    CMP CMP #$02                     A:00 X:01 Y:00 P:26 SP:B3
8187  F0 0B    BEQ BEQ #$0B                     A:00 X:01 Y:00 P:A4 SP:B3
8189  C9 01    CMP CMP #$01                     A:00 X:01 Y:00 P:A4 SP:B3
818B  D0 38    BNE BNE #$38                     A:00 X:01 Y:00 P:A4 SP:B3
81C5  60       RTS                              A:00 X:01 Y:00 P:A4 SP:B3
80ED  20 97 8F JSR JSR $8F97                    A:00 X:01 Y:00 P:A4 SP:B5
8F97  A2 05    LDX LDX #$05                     A:00 X:01 Y:00 P:A4 SP:B3
8F99  20 9E 8F JSR JSR $8F9E                    A:00 X:05 Y:00 P:24 SP:B3
8F9E  A0 05    LDY LDY #$05                     A:00 X:05 Y:00 P:24 SP:B1
8FA0  38       SEC                              A:00 X:05 Y:05 P:24 SP:B1
[Repeated block (10 instrs)] ×3
<L010> ×2
# sample:
# 8FA1  BD DD 07 LDA LDA $07DD,X                  A:00 X:05 Y:05 P:25 SP:B1
# 8FA4  F9 D7 07 SBC SBC $07D7,Y                  A:00 X:05 Y:05 P:27 SP:B1
# 8FA7  CA       DEX                              A:00 X:05 Y:05 P:27 SP:B1
# 8FA8  88       DEY                              A:00 X:04 Y:05 P:25 SP:B1
# 8FA9  10 F6    BPL BPL #$F6                     A:00 X:04 Y:04 P:25 SP:B1
# 8FA1  BD DD 07 LDA LDA $07DD,X                  A:00 X:04 Y:04 P:25 SP:B1
8FAE  C8       INY                              A:00 X:00 Y:FF P:27 SP:B1
[Repeated block (6 instrs)] ×6
<L005> ×2
# sample:
# 8FAF  BD DD 07 LDA LDA $07DD,X                  A:00 X:00 Y:00 P:27 SP:B1
# 8FB2  99 D7 07 STA STA $07D7,Y                  A:00 X:00 Y:00 P:27 SP:B1
# 8FB5  E8       INX                              A:00 X:00 Y:00 P:27 SP:B1
8FBB  60       RTS                              A:00 X:06 Y:06 P:27 SP:B1
8F9C  A2 0B    LDX LDX #$0B                     A:00 X:06 Y:06 P:27 SP:B3
8F9E  A0 05    LDY LDY #$05                     A:00 X:0B Y:06 P:25 SP:B3
8FA0  38       SEC                              A:00 X:0B Y:05 P:25 SP:B3
[Repeated block (10 instrs)] ×3
<L010> ×2
# sample:
# 8FA1  BD DD 07 LDA LDA $07DD,X                  A:00 X:0B Y:05 P:25 SP:B3
# 8FA4  F9 D7 07 SBC SBC $07D7,Y                  A:00 X:0B Y:05 P:27 SP:B3
# 8FA7  CA       DEX                              A:00 X:0B Y:05 P:27 SP:B3
# 8FA8  88       DEY                              A:00 X:0A Y:05 P:25 SP:B3
# 8FA9  10 F6    BPL BPL #$F6                     A:00 X:0A Y:04 P:25 SP:B3
# 8FA1  BD DD 07 LDA LDA $07DD,X                  A:00 X:0A Y:04 P:25 SP:B3
8FAE  C8       INY                              A:00 X:06 Y:FF P:25 SP:B3
[Repeated block (6 instrs)] ×6
<L005> ×2
# sample:
# 8FAF  BD DD 07 LDA LDA $07DD,X                  A:00 X:06 Y:00 P:27 SP:B3
# 8FB2  99 D7 07 STA STA $07D7,Y                  A:00 X:06 Y:00 P:27 SP:B3
# 8FB5  E8       INX                              A:00 X:06 Y:00 P:27 SP:B3
8FBB  60       RTS                              A:00 X:0C Y:06 P:27 SP:B3
80F0  AD 76 07 LDA LDA $0776                    A:00 X:0C Y:06 P:27 SP:B5
80F3  4A       LSR A                            A:00 X:0C Y:06 P:27 SP:B5
80F4  B0 25    BCS BCS #$25                     A:00 X:0C Y:06 P:26 SP:B5
80F6  AD 47 07 LDA LDA $0747                    A:00 X:0C Y:06 P:26 SP:B5
80F9  F0 05    BEQ BEQ #$05                     A:00 X:0C Y:06 P:26 SP:B5
8100  A2 14    LDX LDX #$14                     A:00 X:0C Y:06 P:26 SP:B5
8102  CE 7F 07 DEC DEC $077F                    A:00 X:14 Y:06 P:24 SP:B5
8105  10 07    BPL BPL #$07                     A:00 X:14 Y:06 P:A4 SP:B5
8107  A9 14    LDA LDA #$14                     A:00 X:14 Y:06 P:A4 SP:B5
8109  8D 7F 07 STA STA $077F                    A:14 X:14 Y:06 P:24 SP:B5
810C  A2 23    LDX LDX #$23                     A:14 X:14 Y:06 P:24 SP:B5
[Repeated block (8 instrs)] ×18
<L016> ×2
# sample:
# 810E  BD 80 07 LDA LDA $0780,X                  A:14 X:23 Y:06 P:24 SP:B5
# 8111  F0 03    BEQ BEQ #$03                     A:00 X:23 Y:06 P:26 SP:B5
# 8116  CA       DEX                              A:00 X:23 Y:06 P:26 SP:B5
# 8117  10 F5    BPL BPL #$F5                     A:00 X:22 Y:06 P:24 SP:B5
8119  E6 09    INC INC $09                      A:00 X:FF Y:06 P:A4 SP:B5
811B  A2 00    LDX LDX #$00                     A:00 X:FF Y:06 P:24 SP:B5
811D  A0 07    LDY LDY #$07                     A:00 X:00 Y:06 P:26 SP:B5
811F  AD A7 07 LDA LDA $07A7                    A:00 X:00 Y:07 P:24 SP:B5
8122  29 02    AND AND #$02                     A:A5 X:00 Y:07 P:A4 SP:B5
8124  85 00    STA STA $00                      A:00 X:00 Y:07 P:26 SP:B5
8126  AD A8 07 LDA LDA $07A8                    A:00 X:00 Y:07 P:26 SP:B5
8129  29 02    AND AND #$02                     A:00 X:00 Y:07 P:26 SP:B5
812B  45 00    EOR EOR $00                      A:00 X:00 Y:07 P:26 SP:B5
812D  18       CLC                              A:00 X:00 Y:07 P:26 SP:B5
812E  F0 01    BEQ BEQ #$01                     A:00 X:00 Y:07 P:26 SP:B5
[Repeated block (8 instrs)] ×3
<L015> ×3
# sample:
# 8131  7E A7 07 ROR ROR $07A7,X                  A:00 X:00 Y:07 P:26 SP:B5
# 8134  E8       INX                              A:00 X:00 Y:07 P:25 SP:B5
# 8135  88       DEY                              A:00 X:01 Y:07 P:25 SP:B5
# 8136  D0 F9    BNE BNE #$F9                     A:00 X:01 Y:06 P:25 SP:B5
8138  AD 22 07 LDA LDA $0722                    A:00 X:07 Y:00 P:26 SP:B5
813B  F0 1F    BEQ BEQ #$1F                     A:00 X:07 Y:00 P:26 SP:B5
<L023> ×2
# sample:
# 815C  AD 3F 07 LDA LDA $073F                    A:00 X:07 Y:00 P:26 SP:B5
# 815F  8D 05 20 STA STA $2005                    A:00 X:07 Y:00 P:26 SP:B5
8168  AD 78 07 LDA LDA $0778                    A:00 X:07 Y:00 P:26 SP:B5
816B  48       PHA                              A:10 X:07 Y:00 P:24 SP:B5
816C  8D 00 20 STA STA $2000                    A:10 X:07 Y:00 P:24 SP:B4
816F  AD 76 07 LDA LDA $0776                    A:10 X:07 Y:00 P:24 SP:B4
8172  4A       LSR A                            A:00 X:07 Y:00 P:26 SP:B4
8173  B0 03    BCS BCS #$03                     A:00 X:07 Y:00 P:26 SP:B4
8175  20 12 82 JSR JSR $8212                    A:00 X:07 Y:00 P:26 SP:B4
8212  AD 70 07 LDA LDA $0770                    A:00 X:07 Y:00 P:26 SP:B2
8215  20 04 8E JSR JSR $8E04                    A:00 X:07 Y:00 P:26 SP:B2
8E04  0A       ASL A                            A:00 X:07 Y:00 P:26 SP:B0
8E05  A8       TAY                              A:00 X:07 Y:00 P:26 SP:B0
<L006> ×2
# sample:
# 8E06  68       PLA                              A:00 X:07 Y:00 P:26 SP:B0
# 8E07  85 04    STA STA $04                      A:17 X:07 Y:00 P:24 SP:B1
<L007> ×2
# sample:
# 8E0C  C8       INY                              A:82 X:07 Y:00 P:A4 SP:B2
# 8E0D  B1 04    LDA LDA ($04),Y                  A:82 X:07 Y:01 P:24 SP:B2
# 8E0F  85 06    STA STA $06                      A:31 X:07 Y:01 P:24 SP:B2
8E16  6C 06 00 JMP JMP ($0006)                  A:82 X:07 Y:02 P:A4 SP:B2
8231  AD 72 07 LDA LDA $0772                    A:82 X:07 Y:02 P:A4 SP:B2
8234  20 04 8E JSR JSR $8E04                    A:00 X:07 Y:02 P:26 SP:B2
8E04  0A       ASL A                            A:00 X:07 Y:02 P:26 SP:B0
8E05  A8       TAY                              A:00 X:07 Y:02 P:26 SP:B0
<L006> ×2
# sample:
# 8E06  68       PLA                              A:00 X:07 Y:00 P:26 SP:B0
# 8E07  85 04    STA STA $04                      A:36 X:07 Y:00 P:24 SP:B1
<L007> ×2
# sample:
# 8E0C  C8       INY                              A:82 X:07 Y:00 P:A4 SP:B2
# 8E0D  B1 04    LDA LDA ($04),Y                  A:82 X:07 Y:01 P:24 SP:B2
# 8E0F  85 06    STA STA $06                      A:CF X:07 Y:01 P:A4 SP:B2
8E16  6C 06 00 JMP JMP ($0006)                  A:8F X:07 Y:02 P:A4 SP:B2
<L002> ×2
# sample:
# 8FCF  A0 6F    LDY LDY #$6F                     A:8F X:07 Y:02 P:A4 SP:B2
# 8FD1  20 CC 90 JSR JSR $90CC                    A:8F X:07 Y:6F P:24 SP:B2
90D0  85 06    STA STA $06                      A:00 X:07 Y:6F P:26 SP:B0
<L035> ×6
# sample:
# 90D2  86 07    STX STX $07                      A:00 X:07 Y:6F P:26 SP:B0
# [Repeated block (6 instrs)] ×112
# 90D4  E0 01    CPX CPX #$01                     A:00 X:07 Y:6F P:26 SP:B0
# 90D6  D0 04    BNE BNE #$04                     A:00 X:07 Y:6F P:25 SP:B0
# 90DC  91 06    STA STA ($06),Y                  A:00 X:07 Y:6F P:25 SP:B0
# 90DE  88       DEY                              A:00 X:07 Y:6F P:25 SP:B0
# 90DF  C0 FF    CPY CPY #$FF                     A:00 X:07 Y:6E P:25 SP:B0
# 90E1  D0 F1    BNE BNE #$F1                     A:00 X:07 Y:6E P:24 SP:B0
# 90E3  CA       DEX                              A:00 X:07 Y:FF P:27 SP:B0
# 90E4  10 EC    BPL BPL #$EC                     A:00 X:06 Y:FF P:25 SP:B0
90D2  86 07    STX STX $07                      A:00 X:01 Y:FF P:25 SP:B0
[Repeated block (7 instrs)] ×160
90D4  E0 01    CPX CPX #$01                     A:00 X:01 Y:FF P:25 SP:B0
90D6  D0 04    BNE BNE #$04                     A:00 X:01 Y:FF P:27 SP:B0
90D8  C0 60    CPY CPY #$60                     A:00 X:01 Y:FF P:27 SP:B0
<L001> ×3
# sample:
# 90DA  B0 02    BCS BCS #$02                     A:00 X:01 Y:FF P:A5 SP:B0
90E1  D0 F1    BNE BNE #$F1                     A:00 X:01 Y:FE P:A4 SP:B0
[Repeated block (8 instrs)] ×96
90D4  E0 01    CPX CPX #$01                     A:00 X:01 Y:5F P:24 SP:B0
90D6  D0 04    BNE BNE #$04                     A:00 X:01 Y:5F P:27 SP:B0
90D8  C0 60    CPY CPY #$60                     A:00 X:01 Y:5F P:27 SP:B0
<L002> ×2
# sample:
# 90DA  B0 02    BCS BCS #$02                     A:00 X:01 Y:5F P:A4 SP:B0
# 90DC  91 06    STA STA ($06),Y                  A:00 X:01 Y:5F P:A4 SP:B0
90E1  D0 F1    BNE BNE #$F1                     A:00 X:01 Y:5E P:24 SP:B0
90E3  CA       DEX                              A:00 X:01 Y:FF P:27 SP:B0
90E4  10 EC    BPL BPL #$EC                     A:00 X:00 Y:FF P:27 SP:B0
90D2  86 07    STX STX $07                      A:00 X:00 Y:FF P:27 SP:B0
[Repeated block (6 instrs)] ×256
90D4  E0 01    CPX CPX #$01                     A:00 X:00 Y:FF P:27 SP:B0
90D6  D0 04    BNE BNE #$04                     A:00 X:00 Y:FF P:A4 SP:B0
<L001> ×3
# sample:
# 90DC  91 06    STA STA ($06),Y                  A:00 X:00 Y:FF P:A4 SP:B0
90E1  D0 F1    BNE BNE #$F1                     A:00 X:00 Y:FE P:A4 SP:B0
90E3  CA       DEX                              A:00 X:00 Y:FF P:27 SP:B0
90E4  10 EC    BPL BPL #$EC                     A:00 X:FF Y:FF P:A5 SP:B0
90E6  60       RTS                              A:00 X:FF Y:FF P:A5 SP:B0
8FD4  A0 1F    LDY LDY #$1F                     A:00 X:FF Y:FF P:A5 SP:B2
[Repeated block (9 instrs)] ×10
<L018> ×2
# sample:
# 8FD6  99 B0 07 STA STA $07B0,Y                  A:00 X:FF Y:1F P:25 SP:B2
# 8FD9  88       DEY                              A:00 X:FF Y:1F P:25 SP:B2
# 8FDA  10 FA    BPL BPL #$FA                     A:00 X:FF Y:1E P:25 SP:B2
# 8FD6  99 B0 07 STA STA $07B0,Y                  A:00 X:FF Y:1E P:25 SP:B2
8FDA  10 FA    BPL BPL #$FA                     A:00 X:FF Y:1C P:25 SP:B2
[Repeated block (3 instrs)] ×2
<L005> ×2
# sample:
# 8FD6  99 B0 07 STA STA $07B0,Y                  A:00 X:FF Y:01 P:25 SP:B2
# 8FD9  88       DEY                              A:00 X:FF Y:01 P:25 SP:B2
# 8FDA  10 FA    BPL BPL #$FA                     A:00 X:FF Y:00 P:27 SP:B2
9C03  20 13 9C JSR JSR $9C13                    A:18 X:FF Y:FF P:25 SP:B0
9C13  AC 5F 07 LDY LDY $075F                    A:18 X:FF Y:FF P:25 SP:AE
9C16  B9 B4 9C LDA LDA $9CB4,Y                  A:18 X:FF Y:00 P:27 SP:AE
9C19  18       CLC                              A:00 X:FF Y:00 P:27 SP:AE
9C1A  6D 60 07 ADC ADC $0760                    A:00 X:FF Y:00 P:26 SP:AE
9C1D  A8       TAY                              A:00 X:FF Y:00 P:26 SP:AE
9C1E  B9 BC 9C LDA LDA $9CBC,Y                  A:00 X:FF Y:00 P:26 SP:AE
9C21  60       RTS                              A:25 X:FF Y:00 P:24 SP:AE
9C06  8D 50 07 STA STA $0750                    A:25 X:FF Y:00 P:24 SP:B0
9C09  29 60    AND AND #$60                     A:25 X:FF Y:00 P:24 SP:B0
9C0B  0A       ASL A                            A:20 X:FF Y:00 P:24 SP:B0
<L012> ×3
# sample:
# 9C0C  2A       ROL A                            A:40 X:FF Y:00 P:24 SP:B0
9C0F  8D 4E 07 STA STA $074E                    A:01 X:FF Y:00 P:24 SP:B0
9C12  60       RTS                              A:01 X:FF Y:00 P:24 SP:B0
<L002> ×2
# sample:
# 8FE4  A0 4B    LDY LDY #$4B                     A:01 X:FF Y:00 P:24 SP:B2
# 8FE6  20 CC 90 JSR JSR $90CC                    A:01 X:FF Y:4B P:24 SP:B2
90D0  85 06    STA STA $06                      A:00 X:07 Y:4B P:26 SP:B0
<L035> ×6
# sample:
# 90D2  86 07    STX STX $07                      A:00 X:07 Y:4B P:26 SP:B0
# [Repeated block (6 instrs)] ×76
# 90D4  E0 01    CPX CPX #$01                     A:00 X:07 Y:4B P:26 SP:B0
# 90D6  D0 04    BNE BNE #$04                     A:00 X:07 Y:4B P:25 SP:B0
# 90DC  91 06    STA STA ($06),Y                  A:00 X:07 Y:4B P:25 SP:B0
# 90DE  88       DEY                              A:00 X:07 Y:4B P:25 SP:B0
# 90DF  C0 FF    CPY CPY #$FF                     A:00 X:07 Y:4A P:25 SP:B0
# 90E1  D0 F1    BNE BNE #$F1                     A:00 X:07 Y:4A P:24 SP:B0
# 90E3  CA       DEX                              A:00 X:07 Y:FF P:27 SP:B0
# 90E4  10 EC    BPL BPL #$EC                     A:00 X:06 Y:FF P:25 SP:B0
90D2  86 07    STX STX $07                      A:00 X:01 Y:FF P:25 SP:B0
[Repeated block (7 instrs)] ×160
90D4  E0 01    CPX CPX #$01                     A:00 X:01 Y:FF P:25 SP:B0
90D6  D0 04    BNE BNE #$04                     A:00 X:01 Y:FF P:27 SP:B0
90D8  C0 60    CPY CPY #$60                     A:00 X:01 Y:FF P:27 SP:B0
<L001> ×3
# sample:
# 90DA  B0 02    BCS BCS #$02                     A:00 X:01 Y:FF P:A5 SP:B0
90E1  D0 F1    BNE BNE #$F1                     A:00 X:01 Y:FE P:A4 SP:B0
[Repeated block (8 instrs)] ×96
90D4  E0 01    CPX CPX #$01                     A:00 X:01 Y:5F P:24 SP:B0
90D6  D0 04    BNE BNE #$04                     A:00 X:01 Y:5F P:27 SP:B0
90D8  C0 60    CPY CPY #$60                     A:00 X:01 Y:5F P:27 SP:B0
<L002> ×2
# sample:
# 90DA  B0 02    BCS BCS #$02                     A:00 X:01 Y:5F P:A4 SP:B0
# 90DC  91 06    STA STA ($06),Y                  A:00 X:01 Y:5F P:A4 SP:B0
90E1  D0 F1    BNE BNE #$F1                     A:00 X:01 Y:5E P:24 SP:B0
90E3  CA       DEX                              A:00 X:01 Y:FF P:27 SP:B0
90E4  10 EC    BPL BPL #$EC                     A:00 X:00 Y:FF P:27 SP:B0
90D2  86 07    STX STX $07                      A:00 X:00 Y:FF P:27 SP:B0
[Repeated block (6 instrs)] ×256
90D4  E0 01    CPX CPX #$01                     A:00 X:00 Y:FF P:27 SP:B0
90D6  D0 04    BNE BNE #$04                     A:00 X:00 Y:FF P:A4 SP:B0
<L001> ×3
# sample:
# 90DC  91 06    STA STA ($06),Y                  A:00 X:00 Y:FF P:A4 SP:B0
90E1  D0 F1    BNE BNE #$F1                     A:00 X:00 Y:FE P:A4 SP:B0
90E3  CA       DEX                              A:00 X:00 Y:FF P:27 SP:B0
90E4  10 EC    BPL BPL #$EC                     A:00 X:FF Y:FF P:A5 SP:B0
90E6  60       RTS                              A:00 X:FF Y:FF P:A5 SP:B0
<L001> ×2
# sample:
# 8FE9  A2 21    LDX LDX #$21                     A:00 X:FF Y:FF P:A5 SP:B2
[Repeated block (9 instrs)] ×11
<L031> ×2
# sample:
# 8FED  9D 80 07 STA STA $0780,X                  A:00 X:21 Y:FF P:27 SP:B2
# 8FF0  CA       DEX                              A:00 X:21 Y:FF P:27 SP:B2
# 8FF1  10 FA    BPL BPL #$FA                     A:00 X:20 Y:FF P:25 SP:B2
# 8FED  9D 80 07 STA STA $0780,X                  A:00 X:20 Y:FF P:25 SP:B2
# 8FF0  CA       DEX                              A:00 X:20 Y:FF P:25 SP:B2
# 8FF1  10 FA    BPL BPL #$FA                     A:00 X:1F Y:FF P:25 SP:B2
# 8FED  9D 80 07 STA STA $0780,X                  A:00 X:1F Y:FF P:25 SP:B2
# 8FF0  CA       DEX                              A:00 X:1F Y:FF P:25 SP:B2
<L027> ×2
# sample:
# 9001  8D 25 07 STA STA $0725                    A:00 X:FF Y:00 P:27 SP:B2
9007  20 38 B0 JSR JSR $B038                    A:00 X:FF Y:00 P:27 SP:B2
B038  AD 1C 07 LDA LDA $071C                    A:00 X:FF Y:00 P:27 SP:B0
B03B  18       CLC                              A:00 X:FF Y:00 P:27 SP:B0
B03C  69 FF    ADC ADC #$FF                     A:00 X:FF Y:00 P:26 SP:B0
B03E  8D 1D 07 STA STA $071D                    A:FF X:FF Y:00 P:A4 SP:B0
B041  AD 1A 07 LDA LDA $071A                    A:FF X:FF Y:00 P:A4 SP:B0
B044  69 00    ADC ADC #$00                     A:00 X:FF Y:00 P:26 SP:B0
B046  8D 1B 07 STA STA $071B                    A:00 X:FF Y:00 P:26 SP:B0
B049  60       RTS                              A:00 X:FF Y:00 P:26 SP:B0
900A  A0 20    LDY LDY #$20                     A:00 X:FF Y:00 P:26 SP:B2
900C  29 01    AND AND #$01                     A:00 X:FF Y:20 P:24 SP:B2
900E  F0 02    BEQ BEQ #$02                     A:00 X:FF Y:20 P:26 SP:B2
9012  8C 20 07 STY STY $0720                    A:00 X:FF Y:20 P:26 SP:B2
9015  A0 80    LDY LDY #$80                     A:00 X:FF Y:20 P:26 SP:B2
9017  8C 21 07 STY STY $0721                    A:00 X:FF Y:80 P:A4 SP:B2
[Repeated block (2 instrs)] ×2
<L041> ×2
# sample:
# 901A  0A       ASL A                            A:00 X:FF Y:80 P:A4 SP:B2
901E  8D A0 06 STA STA $06A0                    A:00 X:FF Y:80 P:26 SP:B2
<L061> ×3
# sample:
# 9021  CE 30 07 DEC DEC $0730                    A:00 X:FF Y:80 P:26 SP:B2
902A  A9 0B    LDA LDA #$0B                     A:00 X:FF Y:80 P:A4 SP:B2
902C  8D 1E 07 STA STA $071E                    A:0B X:FF Y:80 P:24 SP:B2
902F  20 22 9C JSR JSR $9C22                    A:0B X:FF Y:80 P:24 SP:B2
9C22  AD 50 07 LDA LDA $0750                    A:0B X:FF Y:80 P:24 SP:B0
9C25  20 09 9C JSR JSR $9C09                    A:25 X:FF Y:80 P:24 SP:B0
9C09  29 60    AND AND #$60                     A:25 X:FF Y:80 P:24 SP:AE
9C0B  0A       ASL A                            A:20 X:FF Y:80 P:24 SP:AE
<L012> ×3
# sample:
# 9C0C  2A       ROL A                            A:40 X:FF Y:80 P:24 SP:AE
9C0F  8D 4E 07 STA STA $074E                    A:01 X:FF Y:80 P:24 SP:AE
9C12  60       RTS                              A:01 X:FF Y:80 P:24 SP:AE
9C28  A8       TAY                              A:01 X:FF Y:80 P:24 SP:B0
9C29  AD 50 07 LDA LDA $0750                    A:01 X:FF Y:01 P:24 SP:B0
9C2C  29 1F    AND AND #$1F                     A:25 X:FF Y:01 P:24 SP:B0
9C2E  8D 4F 07 STA STA $074F                    A:05 X:FF Y:01 P:24 SP:B0
9C31  B9 E0 9C LDA LDA $9CE0,Y                  A:05 X:FF Y:01 P:24 SP:B0
9C34  18       CLC                              A:06 X:FF Y:01 P:24 SP:B0
9C35  6D 4F 07 ADC ADC $074F                    A:06 X:FF Y:01 P:24 SP:B0
9C38  A8       TAY                              A:0B X:FF Y:01 P:24 SP:B0
9C39  B9 E4 9C LDA LDA $9CE4,Y                  A:0B X:FF Y:0B P:24 SP:B0
9C3C  85 E9    STA STA $E9                      A:01 X:FF Y:0B P:24 SP:B0
9C3E  B9 06 9D LDA LDA $9D06,Y                  A:01 X:FF Y:0B P:24 SP:B0
9C41  85 EA    STA STA $EA                      A:9F X:FF Y:0B P:A4 SP:B0
9C43  AC 4E 07 LDY LDY $074E                    A:9F X:FF Y:0B P:A4 SP:B0
9C46  B9 28 9D LDA LDA $9D28,Y                  A:9F X:FF Y:01 P:24 SP:B0
9C49  18       CLC                              A:03 X:FF Y:01 P:24 SP:B0
9C4A  6D 4F 07 ADC ADC $074F                    A:03 X:FF Y:01 P:24 SP:B0
9C4D  A8       TAY                              A:08 X:FF Y:01 P:24 SP:B0
<L066> ×2
# sample:
# 9C4E  B9 2C 9D LDA LDA $9D2C,Y                  A:08 X:FF Y:08 P:24 SP:B0
# 9C51  85 E7    STA STA $E7                      A:8E X:FF Y:08 P:A4 SP:B0
9C58  A0 00    LDY LDY #$00                     A:A6 X:FF Y:08 P:A4 SP:B0
9C5A  B1 E7    LDA LDA ($E7),Y                  A:A6 X:FF Y:00 P:26 SP:B0
9C5C  48       PHA                              A:50 X:FF Y:00 P:24 SP:B0
9C5D  29 07    AND AND #$07                     A:50 X:FF Y:00 P:24 SP:AF
9C5F  C9 04    CMP CMP #$04                     A:00 X:FF Y:00 P:26 SP:AF
9C61  90 05    BCC BCC #$05                     A:00 X:FF Y:00 P:A4 SP:AF
9C68  8D 41 07 STA STA $0741                    A:00 X:FF Y:00 P:A4 SP:AF
9C6B  68       PLA                              A:00 X:FF Y:00 P:A4 SP:AF
9C6C  48       PHA                              A:50 X:FF Y:00 P:24 SP:B0
9C6D  29 38    AND AND #$38                     A:50 X:FF Y:00 P:24 SP:AF
<L024> ×3
# sample:
# 9C6F  4A       LSR A                            A:10 X:FF Y:00 P:24 SP:AF
9C72  8D 10 07 STA STA $0710                    A:02 X:FF Y:00 P:24 SP:AF
9C75  68       PLA                              A:02 X:FF Y:00 P:24 SP:AF
9C76  29 C0    AND AND #$C0                     A:50 X:FF Y:00 P:24 SP:B0
9C78  18       CLC                              A:40 X:FF Y:00 P:24 SP:B0
<L012> ×3
# sample:
# 9C79  2A       ROL A                            A:40 X:FF Y:00 P:24 SP:B0
9C7C  8D 15 07 STA STA $0715                    A:01 X:FF Y:00 P:24 SP:B0
9C7F  C8       INY                              A:01 X:FF Y:00 P:24 SP:B0
9C80  B1 E7    LDA LDA ($E7),Y                  A:01 X:FF Y:01 P:24 SP:B0
9C82  48       PHA                              A:21 X:FF Y:01 P:24 SP:B0
9C83  29 0F    AND AND #$0F                     A:21 X:FF Y:01 P:24 SP:AF
9C85  8D 27 07 STA STA $0727                    A:01 X:FF Y:01 P:24 SP:AF
9C88  68       PLA                              A:01 X:FF Y:01 P:24 SP:AF
9C89  48       PHA                              A:21 X:FF Y:01 P:24 SP:B0
9C8A  29 30    AND AND #$30                     A:21 X:FF Y:01 P:24 SP:AF
[Repeated block (2 instrs)] ×2
<L024> ×2
# sample:
# 9C8C  4A       LSR A                            A:20 X:FF Y:01 P:24 SP:AF
9C90  8D 42 07 STA STA $0742                    A:02 X:FF Y:01 P:24 SP:AF
9C93  68       PLA                              A:02 X:FF Y:01 P:24 SP:AF
9C94  29 C0    AND AND #$C0                     A:21 X:FF Y:01 P:24 SP:B0
9C96  18       CLC                              A:00 X:FF Y:01 P:26 SP:B0
<L012> ×3
# sample:
# 9C97  2A       ROL A                            A:00 X:FF Y:01 P:26 SP:B0
9C9A  C9 03    CMP CMP #$03                     A:00 X:FF Y:01 P:26 SP:B0
9C9C  D0 05    BNE BNE #$05                     A:00 X:FF Y:01 P:A4 SP:B0
<L018> ×2
# sample:
# 9CA3  8D 33 07 STA STA $0733                    A:00 X:FF Y:01 P:A4 SP:B0
# 9CA6  A5 E7    LDA LDA $E7                      A:00 X:FF Y:01 P:A4 SP:B0
# 9CA8  18       CLC                              A:8E X:FF Y:01 P:A4 SP:B0
# 9CA9  69 02    ADC ADC #$02                     A:8E X:FF Y:01 P:A4 SP:B0
9CB3  60       RTS                              A:A6 X:FF Y:01 P:A4 SP:B0
9032  AD 6A 07 LDA LDA $076A                    A:A6 X:FF Y:01 P:A4 SP:B2
9035  D0 10    BNE BNE #$10                     A:00 X:FF Y:01 P:26 SP:B2
9037  AD 5F 07 LDA LDA $075F                    A:00 X:FF Y:01 P:26 SP:B2
903A  C9 04    CMP CMP #$04                     A:00 X:FF Y:01 P:26 SP:B2
903C  90 0C    BCC BCC #$0C                     A:00 X:FF Y:01 P:A4 SP:B2
904A  AD 5B 07 LDA LDA $075B                    A:00 X:FF Y:01 P:A4 SP:B2
904D  F0 05    BEQ BEQ #$05                     A:00 X:FF Y:01 P:26 SP:B2
9054  A9 80    LDA LDA #$80                     A:00 X:FF Y:01 P:26 SP:B2
9056  85 FB    STA STA $FB                      A:80 X:FF Y:01 P:A4 SP:B2
9058  A9 01    LDA LDA #$01                     A:80 X:FF Y:01 P:A4 SP:B2
905A  8D 74 07 STA STA $0774                    A:01 X:FF Y:01 P:24 SP:B2
905D  EE 72 07 INC INC $0772                    A:01 X:FF Y:01 P:24 SP:B2
9060  60       RTS                              A:01 X:FF Y:01 P:24 SP:B2
8178  AD 02 20 LDA LDA $2002                    A:01 X:FF Y:01 P:24 SP:B4
817B  68       PLA                              A:00 X:FF Y:01 P:26 SP:B4
817C  09 80    ORA ORA #$80                     A:10 X:FF Y:01 P:24 SP:B5
817E  8D 00 20 STA STA $2000                    A:90 X:FF Y:01 P:A4 SP:B5
8181  40       RTI                              A:90 X:FF Y:01 P:A4 SP:B5
[Repeated block (6 instrs)] ×699
<L026> ×2
# sample:
# FFFC  00       BRK                              A:90 X:FF Y:01 P:26 SP:B8
# FFF0  19 19 1A ORA ORA $1A19,Y                  A:90 X:FF Y:01 P:26 SP:B5
# FFF3  1A       *NOP                             A:90 X:FF Y:01 P:A4 SP:B5
# FFF4  1C 1D 1D *NOP *NOP $1D1D,X                A:90 X:FF Y:01 P:A4 SP:B5
# FFF7  1E 1E 1F ASL ASL $1F1E,X                  A:90 X:FF Y:01 P:A4 SP:B5
FFF7  1E 1E 1F ASL ASL $1F1E,X                  A:90 X:FF Y:01 P:A4 SP:84
8082  AD 78 07 LDA LDA $0778                    A:90 X:FF Y:01 P:26 SP:81
<L011> ×2
# sample:
# 8085  29 7F    AND AND #$7F                     A:10 X:FF Y:01 P:24 SP:81
# 8087  8D 78 07 STA STA $0778                    A:10 X:FF Y:01 P:24 SP:81
808F  AD 79 07 LDA LDA $0779                    A:10 X:FF Y:01 P:24 SP:81
8092  29 E6    AND AND #$E6                     A:00 X:FF Y:01 P:26 SP:81
8094  AC 74 07 LDY LDY $0774                    A:00 X:FF Y:01 P:26 SP:81
<L011> ×2
# sample:
# 8097  D0 05    BNE BNE #$05                     A:00 X:FF Y:01 P:24 SP:81
# 809E  8D 79 07 STA STA $0779                    A:00 X:FF Y:01 P:24 SP:81
80A6  AE 02 20 LDX LDX $2002                    A:00 X:FF Y:01 P:26 SP:81
80A9  A9 00    LDA LDA #$00                     A:00 X:80 Y:01 P:A4 SP:81
<L002> ×2
# sample:
# 80AB  20 E6 8E JSR JSR $8EE6                    A:00 X:80 Y:01 P:26 SP:81
# 8EE6  8D 05 20 STA STA $2005                    A:00 X:80 Y:01 P:26 SP:7F
80AE  8D 03 20 STA STA $2003                    A:00 X:80 Y:01 P:26 SP:81
80B1  A9 02    LDA LDA #$02                     A:00 X:80 Y:01 P:26 SP:81
80B3  8D 14 40 STA STA $4014                    A:02 X:80 Y:01 P:24 SP:81
80B6  AE 73 07 LDX LDX $0773                    A:02 X:80 Y:01 P:24 SP:81
80B9  BD 5A 80 LDA LDA $805A,X                  A:02 X:00 Y:01 P:26 SP:81
<L001> ×2
# sample:
# 80BC  85 00    STA STA $00                      A:01 X:00 Y:01 P:24 SP:81
80C1  85 01    STA STA $01                      A:03 X:00 Y:01 P:24 SP:81
80C3  20 DD 8E JSR JSR $8EDD                    A:03 X:00 Y:01 P:24 SP:81
<L005> ×2
# sample:
# 8EDD  AE 02 20 LDX LDX $2002                    A:03 X:00 Y:01 P:24 SP:7F
# 8EE0  A0 00    LDY LDY #$00                     A:03 X:00 Y:01 P:26 SP:7F
# 8EE2  B1 00    LDA LDA ($00),Y                  A:03 X:00 Y:00 P:26 SP:7F
8EEC  60       RTS                              A:00 X:00 Y:00 P:26 SP:7F
80C6  A0 00    LDY LDY #$00                     A:00 X:00 Y:00 P:26 SP:81
80C8  AE 73 07 LDX LDX $0773                    A:00 X:00 Y:00 P:26 SP:81
<L001> ×2
# sample:
# 80CB  E0 06    CPX CPX #$06                     A:00 X:00 Y:00 P:26 SP:81
80D0  BE 80 80 LDX LDX $8080,Y                  A:00 X:00 Y:00 P:A4 SP:81
80D3  A9 00    LDA LDA #$00                     A:00 X:00 Y:00 P:26 SP:81
<L022> ×2
# sample:
# 80D5  9D 00 03 STA STA $0300,X                  A:00 X:00 Y:00 P:26 SP:81
<L001> ×2
# sample:
# 80DB  8D 73 07 STA STA $0773                    A:00 X:00 Y:00 P:26 SP:81
80E1  8D 01 20 STA STA $2001                    A:00 X:00 Y:00 P:26 SP:81
80E4  20 D0 F2 JSR JSR $F2D0                    A:00 X:00 Y:00 P:26 SP:81
F2D0  AD 70 07 LDA LDA $0770                    A:00 X:00 Y:00 P:26 SP:7F
F2D3  D0 04    BNE BNE #$04                     A:00 X:00 Y:00 P:26 SP:7F
F2D5  8D 15 40 STA STA $4015                    A:00 X:00 Y:00 P:26 SP:7F
F2D8  60       RTS                              A:00 X:00 Y:00 P:26 SP:7F
80E7  20 5C 8E JSR JSR $8E5C                    A:00 X:00 Y:00 P:26 SP:81
8E5C  A9 01    LDA LDA #$01                     A:00 X:00 Y:00 P:26 SP:7F
8E5E  8D 16 40 STA STA $4016                    A:01 X:00 Y:00 P:24 SP:7F
8E61  4A       LSR A                            A:01 X:00 Y:00 P:24 SP:7F
8E62  AA       TAX                              A:00 X:00 Y:00 P:27 SP:7F
8E63  8D 16 40 STA STA $4016                    A:00 X:00 Y:00 P:27 SP:7F
8E66  20 6A 8E JSR JSR $8E6A                    A:00 X:00 Y:00 P:27 SP:7F
8E6A  A0 08    LDY LDY #$08                     A:00 X:00 Y:00 P:27 SP:7D
[Repeated block (10 instrs)] ×8
8E6C  48       PHA                              A:00 X:00 Y:08 P:25 SP:7D
8E6D  BD 16 40 LDA LDA $4016,X                  A:00 X:00 Y:08 P:25 SP:7C
8E70  85 00    STA STA $00                      A:40 X:00 Y:08 P:25 SP:7C
8E72  4A       LSR A                            A:40 X:00 Y:08 P:25 SP:7C
8E73  05 00    ORA ORA $00                      A:20 X:00 Y:08 P:24 SP:7C
8E75  4A       LSR A                            A:60 X:00 Y:08 P:24 SP:7C
8E76  68       PLA                              A:30 X:00 Y:08 P:24 SP:7C
8E77  2A       ROL A                            A:00 X:00 Y:08 P:26 SP:7D
8E78  88       DEY                              A:00 X:00 Y:08 P:26 SP:7D
8E79  D0 F1    BNE BNE #$F1                     A:00 X:00 Y:07 P:24 SP:7D
8E7B  9D FC 06 STA STA $06FC,X                  A:00 X:00 Y:00 P:26 SP:7D
8E7E  48       PHA                              A:00 X:00 Y:00 P:26 SP:7D
8E7F  29 30    AND AND #$30                     A:00 X:00 Y:00 P:26 SP:7C
8E81  3D 4A 07 AND AND $074A,X                  A:00 X:00 Y:00 P:26 SP:7C
8E84  F0 07    BEQ BEQ #$07                     A:00 X:00 Y:00 P:26 SP:7C
8E8D  68       PLA                              A:00 X:00 Y:00 P:26 SP:7C
8E8E  9D 4A 07 STA STA $074A,X                  A:00 X:00 Y:00 P:26 SP:7D
8E91  60       RTS                              A:00 X:00 Y:00 P:26 SP:7D
8E69  E8       INX                              A:00 X:00 Y:00 P:26 SP:7F
8E6A  A0 08    LDY LDY #$08                     A:00 X:01 Y:00 P:24 SP:7F
[Repeated block (10 instrs)] ×8
8E6C  48       PHA                              A:00 X:01 Y:08 P:24 SP:7F
8E6D  BD 16 40 LDA LDA $4016,X                  A:00 X:01 Y:08 P:24 SP:7E
8E70  85 00    STA STA $00                      A:40 X:01 Y:08 P:24 SP:7E
8E72  4A       LSR A                            A:40 X:01 Y:08 P:24 SP:7E
8E73  05 00    ORA ORA $00                      A:20 X:01 Y:08 P:24 SP:7E
8E75  4A       LSR A                            A:60 X:01 Y:08 P:24 SP:7E
8E76  68       PLA                              A:30 X:01 Y:08 P:24 SP:7E
8E77  2A       ROL A                            A:00 X:01 Y:08 P:26 SP:7F
8E78  88       DEY                              A:00 X:01 Y:08 P:26 SP:7F
8E79  D0 F1    BNE BNE #$F1                     A:00 X:01 Y:07 P:24 SP:7F
8E7B  9D FC 06 STA STA $06FC,X                  A:00 X:01 Y:00 P:26 SP:7F
8E7E  48       PHA                              A:00 X:01 Y:00 P:26 SP:7F
8E7F  29 30    AND AND #$30                     A:00 X:01 Y:00 P:26 SP:7E
8E81  3D 4A 07 AND AND $074A,X                  A:00 X:01 Y:00 P:26 SP:7E
8E84  F0 07    BEQ BEQ #$07                     A:00 X:01 Y:00 P:26 SP:7E
8E8D  68       PLA                              A:00 X:01 Y:00 P:26 SP:7E
8E8E  9D 4A 07 STA STA $074A,X                  A:00 X:01 Y:00 P:26 SP:7F
8E91  60       RTS                              A:00 X:01 Y:00 P:26 SP:7F
80EA  20 82 81 JSR JSR $8182                    A:00 X:01 Y:00 P:26 SP:81
8182  AD 70 07 LDA LDA $0770                    A:00 X:01 Y:00 P:26 SP:7F
8185  C9 02    CMP CMP #$02                     A:00 X:01 Y:00 P:26 SP:7F
8187  F0 0B    BEQ BEQ #$0B                     A:00 X:01 Y:00 P:A4 SP:7F
8189  C9 01    CMP CMP #$01                     A:00 X:01 Y:00 P:A4 SP:7F
818B  D0 38    BNE BNE #$38                     A:00 X:01 Y:00 P:A4 SP:7F
81C5  60       RTS                              A:00 X:01 Y:00 P:A4 SP:7F
80ED  20 97 8F JSR JSR $8F97                    A:00 X:01 Y:00 P:A4 SP:81
8F97  A2 05    LDX LDX #$05                     A:00 X:01 Y:00 P:A4 SP:7F
8F99  20 9E 8F JSR JSR $8F9E                    A:00 X:05 Y:00 P:24 SP:7F
8F9E  A0 05    LDY LDY #$05                     A:00 X:05 Y:00 P:24 SP:7D
8FA0  38       SEC                              A:00 X:05 Y:05 P:24 SP:7D
[Repeated block (10 instrs)] ×3
<L010> ×2
# sample:
# 8FA1  BD DD 07 LDA LDA $07DD,X                  A:00 X:05 Y:05 P:25 SP:7D
# 8FA4  F9 D7 07 SBC SBC $07D7,Y                  A:00 X:05 Y:05 P:27 SP:7D
# 8FA7  CA       DEX                              A:00 X:05 Y:05 P:27 SP:7D
# 8FA8  88       DEY                              A:00 X:04 Y:05 P:25 SP:7D
# 8FA9  10 F6    BPL BPL #$F6                     A:00 X:04 Y:04 P:25 SP:7D
# 8FA1  BD DD 07 LDA LDA $07DD,X                  A:00 X:04 Y:04 P:25 SP:7D
8FAE  C8       INY                              A:00 X:00 Y:FF P:27 SP:7D
[Repeated block (6 instrs)] ×6
<L005> ×2
# sample:
# 8FAF  BD DD 07 LDA LDA $07DD,X                  A:00 X:00 Y:00 P:27 SP:7D
# 8FB2  99 D7 07 STA STA $07D7,Y                  A:00 X:00 Y:00 P:27 SP:7D
# 8FB5  E8       INX                              A:00 X:00 Y:00 P:27 SP:7D
8FBB  60       RTS                              A:00 X:06 Y:06 P:27 SP:7D
8F9C  A2 0B    LDX LDX #$0B                     A:00 X:06 Y:06 P:27 SP:7F
8F9E  A0 05    LDY LDY #$05                     A:00 X:0B Y:06 P:25 SP:7F
8FA0  38       SEC                              A:00 X:0B Y:05 P:25 SP:7F
[Repeated block (10 instrs)] ×3
<L010> ×2
# sample:
# 8FA1  BD DD 07 LDA LDA $07DD,X                  A:00 X:0B Y:05 P:25 SP:7F
# 8FA4  F9 D7 07 SBC SBC $07D7,Y                  A:00 X:0B Y:05 P:27 SP:7F
# 8FA7  CA       DEX                              A:00 X:0B Y:05 P:27 SP:7F
# 8FA8  88       DEY                              A:00 X:0A Y:05 P:25 SP:7F
# 8FA9  10 F6    BPL BPL #$F6                     A:00 X:0A Y:04 P:25 SP:7F
# 8FA1  BD DD 07 LDA LDA $07DD,X                  A:00 X:0A Y:04 P:25 SP:7F
8FAE  C8       INY                              A:00 X:06 Y:FF P:25 SP:7F
[Repeated block (6 instrs)] ×6
<L005> ×2
# sample:
# 8FAF  BD DD 07 LDA LDA $07DD,X                  A:00 X:06 Y:00 P:27 SP:7F
# 8FB2  99 D7 07 STA STA $07D7,Y                  A:00 X:06 Y:00 P:27 SP:7F
# 8FB5  E8       INX                              A:00 X:06 Y:00 P:27 SP:7F
8FBB  60       RTS                              A:00 X:0C Y:06 P:27 SP:7F
80F0  AD 76 07 LDA LDA $0776                    A:00 X:0C Y:06 P:27 SP:81
80F3  4A       LSR A                            A:00 X:0C Y:06 P:27 SP:81
80F4  B0 25    BCS BCS #$25                     A:00 X:0C Y:06 P:26 SP:81
80F6  AD 47 07 LDA LDA $0747                    A:00 X:0C Y:06 P:26 SP:81
80F9  F0 05    BEQ BEQ #$05                     A:00 X:0C Y:06 P:26 SP:81
8100  A2 14    LDX LDX #$14                     A:00 X:0C Y:06 P:26 SP:81
8102  CE 7F 07 DEC DEC $077F                    A:00 X:14 Y:06 P:24 SP:81
8105  10 07    BPL BPL #$07                     A:00 X:14 Y:06 P:24 SP:81
[Repeated block (8 instrs)] ×10
<L016> ×3
# sample:
# 810E  BD 80 07 LDA LDA $0780,X                  A:00 X:14 Y:06 P:24 SP:81
# 8111  F0 03    BEQ BEQ #$03                     A:00 X:14 Y:06 P:26 SP:81
# 8116  CA       DEX                              A:00 X:14 Y:06 P:26 SP:81
# 8117  10 F5    BPL BPL #$F5                     A:00 X:13 Y:06 P:24 SP:81
8119  E6 09    INC INC $09                      A:00 X:FF Y:06 P:A4 SP:81
811B  A2 00    LDX LDX #$00                     A:00 X:FF Y:06 P:24 SP:81
811D  A0 07    LDY LDY #$07                     A:00 X:00 Y:06 P:26 SP:81
811F  AD A7 07 LDA LDA $07A7                    A:00 X:00 Y:07 P:24 SP:81
8122  29 02    AND AND #$02                     A:52 X:00 Y:07 P:24 SP:81
8124  85 00    STA STA $00                      A:02 X:00 Y:07 P:24 SP:81
8126  AD A8 07 LDA LDA $07A8                    A:02 X:00 Y:07 P:24 SP:81
8129  29 02    AND AND #$02                     A:80 X:00 Y:07 P:A4 SP:81
812B  45 00    EOR EOR $00                      A:00 X:00 Y:07 P:26 SP:81
812D  18       CLC                              A:02 X:00 Y:07 P:24 SP:81
812E  F0 01    BEQ BEQ #$01                     A:02 X:00 Y:07 P:24 SP:81
8130  38       SEC                              A:02 X:00 Y:07 P:24 SP:81
[Repeated block (8 instrs)] ×3
<L015> ×3
# sample:
# 8131  7E A7 07 ROR ROR $07A7,X                  A:02 X:00 Y:07 P:25 SP:81
# 8134  E8       INX                              A:02 X:00 Y:07 P:A4 SP:81
# 8135  88       DEY                              A:02 X:01 Y:07 P:24 SP:81
# 8136  D0 F9    BNE BNE #$F9                     A:02 X:01 Y:06 P:24 SP:81
8138  AD 22 07 LDA LDA $0722                    A:02 X:07 Y:00 P:26 SP:81
813B  F0 1F    BEQ BEQ #$1F                     A:00 X:07 Y:00 P:26 SP:81
<L023> ×2
# sample:
# 815C  AD 3F 07 LDA LDA $073F                    A:00 X:07 Y:00 P:26 SP:81
# 815F  8D 05 20 STA STA $2005                    A:00 X:07 Y:00 P:26 SP:81
8168  AD 78 07 LDA LDA $0778                    A:00 X:07 Y:00 P:26 SP:81
816B  48       PHA                              A:10 X:07 Y:00 P:24 SP:81
816C  8D 00 20 STA STA $2000                    A:10 X:07 Y:00 P:24 SP:80
816F  AD 76 07 LDA LDA $0776                    A:10 X:07 Y:00 P:24 SP:80
8172  4A       LSR A                            A:00 X:07 Y:00 P:26 SP:80
8173  B0 03    BCS BCS #$03                     A:00 X:07 Y:00 P:26 SP:80
8175  20 12 82 JSR JSR $8212                    A:00 X:07 Y:00 P:26 SP:80
8212  AD 70 07 LDA LDA $0770                    A:00 X:07 Y:00 P:26 SP:7E
8215  20 04 8E JSR JSR $8E04                    A:00 X:07 Y:00 P:26 SP:7E
8E04  0A       ASL A                            A:00 X:07 Y:00 P:26 SP:7C
8E05  A8       TAY                              A:00 X:07 Y:00 P:26 SP:7C
<L006> ×2
# sample:
# 8E06  68       PLA                              A:00 X:07 Y:00 P:26 SP:7C
# 8E07  85 04    STA STA $04                      A:17 X:07 Y:00 P:24 SP:7D
<L007> ×2
# sample:
# 8E0C  C8       INY                              A:82 X:07 Y:00 P:A4 SP:7E
# 8E0D  B1 04    LDA LDA ($04),Y                  A:82 X:07 Y:01 P:24 SP:7E
# 8E0F  85 06    STA STA $06                      A:31 X:07 Y:01 P:24 SP:7E
8E16  6C 06 00 JMP JMP ($0006)                  A:82 X:07 Y:02 P:A4 SP:7E
8231  AD 72 07 LDA LDA $0772                    A:82 X:07 Y:02 P:A4 SP:7E
8234  20 04 8E JSR JSR $8E04                    A:01 X:07 Y:02 P:24 SP:7E
8E04  0A       ASL A                            A:01 X:07 Y:02 P:24 SP:7C
8E05  A8       TAY                              A:02 X:07 Y:02 P:24 SP:7C
<L006> ×2
# sample:
# 8E06  68       PLA                              A:02 X:07 Y:02 P:24 SP:7C
# 8E07  85 04    STA STA $04                      A:36 X:07 Y:02 P:24 SP:7D
<L007> ×2
# sample:
# 8E0C  C8       INY                              A:82 X:07 Y:02 P:A4 SP:7E
# 8E0D  B1 04    LDA LDA ($04),Y                  A:82 X:07 Y:03 P:24 SP:7E
# 8E0F  85 06    STA STA $06                      A:67 X:07 Y:03 P:24 SP:7E
8E16  6C 06 00 JMP JMP ($0006)                  A:85 X:07 Y:04 P:A4 SP:7E
8567  AD 3C 07 LDA LDA $073C                    A:85 X:07 Y:04 P:A4 SP:7E
856A  20 04 8E JSR JSR $8E04                    A:00 X:07 Y:04 P:26 SP:7E
8E04  0A       ASL A                            A:00 X:07 Y:04 P:26 SP:7C
8E05  A8       TAY                              A:00 X:07 Y:04 P:26 SP:7C
<L006> ×2
# sample:
# 8E06  68       PLA                              A:00 X:07 Y:00 P:26 SP:7C
# 8E07  85 04    STA STA $04                      A:6C X:07 Y:00 P:24 SP:7D
<L007> ×2
# sample:
# 8E0C  C8       INY                              A:85 X:07 Y:00 P:A4 SP:7E
# 8E0D  B1 04    LDA LDA ($04),Y                  A:85 X:07 Y:01 P:24 SP:7E
# 8E0F  85 06    STA STA $06                      A:8B X:07 Y:01 P:A4 SP:7E
8E16  6C 06 00 JMP JMP ($0006)                  A:85 X:07 Y:02 P:A4 SP:7E
858B  20 20 82 JSR JSR $8220                    A:85 X:07 Y:02 P:A4 SP:7E
8220  A0 00    LDY LDY #$00                     A:85 X:07 Y:02 P:A4 SP:7C
8222  2C A0 04 BIT BIT $04A0                    A:85 X:07 Y:00 P:26 SP:7C
8225  A9 F8    LDA LDA #$F8                     A:85 X:07 Y:00 P:26 SP:7C
[Repeated block (6 instrs)] ×64
8227  99 00 02 STA STA $0200,Y                  A:F8 X:07 Y:00 P:A4 SP:7C
<L048> ×2
# sample:
# 822A  C8       INY                              A:F8 X:07 Y:00 P:A4 SP:7C
# 822B  C8       INY                              A:F8 X:07 Y:01 P:24 SP:7C
822E  D0 F7    BNE BNE #$F7                     A:F8 X:07 Y:04 P:24 SP:7C
8230  60       RTS                              A:F8 X:07 Y:00 P:26 SP:7C
858E  20 19 8E JSR JSR $8E19                    A:F8 X:07 Y:00 P:26 SP:7E
<L052> ×2
# sample:
# 8E19  AD 02 20 LDA LDA $2002                    A:F8 X:07 Y:00 P:26 SP:7C
8E1F  09 10    ORA ORA #$10                     A:10 X:07 Y:00 P:24 SP:7C
8E21  29 F0    AND AND #$F0                     A:10 X:07 Y:00 P:24 SP:7C
8E23  20 ED 8E JSR JSR $8EED                    A:10 X:07 Y:00 P:24 SP:7C
<L001> ×3
# sample:
# 8EED  8D 00 20 STA STA $2000                    A:10 X:07 Y:00 P:24 SP:7A
8E26  A9 24    LDA LDA #$24                     A:10 X:07 Y:00 P:24 SP:7C
8E28  20 2D 8E JSR JSR $8E2D                    A:24 X:07 Y:00 P:24 SP:7C
8E2D  8D 06 20 STA STA $2006                    A:24 X:07 Y:00 P:24 SP:7A
8E30  A9 00    LDA LDA #$00                     A:24 X:07 Y:00 P:24 SP:7A
8E32  8D 06 20 STA STA $2006                    A:00 X:07 Y:00 P:26 SP:7A
8E35  A2 04    LDX LDX #$04                     A:00 X:07 Y:00 P:26 SP:7A
8E37  A0 C0    LDY LDY #$C0                     A:00 X:04 Y:00 P:24 SP:7A
8E39  A9 24    LDA LDA #$24                     A:00 X:04 Y:C0 P:A4 SP:7A
[Repeated block (9 instrs)] ×64
<L040> ×3
# sample:
# 8E3B  8D 07 20 STA STA $2007                    A:24 X:04 Y:C0 P:24 SP:7A
# 8E3E  88       DEY                              A:24 X:04 Y:C0 P:24 SP:7A
# 8E3F  D0 FA    BNE BNE #$FA                     A:24 X:04 Y:BF P:A4 SP:7A
8E41  CA       DEX                              A:24 X:04 Y:00 P:26 SP:7A
8E42  D0 F7    BNE BNE #$F7                     A:24 X:03 Y:00 P:24 SP:7A
[Repeated block (9 instrs)] ×85
<L025> ×2
# sample:
# 8E3B  8D 07 20 STA STA $2007                    A:24 X:03 Y:00 P:24 SP:7A
# 8E3E  88       DEY                              A:24 X:03 Y:00 P:24 SP:7A
# 8E3F  D0 FA    BNE BNE #$FA                     A:24 X:03 Y:FF P:A4 SP:7A
# 8E3B  8D 07 20 STA STA $2007                    A:24 X:03 Y:FF P:A4 SP:7A
# 8E3E  88       DEY                              A:24 X:03 Y:FF P:A4 SP:7A
# 8E3F  D0 FA    BNE BNE #$FA                     A:24 X:03 Y:FE P:A4 SP:7A
8E41  CA       DEX                              A:24 X:03 Y:00 P:26 SP:7A
8E42  D0 F7    BNE BNE #$F7                     A:24 X:02 Y:00 P:24 SP:7A
[Repeated block (9 instrs)] ×85
<L025> ×2
# sample:
# 8E3B  8D 07 20 STA STA $2007                    A:24 X:02 Y:00 P:24 SP:7A
# 8E3E  88       DEY                              A:24 X:02 Y:00 P:24 SP:7A
# 8E3F  D0 FA    BNE BNE #$FA                     A:24 X:02 Y:FF P:A4 SP:7A
# 8E3B  8D 07 20 STA STA $2007                    A:24 X:02 Y:FF P:A4 SP:7A
# 8E3E  88       DEY                              A:24 X:02 Y:FF P:A4 SP:7A
# 8E3F  D0 FA    BNE BNE #$FA                     A:24 X:02 Y:FE P:A4 SP:7A
8E41  CA       DEX                              A:24 X:02 Y:00 P:26 SP:7A
8E42  D0 F7    BNE BNE #$F7                     A:24 X:01 Y:00 P:24 SP:7A
[Repeated block (9 instrs)] ×85
<L025> ×2
# sample:
# 8E3B  8D 07 20 STA STA $2007                    A:24 X:01 Y:00 P:24 SP:7A
# 8E3E  88       DEY                              A:24 X:01 Y:00 P:24 SP:7A
# 8E3F  D0 FA    BNE BNE #$FA                     A:24 X:01 Y:FF P:A4 SP:7A
# 8E3B  8D 07 20 STA STA $2007                    A:24 X:01 Y:FF P:A4 SP:7A
# 8E3E  88       DEY                              A:24 X:01 Y:FF P:A4 SP:7A
# 8E3F  D0 FA    BNE BNE #$FA                     A:24 X:01 Y:FE P:A4 SP:7A
8E41  CA       DEX                              A:24 X:01 Y:00 P:26 SP:7A
8E42  D0 F7    BNE BNE #$F7                     A:24 X:00 Y:00 P:26 SP:7A
8E44  A0 40    LDY LDY #$40                     A:24 X:00 Y:00 P:26 SP:7A
8E46  8A       TXA                              A:24 X:00 Y:40 P:24 SP:7A
<L027> ×2
# sample:
# 8E47  8D 00 03 STA STA $0300                    A:00 X:00 Y:40 P:26 SP:7A
[Repeated block (9 instrs)] ×21
<L025> ×2
# sample:
# 8E4D  8D 07 20 STA STA $2007                    A:00 X:00 Y:40 P:26 SP:7A
# 8E50  88       DEY                              A:00 X:00 Y:40 P:26 SP:7A
# 8E51  D0 FA    BNE BNE #$FA                     A:00 X:00 Y:3F P:24 SP:7A
# 8E4D  8D 07 20 STA STA $2007                    A:00 X:00 Y:3F P:24 SP:7A
# 8E50  88       DEY                              A:00 X:00 Y:3F P:24 SP:7A
# 8E51  D0 FA    BNE BNE #$FA                     A:00 X:00 Y:3E P:24 SP:7A
<L027> ×2
# sample:
# 8E53  8D 3F 07 STA STA $073F                    A:00 X:00 Y:00 P:26 SP:7A
8E59  4C E6 8E JMP JMP $8EE6                    A:00 X:00 Y:00 P:26 SP:7A
<L001> ×3
# sample:
# 8EE6  8D 05 20 STA STA $2005                    A:00 X:00 Y:00 P:26 SP:7A
<L046> ×2
# sample:
# 8E2B  A9 20    LDA LDA #$20                     A:00 X:00 Y:00 P:26 SP:7C
# 8E2D  8D 06 20 STA STA $2006                    A:20 X:00 Y:00 P:24 SP:7C
8E35  A2 04    LDX LDX #$04                     A:00 X:00 Y:00 P:26 SP:7C
8E37  A0 C0    LDY LDY #$C0                     A:00 X:04 Y:00 P:24 SP:7C
8E39  A9 24    LDA LDA #$24                     A:00 X:04 Y:C0 P:A4 SP:7C
[Repeated block (9 instrs)] ×64
<L040> ×3
# sample:
# 8E3B  8D 07 20 STA STA $2007                    A:24 X:04 Y:C0 P:24 SP:7C
# 8E3E  88       DEY                              A:24 X:04 Y:C0 P:24 SP:7C
# 8E3F  D0 FA    BNE BNE #$FA                     A:24 X:04 Y:BF P:A4 SP:7C
8E41  CA       DEX                              A:24 X:04 Y:00 P:26 SP:7C
8E42  D0 F7    BNE BNE #$F7                     A:24 X:03 Y:00 P:24 SP:7C
[Repeated block (9 instrs)] ×85
<L025> ×2
# sample:
# 8E3B  8D 07 20 STA STA $2007                    A:24 X:03 Y:00 P:24 SP:7C
# 8E3E  88       DEY                              A:24 X:03 Y:00 P:24 SP:7C
# 8E3F  D0 FA    BNE BNE #$FA                     A:24 X:03 Y:FF P:A4 SP:7C
# 8E3B  8D 07 20 STA STA $2007                    A:24 X:03 Y:FF P:A4 SP:7C
# 8E3E  88       DEY                              A:24 X:03 Y:FF P:A4 SP:7C
# 8E3F  D0 FA    BNE BNE #$FA                     A:24 X:03 Y:FE P:A4 SP:7C
8E41  CA       DEX                              A:24 X:03 Y:00 P:26 SP:7C
8E42  D0 F7    BNE BNE #$F7                     A:24 X:02 Y:00 P:24 SP:7C
[Repeated block (9 instrs)] ×85
<L025> ×2
# sample:
# 8E3B  8D 07 20 STA STA $2007                    A:24 X:02 Y:00 P:24 SP:7C
# 8E3E  88       DEY                              A:24 X:02 Y:00 P:24 SP:7C
# 8E3F  D0 FA    BNE BNE #$FA                     A:24 X:02 Y:FF P:A4 SP:7C
# 8E3B  8D 07 20 STA STA $2007                    A:24 X:02 Y:FF P:A4 SP:7C
# 8E3E  88       DEY                              A:24 X:02 Y:FF P:A4 SP:7C
# 8E3F  D0 FA    BNE BNE #$FA                     A:24 X:02 Y:FE P:A4 SP:7C
8E41  CA       DEX                              A:24 X:02 Y:00 P:26 SP:7C
8E42  D0 F7    BNE BNE #$F7                     A:24 X:01 Y:00 P:24 SP:7C
[Repeated block (9 instrs)] ×85
<L025> ×2
# sample:
# 8E3B  8D 07 20 STA STA $2007                    A:24 X:01 Y:00 P:24 SP:7C
# 8E3E  88       DEY                              A:24 X:01 Y:00 P:24 SP:7C
# 8E3F  D0 FA    BNE BNE #$FA                     A:24 X:01 Y:FF P:A4 SP:7C
# 8E3B  8D 07 20 STA STA $2007                    A:24 X:01 Y:FF P:A4 SP:7C
# 8E3E  88       DEY                              A:24 X:01 Y:FF P:A4 SP:7C
# 8E3F  D0 FA    BNE BNE #$FA                     A:24 X:01 Y:FE P:A4 SP:7C
8E41  CA       DEX                              A:24 X:01 Y:00 P:26 SP:7C
8E42  D0 F7    BNE BNE #$F7                     A:24 X:00 Y:00 P:26 SP:7C
8E44  A0 40    LDY LDY #$40                     A:24 X:00 Y:00 P:26 SP:7C
8E46  8A       TXA                              A:24 X:00 Y:40 P:24 SP:7C
<L027> ×2
# sample:
# 8E47  8D 00 03 STA STA $0300                    A:00 X:00 Y:40 P:26 SP:7C
[Repeated block (9 instrs)] ×21
<L025> ×2
# sample:
# 8E4D  8D 07 20 STA STA $2007                    A:00 X:00 Y:40 P:26 SP:7C
# 8E50  88       DEY                              A:00 X:00 Y:40 P:26 SP:7C
# 8E51  D0 FA    BNE BNE #$FA                     A:00 X:00 Y:3F P:24 SP:7C
# 8E4D  8D 07 20 STA STA $2007                    A:00 X:00 Y:3F P:24 SP:7C
# 8E50  88       DEY                              A:00 X:00 Y:3F P:24 SP:7C
# 8E51  D0 FA    BNE BNE #$FA                     A:00 X:00 Y:3E P:24 SP:7C
<L027> ×2
# sample:
# 8E53  8D 3F 07 STA STA $073F                    A:00 X:00 Y:00 P:26 SP:7C
8E59  4C E6 8E JMP JMP $8EE6                    A:00 X:00 Y:00 P:26 SP:7C
<L001> ×3
# sample:
# 8EE6  8D 05 20 STA STA $2005                    A:00 X:00 Y:00 P:26 SP:7C
8591  AD 70 07 LDA LDA $0770                    A:00 X:00 Y:00 P:26 SP:7E
8594  F0 32    BEQ BEQ #$32                     A:00 X:00 Y:00 P:26 SP:7E
85C8  4C 45 87 JMP JMP $8745                    A:00 X:00 Y:00 P:26 SP:7E
8745  EE 3C 07 INC INC $073C                    A:00 X:00 Y:00 P:26 SP:7E
8748  60       RTS                              A:00 X:00 Y:00 P:24 SP:7E
8178  AD 02 20 LDA LDA $2002                    A:00 X:00 Y:00 P:24 SP:80
817B  68       PLA                              A:00 X:00 Y:00 P:26 SP:80
817C  09 80    ORA ORA #$80                     A:10 X:00 Y:00 P:24 SP:81
817E  8D 00 20 STA STA $2000                    A:90 X:00 Y:00 P:A4 SP:81
8181  40       RTI                              A:90 X:00 Y:00 P:A4 SP:81
[Repeated block (6 instrs)] ×315
<L026> ×2
# sample:
# FFFA  82 80    *NOP *NOP #$80                   A:90 X:00 Y:00 P:26 SP:84
# FFFC  00       BRK                              A:90 X:00 Y:00 P:26 SP:84
# FFF0  19 19 1A ORA ORA $1A19,Y                  A:90 X:00 Y:00 P:26 SP:81
# FFF3  1A       *NOP                             A:90 X:00 Y:00 P:A4 SP:81
# FFF4  1C 1D 1D *NOP *NOP $1D1D,X                A:90 X:00 Y:00 P:A4 SP:81
FFF4  1C 1D 1D *NOP *NOP $1D1D,X                A:90 X:00 Y:00 P:A4 SP:D0
8082  AD 78 07 LDA LDA $0778                    A:90 X:00 Y:00 P:A4 SP:CD
<L011> ×2
# sample:
# 8085  29 7F    AND AND #$7F                     A:10 X:00 Y:00 P:24 SP:CD
# 8087  8D 78 07 STA STA $0778                    A:10 X:00 Y:00 P:24 SP:CD
808F  AD 79 07 LDA LDA $0779                    A:10 X:00 Y:00 P:24 SP:CD
8092  29 E6    AND AND #$E6                     A:00 X:00 Y:00 P:26 SP:CD
8094  AC 74 07 LDY LDY $0774                    A:00 X:00 Y:00 P:26 SP:CD
<L011> ×2
# sample:
# 8097  D0 05    BNE BNE #$05                     A:00 X:00 Y:01 P:24 SP:CD
# 809E  8D 79 07 STA STA $0779                    A:00 X:00 Y:01 P:24 SP:CD
80A6  AE 02 20 LDX LDX $2002                    A:00 X:00 Y:01 P:26 SP:CD
80A9  A9 00    LDA LDA #$00                     A:00 X:80 Y:01 P:A4 SP:CD
<L002> ×2
# sample:
# 80AB  20 E6 8E JSR JSR $8EE6                    A:00 X:80 Y:01 P:26 SP:CD
# 8EE6  8D 05 20 STA STA $2005                    A:00 X:80 Y:01 P:26 SP:CB
80AE  8D 03 20 STA STA $2003                    A:00 X:80 Y:01 P:26 SP:CD
80B1  A9 02    LDA LDA #$02                     A:00 X:80 Y:01 P:26 SP:CD
80B3  8D 14 40 STA STA $4014                    A:02 X:80 Y:01 P:24 SP:CD
80B6  AE 73 07 LDX LDX $0773                    A:02 X:80 Y:01 P:24 SP:CD
80B9  BD 5A 80 LDA LDA $805A,X                  A:02 X:00 Y:01 P:26 SP:CD
<L001> ×2
# sample:
# 80BC  85 00    STA STA $00                      A:01 X:00 Y:01 P:24 SP:CD
80C1  85 01    STA STA $01                      A:03 X:00 Y:01 P:24 SP:CD
80C3  20 DD 8E JSR JSR $8EDD                    A:03 X:00 Y:01 P:24 SP:CD
<L005> ×2
# sample:
# 8EDD  AE 02 20 LDX LDX $2002                    A:03 X:00 Y:01 P:24 SP:CB
# 8EE0  A0 00    LDY LDY #$00                     A:03 X:00 Y:01 P:26 SP:CB
# 8EE2  B1 00    LDA LDA ($00),Y                  A:03 X:00 Y:00 P:26 SP:CB
8EEC  60       RTS                              A:00 X:00 Y:00 P:26 SP:CB
80C6  A0 00    LDY LDY #$00                     A:00 X:00 Y:00 P:26 SP:CD
80C8  AE 73 07 LDX LDX $0773                    A:00 X:00 Y:00 P:26 SP:CD
<L001> ×2
# sample:
# 80CB  E0 06    CPX CPX #$06                     A:00 X:00 Y:00 P:26 SP:CD
80D0  BE 80 80 LDX LDX $8080,Y                  A:00 X:00 Y:00 P:A4 SP:CD
80D3  A9 00    LDA LDA #$00                     A:00 X:00 Y:00 P:26 SP:CD
<L022> ×2
# sample:
# 80D5  9D 00 03 STA STA $0300,X                  A:00 X:00 Y:00 P:26 SP:CD
<L001> ×2
# sample:
# 80DB  8D 73 07 STA STA $0773                    A:00 X:00 Y:00 P:26 SP:CD
80E1  8D 01 20 STA STA $2001                    A:00 X:00 Y:00 P:26 SP:CD
80E4  20 D0 F2 JSR JSR $F2D0                    A:00 X:00 Y:00 P:26 SP:CD
F2D0  AD 70 07 LDA LDA $0770                    A:00 X:00 Y:00 P:26 SP:CB
F2D3  D0 04    BNE BNE #$04                     A:00 X:00 Y:00 P:26 SP:CB
F2D5  8D 15 40 STA STA $4015                    A:00 X:00 Y:00 P:26 SP:CB
F2D8  60       RTS                              A:00 X:00 Y:00 P:26 SP:CB
80E7  20 5C 8E JSR JSR $8E5C                    A:00 X:00 Y:00 P:26 SP:CD
8E5C  A9 01    LDA LDA #$01                     A:00 X:00 Y:00 P:26 SP:CB
8E5E  8D 16 40 STA STA $4016                    A:01 X:00 Y:00 P:24 SP:CB
8E61  4A       LSR A                            A:01 X:00 Y:00 P:24 SP:CB
8E62  AA       TAX                              A:00 X:00 Y:00 P:27 SP:CB
8E63  8D 16 40 STA STA $4016                    A:00 X:00 Y:00 P:27 SP:CB
8E66  20 6A 8E JSR JSR $8E6A                    A:00 X:00 Y:00 P:27 SP:CB
8E6A  A0 08    LDY LDY #$08                     A:00 X:00 Y:00 P:27 SP:C9
[Repeated block (10 instrs)] ×8
8E6C  48       PHA                              A:00 X:00 Y:08 P:25 SP:C9
8E6D  BD 16 40 LDA LDA $4016,X                  A:00 X:00 Y:08 P:25 SP:C8
8E70  85 00    STA STA $00                      A:40 X:00 Y:08 P:25 SP:C8
8E72  4A       LSR A                            A:40 X:00 Y:08 P:25 SP:C8
8E73  05 00    ORA ORA $00                      A:20 X:00 Y:08 P:24 SP:C8
8E75  4A       LSR A                            A:60 X:00 Y:08 P:24 SP:C8
8E76  68       PLA                              A:30 X:00 Y:08 P:24 SP:C8
8E77  2A       ROL A                            A:00 X:00 Y:08 P:26 SP:C9
8E78  88       DEY                              A:00 X:00 Y:08 P:26 SP:C9
8E79  D0 F1    BNE BNE #$F1                     A:00 X:00 Y:07 P:24 SP:C9
8E7B  9D FC 06 STA STA $06FC,X                  A:00 X:00 Y:00 P:26 SP:C9
8E7E  48       PHA                              A:00 X:00 Y:00 P:26 SP:C9
8E7F  29 30    AND AND #$30                     A:00 X:00 Y:00 P:26 SP:C8
8E81  3D 4A 07 AND AND $074A,X                  A:00 X:00 Y:00 P:26 SP:C8
8E84  F0 07    BEQ BEQ #$07                     A:00 X:00 Y:00 P:26 SP:C8
8E8D  68       PLA                              A:00 X:00 Y:00 P:26 SP:C8
8E8E  9D 4A 07 STA STA $074A,X                  A:00 X:00 Y:00 P:26 SP:C9
8E91  60       RTS                              A:00 X:00 Y:00 P:26 SP:C9
8E69  E8       INX                              A:00 X:00 Y:00 P:26 SP:CB
8E6A  A0 08    LDY LDY #$08                     A:00 X:01 Y:00 P:24 SP:CB
[Repeated block (10 instrs)] ×8
8E6C  48       PHA                              A:00 X:01 Y:08 P:24 SP:CB
8E6D  BD 16 40 LDA LDA $4016,X                  A:00 X:01 Y:08 P:24 SP:CA
8E70  85 00    STA STA $00                      A:40 X:01 Y:08 P:24 SP:CA
8E72  4A       LSR A                            A:40 X:01 Y:08 P:24 SP:CA
8E73  05 00    ORA ORA $00                      A:20 X:01 Y:08 P:24 SP:CA
8E75  4A       LSR A                            A:60 X:01 Y:08 P:24 SP:CA
8E76  68       PLA                              A:30 X:01 Y:08 P:24 SP:CA
8E77  2A       ROL A                            A:00 X:01 Y:08 P:26 SP:CB
8E78  88       DEY                              A:00 X:01 Y:08 P:26 SP:CB
8E79  D0 F1    BNE BNE #$F1                     A:00 X:01 Y:07 P:24 SP:CB
8E7B  9D FC 06 STA STA $06FC,X                  A:00 X:01 Y:00 P:26 SP:CB
8E7E  48       PHA                              A:00 X:01 Y:00 P:26 SP:CB
8E7F  29 30    AND AND #$30                     A:00 X:01 Y:00 P:26 SP:CA
8E81  3D 4A 07 AND AND $074A,X                  A:00 X:01 Y:00 P:26 SP:CA
8E84  F0 07    BEQ BEQ #$07                     A:00 X:01 Y:00 P:26 SP:CA
8E8D  68       PLA                              A:00 X:01 Y:00 P:26 SP:CA
8E8E  9D 4A 07 STA STA $074A,X                  A:00 X:01 Y:00 P:26 SP:CB
8E91  60       RTS                              A:00 X:01 Y:00 P:26 SP:CB
80EA  20 82 81 JSR JSR $8182                    A:00 X:01 Y:00 P:26 SP:CD
8182  AD 70 07 LDA LDA $0770                    A:00 X:01 Y:00 P:26 SP:CB
8185  C9 02    CMP CMP #$02                     A:00 X:01 Y:00 P:26 SP:CB
8187  F0 0B    BEQ BEQ #$0B                     A:00 X:01 Y:00 P:A4 SP:CB
8189  C9 01    CMP CMP #$01                     A:00 X:01 Y:00 P:A4 SP:CB
818B  D0 38    BNE BNE #$38                     A:00 X:01 Y:00 P:A4 SP:CB
81C5  60       RTS                              A:00 X:01 Y:00 P:A4 SP:CB
80ED  20 97 8F JSR JSR $8F97                    A:00 X:01 Y:00 P:A4 SP:CD
8F97  A2 05    LDX LDX #$05                     A:00 X:01 Y:00 P:A4 SP:CB
8F99  20 9E 8F JSR JSR $8F9E                    A:00 X:05 Y:00 P:24 SP:CB
8F9E  A0 05    LDY LDY #$05                     A:00 X:05 Y:00 P:24 SP:C9
8FA0  38       SEC                              A:00 X:05 Y:05 P:24 SP:C9
[Repeated block (10 instrs)] ×3
<L010> ×2
# sample:
# 8FA1  BD DD 07 LDA LDA $07DD,X                  A:00 X:05 Y:05 P:25 SP:C9
# 8FA4  F9 D7 07 SBC SBC $07D7,Y                  A:00 X:05 Y:05 P:27 SP:C9
# 8FA7  CA       DEX                              A:00 X:05 Y:05 P:27 SP:C9
# 8FA8  88       DEY                              A:00 X:04 Y:05 P:25 SP:C9
# 8FA9  10 F6    BPL BPL #$F6                     A:00 X:04 Y:04 P:25 SP:C9
# 8FA1  BD DD 07 LDA LDA $07DD,X                  A:00 X:04 Y:04 P:25 SP:C9
8FAE  C8       INY                              A:00 X:00 Y:FF P:27 SP:C9
[Repeated block (6 instrs)] ×6
<L005> ×2
# sample:
# 8FAF  BD DD 07 LDA LDA $07DD,X                  A:00 X:00 Y:00 P:27 SP:C9
# 8FB2  99 D7 07 STA STA $07D7,Y                  A:00 X:00 Y:00 P:27 SP:C9
# 8FB5  E8       INX                              A:00 X:00 Y:00 P:27 SP:C9
8FBB  60       RTS                              A:00 X:06 Y:06 P:27 SP:C9
8F9C  A2 0B    LDX LDX #$0B                     A:00 X:06 Y:06 P:27 SP:CB
8F9E  A0 05    LDY LDY #$05                     A:00 X:0B Y:06 P:25 SP:CB
8FA0  38       SEC                              A:00 X:0B Y:05 P:25 SP:CB
[Repeated block (10 instrs)] ×3
<L010> ×2
# sample:
# 8FA1  BD DD 07 LDA LDA $07DD,X                  A:00 X:0B Y:05 P:25 SP:CB
# 8FA4  F9 D7 07 SBC SBC $07D7,Y                  A:00 X:0B Y:05 P:27 SP:CB
# 8FA7  CA       DEX                              A:00 X:0B Y:05 P:27 SP:CB
# 8FA8  88       DEY                              A:00 X:0A Y:05 P:25 SP:CB
# 8FA9  10 F6    BPL BPL #$F6                     A:00 X:0A Y:04 P:25 SP:CB
# 8FA1  BD DD 07 LDA LDA $07DD,X                  A:00 X:0A Y:04 P:25 SP:CB
8FAE  C8       INY                              A:00 X:06 Y:FF P:25 SP:CB
[Repeated block (6 instrs)] ×6
<L005> ×2
# sample:
# 8FAF  BD DD 07 LDA LDA $07DD,X                  A:00 X:06 Y:00 P:27 SP:CB
# 8FB2  99 D7 07 STA STA $07D7,Y                  A:00 X:06 Y:00 P:27 SP:CB
# 8FB5  E8       INX                              A:00 X:06 Y:00 P:27 SP:CB
8FBB  60       RTS                              A:00 X:0C Y:06 P:27 SP:CB
80F0  AD 76 07 LDA LDA $0776                    A:00 X:0C Y:06 P:27 SP:CD
80F3  4A       LSR A                            A:00 X:0C Y:06 P:27 SP:CD
80F4  B0 25    BCS BCS #$25                     A:00 X:0C Y:06 P:26 SP:CD
80F6  AD 47 07 LDA LDA $0747                    A:00 X:0C Y:06 P:26 SP:CD
80F9  F0 05    BEQ BEQ #$05                     A:00 X:0C Y:06 P:26 SP:CD
8100  A2 14    LDX LDX #$14                     A:00 X:0C Y:06 P:26 SP:CD
8102  CE 7F 07 DEC DEC $077F                    A:00 X:14 Y:06 P:24 SP:CD
8105  10 07    BPL BPL #$07                     A:00 X:14 Y:06 P:24 SP:CD
[Repeated block (8 instrs)] ×10
<L016> ×3
# sample:
# 810E  BD 80 07 LDA LDA $0780,X                  A:00 X:14 Y:06 P:24 SP:CD
# 8111  F0 03    BEQ BEQ #$03                     A:00 X:14 Y:06 P:26 SP:CD
# 8116  CA       DEX                              A:00 X:14 Y:06 P:26 SP:CD
# 8117  10 F5    BPL BPL #$F5                     A:00 X:13 Y:06 P:24 SP:CD
8119  E6 09    INC INC $09                      A:00 X:FF Y:06 P:A4 SP:CD
811B  A2 00    LDX LDX #$00                     A:00 X:FF Y:06 P:24 SP:CD
811D  A0 07    LDY LDY #$07                     A:00 X:00 Y:06 P:26 SP:CD
811F  AD A7 07 LDA LDA $07A7                    A:00 X:00 Y:07 P:24 SP:CD
8122  29 02    AND AND #$02                     A:A9 X:00 Y:07 P:A4 SP:CD
8124  85 00    STA STA $00                      A:00 X:00 Y:07 P:26 SP:CD
8126  AD A8 07 LDA LDA $07A8                    A:00 X:00 Y:07 P:26 SP:CD
8129  29 02    AND AND #$02                     A:40 X:00 Y:07 P:24 SP:CD
812B  45 00    EOR EOR $00                      A:00 X:00 Y:07 P:26 SP:CD
812D  18       CLC                              A:00 X:00 Y:07 P:26 SP:CD
812E  F0 01    BEQ BEQ #$01                     A:00 X:00 Y:07 P:26 SP:CD
[Repeated block (8 instrs)] ×3
<L015> ×3
# sample:
# 8131  7E A7 07 ROR ROR $07A7,X                  A:00 X:00 Y:07 P:26 SP:CD
# 8134  E8       INX                              A:00 X:00 Y:07 P:25 SP:CD
# 8135  88       DEY                              A:00 X:01 Y:07 P:25 SP:CD
# 8136  D0 F9    BNE BNE #$F9                     A:00 X:01 Y:06 P:25 SP:CD
8138  AD 22 07 LDA LDA $0722                    A:00 X:07 Y:00 P:26 SP:CD
813B  F0 1F    BEQ BEQ #$1F                     A:00 X:07 Y:00 P:26 SP:CD
<L023> ×2
# sample:
# 815C  AD 3F 07 LDA LDA $073F                    A:00 X:07 Y:00 P:26 SP:CD
# 815F  8D 05 20 STA STA $2005                    A:00 X:07 Y:00 P:26 SP:CD
8168  AD 78 07 LDA LDA $0778                    A:00 X:07 Y:00 P:26 SP:CD
816B  48       PHA                              A:10 X:07 Y:00 P:24 SP:CD
816C  8D 00 20 STA STA $2000                    A:10 X:07 Y:00 P:24 SP:CC
816F  AD 76 07 LDA LDA $0776                    A:10 X:07 Y:00 P:24 SP:CC
8172  4A       LSR A                            A:00 X:07 Y:00 P:26 SP:CC
8173  B0 03    BCS BCS #$03                     A:00 X:07 Y:00 P:26 SP:CC
8175  20 12 82 JSR JSR $8212                    A:00 X:07 Y:00 P:26 SP:CC
8212  AD 70 07 LDA LDA $0770                    A:00 X:07 Y:00 P:26 SP:CA
8215  20 04 8E JSR JSR $8E04                    A:00 X:07 Y:00 P:26 SP:CA
8E04  0A       ASL A                            A:00 X:07 Y:00 P:26 SP:C8
8E05  A8       TAY                              A:00 X:07 Y:00 P:26 SP:C8
<L006> ×2
# sample:
# 8E06  68       PLA                              A:00 X:07 Y:00 P:26 SP:C8
# 8E07  85 04    STA STA $04                      A:17 X:07 Y:00 P:24 SP:C9
<L007> ×2
# sample:
# 8E0C  C8       INY                              A:82 X:07 Y:00 P:A4 SP:CA
# 8E0D  B1 04    LDA LDA ($04),Y                  A:82 X:07 Y:01 P:24 SP:CA
# 8E0F  85 06    STA STA $06                      A:31 X:07 Y:01 P:24 SP:CA
8E16  6C 06 00 JMP JMP ($0006)                  A:82 X:07 Y:02 P:A4 SP:CA
8231  AD 72 07 LDA LDA $0772                    A:82 X:07 Y:02 P:A4 SP:CA
8234  20 04 8E JSR JSR $8E04                    A:01 X:07 Y:02 P:24 SP:CA
8E04  0A       ASL A                            A:01 X:07 Y:02 P:24 SP:C8
8E05  A8       TAY                              A:02 X:07 Y:02 P:24 SP:C8
<L006> ×2
# sample:
# 8E06  68       PLA                              A:02 X:07 Y:02 P:24 SP:C8
# 8E07  85 04    STA STA $04                      A:36 X:07 Y:02 P:24 SP:C9
<L007> ×2
# sample:
# 8E0C  C8       INY                              A:82 X:07 Y:02 P:A4 SP:CA
# 8E0D  B1 04    LDA LDA ($04),Y                  A:82 X:07 Y:03 P:24 SP:CA
# 8E0F  85 06    STA STA $06                      A:67 X:07 Y:03 P:24 SP:CA
8E16  6C 06 00 JMP JMP ($0006)                  A:85 X:07 Y:04 P:A4 SP:CA
8567  AD 3C 07 LDA LDA $073C                    A:85 X:07 Y:04 P:A4 SP:CA
856A  20 04 8E JSR JSR $8E04                    A:01 X:07 Y:04 P:24 SP:CA
8E04  0A       ASL A                            A:01 X:07 Y:04 P:24 SP:C8
8E05  A8       TAY                              A:02 X:07 Y:04 P:24 SP:C8
<L006> ×2
# sample:
# 8E06  68       PLA                              A:02 X:07 Y:02 P:24 SP:C8
# 8E07  85 04    STA STA $04                      A:6C X:07 Y:02 P:24 SP:C9
<L007> ×2
# sample:
# 8E0C  C8       INY                              A:85 X:07 Y:02 P:A4 SP:CA
# 8E0D  B1 04    LDA LDA ($04),Y                  A:85 X:07 Y:03 P:24 SP:CA
# 8E0F  85 06    STA STA $06                      A:9B X:07 Y:03 P:A4 SP:CA
8E16  6C 06 00 JMP JMP ($0006)                  A:85 X:07 Y:04 P:A4 SP:CA
<L067> ×2
# sample:
# 859B  AD 44 07 LDA LDA $0744                    A:85 X:07 Y:04 P:A4 SP:CA
# 859E  48       PHA                              A:00 X:07 Y:04 P:26 SP:CA
85A3  A9 00    LDA LDA #$00                     A:00 X:07 Y:04 P:26 SP:C8
85A5  8D 56 07 STA STA $0756                    A:00 X:07 Y:04 P:26 SP:C8
85A8  A9 02    LDA LDA #$02                     A:00 X:07 Y:04 P:26 SP:C8
<L001> ×2
# sample:
# 85AA  8D 44 07 STA STA $0744                    A:02 X:07 Y:04 P:24 SP:C8
85F1  AE 00 03 LDX LDX $0300                    A:02 X:07 Y:04 P:24 SP:C6
85F4  A0 00    LDY LDY #$00                     A:02 X:00 Y:04 P:26 SP:C6
85F6  AD 53 07 LDA LDA $0753                    A:02 X:00 Y:00 P:26 SP:C6
85F9  F0 02    BEQ BEQ #$02                     A:00 X:00 Y:00 P:26 SP:C6
85FD  AD 56 07 LDA LDA $0756                    A:00 X:00 Y:00 P:26 SP:C6
8600  C9 02    CMP CMP #$02                     A:00 X:00 Y:00 P:26 SP:C6
8602  D0 02    BNE BNE #$02                     A:00 X:00 Y:00 P:A4 SP:C6
8606  A9 03    LDA LDA #$03                     A:00 X:00 Y:00 P:A4 SP:C6
8608  85 00    STA STA $00                      A:03 X:00 Y:00 P:24 SP:C6
<L049> ×2
# sample:
# 860A  B9 D7 85 LDA LDA $85D7,Y                  A:03 X:00 Y:00 P:24 SP:C6
# 860D  9D 04 03 STA STA $0304,X                  A:22 X:00 Y:00 P:24 SP:C6
# 8610  C8       INY                              A:22 X:00 Y:00 P:24 SP:C6
# 8611  E8       INX                              A:22 X:00 Y:01 P:24 SP:C6
# 8612  C6 00    DEC DEC $00                      A:22 X:01 Y:01 P:24 SP:C6
# 8614  10 F4    BPL BPL #$F4                     A:22 X:01 Y:01 P:24 SP:C6
# 860A  B9 D7 85 LDA LDA $85D7,Y                  A:22 X:01 Y:01 P:24 SP:C6
# 860D  9D 04 03 STA STA $0304,X                  A:16 X:01 Y:01 P:24 SP:C6
# 8610  C8       INY                              A:16 X:01 Y:01 P:24 SP:C6
# 8611  E8       INX                              A:16 X:01 Y:02 P:24 SP:C6
# 8612  C6 00    DEC DEC $00                      A:16 X:02 Y:02 P:24 SP:C6
# 8614  10 F4    BPL BPL #$F4                     A:16 X:02 Y:02 P:24 SP:C6
8616  AE 00 03 LDX LDX $0300                    A:18 X:04 Y:04 P:A4 SP:C6
8619  AC 44 07 LDY LDY $0744                    A:18 X:00 Y:04 P:26 SP:C6
861C  D0 03    BNE BNE #$03                     A:18 X:00 Y:02 P:24 SP:C6
8621  B9 CF 85 LDA LDA $85CF,Y                  A:18 X:00 Y:02 P:24 SP:C6
<L053> ×2
# sample:
# 8624  9D 04 03 STA STA $0304,X                  A:0F X:00 Y:02 P:24 SP:C6
# 8627  A9 3F    LDA LDA #$3F                     A:0F X:00 Y:02 P:24 SP:C6
# 8629  9D 01 03 STA STA $0301,X                  A:3F X:00 Y:02 P:24 SP:C6
# 862C  A9 10    LDA LDA #$10                     A:3F X:00 Y:02 P:24 SP:C6
8638  9D 08 03 STA STA $0308,X                  A:00 X:00 Y:02 P:26 SP:C6
863B  8A       TXA                              A:00 X:00 Y:02 P:26 SP:C6
863C  18       CLC                              A:00 X:00 Y:02 P:26 SP:C6
863D  69 07    ADC ADC #$07                     A:00 X:00 Y:02 P:26 SP:C6
863F  8D 00 03 STA STA $0300                    A:07 X:00 Y:02 P:24 SP:C6
8642  60       RTS                              A:07 X:00 Y:02 P:24 SP:C6
<L068> ×2
# sample:
# 85B0  68       PLA                              A:07 X:00 Y:02 P:24 SP:C8
# 85B1  8D 56 07 STA STA $0756                    A:00 X:00 Y:02 P:26 SP:C9
85B8  4C 45 87 JMP JMP $8745                    A:00 X:00 Y:02 P:26 SP:CA
8745  EE 3C 07 INC INC $073C                    A:00 X:00 Y:02 P:26 SP:CA
8748  60       RTS                              A:00 X:00 Y:02 P:24 SP:CA
8178  AD 02 20 LDA LDA $2002                    A:00 X:00 Y:02 P:24 SP:CC
817B  68       PLA                              A:00 X:00 Y:02 P:26 SP:CC
817C  09 80    ORA ORA #$80                     A:10 X:00 Y:02 P:24 SP:CD
817E  8D 00 20 STA STA $2000                    A:90 X:00 Y:02 P:A4 SP:CD
8181  40       RTI                              A:90 X:00 Y:02 P:A4 SP:CD
[Repeated block (6 instrs)] ×1063
<L018> ×2
# sample:
# FFF7  1E 1E 1F ASL ASL $1F1E,X                  A:90 X:00 Y:02 P:A4 SP:D0
# FFFA  82 80    *NOP *NOP #$80                   A:90 X:00 Y:02 P:26 SP:D0
# FFFC  00       BRK                              A:90 X:00 Y:02 P:26 SP:D0
# FFF0  19 19 1A ORA ORA $1A19,Y                  A:90 X:00 Y:02 P:26 SP:CD
FFFC  00       BRK                              A:90 X:00 Y:02 P:26 SP:5B
8082  AD 78 07 LDA LDA $0778                    A:90 X:00 Y:02 P:26 SP:55
<L011> ×2
# sample:
# 8085  29 7F    AND AND #$7F                     A:10 X:00 Y:02 P:24 SP:55
# 8087  8D 78 07 STA STA $0778                    A:10 X:00 Y:02 P:24 SP:55
808F  AD 79 07 LDA LDA $0779                    A:10 X:00 Y:02 P:24 SP:55
8092  29 E6    AND AND #$E6                     A:00 X:00 Y:02 P:26 SP:55
8094  AC 74 07 LDY LDY $0774                    A:00 X:00 Y:02 P:26 SP:55
<L011> ×2
# sample:
# 8097  D0 05    BNE BNE #$05                     A:00 X:00 Y:01 P:24 SP:55
# 809E  8D 79 07 STA STA $0779                    A:00 X:00 Y:01 P:24 SP:55
80A6  AE 02 20 LDX LDX $2002                    A:00 X:00 Y:01 P:26 SP:55
80A9  A9 00    LDA LDA #$00                     A:00 X:80 Y:01 P:A4 SP:55
<L002> ×2
# sample:
# 80AB  20 E6 8E JSR JSR $8EE6                    A:00 X:80 Y:01 P:26 SP:55
# 8EE6  8D 05 20 STA STA $2005                    A:00 X:80 Y:01 P:26 SP:53
80AE  8D 03 20 STA STA $2003                    A:00 X:80 Y:01 P:26 SP:55
80B1  A9 02    LDA LDA #$02                     A:00 X:80 Y:01 P:26 SP:55
80B3  8D 14 40 STA STA $4014                    A:02 X:80 Y:01 P:24 SP:55
80B6  AE 73 07 LDX LDX $0773                    A:02 X:80 Y:01 P:24 SP:55
80B9  BD 5A 80 LDA LDA $805A,X                  A:02 X:00 Y:01 P:26 SP:55
<L001> ×2
# sample:
# 80BC  85 00    STA STA $00                      A:01 X:00 Y:01 P:24 SP:55
80C1  85 01    STA STA $01                      A:03 X:00 Y:01 P:24 SP:55
80C3  20 DD 8E JSR JSR $8EDD                    A:03 X:00 Y:01 P:24 SP:55
<L002> ×2
# sample:
# 8EDD  AE 02 20 LDX LDX $2002                    A:03 X:00 Y:01 P:24 SP:53
# 8EE0  A0 00    LDY LDY #$00                     A:03 X:00 Y:01 P:26 SP:53
<L008> ×2
# sample:
# 8E92  8D 06 20 STA STA $2006                    A:3F X:00 Y:00 P:24 SP:53
# 8E95  C8       INY                              A:3F X:00 Y:00 P:24 SP:53
# 8E96  B1 00    LDA LDA ($00),Y                  A:3F X:00 Y:01 P:24 SP:53
8E9E  0A       ASL A                            A:04 X:00 Y:02 P:24 SP:53
8E9F  48       PHA                              A:08 X:00 Y:02 P:24 SP:53
<L003> ×4
# sample:
# 8EA0  AD 78 07 LDA LDA $0778                    A:08 X:00 Y:02 P:24 SP:52
# 8EA3  09 04    ORA ORA #$04                     A:10 X:00 Y:02 P:24 SP:52
# 8EA5  B0 02    BCS BCS #$02                     A:14 X:00 Y:02 P:24 SP:52
# 8EA7  29 FB    AND AND #$FB                     A:14 X:00 Y:02 P:24 SP:52
# 8EA9  20 ED 8E JSR JSR $8EED                    A:10 X:00 Y:02 P:24 SP:52
# 8EED  8D 00 20 STA STA $2000                    A:10 X:00 Y:02 P:24 SP:50
# 8EF0  8D 78 07 STA STA $0778                    A:10 X:00 Y:02 P:24 SP:50
# 8EF3  60       RTS                              A:10 X:00 Y:02 P:24 SP:50
# 8EAC  68       PLA                              A:10 X:00 Y:02 P:24 SP:52
# 8EAD  0A       ASL A                            A:08 X:00 Y:02 P:24 SP:53
# 8EAE  90 03    BCC BCC #$03                     A:10 X:00 Y:02 P:24 SP:53
# 8EB3  4A       LSR A                            A:10 X:00 Y:02 P:24 SP:53
<L026> ×2
# sample:
# 8ED4  8D 06 20 STA STA $2006                    A:00 X:00 Y:06 P:26 SP:53
# 8ED7  8D 06 20 STA STA $2006                    A:00 X:00 Y:06 P:26 SP:53
# 8EDA  8D 06 20 STA STA $2006                    A:00 X:00 Y:06 P:26 SP:53
# 8EDD  AE 02 20 LDX LDX $2002                    A:00 X:00 Y:06 P:26 SP:53
# 8EE0  A0 00    LDY LDY #$00                     A:00 X:00 Y:06 P:26 SP:53
80C6  A0 00    LDY LDY #$00                     A:00 X:00 Y:00 P:26 SP:55
80C8  AE 73 07 LDX LDX $0773                    A:00 X:00 Y:00 P:26 SP:55
<L001> ×2
# sample:
# 80CB  E0 06    CPX CPX #$06                     A:00 X:00 Y:00 P:26 SP:55
80D0  BE 80 80 LDX LDX $8080,Y                  A:00 X:00 Y:00 P:A4 SP:55
80D3  A9 00    LDA LDA #$00                     A:00 X:00 Y:00 P:26 SP:55
<L022> ×2
# sample:
# 80D5  9D 00 03 STA STA $0300,X                  A:00 X:00 Y:00 P:26 SP:55
<L001> ×2
# sample:
# 80DB  8D 73 07 STA STA $0773                    A:00 X:00 Y:00 P:26 SP:55
80E1  8D 01 20 STA STA $2001                    A:00 X:00 Y:00 P:26 SP:55
80E4  20 D0 F2 JSR JSR $F2D0                    A:00 X:00 Y:00 P:26 SP:55
F2D0  AD 70 07 LDA LDA $0770                    A:00 X:00 Y:00 P:26 SP:53
F2D3  D0 04    BNE BNE #$04                     A:00 X:00 Y:00 P:26 SP:53
F2D5  8D 15 40 STA STA $4015                    A:00 X:00 Y:00 P:26 SP:53
F2D8  60       RTS                              A:00 X:00 Y:00 P:26 SP:53
80E7  20 5C 8E JSR JSR $8E5C                    A:00 X:00 Y:00 P:26 SP:55
8E5C  A9 01    LDA LDA #$01                     A:00 X:00 Y:00 P:26 SP:53
8E5E  8D 16 40 STA STA $4016                    A:01 X:00 Y:00 P:24 SP:53
8E61  4A       LSR A                            A:01 X:00 Y:00 P:24 SP:53
8E62  AA       TAX                              A:00 X:00 Y:00 P:27 SP:53
8E63  8D 16 40 STA STA $4016                    A:00 X:00 Y:00 P:27 SP:53
8E66  20 6A 8E JSR JSR $8E6A                    A:00 X:00 Y:00 P:27 SP:53
8E6A  A0 08    LDY LDY #$08                     A:00 X:00 Y:00 P:27 SP:51
[Repeated block (10 instrs)] ×8
8E6C  48       PHA                              A:00 X:00 Y:08 P:25 SP:51
8E6D  BD 16 40 LDA LDA $4016,X                  A:00 X:00 Y:08 P:25 SP:50
8E70  85 00    STA STA $00                      A:40 X:00 Y:08 P:25 SP:50
8E72  4A       LSR A                            A:40 X:00 Y:08 P:25 SP:50
8E73  05 00    ORA ORA $00                      A:20 X:00 Y:08 P:24 SP:50
8E75  4A       LSR A                            A:60 X:00 Y:08 P:24 SP:50
8E76  68       PLA                              A:30 X:00 Y:08 P:24 SP:50
8E77  2A       ROL A                            A:00 X:00 Y:08 P:26 SP:51
8E78  88       DEY                              A:00 X:00 Y:08 P:26 SP:51
8E79  D0 F1    BNE BNE #$F1                     A:00 X:00 Y:07 P:24 SP:51
8E7B  9D FC 06 STA STA $06FC,X                  A:00 X:00 Y:00 P:26 SP:51
8E7E  48       PHA                              A:00 X:00 Y:00 P:26 SP:51
8E7F  29 30    AND AND #$30                     A:00 X:00 Y:00 P:26 SP:50
8E81  3D 4A 07 AND AND $074A,X                  A:00 X:00 Y:00 P:26 SP:50
8E84  F0 07    BEQ BEQ #$07                     A:00 X:00 Y:00 P:26 SP:50
8E8D  68       PLA                              A:00 X:00 Y:00 P:26 SP:50
8E8E  9D 4A 07 STA STA $074A,X                  A:00 X:00 Y:00 P:26 SP:51
8E91  60       RTS                              A:00 X:00 Y:00 P:26 SP:51
8E69  E8       INX                              A:00 X:00 Y:00 P:26 SP:53
8E6A  A0 08    LDY LDY #$08                     A:00 X:01 Y:00 P:24 SP:53
[Repeated block (10 instrs)] ×8
8E6C  48       PHA                              A:00 X:01 Y:08 P:24 SP:53
8E6D  BD 16 40 LDA LDA $4016,X                  A:00 X:01 Y:08 P:24 SP:52
8E70  85 00    STA STA $00                      A:40 X:01 Y:08 P:24 SP:52
8E72  4A       LSR A                            A:40 X:01 Y:08 P:24 SP:52
8E73  05 00    ORA ORA $00                      A:20 X:01 Y:08 P:24 SP:52
8E75  4A       LSR A                            A:60 X:01 Y:08 P:24 SP:52
8E76  68       PLA                              A:30 X:01 Y:08 P:24 SP:52
8E77  2A       ROL A                            A:00 X:01 Y:08 P:26 SP:53
8E78  88       DEY                              A:00 X:01 Y:08 P:26 SP:53
8E79  D0 F1    BNE BNE #$F1                     A:00 X:01 Y:07 P:24 SP:53
8E7B  9D FC 06 STA STA $06FC,X                  A:00 X:01 Y:00 P:26 SP:53
8E7E  48       PHA                              A:00 X:01 Y:00 P:26 SP:53
8E7F  29 30    AND AND #$30                     A:00 X:01 Y:00 P:26 SP:52
8E81  3D 4A 07 AND AND $074A,X                  A:00 X:01 Y:00 P:26 SP:52
8E84  F0 07    BEQ BEQ #$07                     A:00 X:01 Y:00 P:26 SP:52
8E8D  68       PLA                              A:00 X:01 Y:00 P:26 SP:52
8E8E  9D 4A 07 STA STA $074A,X                  A:00 X:01 Y:00 P:26 SP:53
8E91  60       RTS                              A:00 X:01 Y:00 P:26 SP:53
80EA  20 82 81 JSR JSR $8182                    A:00 X:01 Y:00 P:26 SP:55
8182  AD 70 07 LDA LDA $0770                    A:00 X:01 Y:00 P:26 SP:53
8185  C9 02    CMP CMP #$02                     A:00 X:01 Y:00 P:26 SP:53
8187  F0 0B    BEQ BEQ #$0B                     A:00 X:01 Y:00 P:A4 SP:53
8189  C9 01    CMP CMP #$01                     A:00 X:01 Y:00 P:A4 SP:53
818B  D0 38    BNE BNE #$38                     A:00 X:01 Y:00 P:A4 SP:53
81C5  60       RTS                              A:00 X:01 Y:00 P:A4 SP:53
80ED  20 97 8F JSR JSR $8F97                    A:00 X:01 Y:00 P:A4 SP:55
8F97  A2 05    LDX LDX #$05                     A:00 X:01 Y:00 P:A4 SP:53
8F99  20 9E 8F JSR JSR $8F9E                    A:00 X:05 Y:00 P:24 SP:53
8F9E  A0 05    LDY LDY #$05                     A:00 X:05 Y:00 P:24 SP:51
8FA0  38       SEC                              A:00 X:05 Y:05 P:24 SP:51
[Repeated block (10 instrs)] ×3
<L010> ×2
# sample:
# 8FA1  BD DD 07 LDA LDA $07DD,X                  A:00 X:05 Y:05 P:25 SP:51
# 8FA4  F9 D7 07 SBC SBC $07D7,Y                  A:00 X:05 Y:05 P:27 SP:51
# 8FA7  CA       DEX                              A:00 X:05 Y:05 P:27 SP:51
# 8FA8  88       DEY                              A:00 X:04 Y:05 P:25 SP:51
# 8FA9  10 F6    BPL BPL #$F6                     A:00 X:04 Y:04 P:25 SP:51
# 8FA1  BD DD 07 LDA LDA $07DD,X                  A:00 X:04 Y:04 P:25 SP:51
8FAE  C8       INY                              A:00 X:00 Y:FF P:27 SP:51
[Repeated block (6 instrs)] ×6
<L005> ×2
# sample:
# 8FAF  BD DD 07 LDA LDA $07DD,X                  A:00 X:00 Y:00 P:27 SP:51
# 8FB2  99 D7 07 STA STA $07D7,Y                  A:00 X:00 Y:00 P:27 SP:51
# 8FB5  E8       INX                              A:00 X:00 Y:00 P:27 SP:51
8FBB  60       RTS                              A:00 X:06 Y:06 P:27 SP:51
8F9C  A2 0B    LDX LDX #$0B                     A:00 X:06 Y:06 P:27 SP:53
8F9E  A0 05    LDY LDY #$05                     A:00 X:0B Y:06 P:25 SP:53
8FA0  38       SEC                              A:00 X:0B Y:05 P:25 SP:53
[Repeated block (10 instrs)] ×3
<L010> ×2
# sample:
# 8FA1  BD DD 07 LDA LDA $07DD,X                  A:00 X:0B Y:05 P:25 SP:53
# 8FA4  F9 D7 07 SBC SBC $07D7,Y                  A:00 X:0B Y:05 P:27 SP:53
# 8FA7  CA       DEX                              A:00 X:0B Y:05 P:27 SP:53
# 8FA8  88       DEY                              A:00 X:0A Y:05 P:25 SP:53
# 8FA9  10 F6    BPL BPL #$F6                     A:00 X:0A Y:04 P:25 SP:53
# 8FA1  BD DD 07 LDA LDA $07DD,X                  A:00 X:0A Y:04 P:25 SP:53
8FAE  C8       INY                              A:00 X:06 Y:FF P:25 SP:53
[Repeated block (6 instrs)] ×6
<L005> ×2
# sample:
# 8FAF  BD DD 07 LDA LDA $07DD,X                  A:00 X:06 Y:00 P:27 SP:53
# 8FB2  99 D7 07 STA STA $07D7,Y                  A:00 X:06 Y:00 P:27 SP:53
# 8FB5  E8       INX                              A:00 X:06 Y:00 P:27 SP:53
8FBB  60       RTS                              A:00 X:0C Y:06 P:27 SP:53
80F0  AD 76 07 LDA LDA $0776                    A:00 X:0C Y:06 P:27 SP:55
80F3  4A       LSR A                            A:00 X:0C Y:06 P:27 SP:55
80F4  B0 25    BCS BCS #$25                     A:00 X:0C Y:06 P:26 SP:55
80F6  AD 47 07 LDA LDA $0747                    A:00 X:0C Y:06 P:26 SP:55
80F9  F0 05    BEQ BEQ #$05                     A:00 X:0C Y:06 P:26 SP:55
8100  A2 14    LDX LDX #$14                     A:00 X:0C Y:06 P:26 SP:55
8102  CE 7F 07 DEC DEC $077F                    A:00 X:14 Y:06 P:24 SP:55
8105  10 07    BPL BPL #$07                     A:00 X:14 Y:06 P:24 SP:55
[Repeated block (8 instrs)] ×10
<L016> ×3
# sample:
# 810E  BD 80 07 LDA LDA $0780,X                  A:00 X:14 Y:06 P:24 SP:55
# 8111  F0 03    BEQ BEQ #$03                     A:00 X:14 Y:06 P:26 SP:55
# 8116  CA       DEX                              A:00 X:14 Y:06 P:26 SP:55
# 8117  10 F5    BPL BPL #$F5                     A:00 X:13 Y:06 P:24 SP:55
8119  E6 09    INC INC $09                      A:00 X:FF Y:06 P:A4 SP:55
811B  A2 00    LDX LDX #$00                     A:00 X:FF Y:06 P:24 SP:55
811D  A0 07    LDY LDY #$07                     A:00 X:00 Y:06 P:26 SP:55
811F  AD A7 07 LDA LDA $07A7                    A:00 X:00 Y:07 P:24 SP:55
8122  29 02    AND AND #$02                     A:54 X:00 Y:07 P:24 SP:55
8124  85 00    STA STA $00                      A:00 X:00 Y:07 P:26 SP:55
8126  AD A8 07 LDA LDA $07A8                    A:00 X:00 Y:07 P:26 SP:55
8129  29 02    AND AND #$02                     A:A0 X:00 Y:07 P:A4 SP:55
812B  45 00    EOR EOR $00                      A:00 X:00 Y:07 P:26 SP:55
812D  18       CLC                              A:00 X:00 Y:07 P:26 SP:55
812E  F0 01    BEQ BEQ #$01                     A:00 X:00 Y:07 P:26 SP:55
[Repeated block (8 instrs)] ×3
<L015> ×3
# sample:
# 8131  7E A7 07 ROR ROR $07A7,X                  A:00 X:00 Y:07 P:26 SP:55
# 8134  E8       INX                              A:00 X:00 Y:07 P:24 SP:55
# 8135  88       DEY                              A:00 X:01 Y:07 P:24 SP:55
# 8136  D0 F9    BNE BNE #$F9                     A:00 X:01 Y:06 P:24 SP:55
8138  AD 22 07 LDA LDA $0722                    A:00 X:07 Y:00 P:26 SP:55
813B  F0 1F    BEQ BEQ #$1F                     A:00 X:07 Y:00 P:26 SP:55
<L023> ×2
# sample:
# 815C  AD 3F 07 LDA LDA $073F                    A:00 X:07 Y:00 P:26 SP:55
# 815F  8D 05 20 STA STA $2005                    A:00 X:07 Y:00 P:26 SP:55
8168  AD 78 07 LDA LDA $0778                    A:00 X:07 Y:00 P:26 SP:55
816B  48       PHA                              A:10 X:07 Y:00 P:24 SP:55
816C  8D 00 20 STA STA $2000                    A:10 X:07 Y:00 P:24 SP:54
816F  AD 76 07 LDA LDA $0776                    A:10 X:07 Y:00 P:24 SP:54
8172  4A       LSR A                            A:00 X:07 Y:00 P:26 SP:54
8173  B0 03    BCS BCS #$03                     A:00 X:07 Y:00 P:26 SP:54
8175  20 12 82 JSR JSR $8212                    A:00 X:07 Y:00 P:26 SP:54
8212  AD 70 07 LDA LDA $0770                    A:00 X:07 Y:00 P:26 SP:52
8215  20 04 8E JSR JSR $8E04                    A:00 X:07 Y:00 P:26 SP:52
8E04  0A       ASL A                            A:00 X:07 Y:00 P:26 SP:50
8E05  A8       TAY                              A:00 X:07 Y:00 P:26 SP:50
<L006> ×2
# sample:
# 8E06  68       PLA                              A:00 X:07 Y:00 P:26 SP:50
# 8E07  85 04    STA STA $04                      A:17 X:07 Y:00 P:24 SP:51
<L007> ×2
# sample:
# 8E0C  C8       INY                              A:82 X:07 Y:00 P:A4 SP:52
# 8E0D  B1 04    LDA LDA ($04),Y                  A:82 X:07 Y:01 P:24 SP:52
# 8E0F  85 06    STA STA $06                      A:31 X:07 Y:01 P:24 SP:52
8E16  6C 06 00 JMP JMP ($0006)                  A:82 X:07 Y:02 P:A4 SP:52
8231  AD 72 07 LDA LDA $0772                    A:82 X:07 Y:02 P:A4 SP:52
8234  20 04 8E JSR JSR $8E04                    A:01 X:07 Y:02 P:24 SP:52
8E04  0A       ASL A                            A:01 X:07 Y:02 P:24 SP:50
8E05  A8       TAY                              A:02 X:07 Y:02 P:24 SP:50
<L006> ×2
# sample:
# 8E06  68       PLA                              A:02 X:07 Y:02 P:24 SP:50
# 8E07  85 04    STA STA $04                      A:36 X:07 Y:02 P:24 SP:51
<L007> ×2
# sample:
# 8E0C  C8       INY                              A:82 X:07 Y:02 P:A4 SP:52
# 8E0D  B1 04    LDA LDA ($04),Y                  A:82 X:07 Y:03 P:24 SP:52
# 8E0F  85 06    STA STA $06                      A:67 X:07 Y:03 P:24 SP:52
8E16  6C 06 00 JMP JMP ($0006)                  A:85 X:07 Y:04 P:A4 SP:52
8567  AD 3C 07 LDA LDA $073C                    A:85 X:07 Y:04 P:A4 SP:52
856A  20 04 8E JSR JSR $8E04                    A:02 X:07 Y:04 P:24 SP:52
8E04  0A       ASL A                            A:02 X:07 Y:04 P:24 SP:50
8E05  A8       TAY                              A:04 X:07 Y:04 P:24 SP:50
<L006> ×2
# sample:
# 8E06  68       PLA                              A:04 X:07 Y:04 P:24 SP:50
# 8E07  85 04    STA STA $04                      A:6C X:07 Y:04 P:24 SP:51
<L007> ×2
# sample:
# 8E0C  C8       INY                              A:85 X:07 Y:04 P:A4 SP:52
# 8E0D  B1 04    LDA LDA ($04),Y                  A:85 X:07 Y:05 P:24 SP:52
# 8E0F  85 06    STA STA $06                      A:52 X:07 Y:05 P:24 SP:52
8E16  6C 06 00 JMP JMP ($0006)                  A:86 X:07 Y:06 P:A4 SP:52
8652  A9 00    LDA LDA #$00                     A:86 X:07 Y:06 P:A4 SP:52
8654  20 08 88 JSR JSR $8808                    A:00 X:07 Y:06 P:26 SP:52
8808  48       PHA                              A:00 X:07 Y:06 P:26 SP:50
8809  0A       ASL A                            A:00 X:07 Y:06 P:26 SP:4F
880A  A8       TAY                              A:00 X:07 Y:06 P:26 SP:4F
880B  C0 04    CPY CPY #$04                     A:00 X:07 Y:00 P:26 SP:4F
880D  90 0C    BCC BCC #$0C                     A:00 X:07 Y:00 P:A4 SP:4F
881B  BE FE 87 LDX LDX $87FE,Y                  A:00 X:07 Y:00 P:A4 SP:4F
881E  A0 00    LDY LDY #$00                     A:00 X:00 Y:00 P:26 SP:4F
<L037> ×15
# sample:
# 8820  BD 52 87 LDA LDA $8752,X                  A:00 X:00 Y:00 P:26 SP:4F
# 8823  C9 FF    CMP CMP #$FF                     A:20 X:00 Y:00 P:24 SP:4F
# 8825  F0 07    BEQ BEQ #$07                     A:20 X:00 Y:00 P:24 SP:4F
# 8827  99 01 03 STA STA $0301,Y                  A:20 X:00 Y:00 P:24 SP:4F
# 882A  E8       INX                              A:20 X:00 Y:00 P:24 SP:4F
# 882B  C8       INY                              A:20 X:01 Y:00 P:24 SP:4F
# 882C  D0 F2    BNE BNE #$F2                     A:20 X:01 Y:01 P:24 SP:4F
8820  BD 52 87 LDA LDA $8752,X                  A:15 X:0F Y:0F P:24 SP:4F
8823  C9 FF    CMP CMP #$FF                     A:0D X:0F Y:0F P:24 SP:4F
8825  F0 07    BEQ BEQ #$07                     A:0D X:0F Y:0F P:24 SP:4F
8827  99 01 03 STA STA $0301,Y                  A:0D X:0F Y:0F P:24 SP:4F
882A  E8       INX                              A:0D X:0F Y:0F P:24 SP:4F
882B  C8       INY                              A:0D X:10 Y:0F P:24 SP:4F
[Repeated block (7 instrs)] ×2
<L034> ×9
# sample:
# 882C  D0 F2    BNE BNE #$F2                     A:0D X:10 Y:10 P:24 SP:4F
# 8820  BD 52 87 LDA LDA $8752,X                  A:0D X:10 Y:10 P:24 SP:4F
# 8823  C9 FF    CMP CMP #$FF                     A:24 X:10 Y:10 P:24 SP:4F
# 8825  F0 07    BEQ BEQ #$07                     A:24 X:10 Y:10 P:24 SP:4F
# 8827  99 01 03 STA STA $0301,Y                  A:24 X:10 Y:10 P:24 SP:4F
# 882A  E8       INX                              A:24 X:10 Y:10 P:24 SP:4F
# 882B  C8       INY                              A:24 X:11 Y:10 P:24 SP:4F
[Repeated block (7 instrs)] ×2
<L034> ×11
# sample:
# 882C  D0 F2    BNE BNE #$F2                     A:00 X:1A Y:1A P:24 SP:4F
# 8820  BD 52 87 LDA LDA $8752,X                  A:00 X:1A Y:1A P:24 SP:4F
# 8823  C9 FF    CMP CMP #$FF                     A:24 X:1A Y:1A P:24 SP:4F
# 8825  F0 07    BEQ BEQ #$07                     A:24 X:1A Y:1A P:24 SP:4F
# 8827  99 01 03 STA STA $0301,Y                  A:24 X:1A Y:1A P:24 SP:4F
# 882A  E8       INX                              A:24 X:1A Y:1A P:24 SP:4F
# 882B  C8       INY                              A:24 X:1B Y:1A P:24 SP:4F
882C  D0 F2    BNE BNE #$F2                     A:EA X:26 Y:26 P:24 SP:4F
8820  BD 52 87 LDA LDA $8752,X                  A:EA X:26 Y:26 P:24 SP:4F
8823  C9 FF    CMP CMP #$FF                     A:FF X:26 Y:26 P:A4 SP:4F
8825  F0 07    BEQ BEQ #$07                     A:FF X:26 Y:26 P:27 SP:4F
882E  A9 00    LDA LDA #$00                     A:FF X:26 Y:26 P:27 SP:4F
8830  99 01 03 STA STA $0301,Y                  A:00 X:26 Y:26 P:27 SP:4F
8833  68       PLA                              A:00 X:26 Y:26 P:27 SP:4F
8834  AA       TAX                              A:00 X:26 Y:26 P:27 SP:50
8835  C9 04    CMP CMP #$04                     A:00 X:00 Y:26 P:27 SP:50
8837  B0 49    BCS BCS #$49                     A:00 X:00 Y:26 P:A4 SP:50
8839  CA       DEX                              A:00 X:00 Y:26 P:A4 SP:50
883A  D0 23    BNE BNE #$23                     A:00 X:FF Y:26 P:A4 SP:50
885F  AD 7A 07 LDA LDA $077A                    A:00 X:FF Y:26 P:A4 SP:50
8862  F0 1D    BEQ BEQ #$1D                     A:00 X:FF Y:26 P:26 SP:50
8881  60       RTS                              A:00 X:FF Y:26 P:26 SP:50
8657  4C 45 87 JMP JMP $8745                    A:00 X:FF Y:26 P:26 SP:52
8745  EE 3C 07 INC INC $073C                    A:00 X:FF Y:26 P:26 SP:52
8748  60       RTS                              A:00 X:FF Y:26 P:24 SP:52
8178  AD 02 20 LDA LDA $2002                    A:00 X:FF Y:26 P:24 SP:54
817B  68       PLA                              A:00 X:FF Y:26 P:26 SP:54
817C  09 80    ORA ORA #$80                     A:10 X:FF Y:26 P:24 SP:55
817E  8D 00 20 STA STA $2000                    A:90 X:FF Y:26 P:A4 SP:55
8181  40       RTI                              A:90 X:FF Y:26 P:A4 SP:55
[Repeated block (6 instrs)] ×1032
<L018> ×2
# sample:
# FFF0  19 19 1A ORA ORA $1A19,Y                  A:90 X:FF Y:26 P:26 SP:58
# FFF3  1A       *NOP                             A:90 X:FF Y:26 P:A4 SP:58
# FFF4  1C 1D 1D *NOP *NOP $1D1D,X                A:90 X:FF Y:26 P:A4 SP:58
# FFF7  1E 1E 1F ASL ASL $1F1E,X                  A:90 X:FF Y:26 P:A4 SP:58
FFF4  1C 1D 1D *NOP *NOP $1D1D,X                A:90 X:FF Y:26 P:A4 SP:40
8082  AD 78 07 LDA LDA $0778                    A:90 X:FF Y:26 P:A4 SP:3D
<L011> ×2
# sample:
# 8085  29 7F    AND AND #$7F                     A:10 X:FF Y:26 P:24 SP:3D
# 8087  8D 78 07 STA STA $0778                    A:10 X:FF Y:26 P:24 SP:3D
808F  AD 79 07 LDA LDA $0779                    A:10 X:FF Y:26 P:24 SP:3D
8092  29 E6    AND AND #$E6                     A:00 X:FF Y:26 P:26 SP:3D
8094  AC 74 07 LDY LDY $0774                    A:00 X:FF Y:26 P:26 SP:3D
<L011> ×2
# sample:
# 8097  D0 05    BNE BNE #$05                     A:00 X:FF Y:01 P:24 SP:3D
# 809E  8D 79 07 STA STA $0779                    A:00 X:FF Y:01 P:24 SP:3D
80A6  AE 02 20 LDX LDX $2002                    A:00 X:FF Y:01 P:26 SP:3D
80A9  A9 00    LDA LDA #$00                     A:00 X:80 Y:01 P:A4 SP:3D
<L002> ×2
# sample:
# 80AB  20 E6 8E JSR JSR $8EE6                    A:00 X:80 Y:01 P:26 SP:3D
# 8EE6  8D 05 20 STA STA $2005                    A:00 X:80 Y:01 P:26 SP:3B
80AE  8D 03 20 STA STA $2003                    A:00 X:80 Y:01 P:26 SP:3D
80B1  A9 02    LDA LDA #$02                     A:00 X:80 Y:01 P:26 SP:3D
80B3  8D 14 40 STA STA $4014                    A:02 X:80 Y:01 P:24 SP:3D
80B6  AE 73 07 LDX LDX $0773                    A:02 X:80 Y:01 P:24 SP:3D
80B9  BD 5A 80 LDA LDA $805A,X                  A:02 X:00 Y:01 P:26 SP:3D
<L001> ×2
# sample:
# 80BC  85 00    STA STA $00                      A:01 X:00 Y:01 P:24 SP:3D
80C1  85 01    STA STA $01                      A:03 X:00 Y:01 P:24 SP:3D
80C3  20 DD 8E JSR JSR $8EDD                    A:03 X:00 Y:01 P:24 SP:3D
<L002> ×2
# sample:
# 8EDD  AE 02 20 LDX LDX $2002                    A:03 X:00 Y:01 P:24 SP:3B
# 8EE0  A0 00    LDY LDY #$00                     A:03 X:00 Y:01 P:26 SP:3B
<L008> ×2
# sample:
# 8E92  8D 06 20 STA STA $2006                    A:20 X:00 Y:00 P:24 SP:3B
# 8E95  C8       INY                              A:20 X:00 Y:00 P:24 SP:3B
# 8E96  B1 00    LDA LDA ($00),Y                  A:20 X:00 Y:01 P:24 SP:3B
8E9E  0A       ASL A                            A:05 X:00 Y:02 P:24 SP:3B
8E9F  48       PHA                              A:0A X:00 Y:02 P:24 SP:3B
<L003> ×5
# sample:
# 8EA0  AD 78 07 LDA LDA $0778                    A:0A X:00 Y:02 P:24 SP:3A
# 8EA3  09 04    ORA ORA #$04                     A:10 X:00 Y:02 P:24 SP:3A
# 8EA5  B0 02    BCS BCS #$02                     A:14 X:00 Y:02 P:24 SP:3A
# 8EA7  29 FB    AND AND #$FB                     A:14 X:00 Y:02 P:24 SP:3A
# 8EA9  20 ED 8E JSR JSR $8EED                    A:10 X:00 Y:02 P:24 SP:3A
# 8EED  8D 00 20 STA STA $2000                    A:10 X:00 Y:02 P:24 SP:38
# 8EF0  8D 78 07 STA STA $0778                    A:10 X:00 Y:02 P:24 SP:38
# 8EF3  60       RTS                              A:10 X:00 Y:02 P:24 SP:38
# 8EAC  68       PLA                              A:10 X:00 Y:02 P:24 SP:3A
# 8EAD  0A       ASL A                            A:0A X:00 Y:02 P:24 SP:3B
# 8EAE  90 03    BCC BCC #$03                     A:14 X:00 Y:02 P:24 SP:3B
# 8EB3  4A       LSR A                            A:14 X:00 Y:02 P:24 SP:3B
8EE4  D0 AC    BNE BNE #$AC                     A:20 X:00 Y:00 P:24 SP:3B
<L008> ×2
# sample:
# 8E92  8D 06 20 STA STA $2006                    A:20 X:00 Y:00 P:24 SP:3B
# 8E95  C8       INY                              A:20 X:00 Y:00 P:24 SP:3B
# 8E96  B1 00    LDA LDA ($00),Y                  A:20 X:00 Y:01 P:24 SP:3B
8E9E  0A       ASL A                            A:0B X:00 Y:02 P:24 SP:3B
8E9F  48       PHA                              A:16 X:00 Y:02 P:24 SP:3B
<L003> ×3
# sample:
# 8EA0  AD 78 07 LDA LDA $0778                    A:16 X:00 Y:02 P:24 SP:3A
# 8EA3  09 04    ORA ORA #$04                     A:10 X:00 Y:02 P:24 SP:3A
# 8EA5  B0 02    BCS BCS #$02                     A:14 X:00 Y:02 P:24 SP:3A
# 8EA7  29 FB    AND AND #$FB                     A:14 X:00 Y:02 P:24 SP:3A
# 8EA9  20 ED 8E JSR JSR $8EED                    A:10 X:00 Y:02 P:24 SP:3A
# 8EED  8D 00 20 STA STA $2000                    A:10 X:00 Y:02 P:24 SP:38
# 8EF0  8D 78 07 STA STA $0778                    A:10 X:00 Y:02 P:24 SP:38
# 8EF3  60       RTS                              A:10 X:00 Y:02 P:24 SP:38
# 8EAC  68       PLA                              A:10 X:00 Y:02 P:24 SP:3A
# 8EAD  0A       ASL A                            A:16 X:00 Y:02 P:24 SP:3B
# 8EAE  90 03    BCC BCC #$03                     A:2C X:00 Y:02 P:24 SP:3B
# 8EB3  4A       LSR A                            A:2C X:00 Y:02 P:24 SP:3B
<L026> ×2
# sample:
# 8EBE  CA       DEX                              A:15 X:08 Y:06 P:24 SP:3B
# 8EBF  D0 F5    BNE BNE #$F5                     A:15 X:07 Y:06 P:24 SP:3B
# 8EB6  B0 01    BCS BCS #$01                     A:15 X:07 Y:06 P:24 SP:3B
# 8EB8  C8       INY                              A:15 X:07 Y:06 P:24 SP:3B
# 8EB9  B1 00    LDA LDA ($00),Y                  A:15 X:07 Y:07 P:24 SP:3B
[Repeated block (6 instrs)] ×2
<L003> ×3
# sample:
# 8EB9  B1 00    LDA LDA ($00),Y                  A:0D X:06 Y:08 P:24 SP:3B
# 8EBB  8D 07 20 STA STA $2007                    A:24 X:06 Y:08 P:24 SP:3B
# 8EBE  CA       DEX                              A:24 X:06 Y:08 P:24 SP:3B
# 8EBF  D0 F5    BNE BNE #$F5                     A:24 X:05 Y:08 P:24 SP:3B
# 8EB6  B0 01    BCS BCS #$01                     A:24 X:05 Y:08 P:24 SP:3B
# 8EB8  C8       INY                              A:24 X:05 Y:08 P:24 SP:3B
# 8EB9  B1 00    LDA LDA ($00),Y                  A:24 X:04 Y:0A P:24 SP:3B
# 8EBB  8D 07 20 STA STA $2007                    A:1D X:04 Y:0A P:24 SP:3B
# 8EBE  CA       DEX                              A:1D X:04 Y:0A P:24 SP:3B
# 8EBF  D0 F5    BNE BNE #$F5                     A:1D X:03 Y:0A P:24 SP:3B
# 8EB6  B0 01    BCS BCS #$01                     A:1D X:03 Y:0A P:24 SP:3B
# 8EB8  C8       INY                              A:1D X:03 Y:0A P:24 SP:3B
<L018> ×2
# sample:
# 8ECF  8D 06 20 STA STA $2006                    A:3F X:00 Y:0D P:24 SP:3B
# 8ED2  A9 00    LDA LDA #$00                     A:3F X:00 Y:0D P:24 SP:3B
# 8ED4  8D 06 20 STA STA $2006                    A:00 X:00 Y:0D P:26 SP:3B
# 8ED7  8D 06 20 STA STA $2006                    A:00 X:00 Y:0D P:26 SP:3B
8EE4  D0 AC    BNE BNE #$AC                     A:20 X:00 Y:00 P:24 SP:3B
<L008> ×2
# sample:
# 8E92  8D 06 20 STA STA $2006                    A:20 X:00 Y:00 P:24 SP:3B
# 8E95  C8       INY                              A:20 X:00 Y:00 P:24 SP:3B
# 8E96  B1 00    LDA LDA ($00),Y                  A:20 X:00 Y:01 P:24 SP:3B
8E9E  0A       ASL A                            A:05 X:00 Y:02 P:24 SP:3B
8E9F  48       PHA                              A:0A X:00 Y:02 P:24 SP:3B
<L032> ×2
# sample:
# 8EA0  AD 78 07 LDA LDA $0778                    A:0A X:00 Y:02 P:24 SP:3A
# 8EA3  09 04    ORA ORA #$04                     A:10 X:00 Y:02 P:24 SP:3A
# 8EA5  B0 02    BCS BCS #$02                     A:14 X:00 Y:02 P:24 SP:3A
# 8EA7  29 FB    AND AND #$FB                     A:14 X:00 Y:02 P:24 SP:3A
# 8EA9  20 ED 8E JSR JSR $8EED                    A:10 X:00 Y:02 P:24 SP:3A
# 8EED  8D 00 20 STA STA $2000                    A:10 X:00 Y:02 P:24 SP:38
# 8EF0  8D 78 07 STA STA $0778                    A:10 X:00 Y:02 P:24 SP:38
# 8EF3  60       RTS                              A:10 X:00 Y:02 P:24 SP:38
# 8EAC  68       PLA                              A:10 X:00 Y:02 P:24 SP:3A
# 8EAD  0A       ASL A                            A:0A X:00 Y:02 P:24 SP:3B
# 8EAE  90 03    BCC BCC #$03                     A:14 X:00 Y:02 P:24 SP:3B
[Repeated block (6 instrs)] ×2
<L003> ×2
# sample:
# 8EB9  B1 00    LDA LDA ($00),Y                  A:00 X:04 Y:04 P:24 SP:3B
# 8EBB  8D 07 20 STA STA $2007                    A:24 X:04 Y:04 P:24 SP:3B
# 8EBE  CA       DEX                              A:24 X:04 Y:04 P:24 SP:3B
# 8EBF  D0 F5    BNE BNE #$F5                     A:24 X:03 Y:04 P:24 SP:3B
# 8EB6  B0 01    BCS BCS #$01                     A:24 X:03 Y:04 P:24 SP:3B
# 8EB8  C8       INY                              A:24 X:03 Y:04 P:24 SP:3B
# 8EB9  B1 00    LDA LDA ($00),Y                  A:24 X:02 Y:06 P:24 SP:3B
# 8EBB  8D 07 20 STA STA $2007                    A:2E X:02 Y:06 P:24 SP:3B
# 8EBE  CA       DEX                              A:2E X:02 Y:06 P:24 SP:3B
# 8EBF  D0 F5    BNE BNE #$F5                     A:2E X:01 Y:06 P:24 SP:3B
# 8EB6  B0 01    BCS BCS #$01                     A:2E X:01 Y:06 P:24 SP:3B
# 8EB8  C8       INY                              A:2E X:01 Y:06 P:24 SP:3B
<L018> ×2
# sample:
# 8ECF  8D 06 20 STA STA $2006                    A:3F X:00 Y:07 P:24 SP:3B
# 8ED2  A9 00    LDA LDA #$00                     A:3F X:00 Y:07 P:24 SP:3B
# 8ED4  8D 06 20 STA STA $2006                    A:00 X:00 Y:07 P:26 SP:3B
# 8ED7  8D 06 20 STA STA $2006                    A:00 X:00 Y:07 P:26 SP:3B
8EE4  D0 AC    BNE BNE #$AC                     A:23 X:00 Y:00 P:24 SP:3B
<L008> ×2
# sample:
# 8E92  8D 06 20 STA STA $2006                    A:23 X:00 Y:00 P:24 SP:3B
# 8E95  C8       INY                              A:23 X:00 Y:00 P:24 SP:3B
# 8E96  B1 00    LDA LDA ($00),Y                  A:23 X:00 Y:01 P:24 SP:3B
8E9E  0A       ASL A                            A:7F X:00 Y:02 P:24 SP:3B
8E9F  48       PHA                              A:FE X:00 Y:02 P:A4 SP:3B
<L031> ×2
# sample:
# 8EA0  AD 78 07 LDA LDA $0778                    A:FE X:00 Y:02 P:A4 SP:3A
# 8EA3  09 04    ORA ORA #$04                     A:10 X:00 Y:02 P:24 SP:3A
# 8EA5  B0 02    BCS BCS #$02                     A:14 X:00 Y:02 P:24 SP:3A
# 8EA7  29 FB    AND AND #$FB                     A:14 X:00 Y:02 P:24 SP:3A
# 8EA9  20 ED 8E JSR JSR $8EED                    A:10 X:00 Y:02 P:24 SP:3A
# 8EED  8D 00 20 STA STA $2000                    A:10 X:00 Y:02 P:24 SP:38
# 8EF0  8D 78 07 STA STA $0778                    A:10 X:00 Y:02 P:24 SP:38
# 8EF3  60       RTS                              A:10 X:00 Y:02 P:24 SP:38
[Repeated block (10 instrs)] ×31
<L003> ×2
# sample:
# 8EB6  B0 01    BCS BCS #$01                     A:3F X:3F Y:03 P:25 SP:3B
# 8EB9  B1 00    LDA LDA ($00),Y                  A:3F X:3F Y:03 P:25 SP:3B
# 8EBB  8D 07 20 STA STA $2007                    A:AA X:3F Y:03 P:A5 SP:3B
# 8EBE  CA       DEX                              A:AA X:3F Y:03 P:A5 SP:3B
# 8EBF  D0 F5    BNE BNE #$F5                     A:AA X:3E Y:03 P:25 SP:3B
# 8EB6  B0 01    BCS BCS #$01                     A:AA X:3E Y:03 P:25 SP:3B
# 8EB9  B1 00    LDA LDA ($00),Y                  A:AA X:3E Y:03 P:25 SP:3B
# 8EBB  8D 07 20 STA STA $2007                    A:AA X:3E Y:03 P:A5 SP:3B
# 8EBE  CA       DEX                              A:AA X:3E Y:03 P:A5 SP:3B
# 8EBF  D0 F5    BNE BNE #$F5                     A:AA X:3D Y:03 P:25 SP:3B
# 8EB6  B0 01    BCS BCS #$01                     A:AA X:01 Y:03 P:25 SP:3B
# 8EB9  B1 00    LDA LDA ($00),Y                  A:AA X:01 Y:03 P:25 SP:3B
<L018> ×2
# sample:
# 8ED2  A9 00    LDA LDA #$00                     A:3F X:00 Y:03 P:24 SP:3B
# 8ED4  8D 06 20 STA STA $2006                    A:00 X:00 Y:03 P:26 SP:3B
# 8ED7  8D 06 20 STA STA $2006                    A:00 X:00 Y:03 P:26 SP:3B
# 8EDA  8D 06 20 STA STA $2006                    A:00 X:00 Y:03 P:26 SP:3B
<L008> ×2
# sample:
# 8E92  8D 06 20 STA STA $2006                    A:23 X:00 Y:00 P:24 SP:3B
# 8E95  C8       INY                              A:23 X:00 Y:00 P:24 SP:3B
# 8E96  B1 00    LDA LDA ($00),Y                  A:23 X:00 Y:01 P:24 SP:3B
8E9E  0A       ASL A                            A:01 X:00 Y:02 P:24 SP:3B
8E9F  48       PHA                              A:02 X:00 Y:02 P:24 SP:3B
<L003> ×3
# sample:
# 8EA0  AD 78 07 LDA LDA $0778                    A:02 X:00 Y:02 P:24 SP:3A
# 8EA3  09 04    ORA ORA #$04                     A:10 X:00 Y:02 P:24 SP:3A
# 8EA5  B0 02    BCS BCS #$02                     A:14 X:00 Y:02 P:24 SP:3A
# 8EA7  29 FB    AND AND #$FB                     A:14 X:00 Y:02 P:24 SP:3A
# 8EA9  20 ED 8E JSR JSR $8EED                    A:10 X:00 Y:02 P:24 SP:3A
# 8EED  8D 00 20 STA STA $2000                    A:10 X:00 Y:02 P:24 SP:38
# 8EF0  8D 78 07 STA STA $0778                    A:10 X:00 Y:02 P:24 SP:38
# 8EF3  60       RTS                              A:10 X:00 Y:02 P:24 SP:38
# 8EAC  68       PLA                              A:10 X:00 Y:02 P:24 SP:3A
# 8EAD  0A       ASL A                            A:02 X:00 Y:02 P:24 SP:3B
# 8EAE  90 03    BCC BCC #$03                     A:04 X:00 Y:02 P:24 SP:3B
# 8EB3  4A       LSR A                            A:04 X:00 Y:02 P:24 SP:3B
<L002> ×2
# sample:
# 8EE4  D0 AC    BNE BNE #$AC                     A:00 X:00 Y:00 P:26 SP:3B
# 8EE6  8D 05 20 STA STA $2005                    A:00 X:00 Y:00 P:26 SP:3B
80C6  A0 00    LDY LDY #$00                     A:00 X:00 Y:00 P:26 SP:3D
80C8  AE 73 07 LDX LDX $0773                    A:00 X:00 Y:00 P:26 SP:3D
<L001> ×2
# sample:
# 80CB  E0 06    CPX CPX #$06                     A:00 X:00 Y:00 P:26 SP:3D
80D0  BE 80 80 LDX LDX $8080,Y                  A:00 X:00 Y:00 P:A4 SP:3D
80D3  A9 00    LDA LDA #$00                     A:00 X:00 Y:00 P:26 SP:3D
<L022> ×2
# sample:
# 80D5  9D 00 03 STA STA $0300,X                  A:00 X:00 Y:00 P:26 SP:3D
<L001> ×2
# sample:
# 80DB  8D 73 07 STA STA $0773                    A:00 X:00 Y:00 P:26 SP:3D
80E1  8D 01 20 STA STA $2001                    A:00 X:00 Y:00 P:26 SP:3D
80E4  20 D0 F2 JSR JSR $F2D0                    A:00 X:00 Y:00 P:26 SP:3D
F2D0  AD 70 07 LDA LDA $0770                    A:00 X:00 Y:00 P:26 SP:3B
F2D3  D0 04    BNE BNE #$04                     A:00 X:00 Y:00 P:26 SP:3B
F2D5  8D 15 40 STA STA $4015                    A:00 X:00 Y:00 P:26 SP:3B
F2D8  60       RTS                              A:00 X:00 Y:00 P:26 SP:3B
80E7  20 5C 8E JSR JSR $8E5C                    A:00 X:00 Y:00 P:26 SP:3D
8E5C  A9 01    LDA LDA #$01                     A:00 X:00 Y:00 P:26 SP:3B
8E5E  8D 16 40 STA STA $4016                    A:01 X:00 Y:00 P:24 SP:3B
8E61  4A       LSR A                            A:01 X:00 Y:00 P:24 SP:3B
8E62  AA       TAX                              A:00 X:00 Y:00 P:27 SP:3B
8E63  8D 16 40 STA STA $4016                    A:00 X:00 Y:00 P:27 SP:3B
8E66  20 6A 8E JSR JSR $8E6A                    A:00 X:00 Y:00 P:27 SP:3B
8E6A  A0 08    LDY LDY #$08                     A:00 X:00 Y:00 P:27 SP:39
[Repeated block (10 instrs)] ×8
8E6C  48       PHA                              A:00 X:00 Y:08 P:25 SP:39
8E6D  BD 16 40 LDA LDA $4016,X                  A:00 X:00 Y:08 P:25 SP:38
8E70  85 00    STA STA $00                      A:40 X:00 Y:08 P:25 SP:38
8E72  4A       LSR A                            A:40 X:00 Y:08 P:25 SP:38
8E73  05 00    ORA ORA $00                      A:20 X:00 Y:08 P:24 SP:38
8E75  4A       LSR A                            A:60 X:00 Y:08 P:24 SP:38
8E76  68       PLA                              A:30 X:00 Y:08 P:24 SP:38
8E77  2A       ROL A                            A:00 X:00 Y:08 P:26 SP:39
8E78  88       DEY                              A:00 X:00 Y:08 P:26 SP:39
8E79  D0 F1    BNE BNE #$F1                     A:00 X:00 Y:07 P:24 SP:39
8E7B  9D FC 06 STA STA $06FC,X                  A:00 X:00 Y:00 P:26 SP:39
8E7E  48       PHA                              A:00 X:00 Y:00 P:26 SP:39
8E7F  29 30    AND AND #$30                     A:00 X:00 Y:00 P:26 SP:38
8E81  3D 4A 07 AND AND $074A,X                  A:00 X:00 Y:00 P:26 SP:38
8E84  F0 07    BEQ BEQ #$07                     A:00 X:00 Y:00 P:26 SP:38
8E8D  68       PLA                              A:00 X:00 Y:00 P:26 SP:38
8E8E  9D 4A 07 STA STA $074A,X                  A:00 X:00 Y:00 P:26 SP:39
8E91  60       RTS                              A:00 X:00 Y:00 P:26 SP:39
8E69  E8       INX                              A:00 X:00 Y:00 P:26 SP:3B
8E6A  A0 08    LDY LDY #$08                     A:00 X:01 Y:00 P:24 SP:3B
[Repeated block (10 instrs)] ×8
8E6C  48       PHA                              A:00 X:01 Y:08 P:24 SP:3B
8E6D  BD 16 40 LDA LDA $4016,X                  A:00 X:01 Y:08 P:24 SP:3A
8E70  85 00    STA STA $00                      A:40 X:01 Y:08 P:24 SP:3A
8E72  4A       LSR A                            A:40 X:01 Y:08 P:24 SP:3A
8E73  05 00    ORA ORA $00                      A:20 X:01 Y:08 P:24 SP:3A
8E75  4A       LSR A                            A:60 X:01 Y:08 P:24 SP:3A
8E76  68       PLA                              A:30 X:01 Y:08 P:24 SP:3A
8E77  2A       ROL A                            A:00 X:01 Y:08 P:26 SP:3B
8E78  88       DEY                              A:00 X:01 Y:08 P:26 SP:3B
8E79  D0 F1    BNE BNE #$F1                     A:00 X:01 Y:07 P:24 SP:3B
8E7B  9D FC 06 STA STA $06FC,X                  A:00 X:01 Y:00 P:26 SP:3B
8E7E  48       PHA                              A:00 X:01 Y:00 P:26 SP:3B
8E7F  29 30    AND AND #$30                     A:00 X:01 Y:00 P:26 SP:3A
8E81  3D 4A 07 AND AND $074A,X                  A:00 X:01 Y:00 P:26 SP:3A
8E84  F0 07    BEQ BEQ #$07                     A:00 X:01 Y:00 P:26 SP:3A
8E8D  68       PLA                              A:00 X:01 Y:00 P:26 SP:3A
8E8E  9D 4A 07 STA STA $074A,X                  A:00 X:01 Y:00 P:26 SP:3B
8E91  60       RTS                              A:00 X:01 Y:00 P:26 SP:3B
80EA  20 82 81 JSR JSR $8182                    A:00 X:01 Y:00 P:26 SP:3D
8182  AD 70 07 LDA LDA $0770                    A:00 X:01 Y:00 P:26 SP:3B
8185  C9 02    CMP CMP #$02                     A:00 X:01 Y:00 P:26 SP:3B
8187  F0 0B    BEQ BEQ #$0B                     A:00 X:01 Y:00 P:A4 SP:3B
8189  C9 01    CMP CMP #$01                     A:00 X:01 Y:00 P:A4 SP:3B
818B  D0 38    BNE BNE #$38                     A:00 X:01 Y:00 P:A4 SP:3B
81C5  60       RTS                              A:00 X:01 Y:00 P:A4 SP:3B
80ED  20 97 8F JSR JSR $8F97                    A:00 X:01 Y:00 P:A4 SP:3D
8F97  A2 05    LDX LDX #$05                     A:00 X:01 Y:00 P:A4 SP:3B
8F99  20 9E 8F JSR JSR $8F9E                    A:00 X:05 Y:00 P:24 SP:3B
8F9E  A0 05    LDY LDY #$05                     A:00 X:05 Y:00 P:24 SP:39
8FA0  38       SEC                              A:00 X:05 Y:05 P:24 SP:39
[Repeated block (10 instrs)] ×3
<L010> ×2
# sample:
# 8FA1  BD DD 07 LDA LDA $07DD,X                  A:00 X:05 Y:05 P:25 SP:39
# 8FA4  F9 D7 07 SBC SBC $07D7,Y                  A:00 X:05 Y:05 P:27 SP:39
# 8FA7  CA       DEX                              A:00 X:05 Y:05 P:27 SP:39
# 8FA8  88       DEY                              A:00 X:04 Y:05 P:25 SP:39
# 8FA9  10 F6    BPL BPL #$F6                     A:00 X:04 Y:04 P:25 SP:39
# 8FA1  BD DD 07 LDA LDA $07DD,X                  A:00 X:04 Y:04 P:25 SP:39
8FAE  C8       INY                              A:00 X:00 Y:FF P:27 SP:39
[Repeated block (6 instrs)] ×6
<L005> ×2
# sample:
# 8FAF  BD DD 07 LDA LDA $07DD,X                  A:00 X:00 Y:00 P:27 SP:39
# 8FB2  99 D7 07 STA STA $07D7,Y                  A:00 X:00 Y:00 P:27 SP:39
# 8FB5  E8       INX                              A:00 X:00 Y:00 P:27 SP:39
8FBB  60       RTS                              A:00 X:06 Y:06 P:27 SP:39
8F9C  A2 0B    LDX LDX #$0B                     A:00 X:06 Y:06 P:27 SP:3B
8F9E  A0 05    LDY LDY #$05                     A:00 X:0B Y:06 P:25 SP:3B
8FA0  38       SEC                              A:00 X:0B Y:05 P:25 SP:3B
[Repeated block (10 instrs)] ×3
<L010> ×2
# sample:
# 8FA1  BD DD 07 LDA LDA $07DD,X                  A:00 X:0B Y:05 P:25 SP:3B
# 8FA4  F9 D7 07 SBC SBC $07D7,Y                  A:00 X:0B Y:05 P:27 SP:3B
# 8FA7  CA       DEX                              A:00 X:0B Y:05 P:27 SP:3B
# 8FA8  88       DEY                              A:00 X:0A Y:05 P:25 SP:3B
# 8FA9  10 F6    BPL BPL #$F6                     A:00 X:0A Y:04 P:25 SP:3B
# 8FA1  BD DD 07 LDA LDA $07DD,X                  A:00 X:0A Y:04 P:25 SP:3B
8FAE  C8       INY                              A:00 X:06 Y:FF P:25 SP:3B
[Repeated block (6 instrs)] ×6
<L005> ×2
# sample:
# 8FAF  BD DD 07 LDA LDA $07DD,X                  A:00 X:06 Y:00 P:27 SP:3B
# 8FB2  99 D7 07 STA STA $07D7,Y                  A:00 X:06 Y:00 P:27 SP:3B
# 8FB5  E8       INX                              A:00 X:06 Y:00 P:27 SP:3B
8FBB  60       RTS                              A:00 X:0C Y:06 P:27 SP:3B
80F0  AD 76 07 LDA LDA $0776                    A:00 X:0C Y:06 P:27 SP:3D
80F3  4A       LSR A                            A:00 X:0C Y:06 P:27 SP:3D
80F4  B0 25    BCS BCS #$25                     A:00 X:0C Y:06 P:26 SP:3D
80F6  AD 47 07 LDA LDA $0747                    A:00 X:0C Y:06 P:26 SP:3D
80F9  F0 05    BEQ BEQ #$05                     A:00 X:0C Y:06 P:26 SP:3D
8100  A2 14    LDX LDX #$14                     A:00 X:0C Y:06 P:26 SP:3D
8102  CE 7F 07 DEC DEC $077F                    A:00 X:14 Y:06 P:24 SP:3D
8105  10 07    BPL BPL #$07                     A:00 X:14 Y:06 P:24 SP:3D
[Repeated block (8 instrs)] ×10
<L016> ×3
# sample:
# 810E  BD 80 07 LDA LDA $0780,X                  A:00 X:14 Y:06 P:24 SP:3D
# 8111  F0 03    BEQ BEQ #$03                     A:00 X:14 Y:06 P:26 SP:3D
# 8116  CA       DEX                              A:00 X:14 Y:06 P:26 SP:3D
# 8117  10 F5    BPL BPL #$F5                     A:00 X:13 Y:06 P:24 SP:3D
8119  E6 09    INC INC $09                      A:00 X:FF Y:06 P:A4 SP:3D
811B  A2 00    LDX LDX #$00                     A:00 X:FF Y:06 P:24 SP:3D
811D  A0 07    LDY LDY #$07                     A:00 X:00 Y:06 P:26 SP:3D
811F  AD A7 07 LDA LDA $07A7                    A:00 X:00 Y:07 P:24 SP:3D
8122  29 02    AND AND #$02                     A:2A X:00 Y:07 P:24 SP:3D
8124  85 00    STA STA $00                      A:02 X:00 Y:07 P:24 SP:3D
8126  AD A8 07 LDA LDA $07A8                    A:02 X:00 Y:07 P:24 SP:3D
8129  29 02    AND AND #$02                     A:50 X:00 Y:07 P:24 SP:3D
812B  45 00    EOR EOR $00                      A:00 X:00 Y:07 P:26 SP:3D
812D  18       CLC                              A:02 X:00 Y:07 P:24 SP:3D
812E  F0 01    BEQ BEQ #$01                     A:02 X:00 Y:07 P:24 SP:3D
8130  38       SEC                              A:02 X:00 Y:07 P:24 SP:3D
[Repeated block (8 instrs)] ×3
<L015> ×3
# sample:
# 8131  7E A7 07 ROR ROR $07A7,X                  A:02 X:00 Y:07 P:25 SP:3D
# 8134  E8       INX                              A:02 X:00 Y:07 P:A4 SP:3D
# 8135  88       DEY                              A:02 X:01 Y:07 P:24 SP:3D
# 8136  D0 F9    BNE BNE #$F9                     A:02 X:01 Y:06 P:24 SP:3D
8138  AD 22 07 LDA LDA $0722                    A:02 X:07 Y:00 P:26 SP:3D
813B  F0 1F    BEQ BEQ #$1F                     A:00 X:07 Y:00 P:26 SP:3D
<L023> ×2
# sample:
# 815C  AD 3F 07 LDA LDA $073F                    A:00 X:07 Y:00 P:26 SP:3D
# 815F  8D 05 20 STA STA $2005                    A:00 X:07 Y:00 P:26 SP:3D
8168  AD 78 07 LDA LDA $0778                    A:00 X:07 Y:00 P:26 SP:3D
816B  48       PHA                              A:10 X:07 Y:00 P:24 SP:3D
816C  8D 00 20 STA STA $2000                    A:10 X:07 Y:00 P:24 SP:3C
816F  AD 76 07 LDA LDA $0776                    A:10 X:07 Y:00 P:24 SP:3C
8172  4A       LSR A                            A:00 X:07 Y:00 P:26 SP:3C
8173  B0 03    BCS BCS #$03                     A:00 X:07 Y:00 P:26 SP:3C
8175  20 12 82 JSR JSR $8212                    A:00 X:07 Y:00 P:26 SP:3C
8212  AD 70 07 LDA LDA $0770                    A:00 X:07 Y:00 P:26 SP:3A
8215  20 04 8E JSR JSR $8E04                    A:00 X:07 Y:00 P:26 SP:3A
8E04  0A       ASL A                            A:00 X:07 Y:00 P:26 SP:38
8E05  A8       TAY                              A:00 X:07 Y:00 P:26 SP:38
<L006> ×2
# sample:
# 8E06  68       PLA                              A:00 X:07 Y:00 P:26 SP:38
# 8E07  85 04    STA STA $04                      A:17 X:07 Y:00 P:24 SP:39
<L007> ×2
# sample:
# 8E0C  C8       INY                              A:82 X:07 Y:00 P:A4 SP:3A
# 8E0D  B1 04    LDA LDA ($04),Y                  A:82 X:07 Y:01 P:24 SP:3A
# 8E0F  85 06    STA STA $06                      A:31 X:07 Y:01 P:24 SP:3A
8E16  6C 06 00 JMP JMP ($0006)                  A:82 X:07 Y:02 P:A4 SP:3A
8231  AD 72 07 LDA LDA $0772                    A:82 X:07 Y:02 P:A4 SP:3A
8234  20 04 8E JSR JSR $8E04                    A:01 X:07 Y:02 P:24 SP:3A
8E04  0A       ASL A                            A:01 X:07 Y:02 P:24 SP:38
8E05  A8       TAY                              A:02 X:07 Y:02 P:24 SP:38
<L006> ×2
# sample:
# 8E06  68       PLA                              A:02 X:07 Y:02 P:24 SP:38
# 8E07  85 04    STA STA $04                      A:36 X:07 Y:02 P:24 SP:39
<L007> ×2
# sample:
# 8E0C  C8       INY                              A:82 X:07 Y:02 P:A4 SP:3A
# 8E0D  B1 04    LDA LDA ($04),Y                  A:82 X:07 Y:03 P:24 SP:3A
# 8E0F  85 06    STA STA $06                      A:67 X:07 Y:03 P:24 SP:3A
8E16  6C 06 00 JMP JMP ($0006)                  A:85 X:07 Y:04 P:A4 SP:3A
8567  AD 3C 07 LDA LDA $073C                    A:85 X:07 Y:04 P:A4 SP:3A
856A  20 04 8E JSR JSR $8E04                    A:03 X:07 Y:04 P:24 SP:3A
8E04  0A       ASL A                            A:03 X:07 Y:04 P:24 SP:38
8E05  A8       TAY                              A:06 X:07 Y:04 P:24 SP:38
<L006> ×2
# sample:
# 8E06  68       PLA                              A:06 X:07 Y:06 P:24 SP:38
# 8E07  85 04    STA STA $04                      A:6C X:07 Y:06 P:24 SP:39
<L007> ×2
# sample:
# 8E0C  C8       INY                              A:85 X:07 Y:06 P:A4 SP:3A
# 8E0D  B1 04    LDA LDA ($04),Y                  A:85 X:07 Y:07 P:24 SP:3A
# 8E0F  85 06    STA STA $06                      A:5A X:07 Y:07 P:24 SP:3A
8E16  6C 06 00 JMP JMP ($0006)                  A:86 X:07 Y:08 P:A4 SP:3A
865A  20 30 BC JSR JSR $BC30                    A:86 X:07 Y:08 P:A4 SP:3A
<L001> ×3
# sample:
# BC30  AC 53 07 LDY LDY $0753                    A:86 X:07 Y:08 P:A4 SP:38
8F06  85 00    STA STA $00                      A:02 X:07 Y:00 P:24 SP:36
8F08  20 11 8F JSR JSR $8F11                    A:02 X:07 Y:00 P:24 SP:36
8F11  18       CLC                              A:02 X:07 Y:00 P:24 SP:34
8F12  69 01    ADC ADC #$01                     A:02 X:07 Y:00 P:24 SP:34
8F14  29 0F    AND AND #$0F                     A:03 X:07 Y:00 P:24 SP:34
8F16  C9 06    CMP CMP #$06                     A:03 X:07 Y:00 P:24 SP:34
8F18  B0 44    BCS BCS #$44                     A:03 X:07 Y:00 P:A4 SP:34
8F1A  48       PHA                              A:03 X:07 Y:00 P:A4 SP:34
8F1B  0A       ASL A                            A:03 X:07 Y:00 P:A4 SP:33
8F1C  A8       TAY                              A:06 X:07 Y:00 P:24 SP:33
8F1D  AE 00 03 LDX LDX $0300                    A:06 X:07 Y:06 P:24 SP:33
8F20  A9 20    LDA LDA #$20                     A:06 X:00 Y:06 P:26 SP:33
8F22  C0 00    CPY CPY #$00                     A:20 X:00 Y:06 P:24 SP:33
8F24  D0 02    BNE BNE #$02                     A:20 X:00 Y:06 P:25 SP:33
<L054> ×2
# sample:
# 8F28  9D 01 03 STA STA $0301,X                  A:20 X:00 Y:06 P:25 SP:33
# 8F2B  B9 F4 8E LDA LDA $8EF4,Y                  A:20 X:00 Y:06 P:25 SP:33
8F34  9D 03 03 STA STA $0303,X                  A:02 X:00 Y:06 P:25 SP:33
8F37  85 03    STA STA $03                      A:02 X:00 Y:06 P:25 SP:33
8F39  86 02    STX STX $02                      A:02 X:00 Y:06 P:25 SP:33
8F3B  68       PLA                              A:02 X:00 Y:06 P:25 SP:33
8F3C  AA       TAX                              A:03 X:00 Y:06 P:25 SP:34
8F3D  BD 00 8F LDA LDA $8F00,X                  A:03 X:03 Y:06 P:25 SP:34
8F40  38       SEC                              A:18 X:03 Y:06 P:25 SP:34
8F41  F9 F5 8E SBC SBC $8EF5,Y                  A:18 X:03 Y:06 P:25 SP:34
8F44  A8       TAY                              A:16 X:03 Y:06 P:25 SP:34
8F45  A6 02    LDX LDX $02                      A:16 X:03 Y:16 P:25 SP:34
[Repeated block (6 instrs)] ×2
8F47  B9 D7 07 LDA LDA $07D7,Y                  A:16 X:00 Y:16 P:27 SP:34
8F4A  9D 04 03 STA STA $0304,X                  A:00 X:00 Y:16 P:27 SP:34
8F4D  E8       INX                              A:00 X:00 Y:16 P:27 SP:34
8F4E  C8       INY                              A:00 X:01 Y:16 P:25 SP:34
8F4F  C6 03    DEC DEC $03                      A:00 X:01 Y:17 P:25 SP:34
8F51  D0 F4    BNE BNE #$F4                     A:00 X:01 Y:17 P:25 SP:34
8F53  A9 00    LDA LDA #$00                     A:00 X:02 Y:18 P:27 SP:34
8F55  9D 04 03 STA STA $0304,X                  A:00 X:02 Y:18 P:27 SP:34
<L028> ×3
# sample:
# 8F58  E8       INX                              A:00 X:02 Y:18 P:27 SP:34
8F5B  8E 00 03 STX STX $0300                    A:00 X:05 Y:18 P:25 SP:34
8F5E  60       RTS                              A:00 X:05 Y:18 P:25 SP:34
8F0B  A5 00    LDA LDA $00                      A:00 X:05 Y:18 P:25 SP:36
[Repeated block (2 instrs)] ×2
<L024> ×2
# sample:
# 8F0D  4A       LSR A                            A:02 X:05 Y:18 P:25 SP:36
8F11  18       CLC                              A:00 X:05 Y:18 P:26 SP:36
8F12  69 01    ADC ADC #$01                     A:00 X:05 Y:18 P:26 SP:36
8F14  29 0F    AND AND #$0F                     A:01 X:05 Y:18 P:24 SP:36
8F16  C9 06    CMP CMP #$06                     A:01 X:05 Y:18 P:24 SP:36
8F18  B0 44    BCS BCS #$44                     A:01 X:05 Y:18 P:A4 SP:36
8F1A  48       PHA                              A:01 X:05 Y:18 P:A4 SP:36
8F1B  0A       ASL A                            A:01 X:05 Y:18 P:A4 SP:35
8F1C  A8       TAY                              A:02 X:05 Y:18 P:24 SP:35
8F1D  AE 00 03 LDX LDX $0300                    A:02 X:05 Y:02 P:24 SP:35
8F20  A9 20    LDA LDA #$20                     A:02 X:05 Y:02 P:24 SP:35
8F22  C0 00    CPY CPY #$00                     A:20 X:05 Y:02 P:24 SP:35
8F24  D0 02    BNE BNE #$02                     A:20 X:05 Y:02 P:25 SP:35
<L054> ×2
# sample:
# 8F28  9D 01 03 STA STA $0301,X                  A:20 X:05 Y:02 P:25 SP:35
# 8F2B  B9 F4 8E LDA LDA $8EF4,Y                  A:20 X:05 Y:02 P:25 SP:35
8F34  9D 03 03 STA STA $0303,X                  A:06 X:05 Y:02 P:25 SP:35
8F37  85 03    STA STA $03                      A:06 X:05 Y:02 P:25 SP:35
8F39  86 02    STX STX $02                      A:06 X:05 Y:02 P:25 SP:35
8F3B  68       PLA                              A:06 X:05 Y:02 P:25 SP:35
8F3C  AA       TAX                              A:01 X:05 Y:02 P:25 SP:36
8F3D  BD 00 8F LDA LDA $8F00,X                  A:01 X:01 Y:02 P:25 SP:36
8F40  38       SEC                              A:0C X:01 Y:02 P:25 SP:36
8F41  F9 F5 8E SBC SBC $8EF5,Y                  A:0C X:01 Y:02 P:25 SP:36
8F44  A8       TAY                              A:06 X:01 Y:02 P:25 SP:36
8F45  A6 02    LDX LDX $02                      A:06 X:01 Y:06 P:25 SP:36
[Repeated block (6 instrs)] ×6
8F47  B9 D7 07 LDA LDA $07D7,Y                  A:06 X:05 Y:06 P:25 SP:36
8F4A  9D 04 03 STA STA $0304,X                  A:00 X:05 Y:06 P:27 SP:36
8F4D  E8       INX                              A:00 X:05 Y:06 P:27 SP:36
8F4E  C8       INY                              A:00 X:06 Y:06 P:25 SP:36
8F4F  C6 03    DEC DEC $03                      A:00 X:06 Y:07 P:25 SP:36
8F51  D0 F4    BNE BNE #$F4                     A:00 X:06 Y:07 P:25 SP:36
8F53  A9 00    LDA LDA #$00                     A:00 X:0B Y:0C P:27 SP:36
8F55  9D 04 03 STA STA $0304,X                  A:00 X:0B Y:0C P:27 SP:36
<L028> ×3
# sample:
# 8F58  E8       INX                              A:00 X:0B Y:0C P:27 SP:36
8F5B  8E 00 03 STX STX $0300                    A:00 X:0E Y:0C P:25 SP:36
8F5E  60       RTS                              A:00 X:0E Y:0C P:25 SP:36
<L005> ×2
# sample:
# BC39  AC 00 03 LDY LDY $0300                    A:00 X:0E Y:0C P:25 SP:38
# BC3C  B9 FB 02 LDA LDA $02FB,Y                  A:00 X:0E Y:0E P:25 SP:38
# BC3F  D0 05    BNE BNE #$05                     A:00 X:0E Y:0E P:27 SP:38
BC48  60       RTS                              A:24 X:00 Y:0E P:27 SP:38
865D  AE 00 03 LDX LDX $0300                    A:24 X:00 Y:0E P:27 SP:3A
<L062> ×3
# sample:
# 8660  A9 20    LDA LDA #$20                     A:24 X:0E Y:0E P:25 SP:3A
# 8662  9D 01 03 STA STA $0301,X                  A:20 X:0E Y:0E P:25 SP:3A
<L069> ×2
# sample:
# 866F  AC 5F 07 LDY LDY $075F                    A:03 X:0E Y:0E P:25 SP:3A
# 8672  C8       INY                              A:03 X:0E Y:00 P:27 SP:3A
# 8673  98       TYA                              A:03 X:0E Y:01 P:25 SP:3A
# 8674  9D 04 03 STA STA $0304,X                  A:01 X:0E Y:01 P:25 SP:3A
# 8677  A9 28    LDA LDA #$28                     A:01 X:0E Y:01 P:25 SP:3A
# 8679  9D 05 03 STA STA $0305,X                  A:28 X:0E Y:01 P:25 SP:3A
8689  8A       TXA                              A:00 X:0E Y:01 P:27 SP:3A
868A  18       CLC                              A:0E X:0E Y:01 P:25 SP:3A
868B  69 06    ADC ADC #$06                     A:0E X:0E Y:01 P:24 SP:3A
868D  8D 00 03 STA STA $0300                    A:14 X:0E Y:01 P:24 SP:3A
8690  4C 45 87 JMP JMP $8745                    A:14 X:0E Y:01 P:24 SP:3A
8745  EE 3C 07 INC INC $073C                    A:14 X:0E Y:01 P:24 SP:3A
8748  60       RTS                              A:14 X:0E Y:01 P:24 SP:3A
8178  AD 02 20 LDA LDA $2002                    A:14 X:0E Y:01 P:24 SP:3C
817B  68       PLA                              A:00 X:0E Y:01 P:26 SP:3C
817C  09 80    ORA ORA #$80                     A:10 X:0E Y:01 P:24 SP:3D
817E  8D 00 20 STA STA $2000                    A:90 X:0E Y:01 P:A4 SP:3D
8181  40       RTI                              A:90 X:0E Y:01 P:A4 SP:3D
[Repeated block (6 instrs)] ×972
<L005> ×2
# sample:
# FFF7  1E 1E 1F ASL ASL $1F1E,X                  A:90 X:0E Y:01 P:A4 SP:40
# FFFA  82 80    *NOP *NOP #$80                   A:90 X:0E Y:01 P:26 SP:40
# FFFC  00       BRK                              A:90 X:0E Y:01 P:26 SP:40
FFF7  1E 1E 1F ASL ASL $1F1E,X                  A:90 X:0E Y:01 P:A4 SP:DC
8082  AD 78 07 LDA LDA $0778                    A:90 X:0E Y:01 P:26 SP:D9
<L011> ×2
# sample:
# 8085  29 7F    AND AND #$7F                     A:10 X:0E Y:01 P:24 SP:D9
# 8087  8D 78 07 STA STA $0778                    A:10 X:0E Y:01 P:24 SP:D9
808F  AD 79 07 LDA LDA $0779                    A:10 X:0E Y:01 P:24 SP:D9
8092  29 E6    AND AND #$E6                     A:00 X:0E Y:01 P:26 SP:D9
8094  AC 74 07 LDY LDY $0774                    A:00 X:0E Y:01 P:26 SP:D9
<L011> ×2
# sample:
# 8097  D0 05    BNE BNE #$05                     A:00 X:0E Y:01 P:24 SP:D9
# 809E  8D 79 07 STA STA $0779                    A:00 X:0E Y:01 P:24 SP:D9
80A6  AE 02 20 LDX LDX $2002                    A:00 X:0E Y:01 P:26 SP:D9
80A9  A9 00    LDA LDA #$00                     A:00 X:80 Y:01 P:A4 SP:D9
<L002> ×2
# sample:
# 80AB  20 E6 8E JSR JSR $8EE6                    A:00 X:80 Y:01 P:26 SP:D9
# 8EE6  8D 05 20 STA STA $2005                    A:00 X:80 Y:01 P:26 SP:D7
80AE  8D 03 20 STA STA $2003                    A:00 X:80 Y:01 P:26 SP:D9
80B1  A9 02    LDA LDA #$02                     A:00 X:80 Y:01 P:26 SP:D9
80B3  8D 14 40 STA STA $4014                    A:02 X:80 Y:01 P:24 SP:D9
80B6  AE 73 07 LDX LDX $0773                    A:02 X:80 Y:01 P:24 SP:D9
80B9  BD 5A 80 LDA LDA $805A,X                  A:02 X:00 Y:01 P:26 SP:D9
<L001> ×2
# sample:
# 80BC  85 00    STA STA $00                      A:01 X:00 Y:01 P:24 SP:D9
80C1  85 01    STA STA $01                      A:03 X:00 Y:01 P:24 SP:D9
80C3  20 DD 8E JSR JSR $8EDD                    A:03 X:00 Y:01 P:24 SP:D9
<L002> ×2
# sample:
# 8EDD  AE 02 20 LDX LDX $2002                    A:03 X:00 Y:01 P:24 SP:D7
# 8EE0  A0 00    LDY LDY #$00                     A:03 X:00 Y:01 P:26 SP:D7
<L008> ×2
# sample:
# 8E92  8D 06 20 STA STA $2006                    A:20 X:00 Y:00 P:24 SP:D7
# 8E95  C8       INY                              A:20 X:00 Y:00 P:24 SP:D7
# 8E96  B1 00    LDA LDA ($00),Y                  A:20 X:00 Y:01 P:24 SP:D7
8E9E  0A       ASL A                            A:02 X:00 Y:02 P:24 SP:D7
8E9F  48       PHA                              A:04 X:00 Y:02 P:24 SP:D7
<L003> ×3
# sample:
# 8EA0  AD 78 07 LDA LDA $0778                    A:04 X:00 Y:02 P:24 SP:D6
# 8EA3  09 04    ORA ORA #$04                     A:10 X:00 Y:02 P:24 SP:D6
# 8EA5  B0 02    BCS BCS #$02                     A:14 X:00 Y:02 P:24 SP:D6
# 8EA7  29 FB    AND AND #$FB                     A:14 X:00 Y:02 P:24 SP:D6
# 8EA9  20 ED 8E JSR JSR $8EED                    A:10 X:00 Y:02 P:24 SP:D6
# 8EED  8D 00 20 STA STA $2000                    A:10 X:00 Y:02 P:24 SP:D4
# 8EF0  8D 78 07 STA STA $0778                    A:10 X:00 Y:02 P:24 SP:D4
# 8EF3  60       RTS                              A:10 X:00 Y:02 P:24 SP:D4
# 8EAC  68       PLA                              A:10 X:00 Y:02 P:24 SP:D6
# 8EAD  0A       ASL A                            A:04 X:00 Y:02 P:24 SP:D7
# 8EAE  90 03    BCC BCC #$03                     A:08 X:00 Y:02 P:24 SP:D7
# 8EB3  4A       LSR A                            A:08 X:00 Y:02 P:24 SP:D7
<L005> ×2
# sample:
# 8ED4  8D 06 20 STA STA $2006                    A:00 X:00 Y:04 P:26 SP:D7
# 8ED7  8D 06 20 STA STA $2006                    A:00 X:00 Y:04 P:26 SP:D7
# 8EDA  8D 06 20 STA STA $2006                    A:00 X:00 Y:04 P:26 SP:D7
8EE4  D0 AC    BNE BNE #$AC                     A:20 X:00 Y:00 P:24 SP:D7
<L008> ×2
# sample:
# 8E92  8D 06 20 STA STA $2006                    A:20 X:00 Y:00 P:24 SP:D7
# 8E95  C8       INY                              A:20 X:00 Y:00 P:24 SP:D7
# 8E96  B1 00    LDA LDA ($00),Y                  A:20 X:00 Y:01 P:24 SP:D7
8E9E  0A       ASL A                            A:06 X:00 Y:02 P:24 SP:D7
8E9F  48       PHA                              A:0C X:00 Y:02 P:24 SP:D7
<L032> ×2
# sample:
# 8EA0  AD 78 07 LDA LDA $0778                    A:0C X:00 Y:02 P:24 SP:D6
# 8EA3  09 04    ORA ORA #$04                     A:10 X:00 Y:02 P:24 SP:D6
# 8EA5  B0 02    BCS BCS #$02                     A:14 X:00 Y:02 P:24 SP:D6
# 8EA7  29 FB    AND AND #$FB                     A:14 X:00 Y:02 P:24 SP:D6
# 8EA9  20 ED 8E JSR JSR $8EED                    A:10 X:00 Y:02 P:24 SP:D6
# 8EED  8D 00 20 STA STA $2000                    A:10 X:00 Y:02 P:24 SP:D4
# 8EF0  8D 78 07 STA STA $0778                    A:10 X:00 Y:02 P:24 SP:D4
# 8EF3  60       RTS                              A:10 X:00 Y:02 P:24 SP:D4
# 8EAC  68       PLA                              A:10 X:00 Y:02 P:24 SP:D6
# 8EAD  0A       ASL A                            A:0C X:00 Y:02 P:24 SP:D7
# 8EAE  90 03    BCC BCC #$03                     A:18 X:00 Y:02 P:24 SP:D7
[Repeated block (6 instrs)] ×4
<L003> ×2
# sample:
# 8EB9  B1 00    LDA LDA ($00),Y                  A:24 X:05 Y:04 P:24 SP:D7
# 8EBB  8D 07 20 STA STA $2007                    A:00 X:05 Y:04 P:26 SP:D7
# 8EBE  CA       DEX                              A:00 X:05 Y:04 P:26 SP:D7
# 8EBF  D0 F5    BNE BNE #$F5                     A:00 X:04 Y:04 P:24 SP:D7
# 8EB6  B0 01    BCS BCS #$01                     A:00 X:04 Y:04 P:24 SP:D7
# 8EB8  C8       INY                              A:00 X:04 Y:04 P:24 SP:D7
# 8EB9  B1 00    LDA LDA ($00),Y                  A:00 X:01 Y:08 P:24 SP:D7
# 8EBB  8D 07 20 STA STA $2007                    A:00 X:01 Y:08 P:26 SP:D7
# 8EBE  CA       DEX                              A:00 X:01 Y:08 P:26 SP:D7
# 8EBF  D0 F5    BNE BNE #$F5                     A:00 X:00 Y:08 P:26 SP:D7
# 8EC1  38       SEC                              A:00 X:00 Y:08 P:26 SP:D7
# 8EC2  98       TYA                              A:00 X:00 Y:08 P:27 SP:D7
<L001> ×3
# sample:
# 8EE0  A0 00    LDY LDY #$00                     A:00 X:00 Y:08 P:26 SP:D7
<L008> ×2
# sample:
# 8E92  8D 06 20 STA STA $2006                    A:20 X:00 Y:00 P:24 SP:D7
# 8E95  C8       INY                              A:20 X:00 Y:00 P:24 SP:D7
# 8E96  B1 00    LDA LDA ($00),Y                  A:20 X:00 Y:01 P:24 SP:D7
8E9E  0A       ASL A                            A:03 X:00 Y:02 P:24 SP:D7
8E9F  48       PHA                              A:06 X:00 Y:02 P:24 SP:D7
<L003> ×4
# sample:
# 8EA0  AD 78 07 LDA LDA $0778                    A:06 X:00 Y:02 P:24 SP:D6
# 8EA3  09 04    ORA ORA #$04                     A:10 X:00 Y:02 P:24 SP:D6
# 8EA5  B0 02    BCS BCS #$02                     A:14 X:00 Y:02 P:24 SP:D6
# 8EA7  29 FB    AND AND #$FB                     A:14 X:00 Y:02 P:24 SP:D6
# 8EA9  20 ED 8E JSR JSR $8EED                    A:10 X:00 Y:02 P:24 SP:D6
# 8EED  8D 00 20 STA STA $2000                    A:10 X:00 Y:02 P:24 SP:D4
# 8EF0  8D 78 07 STA STA $0778                    A:10 X:00 Y:02 P:24 SP:D4
# 8EF3  60       RTS                              A:10 X:00 Y:02 P:24 SP:D4
# 8EAC  68       PLA                              A:10 X:00 Y:02 P:24 SP:D6
# 8EAD  0A       ASL A                            A:06 X:00 Y:02 P:24 SP:D7
# 8EAE  90 03    BCC BCC #$03                     A:0C X:00 Y:02 P:24 SP:D7
# 8EB3  4A       LSR A                            A:0C X:00 Y:02 P:24 SP:D7
<L002> ×2
# sample:
# 8EE4  D0 AC    BNE BNE #$AC                     A:00 X:00 Y:00 P:26 SP:D7
# 8EE6  8D 05 20 STA STA $2005                    A:00 X:00 Y:00 P:26 SP:D7
80C6  A0 00    LDY LDY #$00                     A:00 X:00 Y:00 P:26 SP:D9
80C8  AE 73 07 LDX LDX $0773                    A:00 X:00 Y:00 P:26 SP:D9
<L001> ×2
# sample:
# 80CB  E0 06    CPX CPX #$06                     A:00 X:00 Y:00 P:26 SP:D9
80D0  BE 80 80 LDX LDX $8080,Y                  A:00 X:00 Y:00 P:A4 SP:D9
80D3  A9 00    LDA LDA #$00                     A:00 X:00 Y:00 P:26 SP:D9
<L022> ×2
# sample:
# 80D5  9D 00 03 STA STA $0300,X                  A:00 X:00 Y:00 P:26 SP:D9
<L001> ×2
# sample:
# 80DB  8D 73 07 STA STA $0773                    A:00 X:00 Y:00 P:26 SP:D9
80E1  8D 01 20 STA STA $2001                    A:00 X:00 Y:00 P:26 SP:D9
80E4  20 D0 F2 JSR JSR $F2D0                    A:00 X:00 Y:00 P:26 SP:D9
F2D0  AD 70 07 LDA LDA $0770                    A:00 X:00 Y:00 P:26 SP:D7
F2D3  D0 04    BNE BNE #$04                     A:00 X:00 Y:00 P:26 SP:D7
F2D5  8D 15 40 STA STA $4015                    A:00 X:00 Y:00 P:26 SP:D7
F2D8  60       RTS                              A:00 X:00 Y:00 P:26 SP:D7
80E7  20 5C 8E JSR JSR $8E5C                    A:00 X:00 Y:00 P:26 SP:D9
8E5C  A9 01    LDA LDA #$01                     A:00 X:00 Y:00 P:26 SP:D7
8E5E  8D 16 40 STA STA $4016                    A:01 X:00 Y:00 P:24 SP:D7
8E61  4A       LSR A                            A:01 X:00 Y:00 P:24 SP:D7
8E62  AA       TAX                              A:00 X:00 Y:00 P:27 SP:D7
8E63  8D 16 40 STA STA $4016                    A:00 X:00 Y:00 P:27 SP:D7
8E66  20 6A 8E JSR JSR $8E6A                    A:00 X:00 Y:00 P:27 SP:D7
8E6A  A0 08    LDY LDY #$08                     A:00 X:00 Y:00 P:27 SP:D5
[Repeated block (10 instrs)] ×8
8E6C  48       PHA                              A:00 X:00 Y:08 P:25 SP:D5
8E6D  BD 16 40 LDA LDA $4016,X                  A:00 X:00 Y:08 P:25 SP:D4
8E70  85 00    STA STA $00                      A:40 X:00 Y:08 P:25 SP:D4
8E72  4A       LSR A                            A:40 X:00 Y:08 P:25 SP:D4
8E73  05 00    ORA ORA $00                      A:20 X:00 Y:08 P:24 SP:D4
8E75  4A       LSR A                            A:60 X:00 Y:08 P:24 SP:D4
8E76  68       PLA                              A:30 X:00 Y:08 P:24 SP:D4
8E77  2A       ROL A                            A:00 X:00 Y:08 P:26 SP:D5
8E78  88       DEY                              A:00 X:00 Y:08 P:26 SP:D5
8E79  D0 F1    BNE BNE #$F1                     A:00 X:00 Y:07 P:24 SP:D5
8E7B  9D FC 06 STA STA $06FC,X                  A:00 X:00 Y:00 P:26 SP:D5
8E7E  48       PHA                              A:00 X:00 Y:00 P:26 SP:D5
8E7F  29 30    AND AND #$30                     A:00 X:00 Y:00 P:26 SP:D4
8E81  3D 4A 07 AND AND $074A,X                  A:00 X:00 Y:00 P:26 SP:D4
8E84  F0 07    BEQ BEQ #$07                     A:00 X:00 Y:00 P:26 SP:D4
8E8D  68       PLA                              A:00 X:00 Y:00 P:26 SP:D4
8E8E  9D 4A 07 STA STA $074A,X                  A:00 X:00 Y:00 P:26 SP:D5
8E91  60       RTS                              A:00 X:00 Y:00 P:26 SP:D5
8E69  E8       INX                              A:00 X:00 Y:00 P:26 SP:D7
8E6A  A0 08    LDY LDY #$08                     A:00 X:01 Y:00 P:24 SP:D7
[Repeated block (10 instrs)] ×8
8E6C  48       PHA                              A:00 X:01 Y:08 P:24 SP:D7
8E6D  BD 16 40 LDA LDA $4016,X                  A:00 X:01 Y:08 P:24 SP:D6
8E70  85 00    STA STA $00                      A:40 X:01 Y:08 P:24 SP:D6
8E72  4A       LSR A                            A:40 X:01 Y:08 P:24 SP:D6
8E73  05 00    ORA ORA $00                      A:20 X:01 Y:08 P:24 SP:D6
8E75  4A       LSR A                            A:60 X:01 Y:08 P:24 SP:D6
8E76  68       PLA                              A:30 X:01 Y:08 P:24 SP:D6
8E77  2A       ROL A                            A:00 X:01 Y:08 P:26 SP:D7
8E78  88       DEY                              A:00 X:01 Y:08 P:26 SP:D7
8E79  D0 F1    BNE BNE #$F1                     A:00 X:01 Y:07 P:24 SP:D7
8E7B  9D FC 06 STA STA $06FC,X                  A:00 X:01 Y:00 P:26 SP:D7
8E7E  48       PHA                              A:00 X:01 Y:00 P:26 SP:D7
8E7F  29 30    AND AND #$30                     A:00 X:01 Y:00 P:26 SP:D6
8E81  3D 4A 07 AND AND $074A,X                  A:00 X:01 Y:00 P:26 SP:D6
8E84  F0 07    BEQ BEQ #$07                     A:00 X:01 Y:00 P:26 SP:D6
8E8D  68       PLA                              A:00 X:01 Y:00 P:26 SP:D6
8E8E  9D 4A 07 STA STA $074A,X                  A:00 X:01 Y:00 P:26 SP:D7
8E91  60       RTS                              A:00 X:01 Y:00 P:26 SP:D7
80EA  20 82 81 JSR JSR $8182                    A:00 X:01 Y:00 P:26 SP:D9
8182  AD 70 07 LDA LDA $0770                    A:00 X:01 Y:00 P:26 SP:D7
8185  C9 02    CMP CMP #$02                     A:00 X:01 Y:00 P:26 SP:D7
8187  F0 0B    BEQ BEQ #$0B                     A:00 X:01 Y:00 P:A4 SP:D7
8189  C9 01    CMP CMP #$01                     A:00 X:01 Y:00 P:A4 SP:D7
818B  D0 38    BNE BNE #$38                     A:00 X:01 Y:00 P:A4 SP:D7
81C5  60       RTS                              A:00 X:01 Y:00 P:A4 SP:D7
80ED  20 97 8F JSR JSR $8F97                    A:00 X:01 Y:00 P:A4 SP:D9
8F97  A2 05    LDX LDX #$05                     A:00 X:01 Y:00 P:A4 SP:D7
8F99  20 9E 8F JSR JSR $8F9E                    A:00 X:05 Y:00 P:24 SP:D7
8F9E  A0 05    LDY LDY #$05                     A:00 X:05 Y:00 P:24 SP:D5
8FA0  38       SEC                              A:00 X:05 Y:05 P:24 SP:D5
[Repeated block (10 instrs)] ×3
<L010> ×2
# sample:
# 8FA1  BD DD 07 LDA LDA $07DD,X                  A:00 X:05 Y:05 P:25 SP:D5
# 8FA4  F9 D7 07 SBC SBC $07D7,Y                  A:00 X:05 Y:05 P:27 SP:D5
# 8FA7  CA       DEX                              A:00 X:05 Y:05 P:27 SP:D5
# 8FA8  88       DEY                              A:00 X:04 Y:05 P:25 SP:D5
# 8FA9  10 F6    BPL BPL #$F6                     A:00 X:04 Y:04 P:25 SP:D5
# 8FA1  BD DD 07 LDA LDA $07DD,X                  A:00 X:04 Y:04 P:25 SP:D5
8FAE  C8       INY                              A:00 X:00 Y:FF P:27 SP:D5
[Repeated block (6 instrs)] ×6
<L005> ×2
# sample:
# 8FAF  BD DD 07 LDA LDA $07DD,X                  A:00 X:00 Y:00 P:27 SP:D5
# 8FB2  99 D7 07 STA STA $07D7,Y                  A:00 X:00 Y:00 P:27 SP:D5
# 8FB5  E8       INX                              A:00 X:00 Y:00 P:27 SP:D5
8FBB  60       RTS                              A:00 X:06 Y:06 P:27 SP:D5
8F9C  A2 0B    LDX LDX #$0B                     A:00 X:06 Y:06 P:27 SP:D7
8F9E  A0 05    LDY LDY #$05                     A:00 X:0B Y:06 P:25 SP:D7
8FA0  38       SEC                              A:00 X:0B Y:05 P:25 SP:D7
[Repeated block (10 instrs)] ×3
<L010> ×2
# sample:
# 8FA1  BD DD 07 LDA LDA $07DD,X                  A:00 X:0B Y:05 P:25 SP:D7
# 8FA4  F9 D7 07 SBC SBC $07D7,Y                  A:00 X:0B Y:05 P:27 SP:D7
# 8FA7  CA       DEX                              A:00 X:0B Y:05 P:27 SP:D7
# 8FA8  88       DEY                              A:00 X:0A Y:05 P:25 SP:D7
# 8FA9  10 F6    BPL BPL #$F6                     A:00 X:0A Y:04 P:25 SP:D7
# 8FA1  BD DD 07 LDA LDA $07DD,X                  A:00 X:0A Y:04 P:25 SP:D7
8FAE  C8       INY                              A:00 X:06 Y:FF P:25 SP:D7
[Repeated block (6 instrs)] ×6
<L005> ×2
# sample:
# 8FAF  BD DD 07 LDA LDA $07DD,X                  A:00 X:06 Y:00 P:27 SP:D7
# 8FB2  99 D7 07 STA STA $07D7,Y                  A:00 X:06 Y:00 P:27 SP:D7
# 8FB5  E8       INX                              A:00 X:06 Y:00 P:27 SP:D7
8FBB  60       RTS                              A:00 X:0C Y:06 P:27 SP:D7
80F0  AD 76 07 LDA LDA $0776                    A:00 X:0C Y:06 P:27 SP:D9
80F3  4A       LSR A                            A:00 X:0C Y:06 P:27 SP:D9
80F4  B0 25    BCS BCS #$25                     A:00 X:0C Y:06 P:26 SP:D9
80F6  AD 47 07 LDA LDA $0747                    A:00 X:0C Y:06 P:26 SP:D9
80F9  F0 05    BEQ BEQ #$05                     A:00 X:0C Y:06 P:26 SP:D9
8100  A2 14    LDX LDX #$14                     A:00 X:0C Y:06 P:26 SP:D9
8102  CE 7F 07 DEC DEC $077F                    A:00 X:14 Y:06 P:24 SP:D9
8105  10 07    BPL BPL #$07                     A:00 X:14 Y:06 P:24 SP:D9
[Repeated block (8 instrs)] ×10
<L016> ×3
# sample:
# 810E  BD 80 07 LDA LDA $0780,X                  A:00 X:14 Y:06 P:24 SP:D9
# 8111  F0 03    BEQ BEQ #$03                     A:00 X:14 Y:06 P:26 SP:D9
# 8116  CA       DEX                              A:00 X:14 Y:06 P:26 SP:D9
# 8117  10 F5    BPL BPL #$F5                     A:00 X:13 Y:06 P:24 SP:D9
8119  E6 09    INC INC $09                      A:00 X:FF Y:06 P:A4 SP:D9
811B  A2 00    LDX LDX #$00                     A:00 X:FF Y:06 P:24 SP:D9
811D  A0 07    LDY LDY #$07                     A:00 X:00 Y:06 P:26 SP:D9
811F  AD A7 07 LDA LDA $07A7                    A:00 X:00 Y:07 P:24 SP:D9
8122  29 02    AND AND #$02                     A:95 X:00 Y:07 P:A4 SP:D9
8124  85 00    STA STA $00                      A:00 X:00 Y:07 P:26 SP:D9
8126  AD A8 07 LDA LDA $07A8                    A:00 X:00 Y:07 P:26 SP:D9
8129  29 02    AND AND #$02                     A:28 X:00 Y:07 P:24 SP:D9
812B  45 00    EOR EOR $00                      A:00 X:00 Y:07 P:26 SP:D9
812D  18       CLC                              A:00 X:00 Y:07 P:26 SP:D9
812E  F0 01    BEQ BEQ #$01                     A:00 X:00 Y:07 P:26 SP:D9
[Repeated block (8 instrs)] ×3
<L015> ×3
# sample:
# 8131  7E A7 07 ROR ROR $07A7,X                  A:00 X:00 Y:07 P:26 SP:D9
# 8134  E8       INX                              A:00 X:00 Y:07 P:25 SP:D9
# 8135  88       DEY                              A:00 X:01 Y:07 P:25 SP:D9
# 8136  D0 F9    BNE BNE #$F9                     A:00 X:01 Y:06 P:25 SP:D9
8138  AD 22 07 LDA LDA $0722                    A:00 X:07 Y:00 P:26 SP:D9
813B  F0 1F    BEQ BEQ #$1F                     A:00 X:07 Y:00 P:26 SP:D9
<L023> ×2
# sample:
# 815C  AD 3F 07 LDA LDA $073F                    A:00 X:07 Y:00 P:26 SP:D9
# 815F  8D 05 20 STA STA $2005                    A:00 X:07 Y:00 P:26 SP:D9
8168  AD 78 07 LDA LDA $0778                    A:00 X:07 Y:00 P:26 SP:D9
816B  48       PHA                              A:10 X:07 Y:00 P:24 SP:D9
816C  8D 00 20 STA STA $2000                    A:10 X:07 Y:00 P:24 SP:D8
816F  AD 76 07 LDA LDA $0776                    A:10 X:07 Y:00 P:24 SP:D8
8172  4A       LSR A                            A:00 X:07 Y:00 P:26 SP:D8
8173  B0 03    BCS BCS #$03                     A:00 X:07 Y:00 P:26 SP:D8
8175  20 12 82 JSR JSR $8212                    A:00 X:07 Y:00 P:26 SP:D8
8212  AD 70 07 LDA LDA $0770                    A:00 X:07 Y:00 P:26 SP:D6
8215  20 04 8E JSR JSR $8E04                    A:00 X:07 Y:00 P:26 SP:D6
8E04  0A       ASL A                            A:00 X:07 Y:00 P:26 SP:D4
8E05  A8       TAY                              A:00 X:07 Y:00 P:26 SP:D4
<L006> ×2
# sample:
# 8E06  68       PLA                              A:00 X:07 Y:00 P:26 SP:D4
# 8E07  85 04    STA STA $04                      A:17 X:07 Y:00 P:24 SP:D5
<L007> ×2
# sample:
# 8E0C  C8       INY                              A:82 X:07 Y:00 P:A4 SP:D6
# 8E0D  B1 04    LDA LDA ($04),Y                  A:82 X:07 Y:01 P:24 SP:D6
# 8E0F  85 06    STA STA $06                      A:31 X:07 Y:01 P:24 SP:D6
8E16  6C 06 00 JMP JMP ($0006)                  A:82 X:07 Y:02 P:A4 SP:D6
8231  AD 72 07 LDA LDA $0772                    A:82 X:07 Y:02 P:A4 SP:D6
8234  20 04 8E JSR JSR $8E04                    A:01 X:07 Y:02 P:24 SP:D6
8E04  0A       ASL A                            A:01 X:07 Y:02 P:24 SP:D4
8E05  A8       TAY                              A:02 X:07 Y:02 P:24 SP:D4
<L006> ×2
# sample:
# 8E06  68       PLA                              A:02 X:07 Y:02 P:24 SP:D4
# 8E07  85 04    STA STA $04                      A:36 X:07 Y:02 P:24 SP:D5
<L007> ×2
# sample:
# 8E0C  C8       INY                              A:82 X:07 Y:02 P:A4 SP:D6
# 8E0D  B1 04    LDA LDA ($04),Y                  A:82 X:07 Y:03 P:24 SP:D6
# 8E0F  85 06    STA STA $06                      A:67 X:07 Y:03 P:24 SP:D6
8E16  6C 06 00 JMP JMP ($0006)                  A:85 X:07 Y:04 P:A4 SP:D6
8567  AD 3C 07 LDA LDA $073C                    A:85 X:07 Y:04 P:A4 SP:D6
856A  20 04 8E JSR JSR $8E04                    A:04 X:07 Y:04 P:24 SP:D6
8E04  0A       ASL A                            A:04 X:07 Y:04 P:24 SP:D4
8E05  A8       TAY                              A:08 X:07 Y:04 P:24 SP:D4
<L006> ×2
# sample:
# 8E06  68       PLA                              A:08 X:07 Y:08 P:24 SP:D4
# 8E07  85 04    STA STA $04                      A:6C X:07 Y:08 P:24 SP:D5
<L007> ×2
# sample:
# 8E0C  C8       INY                              A:85 X:07 Y:08 P:A4 SP:D6
# 8E0D  B1 04    LDA LDA ($04),Y                  A:85 X:07 Y:09 P:24 SP:D6
# 8E0F  85 06    STA STA $06                      A:93 X:07 Y:09 P:A4 SP:D6
8E16  6C 06 00 JMP JMP ($0006)                  A:86 X:07 Y:0A P:A4 SP:D6
8693  AD 59 07 LDA LDA $0759                    A:86 X:07 Y:0A P:A4 SP:D6
8696  F0 0A    BEQ BEQ #$0A                     A:00 X:07 Y:0A P:26 SP:D6
86A2  EE 3C 07 INC INC $073C                    A:00 X:07 Y:0A P:26 SP:D6
86A5  4C 45 87 JMP JMP $8745                    A:00 X:07 Y:0A P:24 SP:D6
8745  EE 3C 07 INC INC $073C                    A:00 X:07 Y:0A P:24 SP:D6
8748  60       RTS                              A:00 X:07 Y:0A P:24 SP:D6
8178  AD 02 20 LDA LDA $2002                    A:00 X:07 Y:0A P:24 SP:D8
817B  68       PLA                              A:00 X:07 Y:0A P:26 SP:D8
817C  09 80    ORA ORA #$80                     A:10 X:07 Y:0A P:24 SP:D9
817E  8D 00 20 STA STA $2000                    A:90 X:07 Y:0A P:A4 SP:D9
8181  40       RTI                              A:90 X:07 Y:0A P:A4 SP:D9
[Repeated block (6 instrs)] ×1049
<L026> ×2
# sample:
# FFFA  82 80    *NOP *NOP #$80                   A:90 X:07 Y:0A P:26 SP:DC
# FFFC  00       BRK                              A:90 X:07 Y:0A P:26 SP:DC
# FFF0  19 19 1A ORA ORA $1A19,Y                  A:90 X:07 Y:0A P:26 SP:D9
# FFF3  1A       *NOP                             A:90 X:07 Y:0A P:A4 SP:D9
# FFF4  1C 1D 1D *NOP *NOP $1D1D,X                A:90 X:07 Y:0A P:A4 SP:D9
FFF4  1C 1D 1D *NOP *NOP $1D1D,X                A:90 X:07 Y:0A P:A4 SP:8E
8082  AD 78 07 LDA LDA $0778                    A:90 X:07 Y:0A P:A4 SP:8B
<L011> ×2
# sample:
# 8085  29 7F    AND AND #$7F                     A:10 X:07 Y:0A P:24 SP:8B
# 8087  8D 78 07 STA STA $0778                    A:10 X:07 Y:0A P:24 SP:8B
808F  AD 79 07 LDA LDA $0779                    A:10 X:07 Y:0A P:24 SP:8B
8092  29 E6    AND AND #$E6                     A:00 X:07 Y:0A P:26 SP:8B
8094  AC 74 07 LDY LDY $0774                    A:00 X:07 Y:0A P:26 SP:8B
<L011> ×2
# sample:
# 8097  D0 05    BNE BNE #$05                     A:00 X:07 Y:01 P:24 SP:8B
# 809E  8D 79 07 STA STA $0779                    A:00 X:07 Y:01 P:24 SP:8B
80A6  AE 02 20 LDX LDX $2002                    A:00 X:07 Y:01 P:26 SP:8B
80A9  A9 00    LDA LDA #$00                     A:00 X:80 Y:01 P:A4 SP:8B
<L002> ×2
# sample:
# 80AB  20 E6 8E JSR JSR $8EE6                    A:00 X:80 Y:01 P:26 SP:8B
# 8EE6  8D 05 20 STA STA $2005                    A:00 X:80 Y:01 P:26 SP:89
80AE  8D 03 20 STA STA $2003                    A:00 X:80 Y:01 P:26 SP:8B
80B1  A9 02    LDA LDA #$02                     A:00 X:80 Y:01 P:26 SP:8B
80B3  8D 14 40 STA STA $4014                    A:02 X:80 Y:01 P:24 SP:8B
80B6  AE 73 07 LDX LDX $0773                    A:02 X:80 Y:01 P:24 SP:8B
80B9  BD 5A 80 LDA LDA $805A,X                  A:02 X:00 Y:01 P:26 SP:8B
<L001> ×2
# sample:
# 80BC  85 00    STA STA $00                      A:01 X:00 Y:01 P:24 SP:8B
80C1  85 01    STA STA $01                      A:03 X:00 Y:01 P:24 SP:8B
80C3  20 DD 8E JSR JSR $8EDD                    A:03 X:00 Y:01 P:24 SP:8B
<L005> ×2
# sample:
# 8EDD  AE 02 20 LDX LDX $2002                    A:03 X:00 Y:01 P:24 SP:89
# 8EE0  A0 00    LDY LDY #$00                     A:03 X:00 Y:01 P:26 SP:89
# 8EE2  B1 00    LDA LDA ($00),Y                  A:03 X:00 Y:00 P:26 SP:89
8EEC  60       RTS                              A:00 X:00 Y:00 P:26 SP:89
80C6  A0 00    LDY LDY #$00                     A:00 X:00 Y:00 P:26 SP:8B
80C8  AE 73 07 LDX LDX $0773                    A:00 X:00 Y:00 P:26 SP:8B
<L001> ×2
# sample:
# 80CB  E0 06    CPX CPX #$06                     A:00 X:00 Y:00 P:26 SP:8B
80D0  BE 80 80 LDX LDX $8080,Y                  A:00 X:00 Y:00 P:A4 SP:8B
80D3  A9 00    LDA LDA #$00                     A:00 X:00 Y:00 P:26 SP:8B
<L022> ×2
# sample:
# 80D5  9D 00 03 STA STA $0300,X                  A:00 X:00 Y:00 P:26 SP:8B
<L001> ×2
# sample:
# 80DB  8D 73 07 STA STA $0773                    A:00 X:00 Y:00 P:26 SP:8B
80E1  8D 01 20 STA STA $2001                    A:00 X:00 Y:00 P:26 SP:8B
80E4  20 D0 F2 JSR JSR $F2D0                    A:00 X:00 Y:00 P:26 SP:8B
F2D0  AD 70 07 LDA LDA $0770                    A:00 X:00 Y:00 P:26 SP:89
F2D3  D0 04    BNE BNE #$04                     A:00 X:00 Y:00 P:26 SP:89
F2D5  8D 15 40 STA STA $4015                    A:00 X:00 Y:00 P:26 SP:89
F2D8  60       RTS                              A:00 X:00 Y:00 P:26 SP:89
80E7  20 5C 8E JSR JSR $8E5C                    A:00 X:00 Y:00 P:26 SP:8B
8E5C  A9 01    LDA LDA #$01                     A:00 X:00 Y:00 P:26 SP:89
8E5E  8D 16 40 STA STA $4016                    A:01 X:00 Y:00 P:24 SP:89
8E61  4A       LSR A                            A:01 X:00 Y:00 P:24 SP:89
8E62  AA       TAX                              A:00 X:00 Y:00 P:27 SP:89
8E63  8D 16 40 STA STA $4016                    A:00 X:00 Y:00 P:27 SP:89
8E66  20 6A 8E JSR JSR $8E6A                    A:00 X:00 Y:00 P:27 SP:89
8E6A  A0 08    LDY LDY #$08                     A:00 X:00 Y:00 P:27 SP:87
[Repeated block (10 instrs)] ×8
8E6C  48       PHA                              A:00 X:00 Y:08 P:25 SP:87
8E6D  BD 16 40 LDA LDA $4016,X                  A:00 X:00 Y:08 P:25 SP:86
8E70  85 00    STA STA $00                      A:40 X:00 Y:08 P:25 SP:86
8E72  4A       LSR A                            A:40 X:00 Y:08 P:25 SP:86
8E73  05 00    ORA ORA $00                      A:20 X:00 Y:08 P:24 SP:86
8E75  4A       LSR A                            A:60 X:00 Y:08 P:24 SP:86
8E76  68       PLA                              A:30 X:00 Y:08 P:24 SP:86
8E77  2A       ROL A                            A:00 X:00 Y:08 P:26 SP:87
8E78  88       DEY                              A:00 X:00 Y:08 P:26 SP:87
8E79  D0 F1    BNE BNE #$F1                     A:00 X:00 Y:07 P:24 SP:87
8E7B  9D FC 06 STA STA $06FC,X                  A:00 X:00 Y:00 P:26 SP:87
8E7E  48       PHA                              A:00 X:00 Y:00 P:26 SP:87
8E7F  29 30    AND AND #$30                     A:00 X:00 Y:00 P:26 SP:86
8E81  3D 4A 07 AND AND $074A,X                  A:00 X:00 Y:00 P:26 SP:86
8E84  F0 07    BEQ BEQ #$07                     A:00 X:00 Y:00 P:26 SP:86
8E8D  68       PLA                              A:00 X:00 Y:00 P:26 SP:86
8E8E  9D 4A 07 STA STA $074A,X                  A:00 X:00 Y:00 P:26 SP:87
8E91  60       RTS                              A:00 X:00 Y:00 P:26 SP:87
8E69  E8       INX                              A:00 X:00 Y:00 P:26 SP:89
8E6A  A0 08    LDY LDY #$08                     A:00 X:01 Y:00 P:24 SP:89
[Repeated block (10 instrs)] ×8
8E6C  48       PHA                              A:00 X:01 Y:08 P:24 SP:89
8E6D  BD 16 40 LDA LDA $4016,X                  A:00 X:01 Y:08 P:24 SP:88
8E70  85 00    STA STA $00                      A:40 X:01 Y:08 P:24 SP:88
8E72  4A       LSR A                            A:40 X:01 Y:08 P:24 SP:88
8E73  05 00    ORA ORA $00                      A:20 X:01 Y:08 P:24 SP:88
8E75  4A       LSR A                            A:60 X:01 Y:08 P:24 SP:88
8E76  68       PLA                              A:30 X:01 Y:08 P:24 SP:88
8E77  2A       ROL A                            A:00 X:01 Y:08 P:26 SP:89
8E78  88       DEY                              A:00 X:01 Y:08 P:26 SP:89
8E79  D0 F1    BNE BNE #$F1                     A:00 X:01 Y:07 P:24 SP:89
8E7B  9D FC 06 STA STA $06FC,X                  A:00 X:01 Y:00 P:26 SP:89
8E7E  48       PHA                              A:00 X:01 Y:00 P:26 SP:89
8E7F  29 30    AND AND #$30                     A:00 X:01 Y:00 P:26 SP:88
8E81  3D 4A 07 AND AND $074A,X                  A:00 X:01 Y:00 P:26 SP:88
8E84  F0 07    BEQ BEQ #$07                     A:00 X:01 Y:00 P:26 SP:88
8E8D  68       PLA                              A:00 X:01 Y:00 P:26 SP:88
8E8E  9D 4A 07 STA STA $074A,X                  A:00 X:01 Y:00 P:26 SP:89
8E91  60       RTS                              A:00 X:01 Y:00 P:26 SP:89
80EA  20 82 81 JSR JSR $8182                    A:00 X:01 Y:00 P:26 SP:8B
8182  AD 70 07 LDA LDA $0770                    A:00 X:01 Y:00 P:26 SP:89
8185  C9 02    CMP CMP #$02                     A:00 X:01 Y:00 P:26 SP:89
8187  F0 0B    BEQ BEQ #$0B                     A:00 X:01 Y:00 P:A4 SP:89
8189  C9 01    CMP CMP #$01                     A:00 X:01 Y:00 P:A4 SP:89
818B  D0 38    BNE BNE #$38                     A:00 X:01 Y:00 P:A4 SP:89
81C5  60       RTS                              A:00 X:01 Y:00 P:A4 SP:89
80ED  20 97 8F JSR JSR $8F97                    A:00 X:01 Y:00 P:A4 SP:8B
8F97  A2 05    LDX LDX #$05                     A:00 X:01 Y:00 P:A4 SP:89
8F99  20 9E 8F JSR JSR $8F9E                    A:00 X:05 Y:00 P:24 SP:89
8F9E  A0 05    LDY LDY #$05                     A:00 X:05 Y:00 P:24 SP:87
8FA0  38       SEC                              A:00 X:05 Y:05 P:24 SP:87
[Repeated block (10 instrs)] ×3
<L010> ×2
# sample:
# 8FA1  BD DD 07 LDA LDA $07DD,X                  A:00 X:05 Y:05 P:25 SP:87
# 8FA4  F9 D7 07 SBC SBC $07D7,Y                  A:00 X:05 Y:05 P:27 SP:87
# 8FA7  CA       DEX                              A:00 X:05 Y:05 P:27 SP:87
# 8FA8  88       DEY                              A:00 X:04 Y:05 P:25 SP:87
# 8FA9  10 F6    BPL BPL #$F6                     A:00 X:04 Y:04 P:25 SP:87
# 8FA1  BD DD 07 LDA LDA $07DD,X                  A:00 X:04 Y:04 P:25 SP:87
8FAE  C8       INY                              A:00 X:00 Y:FF P:27 SP:87
[Repeated block (6 instrs)] ×6
<L005> ×2
# sample:
# 8FAF  BD DD 07 LDA LDA $07DD,X                  A:00 X:00 Y:00 P:27 SP:87
# 8FB2  99 D7 07 STA STA $07D7,Y                  A:00 X:00 Y:00 P:27 SP:87
# 8FB5  E8       INX                              A:00 X:00 Y:00 P:27 SP:87
8FBB  60       RTS                              A:00 X:06 Y:06 P:27 SP:87
8F9C  A2 0B    LDX LDX #$0B                     A:00 X:06 Y:06 P:27 SP:89
8F9E  A0 05    LDY LDY #$05                     A:00 X:0B Y:06 P:25 SP:89
8FA0  38       SEC                              A:00 X:0B Y:05 P:25 SP:89
[Repeated block (10 instrs)] ×3
<L010> ×2
# sample:
# 8FA1  BD DD 07 LDA LDA $07DD,X                  A:00 X:0B Y:05 P:25 SP:89
# 8FA4  F9 D7 07 SBC SBC $07D7,Y                  A:00 X:0B Y:05 P:27 SP:89
# 8FA7  CA       DEX                              A:00 X:0B Y:05 P:27 SP:89
# 8FA8  88       DEY                              A:00 X:0A Y:05 P:25 SP:89
# 8FA9  10 F6    BPL BPL #$F6                     A:00 X:0A Y:04 P:25 SP:89
# 8FA1  BD DD 07 LDA LDA $07DD,X                  A:00 X:0A Y:04 P:25 SP:89
8FAE  C8       INY                              A:00 X:06 Y:FF P:25 SP:89
[Repeated block (6 instrs)] ×6
<L005> ×2
# sample:
# 8FAF  BD DD 07 LDA LDA $07DD,X                  A:00 X:06 Y:00 P:27 SP:89
# 8FB2  99 D7 07 STA STA $07D7,Y                  A:00 X:06 Y:00 P:27 SP:89
# 8FB5  E8       INX                              A:00 X:06 Y:00 P:27 SP:89
8FBB  60       RTS                              A:00 X:0C Y:06 P:27 SP:89
80F0  AD 76 07 LDA LDA $0776                    A:00 X:0C Y:06 P:27 SP:8B
80F3  4A       LSR A                            A:00 X:0C Y:06 P:27 SP:8B
80F4  B0 25    BCS BCS #$25                     A:00 X:0C Y:06 P:26 SP:8B
80F6  AD 47 07 LDA LDA $0747                    A:00 X:0C Y:06 P:26 SP:8B
80F9  F0 05    BEQ BEQ #$05                     A:00 X:0C Y:06 P:26 SP:8B
8100  A2 14    LDX LDX #$14                     A:00 X:0C Y:06 P:26 SP:8B
8102  CE 7F 07 DEC DEC $077F                    A:00 X:14 Y:06 P:24 SP:8B
8105  10 07    BPL BPL #$07                     A:00 X:14 Y:06 P:24 SP:8B
[Repeated block (8 instrs)] ×10
<L016> ×3
# sample:
# 810E  BD 80 07 LDA LDA $0780,X                  A:00 X:14 Y:06 P:24 SP:8B
# 8111  F0 03    BEQ BEQ #$03                     A:00 X:14 Y:06 P:26 SP:8B
# 8116  CA       DEX                              A:00 X:14 Y:06 P:26 SP:8B
# 8117  10 F5    BPL BPL #$F5                     A:00 X:13 Y:06 P:24 SP:8B
8119  E6 09    INC INC $09                      A:00 X:FF Y:06 P:A4 SP:8B
811B  A2 00    LDX LDX #$00                     A:00 X:FF Y:06 P:24 SP:8B
811D  A0 07    LDY LDY #$07                     A:00 X:00 Y:06 P:26 SP:8B
811F  AD A7 07 LDA LDA $07A7                    A:00 X:00 Y:07 P:24 SP:8B
8122  29 02    AND AND #$02                     A:4A X:00 Y:07 P:24 SP:8B
8124  85 00    STA STA $00                      A:02 X:00 Y:07 P:24 SP:8B
8126  AD A8 07 LDA LDA $07A8                    A:02 X:00 Y:07 P:24 SP:8B
8129  29 02    AND AND #$02                     A:94 X:00 Y:07 P:A4 SP:8B
812B  45 00    EOR EOR $00                      A:00 X:00 Y:07 P:26 SP:8B
812D  18       CLC                              A:02 X:00 Y:07 P:24 SP:8B
812E  F0 01    BEQ BEQ #$01                     A:02 X:00 Y:07 P:24 SP:8B
8130  38       SEC                              A:02 X:00 Y:07 P:24 SP:8B
[Repeated block (8 instrs)] ×3
<L015> ×3
# sample:
# 8131  7E A7 07 ROR ROR $07A7,X                  A:02 X:00 Y:07 P:25 SP:8B
# 8134  E8       INX                              A:02 X:00 Y:07 P:A4 SP:8B
# 8135  88       DEY                              A:02 X:01 Y:07 P:24 SP:8B
# 8136  D0 F9    BNE BNE #$F9                     A:02 X:01 Y:06 P:24 SP:8B
8138  AD 22 07 LDA LDA $0722                    A:02 X:07 Y:00 P:26 SP:8B
813B  F0 1F    BEQ BEQ #$1F                     A:00 X:07 Y:00 P:26 SP:8B
<L023> ×2
# sample:
# 815C  AD 3F 07 LDA LDA $073F                    A:00 X:07 Y:00 P:26 SP:8B
# 815F  8D 05 20 STA STA $2005                    A:00 X:07 Y:00 P:26 SP:8B
8168  AD 78 07 LDA LDA $0778                    A:00 X:07 Y:00 P:26 SP:8B
816B  48       PHA                              A:10 X:07 Y:00 P:24 SP:8B
816C  8D 00 20 STA STA $2000                    A:10 X:07 Y:00 P:24 SP:8A
816F  AD 76 07 LDA LDA $0776                    A:10 X:07 Y:00 P:24 SP:8A
8172  4A       LSR A                            A:00 X:07 Y:00 P:26 SP:8A
8173  B0 03    BCS BCS #$03                     A:00 X:07 Y:00 P:26 SP:8A
8175  20 12 82 JSR JSR $8212                    A:00 X:07 Y:00 P:26 SP:8A
8212  AD 70 07 LDA LDA $0770                    A:00 X:07 Y:00 P:26 SP:88
8215  20 04 8E JSR JSR $8E04                    A:00 X:07 Y:00 P:26 SP:88
8E04  0A       ASL A                            A:00 X:07 Y:00 P:26 SP:86
8E05  A8       TAY                              A:00 X:07 Y:00 P:26 SP:86
<L006> ×2
# sample:
# 8E06  68       PLA                              A:00 X:07 Y:00 P:26 SP:86
# 8E07  85 04    STA STA $04                      A:17 X:07 Y:00 P:24 SP:87
<L007> ×2
# sample:
# 8E0C  C8       INY                              A:82 X:07 Y:00 P:A4 SP:88
# 8E0D  B1 04    LDA LDA ($04),Y                  A:82 X:07 Y:01 P:24 SP:88
# 8E0F  85 06    STA STA $06                      A:31 X:07 Y:01 P:24 SP:88
8E16  6C 06 00 JMP JMP ($0006)                  A:82 X:07 Y:02 P:A4 SP:88
8231  AD 72 07 LDA LDA $0772                    A:82 X:07 Y:02 P:A4 SP:88
8234  20 04 8E JSR JSR $8E04                    A:01 X:07 Y:02 P:24 SP:88
8E04  0A       ASL A                            A:01 X:07 Y:02 P:24 SP:86
8E05  A8       TAY                              A:02 X:07 Y:02 P:24 SP:86
<L006> ×2
# sample:
# 8E06  68       PLA                              A:02 X:07 Y:02 P:24 SP:86
# 8E07  85 04    STA STA $04                      A:36 X:07 Y:02 P:24 SP:87
<L007> ×2
# sample:
# 8E0C  C8       INY                              A:82 X:07 Y:02 P:A4 SP:88
# 8E0D  B1 04    LDA LDA ($04),Y                  A:82 X:07 Y:03 P:24 SP:88
# 8E0F  85 06    STA STA $06                      A:67 X:07 Y:03 P:24 SP:88
8E16  6C 06 00 JMP JMP ($0006)                  A:85 X:07 Y:04 P:A4 SP:88
8567  AD 3C 07 LDA LDA $073C                    A:85 X:07 Y:04 P:A4 SP:88
856A  20 04 8E JSR JSR $8E04                    A:06 X:07 Y:04 P:24 SP:88
8E04  0A       ASL A                            A:06 X:07 Y:04 P:24 SP:86
8E05  A8       TAY                              A:0C X:07 Y:04 P:24 SP:86
<L006> ×2
# sample:
# 8E06  68       PLA                              A:0C X:07 Y:0C P:24 SP:86
# 8E07  85 04    STA STA $04                      A:6C X:07 Y:0C P:24 SP:87
<L007> ×2
# sample:
# 8E0C  C8       INY                              A:85 X:07 Y:0C P:A4 SP:88
# 8E0D  B1 04    LDA LDA ($04),Y                  A:85 X:07 Y:0D P:24 SP:88
# 8E0F  85 06    STA STA $06                      A:A8 X:07 Y:0D P:A4 SP:88
8E16  6C 06 00 JMP JMP ($0006)                  A:86 X:07 Y:0E P:A4 SP:88
86A8  AD 70 07 LDA LDA $0770                    A:86 X:07 Y:0E P:A4 SP:88
86AB  F0 33    BEQ BEQ #$33                     A:00 X:07 Y:0E P:26 SP:88
86E0  A9 08    LDA LDA #$08                     A:00 X:07 Y:0E P:26 SP:88
86E2  8D 3C 07 STA STA $073C                    A:08 X:07 Y:0E P:24 SP:88
86E5  60       RTS                              A:08 X:07 Y:0E P:24 SP:88
8178  AD 02 20 LDA LDA $2002                    A:08 X:07 Y:0E P:24 SP:8A
817B  68       PLA                              A:00 X:07 Y:0E P:26 SP:8A
817C  09 80    ORA ORA #$80                     A:10 X:07 Y:0E P:24 SP:8B
817E  8D 00 20 STA STA $2000                    A:90 X:07 Y:0E P:A4 SP:8B
8181  40       RTI                              A:90 X:07 Y:0E P:A4 SP:8B
[Repeated block (6 instrs)] ×1071
<L026> ×2
# sample:
# FFF7  1E 1E 1F ASL ASL $1F1E,X                  A:90 X:07 Y:0E P:A4 SP:8E
# FFFA  82 80    *NOP *NOP #$80                   A:90 X:07 Y:0E P:26 SP:8E
# FFFC  00       BRK                              A:90 X:07 Y:0E P:26 SP:8E
# FFF0  19 19 1A ORA ORA $1A19,Y                  A:90 X:07 Y:0E P:26 SP:8B
# FFF3  1A       *NOP                             A:90 X:07 Y:0E P:A4 SP:8B
8082  AD 78 07 LDA LDA $0778                    A:90 X:07 Y:0E P:A4 SP:FB
<L011> ×2
# sample:
# 8085  29 7F    AND AND #$7F                     A:10 X:07 Y:0E P:24 SP:FB
# 8087  8D 78 07 STA STA $0778                    A:10 X:07 Y:0E P:24 SP:FB
808F  AD 79 07 LDA LDA $0779                    A:10 X:07 Y:0E P:24 SP:FB
8092  29 E6    AND AND #$E6                     A:00 X:07 Y:0E P:26 SP:FB
8094  AC 74 07 LDY LDY $0774                    A:00 X:07 Y:0E P:26 SP:FB
<L011> ×2
# sample:
# 8097  D0 05    BNE BNE #$05                     A:00 X:07 Y:01 P:24 SP:FB
# 809E  8D 79 07 STA STA $0779                    A:00 X:07 Y:01 P:24 SP:FB
80A6  AE 02 20 LDX LDX $2002                    A:00 X:07 Y:01 P:26 SP:FB
80A9  A9 00    LDA LDA #$00                     A:00 X:80 Y:01 P:A4 SP:FB
<L002> ×2
# sample:
# 80AB  20 E6 8E JSR JSR $8EE6                    A:00 X:80 Y:01 P:26 SP:FB
# 8EE6  8D 05 20 STA STA $2005                    A:00 X:80 Y:01 P:26 SP:F9
80AE  8D 03 20 STA STA $2003                    A:00 X:80 Y:01 P:26 SP:FB
80B1  A9 02    LDA LDA #$02                     A:00 X:80 Y:01 P:26 SP:FB
80B3  8D 14 40 STA STA $4014                    A:02 X:80 Y:01 P:24 SP:FB
80B6  AE 73 07 LDX LDX $0773                    A:02 X:80 Y:01 P:24 SP:FB
80B9  BD 5A 80 LDA LDA $805A,X                  A:02 X:00 Y:01 P:26 SP:FB
<L001> ×2
# sample:
# 80BC  85 00    STA STA $00                      A:01 X:00 Y:01 P:24 SP:FB
80C1  85 01    STA STA $01                      A:03 X:00 Y:01 P:24 SP:FB
80C3  20 DD 8E JSR JSR $8EDD                    A:03 X:00 Y:01 P:24 SP:FB
<L005> ×2
# sample:
# 8EDD  AE 02 20 LDX LDX $2002                    A:03 X:00 Y:01 P:24 SP:F9
# 8EE0  A0 00    LDY LDY #$00                     A:03 X:00 Y:01 P:26 SP:F9
# 8EE2  B1 00    LDA LDA ($00),Y                  A:03 X:00 Y:00 P:26 SP:F9
8EEC  60       RTS                              A:00 X:00 Y:00 P:26 SP:F9
80C6  A0 00    LDY LDY #$00                     A:00 X:00 Y:00 P:26 SP:FB
80C8  AE 73 07 LDX LDX $0773                    A:00 X:00 Y:00 P:26 SP:FB
<L001> ×2
# sample:
# 80CB  E0 06    CPX CPX #$06                     A:00 X:00 Y:00 P:26 SP:FB
80D0  BE 80 80 LDX LDX $8080,Y                  A:00 X:00 Y:00 P:A4 SP:FB
80D3  A9 00    LDA LDA #$00                     A:00 X:00 Y:00 P:26 SP:FB
<L022> ×2
# sample:
# 80D5  9D 00 03 STA STA $0300,X                  A:00 X:00 Y:00 P:26 SP:FB
<L001> ×2
# sample:
# 80DB  8D 73 07 STA STA $0773                    A:00 X:00 Y:00 P:26 SP:FB
80E1  8D 01 20 STA STA $2001                    A:00 X:00 Y:00 P:26 SP:FB
80E4  20 D0 F2 JSR JSR $F2D0                    A:00 X:00 Y:00 P:26 SP:FB
F2D0  AD 70 07 LDA LDA $0770                    A:00 X:00 Y:00 P:26 SP:F9
F2D3  D0 04    BNE BNE #$04                     A:00 X:00 Y:00 P:26 SP:F9
F2D5  8D 15 40 STA STA $4015                    A:00 X:00 Y:00 P:26 SP:F9
F2D8  60       RTS                              A:00 X:00 Y:00 P:26 SP:F9
80E7  20 5C 8E JSR JSR $8E5C                    A:00 X:00 Y:00 P:26 SP:FB
8E5C  A9 01    LDA LDA #$01                     A:00 X:00 Y:00 P:26 SP:F9
8E5E  8D 16 40 STA STA $4016                    A:01 X:00 Y:00 P:24 SP:F9
8E61  4A       LSR A                            A:01 X:00 Y:00 P:24 SP:F9
8E62  AA       TAX                              A:00 X:00 Y:00 P:27 SP:F9
8E63  8D 16 40 STA STA $4016                    A:00 X:00 Y:00 P:27 SP:F9
8E66  20 6A 8E JSR JSR $8E6A                    A:00 X:00 Y:00 P:27 SP:F9
8E6A  A0 08    LDY LDY #$08                     A:00 X:00 Y:00 P:27 SP:F7
[Repeated block (10 instrs)] ×8
8E6C  48       PHA                              A:00 X:00 Y:08 P:25 SP:F7
8E6D  BD 16 40 LDA LDA $4016,X                  A:00 X:00 Y:08 P:25 SP:F6
8E70  85 00    STA STA $00                      A:40 X:00 Y:08 P:25 SP:F6
8E72  4A       LSR A                            A:40 X:00 Y:08 P:25 SP:F6
8E73  05 00    ORA ORA $00                      A:20 X:00 Y:08 P:24 SP:F6
8E75  4A       LSR A                            A:60 X:00 Y:08 P:24 SP:F6
8E76  68       PLA                              A:30 X:00 Y:08 P:24 SP:F6
8E77  2A       ROL A                            A:00 X:00 Y:08 P:26 SP:F7
8E78  88       DEY                              A:00 X:00 Y:08 P:26 SP:F7
8E79  D0 F1    BNE BNE #$F1                     A:00 X:00 Y:07 P:24 SP:F7
8E7B  9D FC 06 STA STA $06FC,X                  A:00 X:00 Y:00 P:26 SP:F7
8E7E  48       PHA                              A:00 X:00 Y:00 P:26 SP:F7
8E7F  29 30    AND AND #$30                     A:00 X:00 Y:00 P:26 SP:F6
8E81  3D 4A 07 AND AND $074A,X                  A:00 X:00 Y:00 P:26 SP:F6
8E84  F0 07    BEQ BEQ #$07                     A:00 X:00 Y:00 P:26 SP:F6
8E8D  68       PLA                              A:00 X:00 Y:00 P:26 SP:F6
8E8E  9D 4A 07 STA STA $074A,X                  A:00 X:00 Y:00 P:26 SP:F7
8E91  60       RTS                              A:00 X:00 Y:00 P:26 SP:F7
8E69  E8       INX                              A:00 X:00 Y:00 P:26 SP:F9
8E6A  A0 08    LDY LDY #$08                     A:00 X:01 Y:00 P:24 SP:F9
[Repeated block (10 instrs)] ×8
8E6C  48       PHA                              A:00 X:01 Y:08 P:24 SP:F9
8E6D  BD 16 40 LDA LDA $4016,X                  A:00 X:01 Y:08 P:24 SP:F8
8E70  85 00    STA STA $00                      A:40 X:01 Y:08 P:24 SP:F8
8E72  4A       LSR A                            A:40 X:01 Y:08 P:24 SP:F8
8E73  05 00    ORA ORA $00                      A:20 X:01 Y:08 P:24 SP:F8
8E75  4A       LSR A                            A:60 X:01 Y:08 P:24 SP:F8
8E76  68       PLA                              A:30 X:01 Y:08 P:24 SP:F8
8E77  2A       ROL A                            A:00 X:01 Y:08 P:26 SP:F9
8E78  88       DEY                              A:00 X:01 Y:08 P:26 SP:F9
8E79  D0 F1    BNE BNE #$F1                     A:00 X:01 Y:07 P:24 SP:F9
8E7B  9D FC 06 STA STA $06FC,X                  A:00 X:01 Y:00 P:26 SP:F9
8E7E  48       PHA                              A:00 X:01 Y:00 P:26 SP:F9
8E7F  29 30    AND AND #$30                     A:00 X:01 Y:00 P:26 SP:F8
8E81  3D 4A 07 AND AND $074A,X                  A:00 X:01 Y:00 P:26 SP:F8
8E84  F0 07    BEQ BEQ #$07                     A:00 X:01 Y:00 P:26 SP:F8
8E8D  68       PLA                              A:00 X:01 Y:00 P:26 SP:F8
8E8E  9D 4A 07 STA STA $074A,X                  A:00 X:01 Y:00 P:26 SP:F9
8E91  60       RTS                              A:00 X:01 Y:00 P:26 SP:F9
80EA  20 82 81 JSR JSR $8182                    A:00 X:01 Y:00 P:26 SP:FB
8182  AD 70 07 LDA LDA $0770                    A:00 X:01 Y:00 P:26 SP:F9
8185  C9 02    CMP CMP #$02                     A:00 X:01 Y:00 P:26 SP:F9
8187  F0 0B    BEQ BEQ #$0B                     A:00 X:01 Y:00 P:A4 SP:F9
8189  C9 01    CMP CMP #$01                     A:00 X:01 Y:00 P:A4 SP:F9
818B  D0 38    BNE BNE #$38                     A:00 X:01 Y:00 P:A4 SP:F9
81C5  60       RTS                              A:00 X:01 Y:00 P:A4 SP:F9
80ED  20 97 8F JSR JSR $8F97                    A:00 X:01 Y:00 P:A4 SP:FB
8F97  A2 05    LDX LDX #$05                     A:00 X:01 Y:00 P:A4 SP:F9
8F99  20 9E 8F JSR JSR $8F9E                    A:00 X:05 Y:00 P:24 SP:F9
8F9E  A0 05    LDY LDY #$05                     A:00 X:05 Y:00 P:24 SP:F7
8FA0  38       SEC                              A:00 X:05 Y:05 P:24 SP:F7
[Repeated block (10 instrs)] ×3
<L010> ×2
# sample:
# 8FA1  BD DD 07 LDA LDA $07DD,X                  A:00 X:05 Y:05 P:25 SP:F7
# 8FA4  F9 D7 07 SBC SBC $07D7,Y                  A:00 X:05 Y:05 P:27 SP:F7
# 8FA7  CA       DEX                              A:00 X:05 Y:05 P:27 SP:F7
# 8FA8  88       DEY                              A:00 X:04 Y:05 P:25 SP:F7
# 8FA9  10 F6    BPL BPL #$F6                     A:00 X:04 Y:04 P:25 SP:F7
# 8FA1  BD DD 07 LDA LDA $07DD,X                  A:00 X:04 Y:04 P:25 SP:F7
8FAE  C8       INY                              A:00 X:00 Y:FF P:27 SP:F7
[Repeated block (6 instrs)] ×6
<L005> ×2
# sample:
# 8FAF  BD DD 07 LDA LDA $07DD,X                  A:00 X:00 Y:00 P:27 SP:F7
# 8FB2  99 D7 07 STA STA $07D7,Y                  A:00 X:00 Y:00 P:27 SP:F7
# 8FB5  E8       INX                              A:00 X:00 Y:00 P:27 SP:F7
8FBB  60       RTS                              A:00 X:06 Y:06 P:27 SP:F7
8F9C  A2 0B    LDX LDX #$0B                     A:00 X:06 Y:06 P:27 SP:F9
8F9E  A0 05    LDY LDY #$05                     A:00 X:0B Y:06 P:25 SP:F9
8FA0  38       SEC                              A:00 X:0B Y:05 P:25 SP:F9
[Repeated block (10 instrs)] ×3
<L010> ×2
# sample:
# 8FA1  BD DD 07 LDA LDA $07DD,X                  A:00 X:0B Y:05 P:25 SP:F9
# 8FA4  F9 D7 07 SBC SBC $07D7,Y                  A:00 X:0B Y:05 P:27 SP:F9
# 8FA7  CA       DEX                              A:00 X:0B Y:05 P:27 SP:F9
# 8FA8  88       DEY                              A:00 X:0A Y:05 P:25 SP:F9
# 8FA9  10 F6    BPL BPL #$F6                     A:00 X:0A Y:04 P:25 SP:F9
# 8FA1  BD DD 07 LDA LDA $07DD,X                  A:00 X:0A Y:04 P:25 SP:F9
8FAE  C8       INY                              A:00 X:06 Y:FF P:25 SP:F9
[Repeated block (6 instrs)] ×6
<L005> ×2
# sample:
# 8FAF  BD DD 07 LDA LDA $07DD,X                  A:00 X:06 Y:00 P:27 SP:F9
# 8FB2  99 D7 07 STA STA $07D7,Y                  A:00 X:06 Y:00 P:27 SP:F9
# 8FB5  E8       INX                              A:00 X:06 Y:00 P:27 SP:F9
8FBB  60       RTS                              A:00 X:0C Y:06 P:27 SP:F9
80F0  AD 76 07 LDA LDA $0776                    A:00 X:0C Y:06 P:27 SP:FB
80F3  4A       LSR A                            A:00 X:0C Y:06 P:27 SP:FB
80F4  B0 25    BCS BCS #$25                     A:00 X:0C Y:06 P:26 SP:FB
80F6  AD 47 07 LDA LDA $0747                    A:00 X:0C Y:06 P:26 SP:FB
80F9  F0 05    BEQ BEQ #$05                     A:00 X:0C Y:06 P:26 SP:FB
8100  A2 14    LDX LDX #$14                     A:00 X:0C Y:06 P:26 SP:FB
8102  CE 7F 07 DEC DEC $077F                    A:00 X:14 Y:06 P:24 SP:FB
8105  10 07    BPL BPL #$07                     A:00 X:14 Y:06 P:24 SP:FB
[Repeated block (8 instrs)] ×10
<L016> ×3
# sample:
# 810E  BD 80 07 LDA LDA $0780,X                  A:00 X:14 Y:06 P:24 SP:FB
# 8111  F0 03    BEQ BEQ #$03                     A:00 X:14 Y:06 P:26 SP:FB
# 8116  CA       DEX                              A:00 X:14 Y:06 P:26 SP:FB
# 8117  10 F5    BPL BPL #$F5                     A:00 X:13 Y:06 P:24 SP:FB
8119  E6 09    INC INC $09                      A:00 X:FF Y:06 P:A4 SP:FB
811B  A2 00    LDX LDX #$00                     A:00 X:FF Y:06 P:24 SP:FB
811D  A0 07    LDY LDY #$07                     A:00 X:00 Y:06 P:26 SP:FB
811F  AD A7 07 LDA LDA $07A7                    A:00 X:00 Y:07 P:24 SP:FB
8122  29 02    AND AND #$02                     A:A5 X:00 Y:07 P:A4 SP:FB
8124  85 00    STA STA $00                      A:00 X:00 Y:07 P:26 SP:FB
8126  AD A8 07 LDA LDA $07A8                    A:00 X:00 Y:07 P:26 SP:FB
8129  29 02    AND AND #$02                     A:4A X:00 Y:07 P:24 SP:FB
812B  45 00    EOR EOR $00                      A:02 X:00 Y:07 P:24 SP:FB
812D  18       CLC                              A:02 X:00 Y:07 P:24 SP:FB
812E  F0 01    BEQ BEQ #$01                     A:02 X:00 Y:07 P:24 SP:FB
8130  38       SEC                              A:02 X:00 Y:07 P:24 SP:FB
[Repeated block (8 instrs)] ×3
<L015> ×3
# sample:
# 8131  7E A7 07 ROR ROR $07A7,X                  A:02 X:00 Y:07 P:25 SP:FB
# 8134  E8       INX                              A:02 X:00 Y:07 P:A5 SP:FB
# 8135  88       DEY                              A:02 X:01 Y:07 P:25 SP:FB
# 8136  D0 F9    BNE BNE #$F9                     A:02 X:01 Y:06 P:25 SP:FB
8138  AD 22 07 LDA LDA $0722                    A:02 X:07 Y:00 P:26 SP:FB
813B  F0 1F    BEQ BEQ #$1F                     A:00 X:07 Y:00 P:26 SP:FB
<L023> ×2
# sample:
# 815C  AD 3F 07 LDA LDA $073F                    A:00 X:07 Y:00 P:26 SP:FB
# 815F  8D 05 20 STA STA $2005                    A:00 X:07 Y:00 P:26 SP:FB
8168  AD 78 07 LDA LDA $0778                    A:00 X:07 Y:00 P:26 SP:FB
816B  48       PHA                              A:10 X:07 Y:00 P:24 SP:FB
816C  8D 00 20 STA STA $2000                    A:10 X:07 Y:00 P:24 SP:FA
816F  AD 76 07 LDA LDA $0776                    A:10 X:07 Y:00 P:24 SP:FA
8172  4A       LSR A                            A:00 X:07 Y:00 P:26 SP:FA
8173  B0 03    BCS BCS #$03                     A:00 X:07 Y:00 P:26 SP:FA
8175  20 12 82 JSR JSR $8212                    A:00 X:07 Y:00 P:26 SP:FA
8212  AD 70 07 LDA LDA $0770                    A:00 X:07 Y:00 P:26 SP:F8
8215  20 04 8E JSR JSR $8E04                    A:00 X:07 Y:00 P:26 SP:F8
8E04  0A       ASL A                            A:00 X:07 Y:00 P:26 SP:F6
8E05  A8       TAY                              A:00 X:07 Y:00 P:26 SP:F6
<L006> ×2
# sample:
# 8E06  68       PLA                              A:00 X:07 Y:00 P:26 SP:F6
# 8E07  85 04    STA STA $04                      A:17 X:07 Y:00 P:24 SP:F7
<L007> ×2
# sample:
# 8E0C  C8       INY                              A:82 X:07 Y:00 P:A4 SP:F8
# 8E0D  B1 04    LDA LDA ($04),Y                  A:82 X:07 Y:01 P:24 SP:F8
# 8E0F  85 06    STA STA $06                      A:31 X:07 Y:01 P:24 SP:F8
8E16  6C 06 00 JMP JMP ($0006)                  A:82 X:07 Y:02 P:A4 SP:F8
8231  AD 72 07 LDA LDA $0772                    A:82 X:07 Y:02 P:A4 SP:F8
8234  20 04 8E JSR JSR $8E04                    A:01 X:07 Y:02 P:24 SP:F8
8E04  0A       ASL A                            A:01 X:07 Y:02 P:24 SP:F6
8E05  A8       TAY                              A:02 X:07 Y:02 P:24 SP:F6
<L006> ×2
# sample:
# 8E06  68       PLA                              A:02 X:07 Y:02 P:24 SP:F6
# 8E07  85 04    STA STA $04                      A:36 X:07 Y:02 P:24 SP:F7
<L007> ×2
# sample:
# 8E0C  C8       INY                              A:82 X:07 Y:02 P:A4 SP:F8
# 8E0D  B1 04    LDA LDA ($04),Y                  A:82 X:07 Y:03 P:24 SP:F8
# 8E0F  85 06    STA STA $06                      A:67 X:07 Y:03 P:24 SP:F8
8E16  6C 06 00 JMP JMP ($0006)                  A:85 X:07 Y:04 P:A4 SP:F8
8567  AD 3C 07 LDA LDA $073C                    A:85 X:07 Y:04 P:A4 SP:F8
856A  20 04 8E JSR JSR $8E04                    A:08 X:07 Y:04 P:24 SP:F8
8E04  0A       ASL A                            A:08 X:07 Y:04 P:24 SP:F6
8E05  A8       TAY                              A:10 X:07 Y:04 P:24 SP:F6
<L006> ×2
# sample:
# 8E06  68       PLA                              A:10 X:07 Y:10 P:24 SP:F6
# 8E07  85 04    STA STA $04                      A:6C X:07 Y:10 P:24 SP:F7
<L007> ×2
# sample:
# 8E0C  C8       INY                              A:85 X:07 Y:10 P:A4 SP:F8
# 8E0D  B1 04    LDA LDA ($04),Y                  A:85 X:07 Y:11 P:24 SP:F8
# 8E0F  85 06    STA STA $06                      A:E6 X:07 Y:11 P:A4 SP:F8
8E16  6C 06 00 JMP JMP ($0006)                  A:86 X:07 Y:12 P:A4 SP:F8
86E6  EE 74 07 INC INC $0774                    A:86 X:07 Y:12 P:A4 SP:F8
86E9  20 B0 92 JSR JSR $92B0                    A:86 X:07 Y:12 P:24 SP:F8
92B0  AC 1F 07 LDY LDY $071F                    A:86 X:07 Y:12 P:24 SP:F6
92B3  D0 05    BNE BNE #$05                     A:86 X:07 Y:00 P:26 SP:F6
92B5  A0 08    LDY LDY #$08                     A:86 X:07 Y:00 P:26 SP:F6
92B7  8C 1F 07 STY STY $071F                    A:86 X:07 Y:08 P:24 SP:F6
<L001> ×3
# sample:
# 92BA  88       DEY                              A:86 X:07 Y:08 P:24 SP:F6
92C8  20 04 8E JSR JSR $8E04                    A:07 X:07 Y:07 P:24 SP:F4
8E04  0A       ASL A                            A:07 X:07 Y:07 P:24 SP:F2
8E05  A8       TAY                              A:0E X:07 Y:07 P:24 SP:F2
<L006> ×2
# sample:
# 8E06  68       PLA                              A:0E X:07 Y:0E P:24 SP:F2
# 8E07  85 04    STA STA $04                      A:CA X:07 Y:0E P:A4 SP:F3
<L007> ×2
# sample:
# 8E0C  C8       INY                              A:92 X:07 Y:0E P:A4 SP:F4
# 8E0D  B1 04    LDA LDA ($04),Y                  A:92 X:07 Y:0F P:24 SP:F4
# 8E0F  85 06    STA STA $06                      A:FC X:07 Y:0F P:A4 SP:F4
8E16  6C 06 00 JMP JMP ($0006)                  A:93 X:07 Y:10 P:A4 SP:F4
<L001> ×2
# sample:
# 93FC  AD 28 07 LDA LDA $0728                    A:93 X:07 Y:10 P:A4 SP:F4
9404  A2 0C    LDX LDX #$0C                     A:00 X:07 Y:10 P:26 SP:F4
9406  A9 00    LDA LDA #$00                     A:00 X:0C Y:10 P:24 SP:F4
[Repeated block (9 instrs)] ×4
<L057> ×2
# sample:
# 9408  9D A1 06 STA STA $06A1,X                  A:00 X:0C Y:10 P:26 SP:F4
# 940B  CA       DEX                              A:00 X:0C Y:10 P:26 SP:F4
# 940C  10 FA    BPL BPL #$FA                     A:00 X:0B Y:10 P:24 SP:F4
# 9408  9D A1 06 STA STA $06A1,X                  A:00 X:0B Y:10 P:24 SP:F4
# 940B  CA       DEX                              A:00 X:0B Y:10 P:24 SP:F4
# 940C  10 FA    BPL BPL #$FA                     A:00 X:0A Y:10 P:24 SP:F4
940E  AC 42 07 LDY LDY $0742                    A:00 X:FF Y:10 P:A4 SP:F4
9411  F0 42    BEQ BEQ #$42                     A:00 X:FF Y:02 P:24 SP:F4
9413  AD 25 07 LDA LDA $0725                    A:00 X:FF Y:02 P:24 SP:F4
9416  C9 03    CMP CMP #$03                     A:00 X:FF Y:02 P:26 SP:F4
9418  30 05    BMI BMI #$05                     A:00 X:FF Y:02 P:A4 SP:F4
[Repeated block (2 instrs)] ×2
<L041> ×2
# sample:
# 941F  0A       ASL A                            A:00 X:FF Y:02 P:A4 SP:F4
9423  79 F6 92 ADC ADC $92F6,Y                  A:00 X:FF Y:02 P:26 SP:F4
9426  6D 26 07 ADC ADC $0726                    A:30 X:FF Y:02 P:24 SP:F4
9429  AA       TAX                              A:30 X:FF Y:02 P:24 SP:F4
942A  BD FA 92 LDA LDA $92FA,X                  A:30 X:30 Y:02 P:24 SP:F4
942D  F0 26    BEQ BEQ #$26                     A:97 X:30 Y:02 P:A4 SP:F4
942F  48       PHA                              A:97 X:30 Y:02 P:A4 SP:F4
9430  29 0F    AND AND #$0F                     A:97 X:30 Y:02 P:A4 SP:F3
9432  38       SEC                              A:07 X:30 Y:02 P:24 SP:F3
9433  E9 01    SBC SBC #$01                     A:07 X:30 Y:02 P:25 SP:F3
9435  85 00    STA STA $00                      A:06 X:30 Y:02 P:25 SP:F3
9437  0A       ASL A                            A:06 X:30 Y:02 P:25 SP:F3
9438  65 00    ADC ADC $00                      A:0C X:30 Y:02 P:24 SP:F3
943A  AA       TAX                              A:12 X:30 Y:02 P:24 SP:F3
943B  68       PLA                              A:12 X:12 Y:02 P:24 SP:F3
[Repeated block (2 instrs)] ×2
<L024> ×2
# sample:
# 943C  4A       LSR A                            A:97 X:12 Y:02 P:A4 SP:F4
9440  A8       TAY                              A:09 X:12 Y:02 P:24 SP:F4
9441  A9 03    LDA LDA #$03                     A:09 X:12 Y:09 P:24 SP:F4
9443  85 00    STA STA $00                      A:03 X:12 Y:09 P:24 SP:F4
9445  BD 8A 93 LDA LDA $938A,X                  A:03 X:12 Y:09 P:24 SP:F4
9448  99 A1 06 STA STA $06A1,Y                  A:00 X:12 Y:09 P:26 SP:F4
944B  E8       INX                              A:00 X:12 Y:09 P:26 SP:F4
944C  C8       INY                              A:00 X:13 Y:09 P:24 SP:F4
944D  C0 0B    CPY CPY #$0B                     A:00 X:13 Y:0A P:24 SP:F4
944F  F0 04    BEQ BEQ #$04                     A:00 X:13 Y:0A P:A4 SP:F4
9451  C6 00    DEC DEC $00                      A:00 X:13 Y:0A P:A4 SP:F4
9453  D0 F0    BNE BNE #$F0                     A:00 X:13 Y:0A P:24 SP:F4
9445  BD 8A 93 LDA LDA $938A,X                  A:00 X:13 Y:0A P:24 SP:F4
9448  99 A1 06 STA STA $06A1,Y                  A:05 X:13 Y:0A P:24 SP:F4
944B  E8       INX                              A:05 X:13 Y:0A P:24 SP:F4
944C  C8       INY                              A:05 X:14 Y:0A P:24 SP:F4
944D  C0 0B    CPY CPY #$0B                     A:05 X:14 Y:0B P:24 SP:F4
944F  F0 04    BEQ BEQ #$04                     A:05 X:14 Y:0B P:27 SP:F4
9455  AE 41 07 LDX LDX $0741                    A:05 X:14 Y:0B P:27 SP:F4
9458  F0 13    BEQ BEQ #$13                     A:05 X:00 Y:0B P:27 SP:F4
946D  AC 4E 07 LDY LDY $074E                    A:05 X:00 Y:0B P:27 SP:F4
9470  D0 0C    BNE BNE #$0C                     A:05 X:00 Y:01 P:25 SP:F4
947E  B9 D8 93 LDA LDA $93D8,Y                  A:05 X:00 Y:01 P:25 SP:F4
9481  AC 43 07 LDY LDY $0743                    A:54 X:00 Y:01 P:25 SP:F4
9484  F0 02    BEQ BEQ #$02                     A:54 X:00 Y:00 P:27 SP:F4
9488  85 07    STA STA $07                      A:54 X:00 Y:00 P:27 SP:F4
948A  A2 00    LDX LDX #$00                     A:54 X:00 Y:00 P:27 SP:F4
948C  AD 27 07 LDA LDA $0727                    A:54 X:00 Y:00 P:27 SP:F4
948F  0A       ASL A                            A:01 X:00 Y:00 P:25 SP:F4
9490  A8       TAY                              A:02 X:00 Y:00 P:24 SP:F4
9491  B9 DC 93 LDA LDA $93DC,Y                  A:02 X:00 Y:02 P:24 SP:F4
9494  85 00    STA STA $00                      A:00 X:00 Y:02 P:26 SP:F4
9496  C8       INY                              A:00 X:00 Y:02 P:26 SP:F4
9497  84 01    STY STY $01                      A:00 X:00 Y:03 P:24 SP:F4
9499  AD 43 07 LDA LDA $0743                    A:00 X:00 Y:03 P:24 SP:F4
949C  F0 0A    BEQ BEQ #$0A                     A:00 X:00 Y:03 P:26 SP:F4
94A8  A0 00    LDY LDY #$00                     A:00 X:00 Y:03 P:26 SP:F4
<L033> ×8
# sample:
# 94AA  B9 8A C6 LDA LDA $C68A,Y                  A:00 X:00 Y:00 P:26 SP:F4
# 94AD  24 00    BIT BIT $00                      A:01 X:00 Y:00 P:24 SP:F4
# 94AF  F0 05    BEQ BEQ #$05                     A:01 X:00 Y:00 P:26 SP:F4
# 94B6  E8       INX                              A:01 X:00 Y:00 P:26 SP:F4
# 94B7  E0 0D    CPX CPX #$0D                     A:01 X:01 Y:00 P:24 SP:F4
# 94B9  F0 18    BEQ BEQ #$18                     A:01 X:01 Y:00 P:A4 SP:F4
# 94BB  AD 4E 07 LDA LDA $074E                    A:01 X:01 Y:00 P:A4 SP:F4
# 94BE  C9 02    CMP CMP #$02                     A:01 X:01 Y:00 P:24 SP:F4
# 94C0  D0 08    BNE BNE #$08                     A:01 X:01 Y:00 P:A4 SP:F4
# 94CA  C8       INY                              A:01 X:01 Y:00 P:A4 SP:F4
# 94CB  C0 08    CPY CPY #$08                     A:01 X:01 Y:01 P:24 SP:F4
# 94CD  D0 DB    BNE BNE #$DB                     A:01 X:01 Y:01 P:A4 SP:F4
94CF  A4 01    LDY LDY $01                      A:01 X:08 Y:08 P:27 SP:F4
94D1  D0 BE    BNE BNE #$BE                     A:01 X:08 Y:03 P:25 SP:F4
9491  B9 DC 93 LDA LDA $93DC,Y                  A:01 X:08 Y:03 P:25 SP:F4
9494  85 00    STA STA $00                      A:18 X:08 Y:03 P:25 SP:F4
9496  C8       INY                              A:18 X:08 Y:03 P:25 SP:F4
9497  84 01    STY STY $01                      A:18 X:08 Y:04 P:25 SP:F4
9499  AD 43 07 LDA LDA $0743                    A:18 X:08 Y:04 P:25 SP:F4
949C  F0 0A    BEQ BEQ #$0A                     A:00 X:08 Y:04 P:27 SP:F4
94A8  A0 00    LDY LDY #$00                     A:00 X:08 Y:04 P:27 SP:F4
<L033> ×3
# sample:
# 94AA  B9 8A C6 LDA LDA $C68A,Y                  A:00 X:08 Y:00 P:27 SP:F4
# 94AD  24 00    BIT BIT $00                      A:01 X:08 Y:00 P:25 SP:F4
# 94AF  F0 05    BEQ BEQ #$05                     A:01 X:08 Y:00 P:27 SP:F4
# 94B6  E8       INX                              A:01 X:08 Y:00 P:27 SP:F4
# 94B7  E0 0D    CPX CPX #$0D                     A:01 X:09 Y:00 P:25 SP:F4
# 94B9  F0 18    BEQ BEQ #$18                     A:01 X:09 Y:00 P:A4 SP:F4
# 94BB  AD 4E 07 LDA LDA $074E                    A:01 X:09 Y:00 P:A4 SP:F4
# 94BE  C9 02    CMP CMP #$02                     A:01 X:09 Y:00 P:24 SP:F4
# 94C0  D0 08    BNE BNE #$08                     A:01 X:09 Y:00 P:A4 SP:F4
# 94CA  C8       INY                              A:01 X:09 Y:00 P:A4 SP:F4
# 94CB  C0 08    CPY CPY #$08                     A:01 X:09 Y:01 P:24 SP:F4
# 94CD  D0 DB    BNE BNE #$DB                     A:01 X:09 Y:01 P:A4 SP:F4
<L001> ×3
# sample:
# 94AA  B9 8A C6 LDA LDA $C68A,Y                  A:01 X:0B Y:03 P:A4 SP:F4
94B1  A5 07    LDA LDA $07                      A:08 X:0B Y:03 P:24 SP:F4
94B3  9D A1 06 STA STA $06A1,X                  A:54 X:0B Y:03 P:24 SP:F4
94B6  E8       INX                              A:54 X:0B Y:03 P:24 SP:F4
94B7  E0 0D    CPX CPX #$0D                     A:54 X:0C Y:03 P:24 SP:F4
94B9  F0 18    BEQ BEQ #$18                     A:54 X:0C Y:03 P:A4 SP:F4
<L001> ×2
# sample:
# 94BB  AD 4E 07 LDA LDA $074E                    A:54 X:0C Y:03 P:A4 SP:F4
94C0  D0 08    BNE BNE #$08                     A:01 X:0C Y:03 P:A4 SP:F4
<L005> ×2
# sample:
# 94CA  C8       INY                              A:01 X:0C Y:03 P:A4 SP:F4
# 94CB  C0 08    CPY CPY #$08                     A:01 X:0C Y:04 P:24 SP:F4
# 94CD  D0 DB    BNE BNE #$DB                     A:01 X:0C Y:04 P:A4 SP:F4
94B1  A5 07    LDA LDA $07                      A:10 X:0C Y:04 P:24 SP:F4
94B3  9D A1 06 STA STA $06A1,X                  A:54 X:0C Y:04 P:24 SP:F4
94B6  E8       INX                              A:54 X:0C Y:04 P:24 SP:F4
94B7  E0 0D    CPX CPX #$0D                     A:54 X:0D Y:04 P:24 SP:F4
94B9  F0 18    BEQ BEQ #$18                     A:54 X:0D Y:04 P:27 SP:F4
94D3  20 08 95 JSR JSR $9508                    A:54 X:0D Y:04 P:27 SP:F4
9508  A2 02    LDX LDX #$02                     A:54 X:0D Y:04 P:27 SP:F2
950A  86 08    STX STX $08                      A:54 X:02 Y:04 P:25 SP:F2
950C  A9 00    LDA LDA #$00                     A:54 X:02 Y:04 P:25 SP:F2
950E  8D 29 07 STA STA $0729                    A:00 X:02 Y:04 P:27 SP:F2
9511  AC 2C 07 LDY LDY $072C                    A:00 X:02 Y:04 P:27 SP:F2
9514  B1 E7    LDA LDA ($E7),Y                  A:00 X:02 Y:00 P:27 SP:F2
9516  C9 FD    CMP CMP #$FD                     A:07 X:02 Y:00 P:25 SP:F2
9518  F0 4B    BEQ BEQ #$4B                     A:07 X:02 Y:00 P:24 SP:F2
951A  BD 30 07 LDA LDA $0730,X                  A:07 X:02 Y:00 P:24 SP:F2
951D  10 46    BPL BPL #$46                     A:FF X:02 Y:00 P:A4 SP:F2
951F  C8       INY                              A:FF X:02 Y:00 P:A4 SP:F2
9520  B1 E7    LDA LDA ($E7),Y                  A:FF X:02 Y:01 P:24 SP:F2
9522  0A       ASL A                            A:81 X:02 Y:01 P:A4 SP:F2
9523  90 0B    BCC BCC #$0B                     A:02 X:02 Y:01 P:25 SP:F2
9525  AD 2B 07 LDA LDA $072B                    A:02 X:02 Y:01 P:25 SP:F2
9528  D0 06    BNE BNE #$06                     A:00 X:02 Y:01 P:27 SP:F2
<L047> ×2
# sample:
# 952A  EE 2B 07 INC INC $072B                    A:00 X:02 Y:01 P:27 SP:F2
9530  88       DEY                              A:00 X:02 Y:01 P:25 SP:F2
9531  B1 E7    LDA LDA ($E7),Y                  A:00 X:02 Y:00 P:27 SP:F2
<L042> ×2
# sample:
# 9533  29 0F    AND AND #$0F                     A:07 X:02 Y:00 P:25 SP:F2
# 9535  C9 0D    CMP CMP #$0D                     A:07 X:02 Y:00 P:25 SP:F2
9556  D0 05    BNE BNE #$05                     A:07 X:02 Y:00 P:A4 SP:F2
955D  AD 2A 07 LDA LDA $072A                    A:07 X:02 Y:00 P:A4 SP:F2
9560  CD 25 07 CMP CMP $0725                    A:01 X:02 Y:00 P:24 SP:F2
9563  90 06    BCC BCC #$06                     A:01 X:02 Y:00 P:25 SP:F2
9565  20 95 95 JSR JSR $9595                    A:01 X:02 Y:00 P:25 SP:F2
9595  BD 30 07 LDA LDA $0730,X                  A:01 X:02 Y:00 P:25 SP:F0
9598  30 03    BMI BMI #$03                     A:FF X:02 Y:00 P:A5 SP:F0
959D  A2 10    LDX LDX #$10                     A:FF X:02 Y:00 P:A5 SP:F0
959F  B1 E7    LDA LDA ($E7),Y                  A:FF X:10 Y:00 P:25 SP:F0
95A1  C9 FD    CMP CMP #$FD                     A:07 X:10 Y:00 P:25 SP:F0
95A3  F0 E3    BEQ BEQ #$E3                     A:07 X:10 Y:00 P:24 SP:F0
95A5  29 0F    AND AND #$0F                     A:07 X:10 Y:00 P:24 SP:F0
95A7  C9 0F    CMP CMP #$0F                     A:07 X:10 Y:00 P:24 SP:F0
95A9  F0 08    BEQ BEQ #$08                     A:07 X:10 Y:00 P:A4 SP:F0
<L001> ×3
# sample:
# 95AB  A2 08    LDX LDX #$08                     A:07 X:10 Y:00 P:A4 SP:F0
95B1  A2 00    LDX LDX #$00                     A:07 X:08 Y:00 P:A4 SP:F0
95B3  86 07    STX STX $07                      A:07 X:00 Y:00 P:26 SP:F0
95B5  A6 08    LDX LDX $08                      A:07 X:00 Y:00 P:26 SP:F0
<L043> ×2
# sample:
# 95B7  C9 0E    CMP CMP #$0E                     A:07 X:02 Y:00 P:24 SP:F0
# 95B9  D0 08    BNE BNE #$08                     A:07 X:02 Y:00 P:A4 SP:F0
95E2  C9 0C    CMP CMP #$0C                     A:07 X:02 Y:00 P:A4 SP:F0
95E4  B0 27    BCS BCS #$27                     A:07 X:02 Y:00 P:A4 SP:F0
95E6  C8       INY                              A:07 X:02 Y:00 P:A4 SP:F0
95E7  B1 E7    LDA LDA ($E7),Y                  A:07 X:02 Y:01 P:24 SP:F0
95E9  29 70    AND AND #$70                     A:81 X:02 Y:01 P:A4 SP:F0
<L001> ×3
# sample:
# 95EB  D0 0B    BNE BNE #$0B                     A:00 X:02 Y:01 P:26 SP:F0
95F1  B1 E7    LDA LDA ($E7),Y                  A:16 X:02 Y:01 P:24 SP:F0
95F3  29 0F    AND AND #$0F                     A:81 X:02 Y:01 P:A4 SP:F0
95F5  4C 16 96 JMP JMP $9616                    A:01 X:02 Y:01 P:24 SP:F0
9616  85 00    STA STA $00                      A:01 X:02 Y:01 P:24 SP:F0
9618  BD 30 07 LDA LDA $0730,X                  A:01 X:02 Y:01 P:24 SP:F0
961B  10 42    BPL BPL #$42                     A:FF X:02 Y:01 P:A4 SP:F0
961D  AD 2A 07 LDA LDA $072A                    A:FF X:02 Y:01 P:A4 SP:F0
9620  CD 25 07 CMP CMP $0725                    A:01 X:02 Y:01 P:24 SP:F0
9623  F0 11    BEQ BEQ #$11                     A:01 X:02 Y:01 P:25 SP:F0
9625  AC 2C 07 LDY LDY $072C                    A:01 X:02 Y:01 P:25 SP:F0
9628  B1 E7    LDA LDA ($E7),Y                  A:01 X:02 Y:00 P:27 SP:F0
962A  29 0F    AND AND #$0F                     A:07 X:02 Y:00 P:25 SP:F0
962C  C9 0E    CMP CMP #$0E                     A:07 X:02 Y:00 P:25 SP:F0
962E  D0 05    BNE BNE #$05                     A:07 X:02 Y:00 P:A4 SP:F0
9635  60       RTS                              A:07 X:02 Y:00 P:A4 SP:F0
9568  4C 71 95 JMP JMP $9571                    A:07 X:02 Y:00 P:A4 SP:F2
9571  A6 08    LDX LDX $08                      A:07 X:02 Y:00 P:A4 SP:F2
9573  BD 30 07 LDA LDA $0730,X                  A:07 X:02 Y:00 P:24 SP:F2
9576  30 03    BMI BMI #$03                     A:FF X:02 Y:00 P:A4 SP:F2
957B  CA       DEX                              A:FF X:02 Y:00 P:A4 SP:F2
957C  10 8C    BPL BPL #$8C                     A:FF X:01 Y:00 P:24 SP:F2
950A  86 08    STX STX $08                      A:FF X:01 Y:00 P:24 SP:F2
950C  A9 00    LDA LDA #$00                     A:FF X:01 Y:00 P:24 SP:F2
950E  8D 29 07 STA STA $0729                    A:00 X:01 Y:00 P:26 SP:F2
9511  AC 2C 07 LDY LDY $072C                    A:00 X:01 Y:00 P:26 SP:F2
9514  B1 E7    LDA LDA ($E7),Y                  A:00 X:01 Y:00 P:26 SP:F2
9516  C9 FD    CMP CMP #$FD                     A:07 X:01 Y:00 P:24 SP:F2
9518  F0 4B    BEQ BEQ #$4B                     A:07 X:01 Y:00 P:24 SP:F2
951A  BD 30 07 LDA LDA $0730,X                  A:07 X:01 Y:00 P:24 SP:F2
951D  10 46    BPL BPL #$46                     A:FF X:01 Y:00 P:A4 SP:F2
951F  C8       INY                              A:FF X:01 Y:00 P:A4 SP:F2
9520  B1 E7    LDA LDA ($E7),Y                  A:FF X:01 Y:01 P:24 SP:F2
9522  0A       ASL A                            A:81 X:01 Y:01 P:A4 SP:F2
9523  90 0B    BCC BCC #$0B                     A:02 X:01 Y:01 P:25 SP:F2
9525  AD 2B 07 LDA LDA $072B                    A:02 X:01 Y:01 P:25 SP:F2
9528  D0 06    BNE BNE #$06                     A:01 X:01 Y:01 P:25 SP:F2
9530  88       DEY                              A:01 X:01 Y:01 P:25 SP:F2
9531  B1 E7    LDA LDA ($E7),Y                  A:01 X:01 Y:00 P:27 SP:F2
<L042> ×2
# sample:
# 9533  29 0F    AND AND #$0F                     A:07 X:01 Y:00 P:25 SP:F2
# 9535  C9 0D    CMP CMP #$0D                     A:07 X:01 Y:00 P:25 SP:F2
9556  D0 05    BNE BNE #$05                     A:07 X:01 Y:00 P:A4 SP:F2
955D  AD 2A 07 LDA LDA $072A                    A:07 X:01 Y:00 P:A4 SP:F2
9560  CD 25 07 CMP CMP $0725                    A:01 X:01 Y:00 P:24 SP:F2
9563  90 06    BCC BCC #$06                     A:01 X:01 Y:00 P:25 SP:F2
9565  20 95 95 JSR JSR $9595                    A:01 X:01 Y:00 P:25 SP:F2
9595  BD 30 07 LDA LDA $0730,X                  A:01 X:01 Y:00 P:25 SP:F0
9598  30 03    BMI BMI #$03                     A:FF X:01 Y:00 P:A5 SP:F0
959D  A2 10    LDX LDX #$10                     A:FF X:01 Y:00 P:A5 SP:F0
959F  B1 E7    LDA LDA ($E7),Y                  A:FF X:10 Y:00 P:25 SP:F0
95A1  C9 FD    CMP CMP #$FD                     A:07 X:10 Y:00 P:25 SP:F0
95A3  F0 E3    BEQ BEQ #$E3                     A:07 X:10 Y:00 P:24 SP:F0
95A5  29 0F    AND AND #$0F                     A:07 X:10 Y:00 P:24 SP:F0
95A7  C9 0F    CMP CMP #$0F                     A:07 X:10 Y:00 P:24 SP:F0
95A9  F0 08    BEQ BEQ #$08                     A:07 X:10 Y:00 P:A4 SP:F0
<L001> ×3
# sample:
# 95AB  A2 08    LDX LDX #$08                     A:07 X:10 Y:00 P:A4 SP:F0
95B1  A2 00    LDX LDX #$00                     A:07 X:08 Y:00 P:A4 SP:F0
95B3  86 07    STX STX $07                      A:07 X:00 Y:00 P:26 SP:F0
95B5  A6 08    LDX LDX $08                      A:07 X:00 Y:00 P:26 SP:F0
<L043> ×2
# sample:
# 95B7  C9 0E    CMP CMP #$0E                     A:07 X:01 Y:00 P:24 SP:F0
# 95B9  D0 08    BNE BNE #$08                     A:07 X:01 Y:00 P:A4 SP:F0
95E2  C9 0C    CMP CMP #$0C                     A:07 X:01 Y:00 P:A4 SP:F0
95E4  B0 27    BCS BCS #$27                     A:07 X:01 Y:00 P:A4 SP:F0
95E6  C8       INY                              A:07 X:01 Y:00 P:A4 SP:F0
95E7  B1 E7    LDA LDA ($E7),Y                  A:07 X:01 Y:01 P:24 SP:F0
95E9  29 70    AND AND #$70                     A:81 X:01 Y:01 P:A4 SP:F0
<L001> ×3
# sample:
# 95EB  D0 0B    BNE BNE #$0B                     A:00 X:01 Y:01 P:26 SP:F0
95F1  B1 E7    LDA LDA ($E7),Y                  A:16 X:01 Y:01 P:24 SP:F0
95F3  29 0F    AND AND #$0F                     A:81 X:01 Y:01 P:A4 SP:F0
95F5  4C 16 96 JMP JMP $9616                    A:01 X:01 Y:01 P:24 SP:F0
9616  85 00    STA STA $00                      A:01 X:01 Y:01 P:24 SP:F0
9618  BD 30 07 LDA LDA $0730,X                  A:01 X:01 Y:01 P:24 SP:F0
961B  10 42    BPL BPL #$42                     A:FF X:01 Y:01 P:A4 SP:F0
961D  AD 2A 07 LDA LDA $072A                    A:FF X:01 Y:01 P:A4 SP:F0
9620  CD 25 07 CMP CMP $0725                    A:01 X:01 Y:01 P:24 SP:F0
9623  F0 11    BEQ BEQ #$11                     A:01 X:01 Y:01 P:25 SP:F0
9625  AC 2C 07 LDY LDY $072C                    A:01 X:01 Y:01 P:25 SP:F0
9628  B1 E7    LDA LDA ($E7),Y                  A:01 X:01 Y:00 P:27 SP:F0
962A  29 0F    AND AND #$0F                     A:07 X:01 Y:00 P:25 SP:F0
962C  C9 0E    CMP CMP #$0E                     A:07 X:01 Y:00 P:25 SP:F0
962E  D0 05    BNE BNE #$05                     A:07 X:01 Y:00 P:A4 SP:F0
9635  60       RTS                              A:07 X:01 Y:00 P:A4 SP:F0
9568  4C 71 95 JMP JMP $9571                    A:07 X:01 Y:00 P:A4 SP:F2
9571  A6 08    LDX LDX $08                      A:07 X:01 Y:00 P:A4 SP:F2
9573  BD 30 07 LDA LDA $0730,X                  A:07 X:01 Y:00 P:24 SP:F2
9576  30 03    BMI BMI #$03                     A:FF X:01 Y:00 P:A4 SP:F2
957B  CA       DEX                              A:FF X:01 Y:00 P:A4 SP:F2
957C  10 8C    BPL BPL #$8C                     A:FF X:00 Y:00 P:26 SP:F2
950A  86 08    STX STX $08                      A:FF X:00 Y:00 P:26 SP:F2
950C  A9 00    LDA LDA #$00                     A:FF X:00 Y:00 P:26 SP:F2
950E  8D 29 07 STA STA $0729                    A:00 X:00 Y:00 P:26 SP:F2
9511  AC 2C 07 LDY LDY $072C                    A:00 X:00 Y:00 P:26 SP:F2
9514  B1 E7    LDA LDA ($E7),Y                  A:00 X:00 Y:00 P:26 SP:F2
9516  C9 FD    CMP CMP #$FD                     A:07 X:00 Y:00 P:24 SP:F2
9518  F0 4B    BEQ BEQ #$4B                     A:07 X:00 Y:00 P:24 SP:F2
951A  BD 30 07 LDA LDA $0730,X                  A:07 X:00 Y:00 P:24 SP:F2
951D  10 46    BPL BPL #$46                     A:FF X:00 Y:00 P:A4 SP:F2
951F  C8       INY                              A:FF X:00 Y:00 P:A4 SP:F2
9520  B1 E7    LDA LDA ($E7),Y                  A:FF X:00 Y:01 P:24 SP:F2
9522  0A       ASL A                            A:81 X:00 Y:01 P:A4 SP:F2
9523  90 0B    BCC BCC #$0B                     A:02 X:00 Y:01 P:25 SP:F2
9525  AD 2B 07 LDA LDA $072B                    A:02 X:00 Y:01 P:25 SP:F2
9528  D0 06    BNE BNE #$06                     A:01 X:00 Y:01 P:25 SP:F2
9530  88       DEY                              A:01 X:00 Y:01 P:25 SP:F2
9531  B1 E7    LDA LDA ($E7),Y                  A:01 X:00 Y:00 P:27 SP:F2
<L042> ×2
# sample:
# 9533  29 0F    AND AND #$0F                     A:07 X:00 Y:00 P:25 SP:F2
# 9535  C9 0D    CMP CMP #$0D                     A:07 X:00 Y:00 P:25 SP:F2
9556  D0 05    BNE BNE #$05                     A:07 X:00 Y:00 P:A4 SP:F2
955D  AD 2A 07 LDA LDA $072A                    A:07 X:00 Y:00 P:A4 SP:F2
9560  CD 25 07 CMP CMP $0725                    A:01 X:00 Y:00 P:24 SP:F2
9563  90 06    BCC BCC #$06                     A:01 X:00 Y:00 P:25 SP:F2
9565  20 95 95 JSR JSR $9595                    A:01 X:00 Y:00 P:25 SP:F2
9595  BD 30 07 LDA LDA $0730,X                  A:01 X:00 Y:00 P:25 SP:F0
9598  30 03    BMI BMI #$03                     A:FF X:00 Y:00 P:A5 SP:F0
959D  A2 10    LDX LDX #$10                     A:FF X:00 Y:00 P:A5 SP:F0
959F  B1 E7    LDA LDA ($E7),Y                  A:FF X:10 Y:00 P:25 SP:F0
95A1  C9 FD    CMP CMP #$FD                     A:07 X:10 Y:00 P:25 SP:F0
95A3  F0 E3    BEQ BEQ #$E3                     A:07 X:10 Y:00 P:24 SP:F0
95A5  29 0F    AND AND #$0F                     A:07 X:10 Y:00 P:24 SP:F0
95A7  C9 0F    CMP CMP #$0F                     A:07 X:10 Y:00 P:24 SP:F0
95A9  F0 08    BEQ BEQ #$08                     A:07 X:10 Y:00 P:A4 SP:F0
<L001> ×3
# sample:
# 95AB  A2 08    LDX LDX #$08                     A:07 X:10 Y:00 P:A4 SP:F0
95B1  A2 00    LDX LDX #$00                     A:07 X:08 Y:00 P:A4 SP:F0
95B3  86 07    STX STX $07                      A:07 X:00 Y:00 P:26 SP:F0
95B5  A6 08    LDX LDX $08                      A:07 X:00 Y:00 P:26 SP:F0
<L043> ×2
# sample:
# 95B7  C9 0E    CMP CMP #$0E                     A:07 X:00 Y:00 P:26 SP:F0
# 95B9  D0 08    BNE BNE #$08                     A:07 X:00 Y:00 P:A4 SP:F0
95E2  C9 0C    CMP CMP #$0C                     A:07 X:00 Y:00 P:A4 SP:F0
95E4  B0 27    BCS BCS #$27                     A:07 X:00 Y:00 P:A4 SP:F0
95E6  C8       INY                              A:07 X:00 Y:00 P:A4 SP:F0
95E7  B1 E7    LDA LDA ($E7),Y                  A:07 X:00 Y:01 P:24 SP:F0
95E9  29 70    AND AND #$70                     A:81 X:00 Y:01 P:A4 SP:F0
<L001> ×3
# sample:
# 95EB  D0 0B    BNE BNE #$0B                     A:00 X:00 Y:01 P:26 SP:F0
95F1  B1 E7    LDA LDA ($E7),Y                  A:16 X:00 Y:01 P:24 SP:F0
95F3  29 0F    AND AND #$0F                     A:81 X:00 Y:01 P:A4 SP:F0
95F5  4C 16 96 JMP JMP $9616                    A:01 X:00 Y:01 P:24 SP:F0
9616  85 00    STA STA $00                      A:01 X:00 Y:01 P:24 SP:F0
9618  BD 30 07 LDA LDA $0730,X                  A:01 X:00 Y:01 P:24 SP:F0
961B  10 42    BPL BPL #$42                     A:FF X:00 Y:01 P:A4 SP:F0
961D  AD 2A 07 LDA LDA $072A                    A:FF X:00 Y:01 P:A4 SP:F0
9620  CD 25 07 CMP CMP $0725                    A:01 X:00 Y:01 P:24 SP:F0
9623  F0 11    BEQ BEQ #$11                     A:01 X:00 Y:01 P:25 SP:F0
9625  AC 2C 07 LDY LDY $072C                    A:01 X:00 Y:01 P:25 SP:F0
9628  B1 E7    LDA LDA ($E7),Y                  A:01 X:00 Y:00 P:27 SP:F0
962A  29 0F    AND AND #$0F                     A:07 X:00 Y:00 P:25 SP:F0
962C  C9 0E    CMP CMP #$0E                     A:07 X:00 Y:00 P:25 SP:F0
962E  D0 05    BNE BNE #$05                     A:07 X:00 Y:00 P:A4 SP:F0
9635  60       RTS                              A:07 X:00 Y:00 P:A4 SP:F0
9568  4C 71 95 JMP JMP $9571                    A:07 X:00 Y:00 P:A4 SP:F2
9571  A6 08    LDX LDX $08                      A:07 X:00 Y:00 P:A4 SP:F2
9573  BD 30 07 LDA LDA $0730,X                  A:07 X:00 Y:00 P:26 SP:F2
9576  30 03    BMI BMI #$03                     A:FF X:00 Y:00 P:A4 SP:F2
957B  CA       DEX                              A:FF X:00 Y:00 P:A4 SP:F2
957C  10 8C    BPL BPL #$8C                     A:FF X:FF Y:00 P:A4 SP:F2
<L058> ×2
# sample:
# 957E  AD 29 07 LDA LDA $0729                    A:FF X:FF Y:00 P:A4 SP:F2
# 9581  D0 85    BNE BNE #$85                     A:00 X:FF Y:00 P:26 SP:F2
9588  60       RTS                              A:00 X:FF Y:00 P:26 SP:F2
94D6  AD A0 06 LDA LDA $06A0                    A:00 X:FF Y:00 P:26 SP:F4
94D9  20 E1 9B JSR JSR $9BE1                    A:00 X:FF Y:00 P:26 SP:F4
9BE1  48       PHA                              A:00 X:FF Y:00 P:26 SP:F2
[Repeated block (2 instrs)] ×2
<L010> ×2
# sample:
# 9BE2  4A       LSR A                            A:00 X:FF Y:00 P:26 SP:F1
# 9BE3  4A       LSR A                            A:00 X:FF Y:00 P:26 SP:F1
# 9BE6  A8       TAY                              A:00 X:FF Y:00 P:26 SP:F1
# 9BE7  B9 DF 9B LDA LDA $9BDF,Y                  A:00 X:FF Y:00 P:26 SP:F1
# 9BEA  85 07    STA STA $07                      A:05 X:FF Y:00 P:24 SP:F1
# 9BEC  68       PLA                              A:05 X:FF Y:00 P:24 SP:F1
94DE  A0 00    LDY LDY #$00                     A:00 X:00 Y:00 P:26 SP:F4
94E0  84 00    STY STY $00                      A:00 X:00 Y:00 P:26 SP:F4
94E2  BD A1 06 LDA LDA $06A1,X                  A:00 X:00 Y:00 P:26 SP:F4
94E5  29 C0    AND AND #$C0                     A:00 X:00 Y:00 P:26 SP:F4
94E7  0A       ASL A                            A:00 X:00 Y:00 P:26 SP:F4
<L012> ×2
# sample:
# 94E8  2A       ROL A                            A:00 X:00 Y:00 P:26 SP:F4
<L001> ×3
# sample:
# 94EA  A8       TAY                              A:00 X:00 Y:00 P:26 SP:F4
94F1  B0 02    BCS BCS #$02                     A:00 X:00 Y:00 P:A4 SP:F4
94F3  A9 00    LDA LDA #$00                     A:00 X:00 Y:00 P:A4 SP:F4
94F5  A4 00    LDY LDY $00                      A:00 X:00 Y:00 P:26 SP:F4
94F7  91 06    STA STA ($06),Y                  A:00 X:00 Y:00 P:26 SP:F4
94F9  98       TYA                              A:00 X:00 Y:00 P:26 SP:F4
<L002> ×2
# sample:
# 94FA  18       CLC                              A:00 X:00 Y:00 P:26 SP:F4
# 94FB  69 10    ADC ADC #$10                     A:00 X:00 Y:00 P:26 SP:F4
94FF  E0 0D    CPX CPX #$0D                     A:10 X:01 Y:10 P:24 SP:F4
9501  90 DD    BCC BCC #$DD                     A:10 X:01 Y:10 P:A4 SP:F4
94E0  84 00    STY STY $00                      A:10 X:01 Y:10 P:A4 SP:F4
94E2  BD A1 06 LDA LDA $06A1,X                  A:10 X:01 Y:10 P:A4 SP:F4
94E5  29 C0    AND AND #$C0                     A:00 X:01 Y:10 P:26 SP:F4
94E7  0A       ASL A                            A:00 X:01 Y:10 P:26 SP:F4
<L012> ×2
# sample:
# 94E8  2A       ROL A                            A:00 X:01 Y:10 P:26 SP:F4
<L001> ×3
# sample:
# 94EA  A8       TAY                              A:00 X:01 Y:10 P:26 SP:F4
94F1  B0 02    BCS BCS #$02                     A:00 X:01 Y:00 P:A4 SP:F4
94F3  A9 00    LDA LDA #$00                     A:00 X:01 Y:00 P:A4 SP:F4
94F5  A4 00    LDY LDY $00                      A:00 X:01 Y:00 P:26 SP:F4
94F7  91 06    STA STA ($06),Y                  A:00 X:01 Y:10 P:24 SP:F4
94F9  98       TYA                              A:00 X:01 Y:10 P:24 SP:F4
<L002> ×2
# sample:
# 94FA  18       CLC                              A:10 X:01 Y:10 P:24 SP:F4
# 94FB  69 10    ADC ADC #$10                     A:10 X:01 Y:10 P:24 SP:F4
94FF  E0 0D    CPX CPX #$0D                     A:20 X:02 Y:20 P:24 SP:F4
9501  90 DD    BCC BCC #$DD                     A:20 X:02 Y:20 P:A4 SP:F4
94E0  84 00    STY STY $00                      A:20 X:02 Y:20 P:A4 SP:F4
94E2  BD A1 06 LDA LDA $06A1,X                  A:20 X:02 Y:20 P:A4 SP:F4
94E5  29 C0    AND AND #$C0                     A:00 X:02 Y:20 P:26 SP:F4
94E7  0A       ASL A                            A:00 X:02 Y:20 P:26 SP:F4
<L012> ×2
# sample:
# 94E8  2A       ROL A                            A:00 X:02 Y:20 P:26 SP:F4
<L001> ×3
# sample:
# 94EA  A8       TAY                              A:00 X:02 Y:20 P:26 SP:F4
94F1  B0 02    BCS BCS #$02                     A:00 X:02 Y:00 P:A4 SP:F4
94F3  A9 00    LDA LDA #$00                     A:00 X:02 Y:00 P:A4 SP:F4
94F5  A4 00    LDY LDY $00                      A:00 X:02 Y:00 P:26 SP:F4
94F7  91 06    STA STA ($06),Y                  A:00 X:02 Y:20 P:24 SP:F4
94F9  98       TYA                              A:00 X:02 Y:20 P:24 SP:F4
<L002> ×2
# sample:
# 94FA  18       CLC                              A:20 X:02 Y:20 P:24 SP:F4
# 94FB  69 10    ADC ADC #$10                     A:20 X:02 Y:20 P:24 SP:F4
94FF  E0 0D    CPX CPX #$0D                     A:30 X:03 Y:30 P:24 SP:F4
9501  90 DD    BCC BCC #$DD                     A:30 X:03 Y:30 P:A4 SP:F4
94E0  84 00    STY STY $00                      A:30 X:03 Y:30 P:A4 SP:F4
94E2  BD A1 06 LDA LDA $06A1,X                  A:30 X:03 Y:30 P:A4 SP:F4
94E5  29 C0    AND AND #$C0                     A:00 X:03 Y:30 P:26 SP:F4
94E7  0A       ASL A                            A:00 X:03 Y:30 P:26 SP:F4
<L012> ×2
# sample:
# 94E8  2A       ROL A                            A:00 X:03 Y:30 P:26 SP:F4
<L001> ×3
# sample:
# 94EA  A8       TAY                              A:00 X:03 Y:30 P:26 SP:F4
94F1  B0 02    BCS BCS #$02                     A:00 X:03 Y:00 P:A4 SP:F4
94F3  A9 00    LDA LDA #$00                     A:00 X:03 Y:00 P:A4 SP:F4
94F5  A4 00    LDY LDY $00                      A:00 X:03 Y:00 P:26 SP:F4
94F7  91 06    STA STA ($06),Y                  A:00 X:03 Y:30 P:24 SP:F4
94F9  98       TYA                              A:00 X:03 Y:30 P:24 SP:F4
<L002> ×2
# sample:
# 94FA  18       CLC                              A:30 X:03 Y:30 P:24 SP:F4
# 94FB  69 10    ADC ADC #$10                     A:30 X:03 Y:30 P:24 SP:F4
94FF  E0 0D    CPX CPX #$0D                     A:40 X:04 Y:40 P:24 SP:F4
9501  90 DD    BCC BCC #$DD                     A:40 X:04 Y:40 P:A4 SP:F4
94E0  84 00    STY STY $00                      A:40 X:04 Y:40 P:A4 SP:F4
94E2  BD A1 06 LDA LDA $06A1,X                  A:40 X:04 Y:40 P:A4 SP:F4
94E5  29 C0    AND AND #$C0                     A:00 X:04 Y:40 P:26 SP:F4
94E7  0A       ASL A                            A:00 X:04 Y:40 P:26 SP:F4
<L012> ×2
# sample:
# 94E8  2A       ROL A                            A:00 X:04 Y:40 P:26 SP:F4
<L001> ×3
# sample:
# 94EA  A8       TAY                              A:00 X:04 Y:40 P:26 SP:F4
94F1  B0 02    BCS BCS #$02                     A:00 X:04 Y:00 P:A4 SP:F4
94F3  A9 00    LDA LDA #$00                     A:00 X:04 Y:00 P:A4 SP:F4
94F5  A4 00    LDY LDY $00                      A:00 X:04 Y:00 P:26 SP:F4
94F7  91 06    STA STA ($06),Y                  A:00 X:04 Y:40 P:24 SP:F4
94F9  98       TYA                              A:00 X:04 Y:40 P:24 SP:F4
<L002> ×2
# sample:
# 94FA  18       CLC                              A:40 X:04 Y:40 P:24 SP:F4
# 94FB  69 10    ADC ADC #$10                     A:40 X:04 Y:40 P:24 SP:F4
94FF  E0 0D    CPX CPX #$0D                     A:50 X:05 Y:50 P:24 SP:F4
9501  90 DD    BCC BCC #$DD                     A:50 X:05 Y:50 P:A4 SP:F4
94E0  84 00    STY STY $00                      A:50 X:05 Y:50 P:A4 SP:F4
94E2  BD A1 06 LDA LDA $06A1,X                  A:50 X:05 Y:50 P:A4 SP:F4
94E5  29 C0    AND AND #$C0                     A:00 X:05 Y:50 P:26 SP:F4
94E7  0A       ASL A                            A:00 X:05 Y:50 P:26 SP:F4
<L012> ×2
# sample:
# 94E8  2A       ROL A                            A:00 X:05 Y:50 P:26 SP:F4
<L001> ×3
# sample:
# 94EA  A8       TAY                              A:00 X:05 Y:50 P:26 SP:F4
94F1  B0 02    BCS BCS #$02                     A:00 X:05 Y:00 P:A4 SP:F4
94F3  A9 00    LDA LDA #$00                     A:00 X:05 Y:00 P:A4 SP:F4
94F5  A4 00    LDY LDY $00                      A:00 X:05 Y:00 P:26 SP:F4
94F7  91 06    STA STA ($06),Y                  A:00 X:05 Y:50 P:24 SP:F4
94F9  98       TYA                              A:00 X:05 Y:50 P:24 SP:F4
<L002> ×2
# sample:
# 94FA  18       CLC                              A:50 X:05 Y:50 P:24 SP:F4
# 94FB  69 10    ADC ADC #$10                     A:50 X:05 Y:50 P:24 SP:F4
94FF  E0 0D    CPX CPX #$0D                     A:60 X:06 Y:60 P:24 SP:F4
9501  90 DD    BCC BCC #$DD                     A:60 X:06 Y:60 P:A4 SP:F4
94E0  84 00    STY STY $00                      A:60 X:06 Y:60 P:A4 SP:F4
94E2  BD A1 06 LDA LDA $06A1,X                  A:60 X:06 Y:60 P:A4 SP:F4
94E5  29 C0    AND AND #$C0                     A:00 X:06 Y:60 P:26 SP:F4
94E7  0A       ASL A                            A:00 X:06 Y:60 P:26 SP:F4
<L012> ×2
# sample:
# 94E8  2A       ROL A                            A:00 X:06 Y:60 P:26 SP:F4
<L001> ×3
# sample:
# 94EA  A8       TAY                              A:00 X:06 Y:60 P:26 SP:F4
94F1  B0 02    BCS BCS #$02                     A:00 X:06 Y:00 P:A4 SP:F4
94F3  A9 00    LDA LDA #$00                     A:00 X:06 Y:00 P:A4 SP:F4
94F5  A4 00    LDY LDY $00                      A:00 X:06 Y:00 P:26 SP:F4
94F7  91 06    STA STA ($06),Y                  A:00 X:06 Y:60 P:24 SP:F4
94F9  98       TYA                              A:00 X:06 Y:60 P:24 SP:F4
<L002> ×2
# sample:
# 94FA  18       CLC                              A:60 X:06 Y:60 P:24 SP:F4
# 94FB  69 10    ADC ADC #$10                     A:60 X:06 Y:60 P:24 SP:F4
94FF  E0 0D    CPX CPX #$0D                     A:70 X:07 Y:70 P:24 SP:F4
9501  90 DD    BCC BCC #$DD                     A:70 X:07 Y:70 P:A4 SP:F4
94E0  84 00    STY STY $00                      A:70 X:07 Y:70 P:A4 SP:F4
94E2  BD A1 06 LDA LDA $06A1,X                  A:70 X:07 Y:70 P:A4 SP:F4
94E5  29 C0    AND AND #$C0                     A:00 X:07 Y:70 P:26 SP:F4
94E7  0A       ASL A                            A:00 X:07 Y:70 P:26 SP:F4
<L012> ×2
# sample:
# 94E8  2A       ROL A                            A:00 X:07 Y:70 P:26 SP:F4
<L001> ×3
# sample:
# 94EA  A8       TAY                              A:00 X:07 Y:70 P:26 SP:F4
94F1  B0 02    BCS BCS #$02                     A:00 X:07 Y:00 P:A4 SP:F4
94F3  A9 00    LDA LDA #$00                     A:00 X:07 Y:00 P:A4 SP:F4
94F5  A4 00    LDY LDY $00                      A:00 X:07 Y:00 P:26 SP:F4
94F7  91 06    STA STA ($06),Y                  A:00 X:07 Y:70 P:24 SP:F4
94F9  98       TYA                              A:00 X:07 Y:70 P:24 SP:F4
<L002> ×2
# sample:
# 94FA  18       CLC                              A:70 X:07 Y:70 P:24 SP:F4
# 94FB  69 10    ADC ADC #$10                     A:70 X:07 Y:70 P:24 SP:F4
94FF  E0 0D    CPX CPX #$0D                     A:80 X:08 Y:80 P:64 SP:F4
9501  90 DD    BCC BCC #$DD                     A:80 X:08 Y:80 P:E4 SP:F4
94E0  84 00    STY STY $00                      A:80 X:08 Y:80 P:E4 SP:F4
94E2  BD A1 06 LDA LDA $06A1,X                  A:80 X:08 Y:80 P:E4 SP:F4
94E5  29 C0    AND AND #$C0                     A:00 X:08 Y:80 P:66 SP:F4
94E7  0A       ASL A                            A:00 X:08 Y:80 P:66 SP:F4
<L012> ×2
# sample:
# 94E8  2A       ROL A                            A:00 X:08 Y:80 P:66 SP:F4
<L001> ×3
# sample:
# 94EA  A8       TAY                              A:00 X:08 Y:80 P:66 SP:F4
94F1  B0 02    BCS BCS #$02                     A:00 X:08 Y:00 P:E4 SP:F4
94F3  A9 00    LDA LDA #$00                     A:00 X:08 Y:00 P:E4 SP:F4
94F5  A4 00    LDY LDY $00                      A:00 X:08 Y:00 P:66 SP:F4
94F7  91 06    STA STA ($06),Y                  A:00 X:08 Y:80 P:E4 SP:F4
94F9  98       TYA                              A:00 X:08 Y:80 P:E4 SP:F4
<L002> ×2
# sample:
# 94FA  18       CLC                              A:80 X:08 Y:80 P:E4 SP:F4
# 94FB  69 10    ADC ADC #$10                     A:80 X:08 Y:80 P:E4 SP:F4
94FF  E0 0D    CPX CPX #$0D                     A:90 X:09 Y:90 P:24 SP:F4
9501  90 DD    BCC BCC #$DD                     A:90 X:09 Y:90 P:A4 SP:F4
94E0  84 00    STY STY $00                      A:90 X:09 Y:90 P:A4 SP:F4
94E2  BD A1 06 LDA LDA $06A1,X                  A:90 X:09 Y:90 P:A4 SP:F4
94E5  29 C0    AND AND #$C0                     A:00 X:09 Y:90 P:26 SP:F4
94E7  0A       ASL A                            A:00 X:09 Y:90 P:26 SP:F4
<L012> ×2
# sample:
# 94E8  2A       ROL A                            A:00 X:09 Y:90 P:26 SP:F4
<L001> ×3
# sample:
# 94EA  A8       TAY                              A:00 X:09 Y:90 P:26 SP:F4
94F1  B0 02    BCS BCS #$02                     A:00 X:09 Y:00 P:A4 SP:F4
94F3  A9 00    LDA LDA #$00                     A:00 X:09 Y:00 P:A4 SP:F4
94F5  A4 00    LDY LDY $00                      A:00 X:09 Y:00 P:26 SP:F4
94F7  91 06    STA STA ($06),Y                  A:00 X:09 Y:90 P:A4 SP:F4
94F9  98       TYA                              A:00 X:09 Y:90 P:A4 SP:F4
<L002> ×2
# sample:
# 94FA  18       CLC                              A:90 X:09 Y:90 P:A4 SP:F4
# 94FB  69 10    ADC ADC #$10                     A:90 X:09 Y:90 P:A4 SP:F4
94FF  E0 0D    CPX CPX #$0D                     A:A0 X:0A Y:A0 P:24 SP:F4
9501  90 DD    BCC BCC #$DD                     A:A0 X:0A Y:A0 P:A4 SP:F4
94E0  84 00    STY STY $00                      A:A0 X:0A Y:A0 P:A4 SP:F4
94E2  BD A1 06 LDA LDA $06A1,X                  A:A0 X:0A Y:A0 P:A4 SP:F4
94E5  29 C0    AND AND #$C0                     A:05 X:0A Y:A0 P:24 SP:F4
94E7  0A       ASL A                            A:00 X:0A Y:A0 P:26 SP:F4
<L012> ×2
# sample:
# 94E8  2A       ROL A                            A:00 X:0A Y:A0 P:26 SP:F4
<L001> ×3
# sample:
# 94EA  A8       TAY                              A:00 X:0A Y:A0 P:26 SP:F4
94F1  B0 02    BCS BCS #$02                     A:05 X:0A Y:00 P:A4 SP:F4
94F3  A9 00    LDA LDA #$00                     A:05 X:0A Y:00 P:A4 SP:F4
94F5  A4 00    LDY LDY $00                      A:00 X:0A Y:00 P:26 SP:F4
94F7  91 06    STA STA ($06),Y                  A:00 X:0A Y:A0 P:A4 SP:F4
94F9  98       TYA                              A:00 X:0A Y:A0 P:A4 SP:F4
<L002> ×2
# sample:
# 94FA  18       CLC                              A:A0 X:0A Y:A0 P:A4 SP:F4
# 94FB  69 10    ADC ADC #$10                     A:A0 X:0A Y:A0 P:A4 SP:F4
94FF  E0 0D    CPX CPX #$0D                     A:B0 X:0B Y:B0 P:24 SP:F4
9501  90 DD    BCC BCC #$DD                     A:B0 X:0B Y:B0 P:A4 SP:F4
94E0  84 00    STY STY $00                      A:B0 X:0B Y:B0 P:A4 SP:F4
94E2  BD A1 06 LDA LDA $06A1,X                  A:B0 X:0B Y:B0 P:A4 SP:F4
94E5  29 C0    AND AND #$C0                     A:54 X:0B Y:B0 P:24 SP:F4
94E7  0A       ASL A                            A:40 X:0B Y:B0 P:24 SP:F4
<L012> ×2
# sample:
# 94E8  2A       ROL A                            A:80 X:0B Y:B0 P:A4 SP:F4
<L001> ×3
# sample:
# 94EA  A8       TAY                              A:01 X:0B Y:B0 P:24 SP:F4
94F1  B0 02    BCS BCS #$02                     A:54 X:0B Y:01 P:25 SP:F4
94F5  A4 00    LDY LDY $00                      A:54 X:0B Y:01 P:25 SP:F4
94F7  91 06    STA STA ($06),Y                  A:54 X:0B Y:B0 P:A5 SP:F4
94F9  98       TYA                              A:54 X:0B Y:B0 P:A5 SP:F4
<L002> ×2
# sample:
# 94FA  18       CLC                              A:B0 X:0B Y:B0 P:A5 SP:F4
# 94FB  69 10    ADC ADC #$10                     A:B0 X:0B Y:B0 P:A4 SP:F4
94FF  E0 0D    CPX CPX #$0D                     A:C0 X:0C Y:C0 P:24 SP:F4
9501  90 DD    BCC BCC #$DD                     A:C0 X:0C Y:C0 P:A4 SP:F4
94E0  84 00    STY STY $00                      A:C0 X:0C Y:C0 P:A4 SP:F4
94E2  BD A1 06 LDA LDA $06A1,X                  A:C0 X:0C Y:C0 P:A4 SP:F4
94E5  29 C0    AND AND #$C0                     A:54 X:0C Y:C0 P:24 SP:F4
94E7  0A       ASL A                            A:40 X:0C Y:C0 P:24 SP:F4
<L012> ×2
# sample:
# 94E8  2A       ROL A                            A:80 X:0C Y:C0 P:A4 SP:F4
<L001> ×3
# sample:
# 94EA  A8       TAY                              A:01 X:0C Y:C0 P:24 SP:F4
94F1  B0 02    BCS BCS #$02                     A:54 X:0C Y:01 P:25 SP:F4
94F5  A4 00    LDY LDY $00                      A:54 X:0C Y:01 P:25 SP:F4
94F7  91 06    STA STA ($06),Y                  A:54 X:0C Y:C0 P:A5 SP:F4
94F9  98       TYA                              A:54 X:0C Y:C0 P:A5 SP:F4
<L002> ×2
# sample:
# 94FA  18       CLC                              A:C0 X:0C Y:C0 P:A5 SP:F4
# 94FB  69 10    ADC ADC #$10                     A:C0 X:0C Y:C0 P:A4 SP:F4
94FF  E0 0D    CPX CPX #$0D                     A:D0 X:0D Y:D0 P:24 SP:F4
9501  90 DD    BCC BCC #$DD                     A:D0 X:0D Y:D0 P:27 SP:F4
9503  60       RTS                              A:D0 X:0D Y:D0 P:27 SP:F4
92BF  CE 1F 07 DEC DEC $071F                    A:D0 X:0D Y:D0 P:27 SP:F6
92C2  D0 03    BNE BNE #$03                     A:D0 X:0D Y:D0 P:25 SP:F6
92C7  60       RTS                              A:D0 X:0D Y:D0 P:25 SP:F6
<L001> ×2
# sample:
# 86EC  AD 1F 07 LDA LDA $071F                    A:D0 X:0D Y:D0 P:25 SP:F8
86E9  20 B0 92 JSR JSR $92B0                    A:07 X:0D Y:D0 P:25 SP:F8
92B0  AC 1F 07 LDY LDY $071F                    A:07 X:0D Y:D0 P:25 SP:F6
92B3  D0 05    BNE BNE #$05                     A:07 X:0D Y:07 P:25 SP:F6
<L001> ×3
# sample:
# 92BA  88       DEY                              A:07 X:0D Y:07 P:25 SP:F6
92C8  20 04 8E JSR JSR $8E04                    A:06 X:0D Y:06 P:25 SP:F4
8E04  0A       ASL A                            A:06 X:0D Y:06 P:25 SP:F2
8E05  A8       TAY                              A:0C X:0D Y:06 P:24 SP:F2
<L006> ×2
# sample:
# 8E06  68       PLA                              A:0C X:0D Y:0C P:24 SP:F2
# 8E07  85 04    STA STA $04                      A:CA X:0D Y:0C P:A4 SP:F3
<L007> ×2
# sample:
# 8E0C  C8       INY                              A:92 X:0D Y:0C P:A4 SP:F4
# 8E0D  B1 04    LDA LDA ($04),Y                  A:92 X:0D Y:0D P:24 SP:F4
# 8E0F  85 06    STA STA $06                      A:AE X:0D Y:0D P:A4 SP:F4
8E16  6C 06 00 JMP JMP ($0006)                  A:88 X:0D Y:0E P:A4 SP:F4
88AE  AD 26 07 LDA LDA $0726                    A:88 X:0D Y:0E P:A4 SP:F4
88B1  29 01    AND AND #$01                     A:00 X:0D Y:0E P:26 SP:F4
88B3  85 05    STA STA $05                      A:00 X:0D Y:0E P:26 SP:F4
88B5  AC 40 03 LDY LDY $0340                    A:00 X:0D Y:0E P:26 SP:F4
88B8  84 00    STY STY $00                      A:00 X:0D Y:00 P:26 SP:F4
<L001> ×2
# sample:
# 88BA  AD 21 07 LDA LDA $0721                    A:00 X:0D Y:00 P:26 SP:F4
88C0  AD 20 07 LDA LDA $0720                    A:80 X:0D Y:00 P:A4 SP:F4
88C3  99 41 03 STA STA $0341,Y                  A:20 X:0D Y:00 P:24 SP:F4
88C6  A9 9A    LDA LDA #$9A                     A:20 X:0D Y:00 P:24 SP:F4
88C8  99 43 03 STA STA $0343,Y                  A:9A X:0D Y:00 P:A4 SP:F4
<L001> ×3
# sample:
# 88CB  A9 00    LDA LDA #$00                     A:9A X:0D Y:00 P:A4 SP:F4
88D0  86 01    STX STX $01                      A:00 X:00 Y:00 P:26 SP:F4
88D2  BD A1 06 LDA LDA $06A1,X                  A:00 X:00 Y:00 P:26 SP:F4
88D5  29 C0    AND AND #$C0                     A:00 X:00 Y:00 P:26 SP:F4
88D7  85 03    STA STA $03                      A:00 X:00 Y:00 P:26 SP:F4
88D9  0A       ASL A                            A:00 X:00 Y:00 P:26 SP:F4
<L002> ×2
# sample:
# 88DA  2A       ROL A                            A:00 X:00 Y:00 P:26 SP:F4
# 88DB  2A       ROL A                            A:00 X:00 Y:00 P:26 SP:F4
88E0  85 06    STA STA $06                      A:10 X:00 Y:00 P:24 SP:F4
88E2  B9 0C 8B LDA LDA $8B0C,Y                  A:10 X:00 Y:00 P:24 SP:F4
88E5  85 07    STA STA $07                      A:8B X:00 Y:00 P:A4 SP:F4
88E7  BD A1 06 LDA LDA $06A1,X                  A:8B X:00 Y:00 P:A4 SP:F4
<L002> ×2
# sample:
# 88EA  0A       ASL A                            A:00 X:00 Y:00 P:26 SP:F4
# 88EB  0A       ASL A                            A:00 X:00 Y:00 P:26 SP:F4
88F1  29 01    AND AND #$01                     A:07 X:00 Y:00 P:24 SP:F4
88F3  49 01    EOR EOR #$01                     A:01 X:00 Y:00 P:24 SP:F4
88F5  0A       ASL A                            A:00 X:00 Y:00 P:26 SP:F4
88F6  65 02    ADC ADC $02                      A:00 X:00 Y:00 P:26 SP:F4
88F8  A8       TAY                              A:00 X:00 Y:00 P:26 SP:F4
88F9  A6 00    LDX LDX $00                      A:00 X:00 Y:00 P:26 SP:F4
<L001> ×2
# sample:
# 88FB  B1 06    LDA LDA ($06),Y                  A:00 X:00 Y:00 P:26 SP:F4
8900  C8       INY                              A:24 X:00 Y:00 P:24 SP:F4
8901  B1 06    LDA LDA ($06),Y                  A:24 X:00 Y:01 P:24 SP:F4
8903  9D 45 03 STA STA $0345,X                  A:24 X:00 Y:01 P:24 SP:F4
8906  A4 04    LDY LDY $04                      A:24 X:00 Y:01 P:24 SP:F4
8908  A5 05    LDA LDA $05                      A:24 X:00 Y:00 P:26 SP:F4
890A  D0 0E    BNE BNE #$0E                     A:00 X:00 Y:00 P:26 SP:F4
890C  A5 01    LDA LDA $01                      A:00 X:00 Y:00 P:26 SP:F4
890E  4A       LSR A                            A:00 X:00 Y:00 P:26 SP:F4
890F  B0 19    BCS BCS #$19                     A:00 X:00 Y:00 P:26 SP:F4
<L019> ×3
# sample:
# 8911  26 03    ROL ROL $03                      A:00 X:00 Y:00 P:26 SP:F4
8917  4C 30 89 JMP JMP $8930                    A:00 X:00 Y:00 P:26 SP:F4
8930  B9 F9 03 LDA LDA $03F9,Y                  A:00 X:00 Y:00 P:26 SP:F4
8933  05 03    ORA ORA $03                      A:00 X:00 Y:00 P:26 SP:F4
8935  99 F9 03 STA STA $03F9,Y                  A:00 X:00 Y:00 P:26 SP:F4
<L009> ×2
# sample:
# 8938  E6 00    INC INC $00                      A:00 X:00 Y:00 P:26 SP:F4
893C  A6 01    LDX LDX $01                      A:00 X:00 Y:00 P:24 SP:F4
893E  E8       INX                              A:00 X:00 Y:00 P:26 SP:F4
893F  E0 0D    CPX CPX #$0D                     A:00 X:01 Y:00 P:24 SP:F4
8941  90 8D    BCC BCC #$8D                     A:00 X:01 Y:00 P:A4 SP:F4
88D0  86 01    STX STX $01                      A:00 X:01 Y:00 P:A4 SP:F4
88D2  BD A1 06 LDA LDA $06A1,X                  A:00 X:01 Y:00 P:A4 SP:F4
88D5  29 C0    AND AND #$C0                     A:00 X:01 Y:00 P:26 SP:F4
88D7  85 03    STA STA $03                      A:00 X:01 Y:00 P:26 SP:F4
88D9  0A       ASL A                            A:00 X:01 Y:00 P:26 SP:F4
<L002> ×2
# sample:
# 88DA  2A       ROL A                            A:00 X:01 Y:00 P:26 SP:F4
# 88DB  2A       ROL A                            A:00 X:01 Y:00 P:26 SP:F4
88E0  85 06    STA STA $06                      A:10 X:01 Y:00 P:24 SP:F4
88E2  B9 0C 8B LDA LDA $8B0C,Y                  A:10 X:01 Y:00 P:24 SP:F4
88E5  85 07    STA STA $07                      A:8B X:01 Y:00 P:A4 SP:F4
88E7  BD A1 06 LDA LDA $06A1,X                  A:8B X:01 Y:00 P:A4 SP:F4
<L002> ×2
# sample:
# 88EA  0A       ASL A                            A:00 X:01 Y:00 P:26 SP:F4
# 88EB  0A       ASL A                            A:00 X:01 Y:00 P:26 SP:F4
88F1  29 01    AND AND #$01                     A:07 X:01 Y:00 P:24 SP:F4
88F3  49 01    EOR EOR #$01                     A:01 X:01 Y:00 P:24 SP:F4
88F5  0A       ASL A                            A:00 X:01 Y:00 P:26 SP:F4
88F6  65 02    ADC ADC $02                      A:00 X:01 Y:00 P:26 SP:F4
88F8  A8       TAY                              A:00 X:01 Y:00 P:26 SP:F4
88F9  A6 00    LDX LDX $00                      A:00 X:01 Y:00 P:26 SP:F4
<L001> ×2
# sample:
# 88FB  B1 06    LDA LDA ($06),Y                  A:00 X:02 Y:00 P:24 SP:F4
8900  C8       INY                              A:24 X:02 Y:00 P:24 SP:F4
8901  B1 06    LDA LDA ($06),Y                  A:24 X:02 Y:01 P:24 SP:F4
8903  9D 45 03 STA STA $0345,X                  A:24 X:02 Y:01 P:24 SP:F4
8906  A4 04    LDY LDY $04                      A:24 X:02 Y:01 P:24 SP:F4
8908  A5 05    LDA LDA $05                      A:24 X:02 Y:00 P:26 SP:F4
890A  D0 0E    BNE BNE #$0E                     A:00 X:02 Y:00 P:26 SP:F4
890C  A5 01    LDA LDA $01                      A:00 X:02 Y:00 P:26 SP:F4
890E  4A       LSR A                            A:01 X:02 Y:00 P:24 SP:F4
890F  B0 19    BCS BCS #$19                     A:00 X:02 Y:00 P:27 SP:F4
<L014> ×2
# sample:
# 892A  46 03    LSR LSR $03                      A:00 X:02 Y:00 P:27 SP:F4
892E  E6 04    INC INC $04                      A:00 X:02 Y:00 P:26 SP:F4
8930  B9 F9 03 LDA LDA $03F9,Y                  A:00 X:02 Y:00 P:24 SP:F4
8933  05 03    ORA ORA $03                      A:00 X:02 Y:00 P:26 SP:F4
8935  99 F9 03 STA STA $03F9,Y                  A:00 X:02 Y:00 P:26 SP:F4
<L009> ×2
# sample:
# 8938  E6 00    INC INC $00                      A:00 X:02 Y:00 P:26 SP:F4
893C  A6 01    LDX LDX $01                      A:00 X:02 Y:00 P:24 SP:F4
893E  E8       INX                              A:00 X:01 Y:00 P:24 SP:F4
893F  E0 0D    CPX CPX #$0D                     A:00 X:02 Y:00 P:24 SP:F4
8941  90 8D    BCC BCC #$8D                     A:00 X:02 Y:00 P:A4 SP:F4
88D0  86 01    STX STX $01                      A:00 X:02 Y:00 P:A4 SP:F4
88D2  BD A1 06 LDA LDA $06A1,X                  A:00 X:02 Y:00 P:A4 SP:F4
88D5  29 C0    AND AND #$C0                     A:00 X:02 Y:00 P:26 SP:F4
88D7  85 03    STA STA $03                      A:00 X:02 Y:00 P:26 SP:F4
88D9  0A       ASL A                            A:00 X:02 Y:00 P:26 SP:F4
<L002> ×2
# sample:
# 88DA  2A       ROL A                            A:00 X:02 Y:00 P:26 SP:F4
# 88DB  2A       ROL A                            A:00 X:02 Y:00 P:26 SP:F4
88E0  85 06    STA STA $06                      A:10 X:02 Y:00 P:24 SP:F4
88E2  B9 0C 8B LDA LDA $8B0C,Y                  A:10 X:02 Y:00 P:24 SP:F4
88E5  85 07    STA STA $07                      A:8B X:02 Y:00 P:A4 SP:F4
88E7  BD A1 06 LDA LDA $06A1,X                  A:8B X:02 Y:00 P:A4 SP:F4
<L002> ×2
# sample:
# 88EA  0A       ASL A                            A:00 X:02 Y:00 P:26 SP:F4
# 88EB  0A       ASL A                            A:00 X:02 Y:00 P:26 SP:F4
88F1  29 01    AND AND #$01                     A:07 X:02 Y:00 P:24 SP:F4
88F3  49 01    EOR EOR #$01                     A:01 X:02 Y:00 P:24 SP:F4
88F5  0A       ASL A                            A:00 X:02 Y:00 P:26 SP:F4
88F6  65 02    ADC ADC $02                      A:00 X:02 Y:00 P:26 SP:F4
88F8  A8       TAY                              A:00 X:02 Y:00 P:26 SP:F4
88F9  A6 00    LDX LDX $00                      A:00 X:02 Y:00 P:26 SP:F4
<L001> ×2
# sample:
# 88FB  B1 06    LDA LDA ($06),Y                  A:00 X:04 Y:00 P:24 SP:F4
8900  C8       INY                              A:24 X:04 Y:00 P:24 SP:F4
8901  B1 06    LDA LDA ($06),Y                  A:24 X:04 Y:01 P:24 SP:F4
8903  9D 45 03 STA STA $0345,X                  A:24 X:04 Y:01 P:24 SP:F4
8906  A4 04    LDY LDY $04                      A:24 X:04 Y:01 P:24 SP:F4
8908  A5 05    LDA LDA $05                      A:24 X:04 Y:01 P:24 SP:F4
890A  D0 0E    BNE BNE #$0E                     A:00 X:04 Y:01 P:26 SP:F4
890C  A5 01    LDA LDA $01                      A:00 X:04 Y:01 P:26 SP:F4
890E  4A       LSR A                            A:02 X:04 Y:01 P:24 SP:F4
890F  B0 19    BCS BCS #$19                     A:01 X:04 Y:01 P:24 SP:F4
<L019> ×3
# sample:
# 8911  26 03    ROL ROL $03                      A:01 X:04 Y:01 P:24 SP:F4
8917  4C 30 89 JMP JMP $8930                    A:01 X:04 Y:01 P:26 SP:F4
8930  B9 F9 03 LDA LDA $03F9,Y                  A:01 X:04 Y:01 P:26 SP:F4
8933  05 03    ORA ORA $03                      A:00 X:04 Y:01 P:26 SP:F4
8935  99 F9 03 STA STA $03F9,Y                  A:00 X:04 Y:01 P:26 SP:F4
<L009> ×2
# sample:
# 8938  E6 00    INC INC $00                      A:00 X:04 Y:01 P:26 SP:F4
893C  A6 01    LDX LDX $01                      A:00 X:04 Y:01 P:24 SP:F4
893E  E8       INX                              A:00 X:02 Y:01 P:24 SP:F4
893F  E0 0D    CPX CPX #$0D                     A:00 X:03 Y:01 P:24 SP:F4
8941  90 8D    BCC BCC #$8D                     A:00 X:03 Y:01 P:A4 SP:F4
88D0  86 01    STX STX $01                      A:00 X:03 Y:01 P:A4 SP:F4
88D2  BD A1 06 LDA LDA $06A1,X                  A:00 X:03 Y:01 P:A4 SP:F4
88D5  29 C0    AND AND #$C0                     A:00 X:03 Y:01 P:26 SP:F4
88D7  85 03    STA STA $03                      A:00 X:03 Y:01 P:26 SP:F4
88D9  0A       ASL A                            A:00 X:03 Y:01 P:26 SP:F4
<L002> ×2
# sample:
# 88DA  2A       ROL A                            A:00 X:03 Y:01 P:26 SP:F4
# 88DB  2A       ROL A                            A:00 X:03 Y:01 P:26 SP:F4
88E0  85 06    STA STA $06                      A:10 X:03 Y:00 P:24 SP:F4
88E2  B9 0C 8B LDA LDA $8B0C,Y                  A:10 X:03 Y:00 P:24 SP:F4
88E5  85 07    STA STA $07                      A:8B X:03 Y:00 P:A4 SP:F4
88E7  BD A1 06 LDA LDA $06A1,X                  A:8B X:03 Y:00 P:A4 SP:F4
<L002> ×2
# sample:
# 88EA  0A       ASL A                            A:00 X:03 Y:00 P:26 SP:F4
# 88EB  0A       ASL A                            A:00 X:03 Y:00 P:26 SP:F4
88F1  29 01    AND AND #$01                     A:07 X:03 Y:00 P:24 SP:F4
88F3  49 01    EOR EOR #$01                     A:01 X:03 Y:00 P:24 SP:F4
88F5  0A       ASL A                            A:00 X:03 Y:00 P:26 SP:F4
88F6  65 02    ADC ADC $02                      A:00 X:03 Y:00 P:26 SP:F4
88F8  A8       TAY                              A:00 X:03 Y:00 P:26 SP:F4
88F9  A6 00    LDX LDX $00                      A:00 X:03 Y:00 P:26 SP:F4
<L001> ×2
# sample:
# 88FB  B1 06    LDA LDA ($06),Y                  A:00 X:06 Y:00 P:24 SP:F4
8900  C8       INY                              A:24 X:06 Y:00 P:24 SP:F4
8901  B1 06    LDA LDA ($06),Y                  A:24 X:06 Y:01 P:24 SP:F4
8903  9D 45 03 STA STA $0345,X                  A:24 X:06 Y:01 P:24 SP:F4
8906  A4 04    LDY LDY $04                      A:24 X:06 Y:01 P:24 SP:F4
8908  A5 05    LDA LDA $05                      A:24 X:06 Y:01 P:24 SP:F4
890A  D0 0E    BNE BNE #$0E                     A:00 X:06 Y:01 P:26 SP:F4
890C  A5 01    LDA LDA $01                      A:00 X:06 Y:01 P:26 SP:F4
890E  4A       LSR A                            A:03 X:06 Y:01 P:24 SP:F4
890F  B0 19    BCS BCS #$19                     A:01 X:06 Y:01 P:25 SP:F4
<L014> ×2
# sample:
# 892A  46 03    LSR LSR $03                      A:01 X:06 Y:01 P:25 SP:F4
892E  E6 04    INC INC $04                      A:01 X:06 Y:01 P:26 SP:F4
8930  B9 F9 03 LDA LDA $03F9,Y                  A:01 X:06 Y:01 P:24 SP:F4
8933  05 03    ORA ORA $03                      A:00 X:06 Y:01 P:26 SP:F4
8935  99 F9 03 STA STA $03F9,Y                  A:00 X:06 Y:01 P:26 SP:F4
<L009> ×2
# sample:
# 8938  E6 00    INC INC $00                      A:00 X:06 Y:01 P:26 SP:F4
893C  A6 01    LDX LDX $01                      A:00 X:06 Y:01 P:24 SP:F4
893E  E8       INX                              A:00 X:03 Y:01 P:24 SP:F4
893F  E0 0D    CPX CPX #$0D                     A:00 X:04 Y:01 P:24 SP:F4
8941  90 8D    BCC BCC #$8D                     A:00 X:04 Y:01 P:A4 SP:F4
88D0  86 01    STX STX $01                      A:00 X:04 Y:01 P:A4 SP:F4
88D2  BD A1 06 LDA LDA $06A1,X                  A:00 X:04 Y:01 P:A4 SP:F4
88D5  29 C0    AND AND #$C0                     A:00 X:04 Y:01 P:26 SP:F4
88D7  85 03    STA STA $03                      A:00 X:04 Y:01 P:26 SP:F4
88D9  0A       ASL A                            A:00 X:04 Y:01 P:26 SP:F4
<L002> ×2
# sample:
# 88DA  2A       ROL A                            A:00 X:04 Y:01 P:26 SP:F4
# 88DB  2A       ROL A                            A:00 X:04 Y:01 P:26 SP:F4
88E0  85 06    STA STA $06                      A:10 X:04 Y:00 P:24 SP:F4
88E2  B9 0C 8B LDA LDA $8B0C,Y                  A:10 X:04 Y:00 P:24 SP:F4
88E5  85 07    STA STA $07                      A:8B X:04 Y:00 P:A4 SP:F4
88E7  BD A1 06 LDA LDA $06A1,X                  A:8B X:04 Y:00 P:A4 SP:F4
<L002> ×2
# sample:
# 88EA  0A       ASL A                            A:00 X:04 Y:00 P:26 SP:F4
# 88EB  0A       ASL A                            A:00 X:04 Y:00 P:26 SP:F4
88F1  29 01    AND AND #$01                     A:07 X:04 Y:00 P:24 SP:F4
88F3  49 01    EOR EOR #$01                     A:01 X:04 Y:00 P:24 SP:F4
88F5  0A       ASL A                            A:00 X:04 Y:00 P:26 SP:F4
88F6  65 02    ADC ADC $02                      A:00 X:04 Y:00 P:26 SP:F4
88F8  A8       TAY                              A:00 X:04 Y:00 P:26 SP:F4
88F9  A6 00    LDX LDX $00                      A:00 X:04 Y:00 P:26 SP:F4
<L001> ×2
# sample:
# 88FB  B1 06    LDA LDA ($06),Y                  A:00 X:08 Y:00 P:24 SP:F4
8900  C8       INY                              A:24 X:08 Y:00 P:24 SP:F4
8901  B1 06    LDA LDA ($06),Y                  A:24 X:08 Y:01 P:24 SP:F4
8903  9D 45 03 STA STA $0345,X                  A:24 X:08 Y:01 P:24 SP:F4
8906  A4 04    LDY LDY $04                      A:24 X:08 Y:01 P:24 SP:F4
8908  A5 05    LDA LDA $05                      A:24 X:08 Y:02 P:24 SP:F4
890A  D0 0E    BNE BNE #$0E                     A:00 X:08 Y:02 P:26 SP:F4
890C  A5 01    LDA LDA $01                      A:00 X:08 Y:02 P:26 SP:F4
890E  4A       LSR A                            A:04 X:08 Y:02 P:24 SP:F4
890F  B0 19    BCS BCS #$19                     A:02 X:08 Y:02 P:24 SP:F4
<L019> ×3
# sample:
# 8911  26 03    ROL ROL $03                      A:02 X:08 Y:02 P:24 SP:F4
8917  4C 30 89 JMP JMP $8930                    A:02 X:08 Y:02 P:26 SP:F4
8930  B9 F9 03 LDA LDA $03F9,Y                  A:02 X:08 Y:02 P:26 SP:F4
8933  05 03    ORA ORA $03                      A:00 X:08 Y:02 P:26 SP:F4
8935  99 F9 03 STA STA $03F9,Y                  A:00 X:08 Y:02 P:26 SP:F4
<L009> ×2
# sample:
# 8938  E6 00    INC INC $00                      A:00 X:08 Y:02 P:26 SP:F4
893C  A6 01    LDX LDX $01                      A:00 X:08 Y:02 P:24 SP:F4
893E  E8       INX                              A:00 X:04 Y:02 P:24 SP:F4
893F  E0 0D    CPX CPX #$0D                     A:00 X:05 Y:02 P:24 SP:F4
8941  90 8D    BCC BCC #$8D                     A:00 X:05 Y:02 P:A4 SP:F4
88D0  86 01    STX STX $01                      A:00 X:05 Y:02 P:A4 SP:F4
88D2  BD A1 06 LDA LDA $06A1,X                  A:00 X:05 Y:02 P:A4 SP:F4
88D5  29 C0    AND AND #$C0                     A:00 X:05 Y:02 P:26 SP:F4
88D7  85 03    STA STA $03                      A:00 X:05 Y:02 P:26 SP:F4
88D9  0A       ASL A                            A:00 X:05 Y:02 P:26 SP:F4
<L002> ×2
# sample:
# 88DA  2A       ROL A                            A:00 X:05 Y:02 P:26 SP:F4
# 88DB  2A       ROL A                            A:00 X:05 Y:02 P:26 SP:F4
88E0  85 06    STA STA $06                      A:10 X:05 Y:00 P:24 SP:F4
88E2  B9 0C 8B LDA LDA $8B0C,Y                  A:10 X:05 Y:00 P:24 SP:F4
88E5  85 07    STA STA $07                      A:8B X:05 Y:00 P:A4 SP:F4
88E7  BD A1 06 LDA LDA $06A1,X                  A:8B X:05 Y:00 P:A4 SP:F4
<L002> ×2
# sample:
# 88EA  0A       ASL A                            A:00 X:05 Y:00 P:26 SP:F4
# 88EB  0A       ASL A                            A:00 X:05 Y:00 P:26 SP:F4
88F1  29 01    AND AND #$01                     A:07 X:05 Y:00 P:24 SP:F4
88F3  49 01    EOR EOR #$01                     A:01 X:05 Y:00 P:24 SP:F4
88F5  0A       ASL A                            A:00 X:05 Y:00 P:26 SP:F4
88F6  65 02    ADC ADC $02                      A:00 X:05 Y:00 P:26 SP:F4
88F8  A8       TAY                              A:00 X:05 Y:00 P:26 SP:F4
88F9  A6 00    LDX LDX $00                      A:00 X:05 Y:00 P:26 SP:F4
<L001> ×2
# sample:
# 88FB  B1 06    LDA LDA ($06),Y                  A:00 X:0A Y:00 P:24 SP:F4
8900  C8       INY                              A:24 X:0A Y:00 P:24 SP:F4
8901  B1 06    LDA LDA ($06),Y                  A:24 X:0A Y:01 P:24 SP:F4
8903  9D 45 03 STA STA $0345,X                  A:24 X:0A Y:01 P:24 SP:F4
8906  A4 04    LDY LDY $04                      A:24 X:0A Y:01 P:24 SP:F4
8908  A5 05    LDA LDA $05                      A:24 X:0A Y:02 P:24 SP:F4
890A  D0 0E    BNE BNE #$0E                     A:00 X:0A Y:02 P:26 SP:F4
890C  A5 01    LDA LDA $01                      A:00 X:0A Y:02 P:26 SP:F4
890E  4A       LSR A                            A:05 X:0A Y:02 P:24 SP:F4
890F  B0 19    BCS BCS #$19                     A:02 X:0A Y:02 P:25 SP:F4
<L014> ×2
# sample:
# 892A  46 03    LSR LSR $03                      A:02 X:0A Y:02 P:25 SP:F4
892E  E6 04    INC INC $04                      A:02 X:0A Y:02 P:26 SP:F4
8930  B9 F9 03 LDA LDA $03F9,Y                  A:02 X:0A Y:02 P:24 SP:F4
8933  05 03    ORA ORA $03                      A:00 X:0A Y:02 P:26 SP:F4
8935  99 F9 03 STA STA $03F9,Y                  A:00 X:0A Y:02 P:26 SP:F4
<L009> ×2
# sample:
# 8938  E6 00    INC INC $00                      A:00 X:0A Y:02 P:26 SP:F4
893C  A6 01    LDX LDX $01                      A:00 X:0A Y:02 P:24 SP:F4
893E  E8       INX                              A:00 X:05 Y:02 P:24 SP:F4
893F  E0 0D    CPX CPX #$0D                     A:00 X:06 Y:02 P:24 SP:F4
8941  90 8D    BCC BCC #$8D                     A:00 X:06 Y:02 P:A4 SP:F4
88D0  86 01    STX STX $01                      A:00 X:06 Y:02 P:A4 SP:F4
88D2  BD A1 06 LDA LDA $06A1,X                  A:00 X:06 Y:02 P:A4 SP:F4
88D5  29 C0    AND AND #$C0                     A:00 X:06 Y:02 P:26 SP:F4
88D7  85 03    STA STA $03                      A:00 X:06 Y:02 P:26 SP:F4
88D9  0A       ASL A                            A:00 X:06 Y:02 P:26 SP:F4
<L002> ×2
# sample:
# 88DA  2A       ROL A                            A:00 X:06 Y:02 P:26 SP:F4
# 88DB  2A       ROL A                            A:00 X:06 Y:02 P:26 SP:F4
88E0  85 06    STA STA $06                      A:10 X:06 Y:00 P:24 SP:F4
88E2  B9 0C 8B LDA LDA $8B0C,Y                  A:10 X:06 Y:00 P:24 SP:F4
88E5  85 07    STA STA $07                      A:8B X:06 Y:00 P:A4 SP:F4
88E7  BD A1 06 LDA LDA $06A1,X                  A:8B X:06 Y:00 P:A4 SP:F4
<L002> ×2
# sample:
# 88EA  0A       ASL A                            A:00 X:06 Y:00 P:26 SP:F4
# 88EB  0A       ASL A                            A:00 X:06 Y:00 P:26 SP:F4
88F1  29 01    AND AND #$01                     A:07 X:06 Y:00 P:24 SP:F4
88F3  49 01    EOR EOR #$01                     A:01 X:06 Y:00 P:24 SP:F4
88F5  0A       ASL A                            A:00 X:06 Y:00 P:26 SP:F4
88F6  65 02    ADC ADC $02                      A:00 X:06 Y:00 P:26 SP:F4
88F8  A8       TAY                              A:00 X:06 Y:00 P:26 SP:F4
88F9  A6 00    LDX LDX $00                      A:00 X:06 Y:00 P:26 SP:F4
<L001> ×2
# sample:
# 88FB  B1 06    LDA LDA ($06),Y                  A:00 X:0C Y:00 P:24 SP:F4
8900  C8       INY                              A:24 X:0C Y:00 P:24 SP:F4
8901  B1 06    LDA LDA ($06),Y                  A:24 X:0C Y:01 P:24 SP:F4
8903  9D 45 03 STA STA $0345,X                  A:24 X:0C Y:01 P:24 SP:F4
8906  A4 04    LDY LDY $04                      A:24 X:0C Y:01 P:24 SP:F4
8908  A5 05    LDA LDA $05                      A:24 X:0C Y:03 P:24 SP:F4
890A  D0 0E    BNE BNE #$0E                     A:00 X:0C Y:03 P:26 SP:F4
890C  A5 01    LDA LDA $01                      A:00 X:0C Y:03 P:26 SP:F4
890E  4A       LSR A                            A:06 X:0C Y:03 P:24 SP:F4
890F  B0 19    BCS BCS #$19                     A:03 X:0C Y:03 P:24 SP:F4
<L019> ×3
# sample:
# 8911  26 03    ROL ROL $03                      A:03 X:0C Y:03 P:24 SP:F4
8917  4C 30 89 JMP JMP $8930                    A:03 X:0C Y:03 P:26 SP:F4
8930  B9 F9 03 LDA LDA $03F9,Y                  A:03 X:0C Y:03 P:26 SP:F4
8933  05 03    ORA ORA $03                      A:00 X:0C Y:03 P:26 SP:F4
8935  99 F9 03 STA STA $03F9,Y                  A:00 X:0C Y:03 P:26 SP:F4
<L009> ×2
# sample:
# 8938  E6 00    INC INC $00                      A:00 X:0C Y:03 P:26 SP:F4
893C  A6 01    LDX LDX $01                      A:00 X:0C Y:03 P:24 SP:F4
893E  E8       INX                              A:00 X:06 Y:03 P:24 SP:F4
893F  E0 0D    CPX CPX #$0D                     A:00 X:07 Y:03 P:24 SP:F4
8941  90 8D    BCC BCC #$8D                     A:00 X:07 Y:03 P:A4 SP:F4
88D0  86 01    STX STX $01                      A:00 X:07 Y:03 P:A4 SP:F4
88D2  BD A1 06 LDA LDA $06A1,X                  A:00 X:07 Y:03 P:A4 SP:F4
88D5  29 C0    AND AND #$C0                     A:00 X:07 Y:03 P:26 SP:F4
88D7  85 03    STA STA $03                      A:00 X:07 Y:03 P:26 SP:F4
88D9  0A       ASL A                            A:00 X:07 Y:03 P:26 SP:F4
<L002> ×2
# sample:
# 88DA  2A       ROL A                            A:00 X:07 Y:03 P:26 SP:F4
# 88DB  2A       ROL A                            A:00 X:07 Y:03 P:26 SP:F4
88E0  85 06    STA STA $06                      A:10 X:07 Y:00 P:24 SP:F4
88E2  B9 0C 8B LDA LDA $8B0C,Y                  A:10 X:07 Y:00 P:24 SP:F4
88E5  85 07    STA STA $07                      A:8B X:07 Y:00 P:A4 SP:F4
88E7  BD A1 06 LDA LDA $06A1,X                  A:8B X:07 Y:00 P:A4 SP:F4
<L002> ×2
# sample:
# 88EA  0A       ASL A                            A:00 X:07 Y:00 P:26 SP:F4
# 88EB  0A       ASL A                            A:00 X:07 Y:00 P:26 SP:F4
88F1  29 01    AND AND #$01                     A:07 X:07 Y:00 P:24 SP:F4
88F3  49 01    EOR EOR #$01                     A:01 X:07 Y:00 P:24 SP:F4
88F5  0A       ASL A                            A:00 X:07 Y:00 P:26 SP:F4
88F6  65 02    ADC ADC $02                      A:00 X:07 Y:00 P:26 SP:F4
88F8  A8       TAY                              A:00 X:07 Y:00 P:26 SP:F4
88F9  A6 00    LDX LDX $00                      A:00 X:07 Y:00 P:26 SP:F4
<L001> ×2
# sample:
# 88FB  B1 06    LDA LDA ($06),Y                  A:00 X:0E Y:00 P:24 SP:F4
8900  C8       INY                              A:24 X:0E Y:00 P:24 SP:F4
8901  B1 06    LDA LDA ($06),Y                  A:24 X:0E Y:01 P:24 SP:F4
8903  9D 45 03 STA STA $0345,X                  A:24 X:0E Y:01 P:24 SP:F4
8906  A4 04    LDY LDY $04                      A:24 X:0E Y:01 P:24 SP:F4
8908  A5 05    LDA LDA $05                      A:24 X:0E Y:03 P:24 SP:F4
890A  D0 0E    BNE BNE #$0E                     A:00 X:0E Y:03 P:26 SP:F4
890C  A5 01    LDA LDA $01                      A:00 X:0E Y:03 P:26 SP:F4
890E  4A       LSR A                            A:07 X:0E Y:03 P:24 SP:F4
890F  B0 19    BCS BCS #$19                     A:03 X:0E Y:03 P:25 SP:F4
<L014> ×2
# sample:
# 892A  46 03    LSR LSR $03                      A:03 X:0E Y:03 P:25 SP:F4
892E  E6 04    INC INC $04                      A:03 X:0E Y:03 P:26 SP:F4
8930  B9 F9 03 LDA LDA $03F9,Y                  A:03 X:0E Y:03 P:24 SP:F4
8933  05 03    ORA ORA $03                      A:00 X:0E Y:03 P:26 SP:F4
8935  99 F9 03 STA STA $03F9,Y                  A:00 X:0E Y:03 P:26 SP:F4
<L009> ×2
# sample:
# 8938  E6 00    INC INC $00                      A:00 X:0E Y:03 P:26 SP:F4
893C  A6 01    LDX LDX $01                      A:00 X:0E Y:03 P:24 SP:F4
893E  E8       INX                              A:00 X:07 Y:03 P:24 SP:F4
893F  E0 0D    CPX CPX #$0D                     A:00 X:08 Y:03 P:24 SP:F4
8941  90 8D    BCC BCC #$8D                     A:00 X:08 Y:03 P:A4 SP:F4
88D0  86 01    STX STX $01                      A:00 X:08 Y:03 P:A4 SP:F4
88D2  BD A1 06 LDA LDA $06A1,X                  A:00 X:08 Y:03 P:A4 SP:F4
88D5  29 C0    AND AND #$C0                     A:00 X:08 Y:03 P:26 SP:F4
88D7  85 03    STA STA $03                      A:00 X:08 Y:03 P:26 SP:F4
88D9  0A       ASL A                            A:00 X:08 Y:03 P:26 SP:F4
<L002> ×2
# sample:
# 88DA  2A       ROL A                            A:00 X:08 Y:03 P:26 SP:F4
# 88DB  2A       ROL A                            A:00 X:08 Y:03 P:26 SP:F4
88E0  85 06    STA STA $06                      A:10 X:08 Y:00 P:24 SP:F4
88E2  B9 0C 8B LDA LDA $8B0C,Y                  A:10 X:08 Y:00 P:24 SP:F4
88E5  85 07    STA STA $07                      A:8B X:08 Y:00 P:A4 SP:F4
88E7  BD A1 06 LDA LDA $06A1,X                  A:8B X:08 Y:00 P:A4 SP:F4
<L002> ×2
# sample:
# 88EA  0A       ASL A                            A:00 X:08 Y:00 P:26 SP:F4
# 88EB  0A       ASL A                            A:00 X:08 Y:00 P:26 SP:F4
88F1  29 01    AND AND #$01                     A:07 X:08 Y:00 P:24 SP:F4
88F3  49 01    EOR EOR #$01                     A:01 X:08 Y:00 P:24 SP:F4
88F5  0A       ASL A                            A:00 X:08 Y:00 P:26 SP:F4
88F6  65 02    ADC ADC $02                      A:00 X:08 Y:00 P:26 SP:F4
88F8  A8       TAY                              A:00 X:08 Y:00 P:26 SP:F4
88F9  A6 00    LDX LDX $00                      A:00 X:08 Y:00 P:26 SP:F4
<L001> ×2
# sample:
# 88FB  B1 06    LDA LDA ($06),Y                  A:00 X:10 Y:00 P:24 SP:F4
8900  C8       INY                              A:24 X:10 Y:00 P:24 SP:F4
8901  B1 06    LDA LDA ($06),Y                  A:24 X:10 Y:01 P:24 SP:F4
8903  9D 45 03 STA STA $0345,X                  A:24 X:10 Y:01 P:24 SP:F4
8906  A4 04    LDY LDY $04                      A:24 X:10 Y:01 P:24 SP:F4
8908  A5 05    LDA LDA $05                      A:24 X:10 Y:04 P:24 SP:F4
890A  D0 0E    BNE BNE #$0E                     A:00 X:10 Y:04 P:26 SP:F4
890C  A5 01    LDA LDA $01                      A:00 X:10 Y:04 P:26 SP:F4
890E  4A       LSR A                            A:08 X:10 Y:04 P:24 SP:F4
890F  B0 19    BCS BCS #$19                     A:04 X:10 Y:04 P:24 SP:F4
<L019> ×3
# sample:
# 8911  26 03    ROL ROL $03                      A:04 X:10 Y:04 P:24 SP:F4
8917  4C 30 89 JMP JMP $8930                    A:04 X:10 Y:04 P:26 SP:F4
8930  B9 F9 03 LDA LDA $03F9,Y                  A:04 X:10 Y:04 P:26 SP:F4
8933  05 03    ORA ORA $03                      A:00 X:10 Y:04 P:26 SP:F4
8935  99 F9 03 STA STA $03F9,Y                  A:00 X:10 Y:04 P:26 SP:F4
<L009> ×2
# sample:
# 8938  E6 00    INC INC $00                      A:00 X:10 Y:04 P:26 SP:F4
893C  A6 01    LDX LDX $01                      A:00 X:10 Y:04 P:24 SP:F4
893E  E8       INX                              A:00 X:08 Y:04 P:24 SP:F4
893F  E0 0D    CPX CPX #$0D                     A:00 X:09 Y:04 P:24 SP:F4
8941  90 8D    BCC BCC #$8D                     A:00 X:09 Y:04 P:A4 SP:F4
88D0  86 01    STX STX $01                      A:00 X:09 Y:04 P:A4 SP:F4
88D2  BD A1 06 LDA LDA $06A1,X                  A:00 X:09 Y:04 P:A4 SP:F4
88D5  29 C0    AND AND #$C0                     A:00 X:09 Y:04 P:26 SP:F4
88D7  85 03    STA STA $03                      A:00 X:09 Y:04 P:26 SP:F4
88D9  0A       ASL A                            A:00 X:09 Y:04 P:26 SP:F4
<L002> ×2
# sample:
# 88DA  2A       ROL A                            A:00 X:09 Y:04 P:26 SP:F4
# 88DB  2A       ROL A                            A:00 X:09 Y:04 P:26 SP:F4
88E0  85 06    STA STA $06                      A:10 X:09 Y:00 P:24 SP:F4
88E2  B9 0C 8B LDA LDA $8B0C,Y                  A:10 X:09 Y:00 P:24 SP:F4
88E5  85 07    STA STA $07                      A:8B X:09 Y:00 P:A4 SP:F4
88E7  BD A1 06 LDA LDA $06A1,X                  A:8B X:09 Y:00 P:A4 SP:F4
<L002> ×2
# sample:
# 88EA  0A       ASL A                            A:00 X:09 Y:00 P:26 SP:F4
# 88EB  0A       ASL A                            A:00 X:09 Y:00 P:26 SP:F4
88F1  29 01    AND AND #$01                     A:07 X:09 Y:00 P:24 SP:F4
88F3  49 01    EOR EOR #$01                     A:01 X:09 Y:00 P:24 SP:F4
88F5  0A       ASL A                            A:00 X:09 Y:00 P:26 SP:F4
88F6  65 02    ADC ADC $02                      A:00 X:09 Y:00 P:26 SP:F4
88F8  A8       TAY                              A:00 X:09 Y:00 P:26 SP:F4
88F9  A6 00    LDX LDX $00                      A:00 X:09 Y:00 P:26 SP:F4
<L001> ×2
# sample:
# 88FB  B1 06    LDA LDA ($06),Y                  A:00 X:12 Y:00 P:24 SP:F4
8900  C8       INY                              A:24 X:12 Y:00 P:24 SP:F4
8901  B1 06    LDA LDA ($06),Y                  A:24 X:12 Y:01 P:24 SP:F4
8903  9D 45 03 STA STA $0345,X                  A:24 X:12 Y:01 P:24 SP:F4
8906  A4 04    LDY LDY $04                      A:24 X:12 Y:01 P:24 SP:F4
8908  A5 05    LDA LDA $05                      A:24 X:12 Y:04 P:24 SP:F4
890A  D0 0E    BNE BNE #$0E                     A:00 X:12 Y:04 P:26 SP:F4
890C  A5 01    LDA LDA $01                      A:00 X:12 Y:04 P:26 SP:F4
890E  4A       LSR A                            A:09 X:12 Y:04 P:24 SP:F4
890F  B0 19    BCS BCS #$19                     A:04 X:12 Y:04 P:25 SP:F4
<L014> ×2
# sample:
# 892A  46 03    LSR LSR $03                      A:04 X:12 Y:04 P:25 SP:F4
892E  E6 04    INC INC $04                      A:04 X:12 Y:04 P:26 SP:F4
8930  B9 F9 03 LDA LDA $03F9,Y                  A:04 X:12 Y:04 P:24 SP:F4
8933  05 03    ORA ORA $03                      A:00 X:12 Y:04 P:26 SP:F4
8935  99 F9 03 STA STA $03F9,Y                  A:00 X:12 Y:04 P:26 SP:F4
<L009> ×2
# sample:
# 8938  E6 00    INC INC $00                      A:00 X:12 Y:04 P:26 SP:F4
893C  A6 01    LDX LDX $01                      A:00 X:12 Y:04 P:24 SP:F4
893E  E8       INX                              A:00 X:09 Y:04 P:24 SP:F4
893F  E0 0D    CPX CPX #$0D                     A:00 X:0A Y:04 P:24 SP:F4
8941  90 8D    BCC BCC #$8D                     A:00 X:0A Y:04 P:A4 SP:F4
88D0  86 01    STX STX $01                      A:00 X:0A Y:04 P:A4 SP:F4
88D2  BD A1 06 LDA LDA $06A1,X                  A:00 X:0A Y:04 P:A4 SP:F4
88D5  29 C0    AND AND #$C0                     A:05 X:0A Y:04 P:24 SP:F4
88D7  85 03    STA STA $03                      A:00 X:0A Y:04 P:26 SP:F4
88D9  0A       ASL A                            A:00 X:0A Y:04 P:26 SP:F4
<L002> ×2
# sample:
# 88DA  2A       ROL A                            A:00 X:0A Y:04 P:26 SP:F4
# 88DB  2A       ROL A                            A:00 X:0A Y:04 P:26 SP:F4
88E0  85 06    STA STA $06                      A:10 X:0A Y:00 P:24 SP:F4
88E2  B9 0C 8B LDA LDA $8B0C,Y                  A:10 X:0A Y:00 P:24 SP:F4
88E5  85 07    STA STA $07                      A:8B X:0A Y:00 P:A4 SP:F4
88E7  BD A1 06 LDA LDA $06A1,X                  A:8B X:0A Y:00 P:A4 SP:F4
<L002> ×2
# sample:
# 88EA  0A       ASL A                            A:05 X:0A Y:00 P:24 SP:F4
# 88EB  0A       ASL A                            A:0A X:0A Y:00 P:24 SP:F4
88F1  29 01    AND AND #$01                     A:07 X:0A Y:00 P:24 SP:F4
88F3  49 01    EOR EOR #$01                     A:01 X:0A Y:00 P:24 SP:F4
88F5  0A       ASL A                            A:00 X:0A Y:00 P:26 SP:F4
88F6  65 02    ADC ADC $02                      A:00 X:0A Y:00 P:26 SP:F4
88F8  A8       TAY                              A:14 X:0A Y:00 P:24 SP:F4
88F9  A6 00    LDX LDX $00                      A:14 X:0A Y:14 P:24 SP:F4
<L001> ×2
# sample:
# 88FB  B1 06    LDA LDA ($06),Y                  A:14 X:14 Y:14 P:24 SP:F4
8900  C8       INY                              A:24 X:14 Y:14 P:24 SP:F4
8901  B1 06    LDA LDA ($06),Y                  A:24 X:14 Y:15 P:24 SP:F4
8903  9D 45 03 STA STA $0345,X                  A:30 X:14 Y:15 P:24 SP:F4
8906  A4 04    LDY LDY $04                      A:30 X:14 Y:15 P:24 SP:F4
8908  A5 05    LDA LDA $05                      A:30 X:14 Y:05 P:24 SP:F4
890A  D0 0E    BNE BNE #$0E                     A:00 X:14 Y:05 P:26 SP:F4
890C  A5 01    LDA LDA $01                      A:00 X:14 Y:05 P:26 SP:F4
890E  4A       LSR A                            A:0A X:14 Y:05 P:24 SP:F4
890F  B0 19    BCS BCS #$19                     A:05 X:14 Y:05 P:24 SP:F4
<L019> ×3
# sample:
# 8911  26 03    ROL ROL $03                      A:05 X:14 Y:05 P:24 SP:F4
8917  4C 30 89 JMP JMP $8930                    A:05 X:14 Y:05 P:26 SP:F4
8930  B9 F9 03 LDA LDA $03F9,Y                  A:05 X:14 Y:05 P:26 SP:F4
8933  05 03    ORA ORA $03                      A:00 X:14 Y:05 P:26 SP:F4
8935  99 F9 03 STA STA $03F9,Y                  A:00 X:14 Y:05 P:26 SP:F4
<L009> ×2
# sample:
# 8938  E6 00    INC INC $00                      A:00 X:14 Y:05 P:26 SP:F4
893C  A6 01    LDX LDX $01                      A:00 X:14 Y:05 P:24 SP:F4
893E  E8       INX                              A:00 X:0A Y:05 P:24 SP:F4
893F  E0 0D    CPX CPX #$0D                     A:00 X:0B Y:05 P:24 SP:F4
8941  90 8D    BCC BCC #$8D                     A:00 X:0B Y:05 P:A4 SP:F4
88D0  86 01    STX STX $01                      A:00 X:0B Y:05 P:A4 SP:F4
88D2  BD A1 06 LDA LDA $06A1,X                  A:00 X:0B Y:05 P:A4 SP:F4
88D5  29 C0    AND AND #$C0                     A:54 X:0B Y:05 P:24 SP:F4
88D7  85 03    STA STA $03                      A:40 X:0B Y:05 P:24 SP:F4
88D9  0A       ASL A                            A:40 X:0B Y:05 P:24 SP:F4
<L002> ×2
# sample:
# 88DA  2A       ROL A                            A:80 X:0B Y:05 P:A4 SP:F4
# 88DB  2A       ROL A                            A:00 X:0B Y:05 P:27 SP:F4
88E0  85 06    STA STA $06                      A:AC X:0B Y:01 P:A4 SP:F4
88E2  B9 0C 8B LDA LDA $8B0C,Y                  A:AC X:0B Y:01 P:A4 SP:F4
88E5  85 07    STA STA $07                      A:8B X:0B Y:01 P:A4 SP:F4
88E7  BD A1 06 LDA LDA $06A1,X                  A:8B X:0B Y:01 P:A4 SP:F4
<L002> ×2
# sample:
# 88EA  0A       ASL A                            A:54 X:0B Y:01 P:24 SP:F4
# 88EB  0A       ASL A                            A:A8 X:0B Y:01 P:A4 SP:F4
88F1  29 01    AND AND #$01                     A:07 X:0B Y:01 P:25 SP:F4
88F3  49 01    EOR EOR #$01                     A:01 X:0B Y:01 P:25 SP:F4
88F5  0A       ASL A                            A:00 X:0B Y:01 P:27 SP:F4
88F6  65 02    ADC ADC $02                      A:00 X:0B Y:01 P:26 SP:F4
88F8  A8       TAY                              A:50 X:0B Y:01 P:24 SP:F4
88F9  A6 00    LDX LDX $00                      A:50 X:0B Y:50 P:24 SP:F4
<L001> ×2
# sample:
# 88FB  B1 06    LDA LDA ($06),Y                  A:50 X:16 Y:50 P:24 SP:F4
8900  C8       INY                              A:B4 X:16 Y:50 P:A4 SP:F4
8901  B1 06    LDA LDA ($06),Y                  A:B4 X:16 Y:51 P:24 SP:F4
8903  9D 45 03 STA STA $0345,X                  A:B6 X:16 Y:51 P:A4 SP:F4
8906  A4 04    LDY LDY $04                      A:B6 X:16 Y:51 P:A4 SP:F4
8908  A5 05    LDA LDA $05                      A:B6 X:16 Y:05 P:24 SP:F4
890A  D0 0E    BNE BNE #$0E                     A:00 X:16 Y:05 P:26 SP:F4
890C  A5 01    LDA LDA $01                      A:00 X:16 Y:05 P:26 SP:F4
890E  4A       LSR A                            A:0B X:16 Y:05 P:24 SP:F4
890F  B0 19    BCS BCS #$19                     A:05 X:16 Y:05 P:25 SP:F4
<L014> ×2
# sample:
# 892A  46 03    LSR LSR $03                      A:05 X:16 Y:05 P:25 SP:F4
892E  E6 04    INC INC $04                      A:05 X:16 Y:05 P:24 SP:F4
8930  B9 F9 03 LDA LDA $03F9,Y                  A:05 X:16 Y:05 P:24 SP:F4
8933  05 03    ORA ORA $03                      A:00 X:16 Y:05 P:26 SP:F4
8935  99 F9 03 STA STA $03F9,Y                  A:10 X:16 Y:05 P:24 SP:F4
<L009> ×2
# sample:
# 8938  E6 00    INC INC $00                      A:10 X:16 Y:05 P:24 SP:F4
893C  A6 01    LDX LDX $01                      A:10 X:16 Y:05 P:24 SP:F4
893E  E8       INX                              A:10 X:0B Y:05 P:24 SP:F4
893F  E0 0D    CPX CPX #$0D                     A:10 X:0C Y:05 P:24 SP:F4
8941  90 8D    BCC BCC #$8D                     A:10 X:0C Y:05 P:A4 SP:F4
88D0  86 01    STX STX $01                      A:10 X:0C Y:05 P:A4 SP:F4
88D2  BD A1 06 LDA LDA $06A1,X                  A:10 X:0C Y:05 P:A4 SP:F4
88D5  29 C0    AND AND #$C0                     A:54 X:0C Y:05 P:24 SP:F4
88D7  85 03    STA STA $03                      A:40 X:0C Y:05 P:24 SP:F4
88D9  0A       ASL A                            A:40 X:0C Y:05 P:24 SP:F4
<L002> ×2
# sample:
# 88DA  2A       ROL A                            A:80 X:0C Y:05 P:A4 SP:F4
# 88DB  2A       ROL A                            A:00 X:0C Y:05 P:27 SP:F4
88E0  85 06    STA STA $06                      A:AC X:0C Y:01 P:A4 SP:F4
88E2  B9 0C 8B LDA LDA $8B0C,Y                  A:AC X:0C Y:01 P:A4 SP:F4
88E5  85 07    STA STA $07                      A:8B X:0C Y:01 P:A4 SP:F4
88E7  BD A1 06 LDA LDA $06A1,X                  A:8B X:0C Y:01 P:A4 SP:F4
<L002> ×2
# sample:
# 88EA  0A       ASL A                            A:54 X:0C Y:01 P:24 SP:F4
# 88EB  0A       ASL A                            A:A8 X:0C Y:01 P:A4 SP:F4
88F1  29 01    AND AND #$01                     A:07 X:0C Y:01 P:25 SP:F4
88F3  49 01    EOR EOR #$01                     A:01 X:0C Y:01 P:25 SP:F4
88F5  0A       ASL A                            A:00 X:0C Y:01 P:27 SP:F4
88F6  65 02    ADC ADC $02                      A:00 X:0C Y:01 P:26 SP:F4
88F8  A8       TAY                              A:50 X:0C Y:01 P:24 SP:F4
88F9  A6 00    LDX LDX $00                      A:50 X:0C Y:50 P:24 SP:F4
<L001> ×2
# sample:
# 88FB  B1 06    LDA LDA ($06),Y                  A:50 X:18 Y:50 P:24 SP:F4
8900  C8       INY                              A:B4 X:18 Y:50 P:A4 SP:F4
8901  B1 06    LDA LDA ($06),Y                  A:B4 X:18 Y:51 P:24 SP:F4
8903  9D 45 03 STA STA $0345,X                  A:B6 X:18 Y:51 P:A4 SP:F4
8906  A4 04    LDY LDY $04                      A:B6 X:18 Y:51 P:A4 SP:F4
8908  A5 05    LDA LDA $05                      A:B6 X:18 Y:06 P:24 SP:F4
890A  D0 0E    BNE BNE #$0E                     A:00 X:18 Y:06 P:26 SP:F4
890C  A5 01    LDA LDA $01                      A:00 X:18 Y:06 P:26 SP:F4
890E  4A       LSR A                            A:0C X:18 Y:06 P:24 SP:F4
890F  B0 19    BCS BCS #$19                     A:06 X:18 Y:06 P:24 SP:F4
<L019> ×3
# sample:
# 8911  26 03    ROL ROL $03                      A:06 X:18 Y:06 P:24 SP:F4
8917  4C 30 89 JMP JMP $8930                    A:06 X:18 Y:06 P:24 SP:F4
8930  B9 F9 03 LDA LDA $03F9,Y                  A:06 X:18 Y:06 P:24 SP:F4
8933  05 03    ORA ORA $03                      A:00 X:18 Y:06 P:26 SP:F4
8935  99 F9 03 STA STA $03F9,Y                  A:01 X:18 Y:06 P:24 SP:F4
<L009> ×2
# sample:
# 8938  E6 00    INC INC $00                      A:01 X:18 Y:06 P:24 SP:F4
893C  A6 01    LDX LDX $01                      A:01 X:18 Y:06 P:24 SP:F4
893E  E8       INX                              A:01 X:0C Y:06 P:24 SP:F4
893F  E0 0D    CPX CPX #$0D                     A:01 X:0D Y:06 P:24 SP:F4
8941  90 8D    BCC BCC #$8D                     A:01 X:0D Y:06 P:27 SP:F4
8943  A4 00    LDY LDY $00                      A:01 X:0D Y:06 P:27 SP:F4
<L038> ×3
# sample:
# 8945  C8       INY                              A:01 X:0D Y:1A P:25 SP:F4
8948  A9 00    LDA LDA #$00                     A:01 X:0D Y:1D P:25 SP:F4
894A  99 41 03 STA STA $0341,Y                  A:00 X:0D Y:1D P:27 SP:F4
894D  8C 40 03 STY STY $0340                    A:00 X:0D Y:1D P:27 SP:F4
8950  EE 21 07 INC INC $0721                    A:00 X:0D Y:1D P:27 SP:F4
8953  AD 21 07 LDA LDA $0721                    A:00 X:0D Y:1D P:A5 SP:F4
<L017> ×2
# sample:
# 8956  29 1F    AND AND #$1F                     A:81 X:0D Y:1D P:A5 SP:F4
8967  4C BD 89 JMP JMP $89BD                    A:01 X:0D Y:1D P:25 SP:F4
<L001> ×2
# sample:
# 89BD  A9 06    LDA LDA #$06                     A:01 X:0D Y:1D P:25 SP:F4
89C2  60       RTS                              A:06 X:0D Y:1D P:25 SP:F4
92BF  CE 1F 07 DEC DEC $071F                    A:06 X:0D Y:1D P:25 SP:F6
92C2  D0 03    BNE BNE #$03                     A:06 X:0D Y:1D P:25 SP:F6
92C7  60       RTS                              A:06 X:0D Y:1D P:25 SP:F6
<L001> ×2
# sample:
# 86EC  AD 1F 07 LDA LDA $071F                    A:06 X:0D Y:1D P:25 SP:F8
86E9  20 B0 92 JSR JSR $92B0                    A:06 X:0D Y:1D P:25 SP:F8
92B0  AC 1F 07 LDY LDY $071F                    A:06 X:0D Y:1D P:25 SP:F6
92B3  D0 05    BNE BNE #$05                     A:06 X:0D Y:06 P:25 SP:F6
<L001> ×3
# sample:
# 92BA  88       DEY                              A:06 X:0D Y:06 P:25 SP:F6
92C8  20 04 8E JSR JSR $8E04                    A:05 X:0D Y:05 P:25 SP:F4
8E04  0A       ASL A                            A:05 X:0D Y:05 P:25 SP:F2
8E05  A8       TAY                              A:0A X:0D Y:05 P:24 SP:F2
<L006> ×2
# sample:
# 8E06  68       PLA                              A:0A X:0D Y:0A P:24 SP:F2
# 8E07  85 04    STA STA $04                      A:CA X:0D Y:0A P:A4 SP:F3
<L007> ×2
# sample:
# 8E0C  C8       INY                              A:92 X:0D Y:0A P:A4 SP:F4
# 8E0D  B1 04    LDA LDA ($04),Y                  A:92 X:0D Y:0B P:24 SP:F4
# 8E0F  85 06    STA STA $06                      A:AE X:0D Y:0B P:A4 SP:F4
8E16  6C 06 00 JMP JMP ($0006)                  A:88 X:0D Y:0C P:A4 SP:F4
88AE  AD 26 07 LDA LDA $0726                    A:88 X:0D Y:0C P:A4 SP:F4
88B1  29 01    AND AND #$01                     A:00 X:0D Y:0C P:26 SP:F4
88B3  85 05    STA STA $05                      A:00 X:0D Y:0C P:26 SP:F4
88B5  AC 40 03 LDY LDY $0340                    A:00 X:0D Y:0C P:26 SP:F4
88B8  84 00    STY STY $00                      A:00 X:0D Y:1D P:24 SP:F4
<L001> ×2
# sample:
# 88BA  AD 21 07 LDA LDA $0721                    A:00 X:0D Y:1D P:24 SP:F4
88C0  AD 20 07 LDA LDA $0720                    A:81 X:0D Y:1D P:A4 SP:F4
88C3  99 41 03 STA STA $0341,Y                  A:20 X:0D Y:1D P:24 SP:F4
88C6  A9 9A    LDA LDA #$9A                     A:20 X:0D Y:1D P:24 SP:F4
88C8  99 43 03 STA STA $0343,Y                  A:9A X:0D Y:1D P:A4 SP:F4
<L001> ×3
# sample:
# 88CB  A9 00    LDA LDA #$00                     A:9A X:0D Y:1D P:A4 SP:F4
88D0  86 01    STX STX $01                      A:00 X:00 Y:1D P:26 SP:F4
88D2  BD A1 06 LDA LDA $06A1,X                  A:00 X:00 Y:1D P:26 SP:F4
88D5  29 C0    AND AND #$C0                     A:00 X:00 Y:1D P:26 SP:F4
88D7  85 03    STA STA $03                      A:00 X:00 Y:1D P:26 SP:F4
88D9  0A       ASL A                            A:00 X:00 Y:1D P:26 SP:F4
<L002> ×2
# sample:
# 88DA  2A       ROL A                            A:00 X:00 Y:1D P:26 SP:F4
# 88DB  2A       ROL A                            A:00 X:00 Y:1D P:26 SP:F4
88E0  85 06    STA STA $06                      A:10 X:00 Y:00 P:24 SP:F4
88E2  B9 0C 8B LDA LDA $8B0C,Y                  A:10 X:00 Y:00 P:24 SP:F4
88E5  85 07    STA STA $07                      A:8B X:00 Y:00 P:A4 SP:F4
88E7  BD A1 06 LDA LDA $06A1,X                  A:8B X:00 Y:00 P:A4 SP:F4
<L002> ×2
# sample:
# 88EA  0A       ASL A                            A:00 X:00 Y:00 P:26 SP:F4
# 88EB  0A       ASL A                            A:00 X:00 Y:00 P:26 SP:F4
88F1  29 01    AND AND #$01                     A:06 X:00 Y:00 P:24 SP:F4
88F3  49 01    EOR EOR #$01                     A:00 X:00 Y:00 P:26 SP:F4
88F5  0A       ASL A                            A:01 X:00 Y:00 P:24 SP:F4
88F6  65 02    ADC ADC $02                      A:02 X:00 Y:00 P:24 SP:F4
88F8  A8       TAY                              A:02 X:00 Y:00 P:24 SP:F4
88F9  A6 00    LDX LDX $00                      A:02 X:00 Y:02 P:24 SP:F4
<L001> ×2
# sample:
# 88FB  B1 06    LDA LDA ($06),Y                  A:02 X:1D Y:02 P:24 SP:F4
8900  C8       INY                              A:24 X:1D Y:02 P:24 SP:F4
8901  B1 06    LDA LDA ($06),Y                  A:24 X:1D Y:03 P:24 SP:F4
8903  9D 45 03 STA STA $0345,X                  A:24 X:1D Y:03 P:24 SP:F4
8906  A4 04    LDY LDY $04                      A:24 X:1D Y:03 P:24 SP:F4
8908  A5 05    LDA LDA $05                      A:24 X:1D Y:00 P:26 SP:F4
890A  D0 0E    BNE BNE #$0E                     A:00 X:1D Y:00 P:26 SP:F4
890C  A5 01    LDA LDA $01                      A:00 X:1D Y:00 P:26 SP:F4
890E  4A       LSR A                            A:00 X:1D Y:00 P:26 SP:F4
890F  B0 19    BCS BCS #$19                     A:00 X:1D Y:00 P:26 SP:F4
<L019> ×3
# sample:
# 8911  26 03    ROL ROL $03                      A:00 X:1D Y:00 P:26 SP:F4
8917  4C 30 89 JMP JMP $8930                    A:00 X:1D Y:00 P:26 SP:F4
8930  B9 F9 03 LDA LDA $03F9,Y                  A:00 X:1D Y:00 P:26 SP:F4
8933  05 03    ORA ORA $03                      A:00 X:1D Y:00 P:26 SP:F4
8935  99 F9 03 STA STA $03F9,Y                  A:00 X:1D Y:00 P:26 SP:F4
<L009> ×2
# sample:
# 8938  E6 00    INC INC $00                      A:00 X:1D Y:00 P:26 SP:F4
893C  A6 01    LDX LDX $01                      A:00 X:1D Y:00 P:24 SP:F4
893E  E8       INX                              A:00 X:00 Y:00 P:26 SP:F4
893F  E0 0D    CPX CPX #$0D                     A:00 X:01 Y:00 P:24 SP:F4
8941  90 8D    BCC BCC #$8D                     A:00 X:01 Y:00 P:A4 SP:F4
88D0  86 01    STX STX $01                      A:00 X:01 Y:00 P:A4 SP:F4
88D2  BD A1 06 LDA LDA $06A1,X                  A:00 X:01 Y:00 P:A4 SP:F4
88D5  29 C0    AND AND #$C0                     A:00 X:01 Y:00 P:26 SP:F4
88D7  85 03    STA STA $03                      A:00 X:01 Y:00 P:26 SP:F4
88D9  0A       ASL A                            A:00 X:01 Y:00 P:26 SP:F4
<L002> ×2
# sample:
# 88DA  2A       ROL A                            A:00 X:01 Y:00 P:26 SP:F4
# 88DB  2A       ROL A                            A:00 X:01 Y:00 P:26 SP:F4
88E0  85 06    STA STA $06                      A:10 X:01 Y:00 P:24 SP:F4
88E2  B9 0C 8B LDA LDA $8B0C,Y                  A:10 X:01 Y:00 P:24 SP:F4
88E5  85 07    STA STA $07                      A:8B X:01 Y:00 P:A4 SP:F4
88E7  BD A1 06 LDA LDA $06A1,X                  A:8B X:01 Y:00 P:A4 SP:F4
<L002> ×2
# sample:
# 88EA  0A       ASL A                            A:00 X:01 Y:00 P:26 SP:F4
# 88EB  0A       ASL A                            A:00 X:01 Y:00 P:26 SP:F4
88F1  29 01    AND AND #$01                     A:06 X:01 Y:00 P:24 SP:F4
88F3  49 01    EOR EOR #$01                     A:00 X:01 Y:00 P:26 SP:F4
88F5  0A       ASL A                            A:01 X:01 Y:00 P:24 SP:F4
88F6  65 02    ADC ADC $02                      A:02 X:01 Y:00 P:24 SP:F4
88F8  A8       TAY                              A:02 X:01 Y:00 P:24 SP:F4
88F9  A6 00    LDX LDX $00                      A:02 X:01 Y:02 P:24 SP:F4
<L001> ×2
# sample:
# 88FB  B1 06    LDA LDA ($06),Y                  A:02 X:1F Y:02 P:24 SP:F4
8900  C8       INY                              A:24 X:1F Y:02 P:24 SP:F4
8901  B1 06    LDA LDA ($06),Y                  A:24 X:1F Y:03 P:24 SP:F4
8903  9D 45 03 STA STA $0345,X                  A:24 X:1F Y:03 P:24 SP:F4
8906  A4 04    LDY LDY $04                      A:24 X:1F Y:03 P:24 SP:F4
8908  A5 05    LDA LDA $05                      A:24 X:1F Y:00 P:26 SP:F4
890A  D0 0E    BNE BNE #$0E                     A:00 X:1F Y:00 P:26 SP:F4
890C  A5 01    LDA LDA $01                      A:00 X:1F Y:00 P:26 SP:F4
890E  4A       LSR A                            A:01 X:1F Y:00 P:24 SP:F4
890F  B0 19    BCS BCS #$19                     A:00 X:1F Y:00 P:27 SP:F4
<L014> ×2
# sample:
# 892A  46 03    LSR LSR $03                      A:00 X:1F Y:00 P:27 SP:F4
892E  E6 04    INC INC $04                      A:00 X:1F Y:00 P:26 SP:F4
8930  B9 F9 03 LDA LDA $03F9,Y                  A:00 X:1F Y:00 P:24 SP:F4
8933  05 03    ORA ORA $03                      A:00 X:1F Y:00 P:26 SP:F4
8935  99 F9 03 STA STA $03F9,Y                  A:00 X:1F Y:00 P:26 SP:F4
<L009> ×2
# sample:
# 8938  E6 00    INC INC $00                      A:00 X:1F Y:00 P:26 SP:F4
893C  A6 01    LDX LDX $01                      A:00 X:1F Y:00 P:24 SP:F4
893E  E8       INX                              A:00 X:01 Y:00 P:24 SP:F4
893F  E0 0D    CPX CPX #$0D                     A:00 X:02 Y:00 P:24 SP:F4
8941  90 8D    BCC BCC #$8D                     A:00 X:02 Y:00 P:A4 SP:F4
88D0  86 01    STX STX $01                      A:00 X:02 Y:00 P:A4 SP:F4
88D2  BD A1 06 LDA LDA $06A1,X                  A:00 X:02 Y:00 P:A4 SP:F4
88D5  29 C0    AND AND #$C0                     A:00 X:02 Y:00 P:26 SP:F4
88D7  85 03    STA STA $03                      A:00 X:02 Y:00 P:26 SP:F4
88D9  0A       ASL A                            A:00 X:02 Y:00 P:26 SP:F4
<L002> ×2
# sample:
# 88DA  2A       ROL A                            A:00 X:02 Y:00 P:26 SP:F4
# 88DB  2A       ROL A                            A:00 X:02 Y:00 P:26 SP:F4
88E0  85 06    STA STA $06                      A:10 X:02 Y:00 P:24 SP:F4
88E2  B9 0C 8B LDA LDA $8B0C,Y                  A:10 X:02 Y:00 P:24 SP:F4
88E5  85 07    STA STA $07                      A:8B X:02 Y:00 P:A4 SP:F4
88E7  BD A1 06 LDA LDA $06A1,X                  A:8B X:02 Y:00 P:A4 SP:F4
<L002> ×2
# sample:
# 88EA  0A       ASL A                            A:00 X:02 Y:00 P:26 SP:F4
# 88EB  0A       ASL A                            A:00 X:02 Y:00 P:26 SP:F4
88F1  29 01    AND AND #$01                     A:06 X:02 Y:00 P:24 SP:F4
88F3  49 01    EOR EOR #$01                     A:00 X:02 Y:00 P:26 SP:F4
88F5  0A       ASL A                            A:01 X:02 Y:00 P:24 SP:F4
88F6  65 02    ADC ADC $02                      A:02 X:02 Y:00 P:24 SP:F4
88F8  A8       TAY                              A:02 X:02 Y:00 P:24 SP:F4
88F9  A6 00    LDX LDX $00                      A:02 X:02 Y:02 P:24 SP:F4
<L001> ×2
# sample:
# 88FB  B1 06    LDA LDA ($06),Y                  A:02 X:21 Y:02 P:24 SP:F4
8900  C8       INY                              A:24 X:21 Y:02 P:24 SP:F4
8901  B1 06    LDA LDA ($06),Y                  A:24 X:21 Y:03 P:24 SP:F4
8903  9D 45 03 STA STA $0345,X                  A:24 X:21 Y:03 P:24 SP:F4
8906  A4 04    LDY LDY $04                      A:24 X:21 Y:03 P:24 SP:F4
8908  A5 05    LDA LDA $05                      A:24 X:21 Y:01 P:24 SP:F4
890A  D0 0E    BNE BNE #$0E                     A:00 X:21 Y:01 P:26 SP:F4
890C  A5 01    LDA LDA $01                      A:00 X:21 Y:01 P:26 SP:F4
890E  4A       LSR A                            A:02 X:21 Y:01 P:24 SP:F4
890F  B0 19    BCS BCS #$19                     A:01 X:21 Y:01 P:24 SP:F4
<L019> ×3
# sample:
# 8911  26 03    ROL ROL $03                      A:01 X:21 Y:01 P:24 SP:F4
8917  4C 30 89 JMP JMP $8930                    A:01 X:21 Y:01 P:26 SP:F4
8930  B9 F9 03 LDA LDA $03F9,Y                  A:01 X:21 Y:01 P:26 SP:F4
8933  05 03    ORA ORA $03                      A:00 X:21 Y:01 P:26 SP:F4
8935  99 F9 03 STA STA $03F9,Y                  A:00 X:21 Y:01 P:26 SP:F4
<L009> ×2
# sample:
# 8938  E6 00    INC INC $00                      A:00 X:21 Y:01 P:26 SP:F4
893C  A6 01    LDX LDX $01                      A:00 X:21 Y:01 P:24 SP:F4
893E  E8       INX                              A:00 X:02 Y:01 P:24 SP:F4
893F  E0 0D    CPX CPX #$0D                     A:00 X:03 Y:01 P:24 SP:F4
8941  90 8D    BCC BCC #$8D                     A:00 X:03 Y:01 P:A4 SP:F4
88D0  86 01    STX STX $01                      A:00 X:03 Y:01 P:A4 SP:F4
88D2  BD A1 06 LDA LDA $06A1,X                  A:00 X:03 Y:01 P:A4 SP:F4
88D5  29 C0    AND AND #$C0                     A:00 X:03 Y:01 P:26 SP:F4
88D7  85 03    STA STA $03                      A:00 X:03 Y:01 P:26 SP:F4
88D9  0A       ASL A                            A:00 X:03 Y:01 P:26 SP:F4
<L002> ×2
# sample:
# 88DA  2A       ROL A                            A:00 X:03 Y:01 P:26 SP:F4
# 88DB  2A       ROL A                            A:00 X:03 Y:01 P:26 SP:F4
88E0  85 06    STA STA $06                      A:10 X:03 Y:00 P:24 SP:F4
88E2  B9 0C 8B LDA LDA $8B0C,Y                  A:10 X:03 Y:00 P:24 SP:F4
88E5  85 07    STA STA $07                      A:8B X:03 Y:00 P:A4 SP:F4
88E7  BD A1 06 LDA LDA $06A1,X                  A:8B X:03 Y:00 P:A4 SP:F4
<L002> ×2
# sample:
# 88EA  0A       ASL A                            A:00 X:03 Y:00 P:26 SP:F4
# 88EB  0A       ASL A                            A:00 X:03 Y:00 P:26 SP:F4
88F1  29 01    AND AND #$01                     A:06 X:03 Y:00 P:24 SP:F4
88F3  49 01    EOR EOR #$01                     A:00 X:03 Y:00 P:26 SP:F4
88F5  0A       ASL A                            A:01 X:03 Y:00 P:24 SP:F4
88F6  65 02    ADC ADC $02                      A:02 X:03 Y:00 P:24 SP:F4
88F8  A8       TAY                              A:02 X:03 Y:00 P:24 SP:F4
88F9  A6 00    LDX LDX $00                      A:02 X:03 Y:02 P:24 SP:F4
<L001> ×2
# sample:
# 88FB  B1 06    LDA LDA ($06),Y                  A:02 X:23 Y:02 P:24 SP:F4
8900  C8       INY                              A:24 X:23 Y:02 P:24 SP:F4
8901  B1 06    LDA LDA ($06),Y                  A:24 X:23 Y:03 P:24 SP:F4
8903  9D 45 03 STA STA $0345,X                  A:24 X:23 Y:03 P:24 SP:F4
8906  A4 04    LDY LDY $04                      A:24 X:23 Y:03 P:24 SP:F4
8908  A5 05    LDA LDA $05                      A:24 X:23 Y:01 P:24 SP:F4
890A  D0 0E    BNE BNE #$0E                     A:00 X:23 Y:01 P:26 SP:F4
890C  A5 01    LDA LDA $01                      A:00 X:23 Y:01 P:26 SP:F4
890E  4A       LSR A                            A:03 X:23 Y:01 P:24 SP:F4
890F  B0 19    BCS BCS #$19                     A:01 X:23 Y:01 P:25 SP:F4
<L014> ×2
# sample:
# 892A  46 03    LSR LSR $03                      A:01 X:23 Y:01 P:25 SP:F4
892E  E6 04    INC INC $04                      A:01 X:23 Y:01 P:26 SP:F4
8930  B9 F9 03 LDA LDA $03F9,Y                  A:01 X:23 Y:01 P:24 SP:F4
8933  05 03    ORA ORA $03                      A:00 X:23 Y:01 P:26 SP:F4
8935  99 F9 03 STA STA $03F9,Y                  A:00 X:23 Y:01 P:26 SP:F4
<L009> ×2
# sample:
# 8938  E6 00    INC INC $00                      A:00 X:23 Y:01 P:26 SP:F4
893C  A6 01    LDX LDX $01                      A:00 X:23 Y:01 P:24 SP:F4
893E  E8       INX                              A:00 X:03 Y:01 P:24 SP:F4
893F  E0 0D    CPX CPX #$0D                     A:00 X:04 Y:01 P:24 SP:F4
8941  90 8D    BCC BCC #$8D                     A:00 X:04 Y:01 P:A4 SP:F4
88D0  86 01    STX STX $01                      A:00 X:04 Y:01 P:A4 SP:F4
88D2  BD A1 06 LDA LDA $06A1,X                  A:00 X:04 Y:01 P:A4 SP:F4
88D5  29 C0    AND AND #$C0                     A:00 X:04 Y:01 P:26 SP:F4
88D7  85 03    STA STA $03                      A:00 X:04 Y:01 P:26 SP:F4
88D9  0A       ASL A                            A:00 X:04 Y:01 P:26 SP:F4
<L002> ×2
# sample:
# 88DA  2A       ROL A                            A:00 X:04 Y:01 P:26 SP:F4
# 88DB  2A       ROL A                            A:00 X:04 Y:01 P:26 SP:F4
88E0  85 06    STA STA $06                      A:10 X:04 Y:00 P:24 SP:F4
88E2  B9 0C 8B LDA LDA $8B0C,Y                  A:10 X:04 Y:00 P:24 SP:F4
88E5  85 07    STA STA $07                      A:8B X:04 Y:00 P:A4 SP:F4
88E7  BD A1 06 LDA LDA $06A1,X                  A:8B X:04 Y:00 P:A4 SP:F4
<L002> ×2
# sample:
# 88EA  0A       ASL A                            A:00 X:04 Y:00 P:26 SP:F4
# 88EB  0A       ASL A                            A:00 X:04 Y:00 P:26 SP:F4
88F1  29 01    AND AND #$01                     A:06 X:04 Y:00 P:24 SP:F4
88F3  49 01    EOR EOR #$01                     A:00 X:04 Y:00 P:26 SP:F4
88F5  0A       ASL A                            A:01 X:04 Y:00 P:24 SP:F4
88F6  65 02    ADC ADC $02                      A:02 X:04 Y:00 P:24 SP:F4
88F8  A8       TAY                              A:02 X:04 Y:00 P:24 SP:F4
88F9  A6 00    LDX LDX $00                      A:02 X:04 Y:02 P:24 SP:F4
<L001> ×2
# sample:
# 88FB  B1 06    LDA LDA ($06),Y                  A:02 X:25 Y:02 P:24 SP:F4
8900  C8       INY                              A:24 X:25 Y:02 P:24 SP:F4
8901  B1 06    LDA LDA ($06),Y                  A:24 X:25 Y:03 P:24 SP:F4
8903  9D 45 03 STA STA $0345,X                  A:24 X:25 Y:03 P:24 SP:F4
8906  A4 04    LDY LDY $04                      A:24 X:25 Y:03 P:24 SP:F4
8908  A5 05    LDA LDA $05                      A:24 X:25 Y:02 P:24 SP:F4
890A  D0 0E    BNE BNE #$0E                     A:00 X:25 Y:02 P:26 SP:F4
890C  A5 01    LDA LDA $01                      A:00 X:25 Y:02 P:26 SP:F4
890E  4A       LSR A                            A:04 X:25 Y:02 P:24 SP:F4
890F  B0 19    BCS BCS #$19                     A:02 X:25 Y:02 P:24 SP:F4
<L019> ×3
# sample:
# 8911  26 03    ROL ROL $03                      A:02 X:25 Y:02 P:24 SP:F4
8917  4C 30 89 JMP JMP $8930                    A:02 X:25 Y:02 P:26 SP:F4
8930  B9 F9 03 LDA LDA $03F9,Y                  A:02 X:25 Y:02 P:26 SP:F4
8933  05 03    ORA ORA $03                      A:00 X:25 Y:02 P:26 SP:F4
8935  99 F9 03 STA STA $03F9,Y                  A:00 X:25 Y:02 P:26 SP:F4
<L009> ×2
# sample:
# 8938  E6 00    INC INC $00                      A:00 X:25 Y:02 P:26 SP:F4
893C  A6 01    LDX LDX $01                      A:00 X:25 Y:02 P:24 SP:F4
893E  E8       INX                              A:00 X:04 Y:02 P:24 SP:F4
893F  E0 0D    CPX CPX #$0D                     A:00 X:05 Y:02 P:24 SP:F4
8941  90 8D    BCC BCC #$8D                     A:00 X:05 Y:02 P:A4 SP:F4
88D0  86 01    STX STX $01                      A:00 X:05 Y:02 P:A4 SP:F4
88D2  BD A1 06 LDA LDA $06A1,X                  A:00 X:05 Y:02 P:A4 SP:F4
88D5  29 C0    AND AND #$C0                     A:00 X:05 Y:02 P:26 SP:F4
88D7  85 03    STA STA $03                      A:00 X:05 Y:02 P:26 SP:F4
88D9  0A       ASL A                            A:00 X:05 Y:02 P:26 SP:F4
<L002> ×2
# sample:
# 88DA  2A       ROL A                            A:00 X:05 Y:02 P:26 SP:F4
# 88DB  2A       ROL A                            A:00 X:05 Y:02 P:26 SP:F4
88E0  85 06    STA STA $06                      A:10 X:05 Y:00 P:24 SP:F4
88E2  B9 0C 8B LDA LDA $8B0C,Y                  A:10 X:05 Y:00 P:24 SP:F4
88E5  85 07    STA STA $07                      A:8B X:05 Y:00 P:A4 SP:F4
88E7  BD A1 06 LDA LDA $06A1,X                  A:8B X:05 Y:00 P:A4 SP:F4
<L002> ×2
# sample:
# 88EA  0A       ASL A                            A:00 X:05 Y:00 P:26 SP:F4
# 88EB  0A       ASL A                            A:00 X:05 Y:00 P:26 SP:F4
88F1  29 01    AND AND #$01                     A:06 X:05 Y:00 P:24 SP:F4
88F3  49 01    EOR EOR #$01                     A:00 X:05 Y:00 P:26 SP:F4
88F5  0A       ASL A                            A:01 X:05 Y:00 P:24 SP:F4
88F6  65 02    ADC ADC $02                      A:02 X:05 Y:00 P:24 SP:F4
88F8  A8       TAY                              A:02 X:05 Y:00 P:24 SP:F4
88F9  A6 00    LDX LDX $00                      A:02 X:05 Y:02 P:24 SP:F4
<L001> ×2
# sample:
# 88FB  B1 06    LDA LDA ($06),Y                  A:02 X:27 Y:02 P:24 SP:F4
8900  C8       INY                              A:24 X:27 Y:02 P:24 SP:F4
8901  B1 06    LDA LDA ($06),Y                  A:24 X:27 Y:03 P:24 SP:F4
8903  9D 45 03 STA STA $0345,X                  A:24 X:27 Y:03 P:24 SP:F4
8906  A4 04    LDY LDY $04                      A:24 X:27 Y:03 P:24 SP:F4
8908  A5 05    LDA LDA $05                      A:24 X:27 Y:02 P:24 SP:F4
890A  D0 0E    BNE BNE #$0E                     A:00 X:27 Y:02 P:26 SP:F4
890C  A5 01    LDA LDA $01                      A:00 X:27 Y:02 P:26 SP:F4
890E  4A       LSR A                            A:05 X:27 Y:02 P:24 SP:F4
890F  B0 19    BCS BCS #$19                     A:02 X:27 Y:02 P:25 SP:F4
<L014> ×2
# sample:
# 892A  46 03    LSR LSR $03                      A:02 X:27 Y:02 P:25 SP:F4
892E  E6 04    INC INC $04                      A:02 X:27 Y:02 P:26 SP:F4
8930  B9 F9 03 LDA LDA $03F9,Y                  A:02 X:27 Y:02 P:24 SP:F4
8933  05 03    ORA ORA $03                      A:00 X:27 Y:02 P:26 SP:F4
8935  99 F9 03 STA STA $03F9,Y                  A:00 X:27 Y:02 P:26 SP:F4
<L009> ×2
# sample:
# 8938  E6 00    INC INC $00                      A:00 X:27 Y:02 P:26 SP:F4
893C  A6 01    LDX LDX $01                      A:00 X:27 Y:02 P:24 SP:F4
893E  E8       INX                              A:00 X:05 Y:02 P:24 SP:F4
893F  E0 0D    CPX CPX #$0D                     A:00 X:06 Y:02 P:24 SP:F4
8941  90 8D    BCC BCC #$8D                     A:00 X:06 Y:02 P:A4 SP:F4
88D0  86 01    STX STX $01                      A:00 X:06 Y:02 P:A4 SP:F4
88D2  BD A1 06 LDA LDA $06A1,X                  A:00 X:06 Y:02 P:A4 SP:F4
88D5  29 C0    AND AND #$C0                     A:00 X:06 Y:02 P:26 SP:F4
88D7  85 03    STA STA $03                      A:00 X:06 Y:02 P:26 SP:F4
88D9  0A       ASL A                            A:00 X:06 Y:02 P:26 SP:F4
<L002> ×2
# sample:
# 88DA  2A       ROL A                            A:00 X:06 Y:02 P:26 SP:F4
# 88DB  2A       ROL A                            A:00 X:06 Y:02 P:26 SP:F4
88E0  85 06    STA STA $06                      A:10 X:06 Y:00 P:24 SP:F4
88E2  B9 0C 8B LDA LDA $8B0C,Y                  A:10 X:06 Y:00 P:24 SP:F4
88E5  85 07    STA STA $07                      A:8B X:06 Y:00 P:A4 SP:F4
88E7  BD A1 06 LDA LDA $06A1,X                  A:8B X:06 Y:00 P:A4 SP:F4
<L002> ×2
# sample:
# 88EA  0A       ASL A                            A:00 X:06 Y:00 P:26 SP:F4
# 88EB  0A       ASL A                            A:00 X:06 Y:00 P:26 SP:F4
88F1  29 01    AND AND #$01                     A:06 X:06 Y:00 P:24 SP:F4
88F3  49 01    EOR EOR #$01                     A:00 X:06 Y:00 P:26 SP:F4
88F5  0A       ASL A                            A:01 X:06 Y:00 P:24 SP:F4
88F6  65 02    ADC ADC $02                      A:02 X:06 Y:00 P:24 SP:F4
88F8  A8       TAY                              A:02 X:06 Y:00 P:24 SP:F4
88F9  A6 00    LDX LDX $00                      A:02 X:06 Y:02 P:24 SP:F4
<L001> ×2
# sample:
# 88FB  B1 06    LDA LDA ($06),Y                  A:02 X:29 Y:02 P:24 SP:F4
8900  C8       INY                              A:24 X:29 Y:02 P:24 SP:F4
8901  B1 06    LDA LDA ($06),Y                  A:24 X:29 Y:03 P:24 SP:F4
8903  9D 45 03 STA STA $0345,X                  A:24 X:29 Y:03 P:24 SP:F4
8906  A4 04    LDY LDY $04                      A:24 X:29 Y:03 P:24 SP:F4
8908  A5 05    LDA LDA $05                      A:24 X:29 Y:03 P:24 SP:F4
890A  D0 0E    BNE BNE #$0E                     A:00 X:29 Y:03 P:26 SP:F4
890C  A5 01    LDA LDA $01                      A:00 X:29 Y:03 P:26 SP:F4
890E  4A       LSR A                            A:06 X:29 Y:03 P:24 SP:F4
890F  B0 19    BCS BCS #$19                     A:03 X:29 Y:03 P:24 SP:F4
<L019> ×3
# sample:
# 8911  26 03    ROL ROL $03                      A:03 X:29 Y:03 P:24 SP:F4
8917  4C 30 89 JMP JMP $8930                    A:03 X:29 Y:03 P:26 SP:F4
8930  B9 F9 03 LDA LDA $03F9,Y                  A:03 X:29 Y:03 P:26 SP:F4
8933  05 03    ORA ORA $03                      A:00 X:29 Y:03 P:26 SP:F4
8935  99 F9 03 STA STA $03F9,Y                  A:00 X:29 Y:03 P:26 SP:F4
<L009> ×2
# sample:
# 8938  E6 00    INC INC $00                      A:00 X:29 Y:03 P:26 SP:F4
893C  A6 01    LDX LDX $01                      A:00 X:29 Y:03 P:24 SP:F4
893E  E8       INX                              A:00 X:06 Y:03 P:24 SP:F4
893F  E0 0D    CPX CPX #$0D                     A:00 X:07 Y:03 P:24 SP:F4
8941  90 8D    BCC BCC #$8D                     A:00 X:07 Y:03 P:A4 SP:F4
88D0  86 01    STX STX $01                      A:00 X:07 Y:03 P:A4 SP:F4
88D2  BD A1 06 LDA LDA $06A1,X                  A:00 X:07 Y:03 P:A4 SP:F4
88D5  29 C0    AND AND #$C0                     A:00 X:07 Y:03 P:26 SP:F4
88D7  85 03    STA STA $03                      A:00 X:07 Y:03 P:26 SP:F4
88D9  0A       ASL A                            A:00 X:07 Y:03 P:26 SP:F4
<L002> ×2
# sample:
# 88DA  2A       ROL A                            A:00 X:07 Y:03 P:26 SP:F4
# 88DB  2A       ROL A                            A:00 X:07 Y:03 P:26 SP:F4
88E0  85 06    STA STA $06                      A:10 X:07 Y:00 P:24 SP:F4
88E2  B9 0C 8B LDA LDA $8B0C,Y                  A:10 X:07 Y:00 P:24 SP:F4
88E5  85 07    STA STA $07                      A:8B X:07 Y:00 P:A4 SP:F4
88E7  BD A1 06 LDA LDA $06A1,X                  A:8B X:07 Y:00 P:A4 SP:F4
<L002> ×2
# sample:
# 88EA  0A       ASL A                            A:00 X:07 Y:00 P:26 SP:F4
# 88EB  0A       ASL A                            A:00 X:07 Y:00 P:26 SP:F4
88F1  29 01    AND AND #$01                     A:06 X:07 Y:00 P:24 SP:F4
88F3  49 01    EOR EOR #$01                     A:00 X:07 Y:00 P:26 SP:F4
88F5  0A       ASL A                            A:01 X:07 Y:00 P:24 SP:F4
88F6  65 02    ADC ADC $02                      A:02 X:07 Y:00 P:24 SP:F4
88F8  A8       TAY                              A:02 X:07 Y:00 P:24 SP:F4
88F9  A6 00    LDX LDX $00                      A:02 X:07 Y:02 P:24 SP:F4
<L001> ×2
# sample:
# 88FB  B1 06    LDA LDA ($06),Y                  A:02 X:2B Y:02 P:24 SP:F4
8900  C8       INY                              A:24 X:2B Y:02 P:24 SP:F4
8901  B1 06    LDA LDA ($06),Y                  A:24 X:2B Y:03 P:24 SP:F4
8903  9D 45 03 STA STA $0345,X                  A:24 X:2B Y:03 P:24 SP:F4
8906  A4 04    LDY LDY $04                      A:24 X:2B Y:03 P:24 SP:F4
8908  A5 05    LDA LDA $05                      A:24 X:2B Y:03 P:24 SP:F4
890A  D0 0E    BNE BNE #$0E                     A:00 X:2B Y:03 P:26 SP:F4
890C  A5 01    LDA LDA $01                      A:00 X:2B Y:03 P:26 SP:F4
890E  4A       LSR A                            A:07 X:2B Y:03 P:24 SP:F4
890F  B0 19    BCS BCS #$19                     A:03 X:2B Y:03 P:25 SP:F4
<L014> ×2
# sample:
# 892A  46 03    LSR LSR $03                      A:03 X:2B Y:03 P:25 SP:F4
892E  E6 04    INC INC $04                      A:03 X:2B Y:03 P:26 SP:F4
8930  B9 F9 03 LDA LDA $03F9,Y                  A:03 X:2B Y:03 P:24 SP:F4
8933  05 03    ORA ORA $03                      A:00 X:2B Y:03 P:26 SP:F4
8935  99 F9 03 STA STA $03F9,Y                  A:00 X:2B Y:03 P:26 SP:F4
<L009> ×2
# sample:
# 8938  E6 00    INC INC $00                      A:00 X:2B Y:03 P:26 SP:F4
893C  A6 01    LDX LDX $01                      A:00 X:2B Y:03 P:24 SP:F4
893E  E8       INX                              A:00 X:07 Y:03 P:24 SP:F4
893F  E0 0D    CPX CPX #$0D                     A:00 X:08 Y:03 P:24 SP:F4
8941  90 8D    BCC BCC #$8D                     A:00 X:08 Y:03 P:A4 SP:F4
88D0  86 01    STX STX $01                      A:00 X:08 Y:03 P:A4 SP:F4
88D2  BD A1 06 LDA LDA $06A1,X                  A:00 X:08 Y:03 P:A4 SP:F4
88D5  29 C0    AND AND #$C0                     A:00 X:08 Y:03 P:26 SP:F4
88D7  85 03    STA STA $03                      A:00 X:08 Y:03 P:26 SP:F4
88D9  0A       ASL A                            A:00 X:08 Y:03 P:26 SP:F4
<L002> ×2
# sample:
# 88DA  2A       ROL A                            A:00 X:08 Y:03 P:26 SP:F4
# 88DB  2A       ROL A                            A:00 X:08 Y:03 P:26 SP:F4
88E0  85 06    STA STA $06                      A:10 X:08 Y:00 P:24 SP:F4
88E2  B9 0C 8B LDA LDA $8B0C,Y                  A:10 X:08 Y:00 P:24 SP:F4
88E5  85 07    STA STA $07                      A:8B X:08 Y:00 P:A4 SP:F4
88E7  BD A1 06 LDA LDA $06A1,X                  A:8B X:08 Y:00 P:A4 SP:F4
<L002> ×2
# sample:
# 88EA  0A       ASL A                            A:00 X:08 Y:00 P:26 SP:F4
# 88EB  0A       ASL A                            A:00 X:08 Y:00 P:26 SP:F4
88F1  29 01    AND AND #$01                     A:06 X:08 Y:00 P:24 SP:F4
88F3  49 01    EOR EOR #$01                     A:00 X:08 Y:00 P:26 SP:F4
88F5  0A       ASL A                            A:01 X:08 Y:00 P:24 SP:F4
88F6  65 02    ADC ADC $02                      A:02 X:08 Y:00 P:24 SP:F4
88F8  A8       TAY                              A:02 X:08 Y:00 P:24 SP:F4
88F9  A6 00    LDX LDX $00                      A:02 X:08 Y:02 P:24 SP:F4
<L001> ×2
# sample:
# 88FB  B1 06    LDA LDA ($06),Y                  A:02 X:2D Y:02 P:24 SP:F4
8900  C8       INY                              A:24 X:2D Y:02 P:24 SP:F4
8901  B1 06    LDA LDA ($06),Y                  A:24 X:2D Y:03 P:24 SP:F4
8903  9D 45 03 STA STA $0345,X                  A:24 X:2D Y:03 P:24 SP:F4
8906  A4 04    LDY LDY $04                      A:24 X:2D Y:03 P:24 SP:F4
8908  A5 05    LDA LDA $05                      A:24 X:2D Y:04 P:24 SP:F4
890A  D0 0E    BNE BNE #$0E                     A:00 X:2D Y:04 P:26 SP:F4
890C  A5 01    LDA LDA $01                      A:00 X:2D Y:04 P:26 SP:F4
890E  4A       LSR A                            A:08 X:2D Y:04 P:24 SP:F4
890F  B0 19    BCS BCS #$19                     A:04 X:2D Y:04 P:24 SP:F4
<L019> ×3
# sample:
# 8911  26 03    ROL ROL $03                      A:04 X:2D Y:04 P:24 SP:F4
8917  4C 30 89 JMP JMP $8930                    A:04 X:2D Y:04 P:26 SP:F4
8930  B9 F9 03 LDA LDA $03F9,Y                  A:04 X:2D Y:04 P:26 SP:F4
8933  05 03    ORA ORA $03                      A:00 X:2D Y:04 P:26 SP:F4
8935  99 F9 03 STA STA $03F9,Y                  A:00 X:2D Y:04 P:26 SP:F4
<L009> ×2
# sample:
# 8938  E6 00    INC INC $00                      A:00 X:2D Y:04 P:26 SP:F4
893C  A6 01    LDX LDX $01                      A:00 X:2D Y:04 P:24 SP:F4
893E  E8       INX                              A:00 X:08 Y:04 P:24 SP:F4
893F  E0 0D    CPX CPX #$0D                     A:00 X:09 Y:04 P:24 SP:F4
8941  90 8D    BCC BCC #$8D                     A:00 X:09 Y:04 P:A4 SP:F4
88D0  86 01    STX STX $01                      A:00 X:09 Y:04 P:A4 SP:F4
88D2  BD A1 06 LDA LDA $06A1,X                  A:00 X:09 Y:04 P:A4 SP:F4
88D5  29 C0    AND AND #$C0                     A:00 X:09 Y:04 P:26 SP:F4
88D7  85 03    STA STA $03                      A:00 X:09 Y:04 P:26 SP:F4
88D9  0A       ASL A                            A:00 X:09 Y:04 P:26 SP:F4
<L002> ×2
# sample:
# 88DA  2A       ROL A                            A:00 X:09 Y:04 P:26 SP:F4
# 88DB  2A       ROL A                            A:00 X:09 Y:04 P:26 SP:F4
88E0  85 06    STA STA $06                      A:10 X:09 Y:00 P:24 SP:F4
88E2  B9 0C 8B LDA LDA $8B0C,Y                  A:10 X:09 Y:00 P:24 SP:F4
88E5  85 07    STA STA $07                      A:8B X:09 Y:00 P:A4 SP:F4
88E7  BD A1 06 LDA LDA $06A1,X                  A:8B X:09 Y:00 P:A4 SP:F4
<L002> ×2
# sample:
# 88EA  0A       ASL A                            A:00 X:09 Y:00 P:26 SP:F4
# 88EB  0A       ASL A                            A:00 X:09 Y:00 P:26 SP:F4
88F1  29 01    AND AND #$01                     A:06 X:09 Y:00 P:24 SP:F4
88F3  49 01    EOR EOR #$01                     A:00 X:09 Y:00 P:26 SP:F4
88F5  0A       ASL A                            A:01 X:09 Y:00 P:24 SP:F4
88F6  65 02    ADC ADC $02                      A:02 X:09 Y:00 P:24 SP:F4
88F8  A8       TAY                              A:02 X:09 Y:00 P:24 SP:F4
88F9  A6 00    LDX LDX $00                      A:02 X:09 Y:02 P:24 SP:F4
<L001> ×2
# sample:
# 88FB  B1 06    LDA LDA ($06),Y                  A:02 X:2F Y:02 P:24 SP:F4
8900  C8       INY                              A:24 X:2F Y:02 P:24 SP:F4
8901  B1 06    LDA LDA ($06),Y                  A:24 X:2F Y:03 P:24 SP:F4
8903  9D 45 03 STA STA $0345,X                  A:24 X:2F Y:03 P:24 SP:F4
8906  A4 04    LDY LDY $04                      A:24 X:2F Y:03 P:24 SP:F4
8908  A5 05    LDA LDA $05                      A:24 X:2F Y:04 P:24 SP:F4
890A  D0 0E    BNE BNE #$0E                     A:00 X:2F Y:04 P:26 SP:F4
890C  A5 01    LDA LDA $01                      A:00 X:2F Y:04 P:26 SP:F4
890E  4A       LSR A                            A:09 X:2F Y:04 P:24 SP:F4
890F  B0 19    BCS BCS #$19                     A:04 X:2F Y:04 P:25 SP:F4
<L014> ×2
# sample:
# 892A  46 03    LSR LSR $03                      A:04 X:2F Y:04 P:25 SP:F4
892E  E6 04    INC INC $04                      A:04 X:2F Y:04 P:26 SP:F4
8930  B9 F9 03 LDA LDA $03F9,Y                  A:04 X:2F Y:04 P:24 SP:F4
8933  05 03    ORA ORA $03                      A:00 X:2F Y:04 P:26 SP:F4
8935  99 F9 03 STA STA $03F9,Y                  A:00 X:2F Y:04 P:26 SP:F4
<L009> ×2
# sample:
# 8938  E6 00    INC INC $00                      A:00 X:2F Y:04 P:26 SP:F4
893C  A6 01    LDX LDX $01                      A:00 X:2F Y:04 P:24 SP:F4
893E  E8       INX                              A:00 X:09 Y:04 P:24 SP:F4
893F  E0 0D    CPX CPX #$0D                     A:00 X:0A Y:04 P:24 SP:F4
8941  90 8D    BCC BCC #$8D                     A:00 X:0A Y:04 P:A4 SP:F4
88D0  86 01    STX STX $01                      A:00 X:0A Y:04 P:A4 SP:F4
88D2  BD A1 06 LDA LDA $06A1,X                  A:00 X:0A Y:04 P:A4 SP:F4
88D5  29 C0    AND AND #$C0                     A:05 X:0A Y:04 P:24 SP:F4
88D7  85 03    STA STA $03                      A:00 X:0A Y:04 P:26 SP:F4
88D9  0A       ASL A                            A:00 X:0A Y:04 P:26 SP:F4
<L002> ×2
# sample:
# 88DA  2A       ROL A                            A:00 X:0A Y:04 P:26 SP:F4
# 88DB  2A       ROL A                            A:00 X:0A Y:04 P:26 SP:F4
88E0  85 06    STA STA $06                      A:10 X:0A Y:00 P:24 SP:F4
88E2  B9 0C 8B LDA LDA $8B0C,Y                  A:10 X:0A Y:00 P:24 SP:F4
88E5  85 07    STA STA $07                      A:8B X:0A Y:00 P:A4 SP:F4
88E7  BD A1 06 LDA LDA $06A1,X                  A:8B X:0A Y:00 P:A4 SP:F4
<L002> ×2
# sample:
# 88EA  0A       ASL A                            A:05 X:0A Y:00 P:24 SP:F4
# 88EB  0A       ASL A                            A:0A X:0A Y:00 P:24 SP:F4
88F1  29 01    AND AND #$01                     A:06 X:0A Y:00 P:24 SP:F4
88F3  49 01    EOR EOR #$01                     A:00 X:0A Y:00 P:26 SP:F4
88F5  0A       ASL A                            A:01 X:0A Y:00 P:24 SP:F4
88F6  65 02    ADC ADC $02                      A:02 X:0A Y:00 P:24 SP:F4
88F8  A8       TAY                              A:16 X:0A Y:00 P:24 SP:F4
88F9  A6 00    LDX LDX $00                      A:16 X:0A Y:16 P:24 SP:F4
<L001> ×2
# sample:
# 88FB  B1 06    LDA LDA ($06),Y                  A:16 X:31 Y:16 P:24 SP:F4
8900  C8       INY                              A:30 X:31 Y:16 P:24 SP:F4
8901  B1 06    LDA LDA ($06),Y                  A:30 X:31 Y:17 P:24 SP:F4
8903  9D 45 03 STA STA $0345,X                  A:26 X:31 Y:17 P:24 SP:F4
8906  A4 04    LDY LDY $04                      A:26 X:31 Y:17 P:24 SP:F4
8908  A5 05    LDA LDA $05                      A:26 X:31 Y:05 P:24 SP:F4
890A  D0 0E    BNE BNE #$0E                     A:00 X:31 Y:05 P:26 SP:F4
890C  A5 01    LDA LDA $01                      A:00 X:31 Y:05 P:26 SP:F4
890E  4A       LSR A                            A:0A X:31 Y:05 P:24 SP:F4
890F  B0 19    BCS BCS #$19                     A:05 X:31 Y:05 P:24 SP:F4
<L019> ×3
# sample:
# 8911  26 03    ROL ROL $03                      A:05 X:31 Y:05 P:24 SP:F4
8917  4C 30 89 JMP JMP $8930                    A:05 X:31 Y:05 P:26 SP:F4
8930  B9 F9 03 LDA LDA $03F9,Y                  A:05 X:31 Y:05 P:26 SP:F4
8933  05 03    ORA ORA $03                      A:10 X:31 Y:05 P:24 SP:F4
8935  99 F9 03 STA STA $03F9,Y                  A:10 X:31 Y:05 P:24 SP:F4
<L009> ×2
# sample:
# 8938  E6 00    INC INC $00                      A:10 X:31 Y:05 P:24 SP:F4
893C  A6 01    LDX LDX $01                      A:10 X:31 Y:05 P:24 SP:F4
893E  E8       INX                              A:10 X:0A Y:05 P:24 SP:F4
893F  E0 0D    CPX CPX #$0D                     A:10 X:0B Y:05 P:24 SP:F4
8941  90 8D    BCC BCC #$8D                     A:10 X:0B Y:05 P:A4 SP:F4
88D0  86 01    STX STX $01                      A:10 X:0B Y:05 P:A4 SP:F4
88D2  BD A1 06 LDA LDA $06A1,X                  A:10 X:0B Y:05 P:A4 SP:F4
88D5  29 C0    AND AND #$C0                     A:54 X:0B Y:05 P:24 SP:F4
88D7  85 03    STA STA $03                      A:40 X:0B Y:05 P:24 SP:F4
88D9  0A       ASL A                            A:40 X:0B Y:05 P:24 SP:F4
<L002> ×2
# sample:
# 88DA  2A       ROL A                            A:80 X:0B Y:05 P:A4 SP:F4
# 88DB  2A       ROL A                            A:00 X:0B Y:05 P:27 SP:F4
88E0  85 06    STA STA $06                      A:AC X:0B Y:01 P:A4 SP:F4
88E2  B9 0C 8B LDA LDA $8B0C,Y                  A:AC X:0B Y:01 P:A4 SP:F4
88E5  85 07    STA STA $07                      A:8B X:0B Y:01 P:A4 SP:F4
88E7  BD A1 06 LDA LDA $06A1,X                  A:8B X:0B Y:01 P:A4 SP:F4
<L002> ×2
# sample:
# 88EA  0A       ASL A                            A:54 X:0B Y:01 P:24 SP:F4
# 88EB  0A       ASL A                            A:A8 X:0B Y:01 P:A4 SP:F4
88F1  29 01    AND AND #$01                     A:06 X:0B Y:01 P:25 SP:F4
88F3  49 01    EOR EOR #$01                     A:00 X:0B Y:01 P:27 SP:F4
88F5  0A       ASL A                            A:01 X:0B Y:01 P:25 SP:F4
88F6  65 02    ADC ADC $02                      A:02 X:0B Y:01 P:24 SP:F4
88F8  A8       TAY                              A:52 X:0B Y:01 P:24 SP:F4
88F9  A6 00    LDX LDX $00                      A:52 X:0B Y:52 P:24 SP:F4
<L001> ×2
# sample:
# 88FB  B1 06    LDA LDA ($06),Y                  A:52 X:33 Y:52 P:24 SP:F4
8900  C8       INY                              A:B5 X:33 Y:52 P:A4 SP:F4
8901  B1 06    LDA LDA ($06),Y                  A:B5 X:33 Y:53 P:24 SP:F4
8903  9D 45 03 STA STA $0345,X                  A:B7 X:33 Y:53 P:A4 SP:F4
8906  A4 04    LDY LDY $04                      A:B7 X:33 Y:53 P:A4 SP:F4
8908  A5 05    LDA LDA $05                      A:B7 X:33 Y:05 P:24 SP:F4
890A  D0 0E    BNE BNE #$0E                     A:00 X:33 Y:05 P:26 SP:F4
890C  A5 01    LDA LDA $01                      A:00 X:33 Y:05 P:26 SP:F4
890E  4A       LSR A                            A:0B X:33 Y:05 P:24 SP:F4
890F  B0 19    BCS BCS #$19                     A:05 X:33 Y:05 P:25 SP:F4
<L014> ×2
# sample:
# 892A  46 03    LSR LSR $03                      A:05 X:33 Y:05 P:25 SP:F4
892E  E6 04    INC INC $04                      A:05 X:33 Y:05 P:24 SP:F4
8930  B9 F9 03 LDA LDA $03F9,Y                  A:05 X:33 Y:05 P:24 SP:F4
8933  05 03    ORA ORA $03                      A:10 X:33 Y:05 P:24 SP:F4
8935  99 F9 03 STA STA $03F9,Y                  A:10 X:33 Y:05 P:24 SP:F4
<L009> ×2
# sample:
# 8938  E6 00    INC INC $00                      A:10 X:33 Y:05 P:24 SP:F4
893C  A6 01    LDX LDX $01                      A:10 X:33 Y:05 P:24 SP:F4
893E  E8       INX                              A:10 X:0B Y:05 P:24 SP:F4
893F  E0 0D    CPX CPX #$0D                     A:10 X:0C Y:05 P:24 SP:F4
8941  90 8D    BCC BCC #$8D                     A:10 X:0C Y:05 P:A4 SP:F4
88D0  86 01    STX STX $01                      A:10 X:0C Y:05 P:A4 SP:F4
88D2  BD A1 06 LDA LDA $06A1,X                  A:10 X:0C Y:05 P:A4 SP:F4
88D5  29 C0    AND AND #$C0                     A:54 X:0C Y:05 P:24 SP:F4
88D7  85 03    STA STA $03                      A:40 X:0C Y:05 P:24 SP:F4
88D9  0A       ASL A                            A:40 X:0C Y:05 P:24 SP:F4
<L002> ×2
# sample:
# 88DA  2A       ROL A                            A:80 X:0C Y:05 P:A4 SP:F4
# 88DB  2A       ROL A                            A:00 X:0C Y:05 P:27 SP:F4
88E0  85 06    STA STA $06                      A:AC X:0C Y:01 P:A4 SP:F4
88E2  B9 0C 8B LDA LDA $8B0C,Y                  A:AC X:0C Y:01 P:A4 SP:F4
88E5  85 07    STA STA $07                      A:8B X:0C Y:01 P:A4 SP:F4
88E7  BD A1 06 LDA LDA $06A1,X                  A:8B X:0C Y:01 P:A4 SP:F4
<L002> ×2
# sample:
# 88EA  0A       ASL A                            A:54 X:0C Y:01 P:24 SP:F4
# 88EB  0A       ASL A                            A:A8 X:0C Y:01 P:A4 SP:F4
88F1  29 01    AND AND #$01                     A:06 X:0C Y:01 P:25 SP:F4
88F3  49 01    EOR EOR #$01                     A:00 X:0C Y:01 P:27 SP:F4
88F5  0A       ASL A                            A:01 X:0C Y:01 P:25 SP:F4
88F6  65 02    ADC ADC $02                      A:02 X:0C Y:01 P:24 SP:F4
88F8  A8       TAY                              A:52 X:0C Y:01 P:24 SP:F4
88F9  A6 00    LDX LDX $00                      A:52 X:0C Y:52 P:24 SP:F4
<L001> ×2
# sample:
# 88FB  B1 06    LDA LDA ($06),Y                  A:52 X:35 Y:52 P:24 SP:F4
8900  C8       INY                              A:B5 X:35 Y:52 P:A4 SP:F4
8901  B1 06    LDA LDA ($06),Y                  A:B5 X:35 Y:53 P:24 SP:F4
8903  9D 45 03 STA STA $0345,X                  A:B7 X:35 Y:53 P:A4 SP:F4
8906  A4 04    LDY LDY $04                      A:B7 X:35 Y:53 P:A4 SP:F4
8908  A5 05    LDA LDA $05                      A:B7 X:35 Y:06 P:24 SP:F4
890A  D0 0E    BNE BNE #$0E                     A:00 X:35 Y:06 P:26 SP:F4
890C  A5 01    LDA LDA $01                      A:00 X:35 Y:06 P:26 SP:F4
890E  4A       LSR A                            A:0C X:35 Y:06 P:24 SP:F4
890F  B0 19    BCS BCS #$19                     A:06 X:35 Y:06 P:24 SP:F4
<L019> ×3
# sample:
# 8911  26 03    ROL ROL $03                      A:06 X:35 Y:06 P:24 SP:F4
8917  4C 30 89 JMP JMP $8930                    A:06 X:35 Y:06 P:24 SP:F4
8930  B9 F9 03 LDA LDA $03F9,Y                  A:06 X:35 Y:06 P:24 SP:F4
8933  05 03    ORA ORA $03                      A:01 X:35 Y:06 P:24 SP:F4
8935  99 F9 03 STA STA $03F9,Y                  A:01 X:35 Y:06 P:24 SP:F4
<L009> ×2
# sample:
# 8938  E6 00    INC INC $00                      A:01 X:35 Y:06 P:24 SP:F4
893C  A6 01    LDX LDX $01                      A:01 X:35 Y:06 P:24 SP:F4
893E  E8       INX                              A:01 X:0C Y:06 P:24 SP:F4
893F  E0 0D    CPX CPX #$0D                     A:01 X:0D Y:06 P:24 SP:F4
8941  90 8D    BCC BCC #$8D                     A:01 X:0D Y:06 P:27 SP:F4
8943  A4 00    LDY LDY $00                      A:01 X:0D Y:06 P:27 SP:F4
<L038> ×3
# sample:
# 8945  C8       INY                              A:01 X:0D Y:37 P:25 SP:F4
8948  A9 00    LDA LDA #$00                     A:01 X:0D Y:3A P:25 SP:F4
894A  99 41 03 STA STA $0341,Y                  A:00 X:0D Y:3A P:27 SP:F4
894D  8C 40 03 STY STY $0340                    A:00 X:0D Y:3A P:27 SP:F4
8950  EE 21 07 INC INC $0721                    A:00 X:0D Y:3A P:27 SP:F4
8953  AD 21 07 LDA LDA $0721                    A:00 X:0D Y:3A P:A5 SP:F4
<L017> ×2
# sample:
# 8956  29 1F    AND AND #$1F                     A:82 X:0D Y:3A P:A5 SP:F4
8967  4C BD 89 JMP JMP $89BD                    A:02 X:0D Y:3A P:25 SP:F4
<L001> ×2
# sample:
# 89BD  A9 06    LDA LDA #$06                     A:02 X:0D Y:3A P:25 SP:F4
89C2  60       RTS                              A:06 X:0D Y:3A P:25 SP:F4
92BF  CE 1F 07 DEC DEC $071F                    A:06 X:0D Y:3A P:25 SP:F6
92C2  D0 03    BNE BNE #$03                     A:06 X:0D Y:3A P:25 SP:F6
92C7  60       RTS                              A:06 X:0D Y:3A P:25 SP:F6
<L001> ×2
# sample:
# 86EC  AD 1F 07 LDA LDA $071F                    A:06 X:0D Y:3A P:25 SP:F8
86E9  20 B0 92 JSR JSR $92B0                    A:05 X:0D Y:3A P:25 SP:F8
92B0  AC 1F 07 LDY LDY $071F                    A:05 X:0D Y:3A P:25 SP:F6
92B3  D0 05    BNE BNE #$05                     A:05 X:0D Y:05 P:25 SP:F6
<L001> ×3
# sample:
# 92BA  88       DEY                              A:05 X:0D Y:05 P:25 SP:F6
92C8  20 04 8E JSR JSR $8E04                    A:04 X:0D Y:04 P:25 SP:F4
8E04  0A       ASL A                            A:04 X:0D Y:04 P:25 SP:F2
8E05  A8       TAY                              A:08 X:0D Y:04 P:24 SP:F2
<L006> ×2
# sample:
# 8E06  68       PLA                              A:08 X:0D Y:08 P:24 SP:F2
# 8E07  85 04    STA STA $04                      A:CA X:0D Y:08 P:A4 SP:F3
<L007> ×2
# sample:
# 8E0C  C8       INY                              A:92 X:0D Y:08 P:A4 SP:F4
# 8E0D  B1 04    LDA LDA ($04),Y                  A:92 X:0D Y:09 P:24 SP:F4
# 8E0F  85 06    STA STA $06                      A:DB X:0D Y:09 P:A4 SP:F4
8E16  6C 06 00 JMP JMP ($0006)                  A:92 X:0D Y:0A P:A4 SP:F4
<L001> ×2
# sample:
# 92DB  EE 26 07 INC INC $0726                    A:92 X:0D Y:0A P:A4 SP:F4
<L017> ×2
# sample:
# 92E1  29 0F    AND AND #$0F                     A:01 X:0D Y:0A P:24 SP:F4
<L001> ×2
# sample:
# 92EB  EE A0 06 INC INC $06A0                    A:01 X:0D Y:0A P:24 SP:F4
92F1  29 1F    AND AND #$1F                     A:01 X:0D Y:0A P:24 SP:F4
92F3  8D A0 06 STA STA $06A0                    A:01 X:0D Y:0A P:24 SP:F4
92F6  60       RTS                              A:01 X:0D Y:0A P:24 SP:F4
92BF  CE 1F 07 DEC DEC $071F                    A:01 X:0D Y:0A P:24 SP:F6
92C2  D0 03    BNE BNE #$03                     A:01 X:0D Y:0A P:24 SP:F6
92C7  60       RTS                              A:01 X:0D Y:0A P:24 SP:F6
<L001> ×2
# sample:
# 86EC  AD 1F 07 LDA LDA $071F                    A:01 X:0D Y:0A P:24 SP:F8
86E9  20 B0 92 JSR JSR $92B0                    A:04 X:0D Y:0A P:24 SP:F8
92B0  AC 1F 07 LDY LDY $071F                    A:04 X:0D Y:0A P:24 SP:F6
92B3  D0 05    BNE BNE #$05                     A:04 X:0D Y:04 P:24 SP:F6
<L001> ×3
# sample:
# 92BA  88       DEY                              A:04 X:0D Y:04 P:24 SP:F6
92C8  20 04 8E JSR JSR $8E04                    A:03 X:0D Y:03 P:24 SP:F4
8E04  0A       ASL A                            A:03 X:0D Y:03 P:24 SP:F2
8E05  A8       TAY                              A:06 X:0D Y:03 P:24 SP:F2
<L006> ×2
# sample:
# 8E06  68       PLA                              A:06 X:0D Y:06 P:24 SP:F2
# 8E07  85 04    STA STA $04                      A:CA X:0D Y:06 P:A4 SP:F3
<L007> ×2
# sample:
# 8E0C  C8       INY                              A:92 X:0D Y:06 P:A4 SP:F4
# 8E0D  B1 04    LDA LDA ($04),Y                  A:92 X:0D Y:07 P:24 SP:F4
# 8E0F  85 06    STA STA $06                      A:FC X:0D Y:07 P:A4 SP:F4
8E16  6C 06 00 JMP JMP ($0006)                  A:93 X:0D Y:08 P:A4 SP:F4
<L001> ×2
# sample:
# 93FC  AD 28 07 LDA LDA $0728                    A:93 X:0D Y:08 P:A4 SP:F4
9404  A2 0C    LDX LDX #$0C                     A:00 X:0D Y:08 P:26 SP:F4
9406  A9 00    LDA LDA #$00                     A:00 X:0C Y:08 P:24 SP:F4
[Repeated block (9 instrs)] ×4
<L057> ×2
# sample:
# 9408  9D A1 06 STA STA $06A1,X                  A:00 X:0C Y:08 P:26 SP:F4
# 940B  CA       DEX                              A:00 X:0C Y:08 P:26 SP:F4
# 940C  10 FA    BPL BPL #$FA                     A:00 X:0B Y:08 P:24 SP:F4
# 9408  9D A1 06 STA STA $06A1,X                  A:00 X:0B Y:08 P:24 SP:F4
# 940B  CA       DEX                              A:00 X:0B Y:08 P:24 SP:F4
# 940C  10 FA    BPL BPL #$FA                     A:00 X:0A Y:08 P:24 SP:F4
940E  AC 42 07 LDY LDY $0742                    A:00 X:FF Y:08 P:A4 SP:F4
9411  F0 42    BEQ BEQ #$42                     A:00 X:FF Y:02 P:24 SP:F4
9413  AD 25 07 LDA LDA $0725                    A:00 X:FF Y:02 P:24 SP:F4
9416  C9 03    CMP CMP #$03                     A:00 X:FF Y:02 P:26 SP:F4
9418  30 05    BMI BMI #$05                     A:00 X:FF Y:02 P:A4 SP:F4
[Repeated block (2 instrs)] ×2
<L041> ×2
# sample:
# 941F  0A       ASL A                            A:00 X:FF Y:02 P:A4 SP:F4
9423  79 F6 92 ADC ADC $92F6,Y                  A:00 X:FF Y:02 P:26 SP:F4
9426  6D 26 07 ADC ADC $0726                    A:30 X:FF Y:02 P:24 SP:F4
9429  AA       TAX                              A:31 X:FF Y:02 P:24 SP:F4
942A  BD FA 92 LDA LDA $92FA,X                  A:31 X:31 Y:02 P:24 SP:F4
942D  F0 26    BEQ BEQ #$26                     A:87 X:31 Y:02 P:A4 SP:F4
942F  48       PHA                              A:87 X:31 Y:02 P:A4 SP:F4
9430  29 0F    AND AND #$0F                     A:87 X:31 Y:02 P:A4 SP:F3
9432  38       SEC                              A:07 X:31 Y:02 P:24 SP:F3
9433  E9 01    SBC SBC #$01                     A:07 X:31 Y:02 P:25 SP:F3
9435  85 00    STA STA $00                      A:06 X:31 Y:02 P:25 SP:F3
9437  0A       ASL A                            A:06 X:31 Y:02 P:25 SP:F3
9438  65 00    ADC ADC $00                      A:0C X:31 Y:02 P:24 SP:F3
943A  AA       TAX                              A:12 X:31 Y:02 P:24 SP:F3
943B  68       PLA                              A:12 X:12 Y:02 P:24 SP:F3
[Repeated block (2 instrs)] ×2
<L024> ×2
# sample:
# 943C  4A       LSR A                            A:87 X:12 Y:02 P:A4 SP:F4
9440  A8       TAY                              A:08 X:12 Y:02 P:24 SP:F4
9441  A9 03    LDA LDA #$03                     A:08 X:12 Y:08 P:24 SP:F4
9443  85 00    STA STA $00                      A:03 X:12 Y:08 P:24 SP:F4
<L070> ×2
# sample:
# 9445  BD 8A 93 LDA LDA $938A,X                  A:03 X:12 Y:08 P:24 SP:F4
# 9448  99 A1 06 STA STA $06A1,Y                  A:00 X:12 Y:08 P:26 SP:F4
# 944B  E8       INX                              A:00 X:12 Y:08 P:26 SP:F4
# 944C  C8       INY                              A:00 X:13 Y:08 P:24 SP:F4
# 944D  C0 0B    CPY CPY #$0B                     A:00 X:13 Y:09 P:24 SP:F4
# 944F  F0 04    BEQ BEQ #$04                     A:00 X:13 Y:09 P:A4 SP:F4
# 9451  C6 00    DEC DEC $00                      A:00 X:13 Y:09 P:A4 SP:F4
# 9453  D0 F0    BNE BNE #$F0                     A:00 X:13 Y:09 P:24 SP:F4
9445  BD 8A 93 LDA LDA $938A,X                  A:05 X:14 Y:0A P:24 SP:F4
9448  99 A1 06 STA STA $06A1,Y                  A:06 X:14 Y:0A P:24 SP:F4
944B  E8       INX                              A:06 X:14 Y:0A P:24 SP:F4
944C  C8       INY                              A:06 X:15 Y:0A P:24 SP:F4
944D  C0 0B    CPY CPY #$0B                     A:06 X:15 Y:0B P:24 SP:F4
944F  F0 04    BEQ BEQ #$04                     A:06 X:15 Y:0B P:27 SP:F4
9455  AE 41 07 LDX LDX $0741                    A:06 X:15 Y:0B P:27 SP:F4
9458  F0 13    BEQ BEQ #$13                     A:06 X:00 Y:0B P:27 SP:F4
946D  AC 4E 07 LDY LDY $074E                    A:06 X:00 Y:0B P:27 SP:F4
9470  D0 0C    BNE BNE #$0C                     A:06 X:00 Y:01 P:25 SP:F4
947E  B9 D8 93 LDA LDA $93D8,Y                  A:06 X:00 Y:01 P:25 SP:F4
9481  AC 43 07 LDY LDY $0743                    A:54 X:00 Y:01 P:25 SP:F4
9484  F0 02    BEQ BEQ #$02                     A:54 X:00 Y:00 P:27 SP:F4
9488  85 07    STA STA $07                      A:54 X:00 Y:00 P:27 SP:F4
948A  A2 00    LDX LDX #$00                     A:54 X:00 Y:00 P:27 SP:F4
948C  AD 27 07 LDA LDA $0727                    A:54 X:00 Y:00 P:27 SP:F4
948F  0A       ASL A                            A:01 X:00 Y:00 P:25 SP:F4
9490  A8       TAY                              A:02 X:00 Y:00 P:24 SP:F4
9491  B9 DC 93 LDA LDA $93DC,Y                  A:02 X:00 Y:02 P:24 SP:F4
9494  85 00    STA STA $00                      A:00 X:00 Y:02 P:26 SP:F4
9496  C8       INY                              A:00 X:00 Y:02 P:26 SP:F4
9497  84 01    STY STY $01                      A:00 X:00 Y:03 P:24 SP:F4
9499  AD 43 07 LDA LDA $0743                    A:00 X:00 Y:03 P:24 SP:F4
949C  F0 0A    BEQ BEQ #$0A                     A:00 X:00 Y:03 P:26 SP:F4
94A8  A0 00    LDY LDY #$00                     A:00 X:00 Y:03 P:26 SP:F4
<L033> ×8
# sample:
# 94AA  B9 8A C6 LDA LDA $C68A,Y                  A:00 X:00 Y:00 P:26 SP:F4
# 94AD  24 00    BIT BIT $00                      A:01 X:00 Y:00 P:24 SP:F4
# 94AF  F0 05    BEQ BEQ #$05                     A:01 X:00 Y:00 P:26 SP:F4
# 94B6  E8       INX                              A:01 X:00 Y:00 P:26 SP:F4
# 94B7  E0 0D    CPX CPX #$0D                     A:01 X:01 Y:00 P:24 SP:F4
# 94B9  F0 18    BEQ BEQ #$18                     A:01 X:01 Y:00 P:A4 SP:F4
# 94BB  AD 4E 07 LDA LDA $074E                    A:01 X:01 Y:00 P:A4 SP:F4
# 94BE  C9 02    CMP CMP #$02                     A:01 X:01 Y:00 P:24 SP:F4
# 94C0  D0 08    BNE BNE #$08                     A:01 X:01 Y:00 P:A4 SP:F4
# 94CA  C8       INY                              A:01 X:01 Y:00 P:A4 SP:F4
# 94CB  C0 08    CPY CPY #$08                     A:01 X:01 Y:01 P:24 SP:F4
# 94CD  D0 DB    BNE BNE #$DB                     A:01 X:01 Y:01 P:A4 SP:F4
94CF  A4 01    LDY LDY $01                      A:01 X:08 Y:08 P:27 SP:F4
94D1  D0 BE    BNE BNE #$BE                     A:01 X:08 Y:03 P:25 SP:F4
9491  B9 DC 93 LDA LDA $93DC,Y                  A:01 X:08 Y:03 P:25 SP:F4
9494  85 00    STA STA $00                      A:18 X:08 Y:03 P:25 SP:F4
9496  C8       INY                              A:18 X:08 Y:03 P:25 SP:F4
9497  84 01    STY STY $01                      A:18 X:08 Y:04 P:25 SP:F4
9499  AD 43 07 LDA LDA $0743                    A:18 X:08 Y:04 P:25 SP:F4
949C  F0 0A    BEQ BEQ #$0A                     A:00 X:08 Y:04 P:27 SP:F4
94A8  A0 00    LDY LDY #$00                     A:00 X:08 Y:04 P:27 SP:F4
<L033> ×3
# sample:
# 94AA  B9 8A C6 LDA LDA $C68A,Y                  A:00 X:08 Y:00 P:27 SP:F4
# 94AD  24 00    BIT BIT $00                      A:01 X:08 Y:00 P:25 SP:F4
# 94AF  F0 05    BEQ BEQ #$05                     A:01 X:08 Y:00 P:27 SP:F4
# 94B6  E8       INX                              A:01 X:08 Y:00 P:27 SP:F4
# 94B7  E0 0D    CPX CPX #$0D                     A:01 X:09 Y:00 P:25 SP:F4
# 94B9  F0 18    BEQ BEQ #$18                     A:01 X:09 Y:00 P:A4 SP:F4
# 94BB  AD 4E 07 LDA LDA $074E                    A:01 X:09 Y:00 P:A4 SP:F4
# 94BE  C9 02    CMP CMP #$02                     A:01 X:09 Y:00 P:24 SP:F4
# 94C0  D0 08    BNE BNE #$08                     A:01 X:09 Y:00 P:A4 SP:F4
# 94CA  C8       INY                              A:01 X:09 Y:00 P:A4 SP:F4
# 94CB  C0 08    CPY CPY #$08                     A:01 X:09 Y:01 P:24 SP:F4
# 94CD  D0 DB    BNE BNE #$DB                     A:01 X:09 Y:01 P:A4 SP:F4
<L001> ×3
# sample:
# 94AA  B9 8A C6 LDA LDA $C68A,Y                  A:01 X:0B Y:03 P:A4 SP:F4
94B1  A5 07    LDA LDA $07                      A:08 X:0B Y:03 P:24 SP:F4
94B3  9D A1 06 STA STA $06A1,X                  A:54 X:0B Y:03 P:24 SP:F4
94B6  E8       INX                              A:54 X:0B Y:03 P:24 SP:F4
94B7  E0 0D    CPX CPX #$0D                     A:54 X:0C Y:03 P:24 SP:F4
94B9  F0 18    BEQ BEQ #$18                     A:54 X:0C Y:03 P:A4 SP:F4
<L001> ×2
# sample:
# 94BB  AD 4E 07 LDA LDA $074E                    A:54 X:0C Y:03 P:A4 SP:F4
94C0  D0 08    BNE BNE #$08                     A:01 X:0C Y:03 P:A4 SP:F4
<L005> ×2
# sample:
# 94CA  C8       INY                              A:01 X:0C Y:03 P:A4 SP:F4
# 94CB  C0 08    CPY CPY #$08                     A:01 X:0C Y:04 P:24 SP:F4
# 94CD  D0 DB    BNE BNE #$DB                     A:01 X:0C Y:04 P:A4 SP:F4
94B1  A5 07    LDA LDA $07                      A:10 X:0C Y:04 P:24 SP:F4
94B3  9D A1 06 STA STA $06A1,X                  A:54 X:0C Y:04 P:24 SP:F4
94B6  E8       INX                              A:54 X:0C Y:04 P:24 SP:F4
94B7  E0 0D    CPX CPX #$0D                     A:54 X:0D Y:04 P:24 SP:F4
94B9  F0 18    BEQ BEQ #$18                     A:54 X:0D Y:04 P:27 SP:F4
94D3  20 08 95 JSR JSR $9508                    A:54 X:0D Y:04 P:27 SP:F4
9508  A2 02    LDX LDX #$02                     A:54 X:0D Y:04 P:27 SP:F2
950A  86 08    STX STX $08                      A:54 X:02 Y:04 P:25 SP:F2
950C  A9 00    LDA LDA #$00                     A:54 X:02 Y:04 P:25 SP:F2
950E  8D 29 07 STA STA $0729                    A:00 X:02 Y:04 P:27 SP:F2
9511  AC 2C 07 LDY LDY $072C                    A:00 X:02 Y:04 P:27 SP:F2
9514  B1 E7    LDA LDA ($E7),Y                  A:00 X:02 Y:00 P:27 SP:F2
9516  C9 FD    CMP CMP #$FD                     A:07 X:02 Y:00 P:25 SP:F2
9518  F0 4B    BEQ BEQ #$4B                     A:07 X:02 Y:00 P:24 SP:F2
951A  BD 30 07 LDA LDA $0730,X                  A:07 X:02 Y:00 P:24 SP:F2
951D  10 46    BPL BPL #$46                     A:FF X:02 Y:00 P:A4 SP:F2
951F  C8       INY                              A:FF X:02 Y:00 P:A4 SP:F2
9520  B1 E7    LDA LDA ($E7),Y                  A:FF X:02 Y:01 P:24 SP:F2
9522  0A       ASL A                            A:81 X:02 Y:01 P:A4 SP:F2
9523  90 0B    BCC BCC #$0B                     A:02 X:02 Y:01 P:25 SP:F2
9525  AD 2B 07 LDA LDA $072B                    A:02 X:02 Y:01 P:25 SP:F2
9528  D0 06    BNE BNE #$06                     A:01 X:02 Y:01 P:25 SP:F2
9530  88       DEY                              A:01 X:02 Y:01 P:25 SP:F2
9531  B1 E7    LDA LDA ($E7),Y                  A:01 X:02 Y:00 P:27 SP:F2
<L042> ×2
# sample:
# 9533  29 0F    AND AND #$0F                     A:07 X:02 Y:00 P:25 SP:F2
# 9535  C9 0D    CMP CMP #$0D                     A:07 X:02 Y:00 P:25 SP:F2
9556  D0 05    BNE BNE #$05                     A:07 X:02 Y:00 P:A4 SP:F2
955D  AD 2A 07 LDA LDA $072A                    A:07 X:02 Y:00 P:A4 SP:F2
9560  CD 25 07 CMP CMP $0725                    A:01 X:02 Y:00 P:24 SP:F2
9563  90 06    BCC BCC #$06                     A:01 X:02 Y:00 P:25 SP:F2
9565  20 95 95 JSR JSR $9595                    A:01 X:02 Y:00 P:25 SP:F2
9595  BD 30 07 LDA LDA $0730,X                  A:01 X:02 Y:00 P:25 SP:F0
9598  30 03    BMI BMI #$03                     A:FF X:02 Y:00 P:A5 SP:F0
959D  A2 10    LDX LDX #$10                     A:FF X:02 Y:00 P:A5 SP:F0
959F  B1 E7    LDA LDA ($E7),Y                  A:FF X:10 Y:00 P:25 SP:F0
95A1  C9 FD    CMP CMP #$FD                     A:07 X:10 Y:00 P:25 SP:F0
95A3  F0 E3    BEQ BEQ #$E3                     A:07 X:10 Y:00 P:24 SP:F0
95A5  29 0F    AND AND #$0F                     A:07 X:10 Y:00 P:24 SP:F0
95A7  C9 0F    CMP CMP #$0F                     A:07 X:10 Y:00 P:24 SP:F0
95A9  F0 08    BEQ BEQ #$08                     A:07 X:10 Y:00 P:A4 SP:F0
<L001> ×3
# sample:
# 95AB  A2 08    LDX LDX #$08                     A:07 X:10 Y:00 P:A4 SP:F0
95B1  A2 00    LDX LDX #$00                     A:07 X:08 Y:00 P:A4 SP:F0
95B3  86 07    STX STX $07                      A:07 X:00 Y:00 P:26 SP:F0
95B5  A6 08    LDX LDX $08                      A:07 X:00 Y:00 P:26 SP:F0
<L043> ×2
# sample:
# 95B7  C9 0E    CMP CMP #$0E                     A:07 X:02 Y:00 P:24 SP:F0
# 95B9  D0 08    BNE BNE #$08                     A:07 X:02 Y:00 P:A4 SP:F0
95E2  C9 0C    CMP CMP #$0C                     A:07 X:02 Y:00 P:A4 SP:F0
95E4  B0 27    BCS BCS #$27                     A:07 X:02 Y:00 P:A4 SP:F0
95E6  C8       INY                              A:07 X:02 Y:00 P:A4 SP:F0
95E7  B1 E7    LDA LDA ($E7),Y                  A:07 X:02 Y:01 P:24 SP:F0
95E9  29 70    AND AND #$70                     A:81 X:02 Y:01 P:A4 SP:F0
<L001> ×3
# sample:
# 95EB  D0 0B    BNE BNE #$0B                     A:00 X:02 Y:01 P:26 SP:F0
95F1  B1 E7    LDA LDA ($E7),Y                  A:16 X:02 Y:01 P:24 SP:F0
95F3  29 0F    AND AND #$0F                     A:81 X:02 Y:01 P:A4 SP:F0
95F5  4C 16 96 JMP JMP $9616                    A:01 X:02 Y:01 P:24 SP:F0
9616  85 00    STA STA $00                      A:01 X:02 Y:01 P:24 SP:F0
9618  BD 30 07 LDA LDA $0730,X                  A:01 X:02 Y:01 P:24 SP:F0
961B  10 42    BPL BPL #$42                     A:FF X:02 Y:01 P:A4 SP:F0
961D  AD 2A 07 LDA LDA $072A                    A:FF X:02 Y:01 P:A4 SP:F0
9620  CD 25 07 CMP CMP $0725                    A:01 X:02 Y:01 P:24 SP:F0
9623  F0 11    BEQ BEQ #$11                     A:01 X:02 Y:01 P:25 SP:F0
9625  AC 2C 07 LDY LDY $072C                    A:01 X:02 Y:01 P:25 SP:F0
9628  B1 E7    LDA LDA ($E7),Y                  A:01 X:02 Y:00 P:27 SP:F0
962A  29 0F    AND AND #$0F                     A:07 X:02 Y:00 P:25 SP:F0
962C  C9 0E    CMP CMP #$0E                     A:07 X:02 Y:00 P:25 SP:F0
962E  D0 05    BNE BNE #$05                     A:07 X:02 Y:00 P:A4 SP:F0
9635  60       RTS                              A:07 X:02 Y:00 P:A4 SP:F0
9568  4C 71 95 JMP JMP $9571                    A:07 X:02 Y:00 P:A4 SP:F2
9571  A6 08    LDX LDX $08                      A:07 X:02 Y:00 P:A4 SP:F2
9573  BD 30 07 LDA LDA $0730,X                  A:07 X:02 Y:00 P:24 SP:F2
9576  30 03    BMI BMI #$03                     A:FF X:02 Y:00 P:A4 SP:F2
957B  CA       DEX                              A:FF X:02 Y:00 P:A4 SP:F2
957C  10 8C    BPL BPL #$8C                     A:FF X:01 Y:00 P:24 SP:F2
950A  86 08    STX STX $08                      A:FF X:01 Y:00 P:24 SP:F2
950C  A9 00    LDA LDA #$00                     A:FF X:01 Y:00 P:24 SP:F2
950E  8D 29 07 STA STA $0729                    A:00 X:01 Y:00 P:26 SP:F2
9511  AC 2C 07 LDY LDY $072C                    A:00 X:01 Y:00 P:26 SP:F2
9514  B1 E7    LDA LDA ($E7),Y                  A:00 X:01 Y:00 P:26 SP:F2
9516  C9 FD    CMP CMP #$FD                     A:07 X:01 Y:00 P:24 SP:F2
9518  F0 4B    BEQ BEQ #$4B                     A:07 X:01 Y:00 P:24 SP:F2
951A  BD 30 07 LDA LDA $0730,X                  A:07 X:01 Y:00 P:24 SP:F2
951D  10 46    BPL BPL #$46                     A:FF X:01 Y:00 P:A4 SP:F2
951F  C8       INY                              A:FF X:01 Y:00 P:A4 SP:F2
9520  B1 E7    LDA LDA ($E7),Y                  A:FF X:01 Y:01 P:24 SP:F2
9522  0A       ASL A                            A:81 X:01 Y:01 P:A4 SP:F2
9523  90 0B    BCC BCC #$0B                     A:02 X:01 Y:01 P:25 SP:F2
9525  AD 2B 07 LDA LDA $072B                    A:02 X:01 Y:01 P:25 SP:F2
9528  D0 06    BNE BNE #$06                     A:01 X:01 Y:01 P:25 SP:F2
9530  88       DEY                              A:01 X:01 Y:01 P:25 SP:F2
9531  B1 E7    LDA LDA ($E7),Y                  A:01 X:01 Y:00 P:27 SP:F2
<L042> ×2
# sample:
# 9533  29 0F    AND AND #$0F                     A:07 X:01 Y:00 P:25 SP:F2
# 9535  C9 0D    CMP CMP #$0D                     A:07 X:01 Y:00 P:25 SP:F2
9556  D0 05    BNE BNE #$05                     A:07 X:01 Y:00 P:A4 SP:F2
955D  AD 2A 07 LDA LDA $072A                    A:07 X:01 Y:00 P:A4 SP:F2
9560  CD 25 07 CMP CMP $0725                    A:01 X:01 Y:00 P:24 SP:F2
9563  90 06    BCC BCC #$06                     A:01 X:01 Y:00 P:25 SP:F2
9565  20 95 95 JSR JSR $9595                    A:01 X:01 Y:00 P:25 SP:F2
9595  BD 30 07 LDA LDA $0730,X                  A:01 X:01 Y:00 P:25 SP:F0
9598  30 03    BMI BMI #$03                     A:FF X:01 Y:00 P:A5 SP:F0
959D  A2 10    LDX LDX #$10                     A:FF X:01 Y:00 P:A5 SP:F0
959F  B1 E7    LDA LDA ($E7),Y                  A:FF X:10 Y:00 P:25 SP:F0
95A1  C9 FD    CMP CMP #$FD                     A:07 X:10 Y:00 P:25 SP:F0
95A3  F0 E3    BEQ BEQ #$E3                     A:07 X:10 Y:00 P:24 SP:F0
95A5  29 0F    AND AND #$0F                     A:07 X:10 Y:00 P:24 SP:F0
95A7  C9 0F    CMP CMP #$0F                     A:07 X:10 Y:00 P:24 SP:F0
95A9  F0 08    BEQ BEQ #$08                     A:07 X:10 Y:00 P:A4 SP:F0
<L001> ×3
# sample:
# 95AB  A2 08    LDX LDX #$08                     A:07 X:10 Y:00 P:A4 SP:F0
95B1  A2 00    LDX LDX #$00                     A:07 X:08 Y:00 P:A4 SP:F0
95B3  86 07    STX STX $07                      A:07 X:00 Y:00 P:26 SP:F0
95B5  A6 08    LDX LDX $08                      A:07 X:00 Y:00 P:26 SP:F0
<L043> ×2
# sample:
# 95B7  C9 0E    CMP CMP #$0E                     A:07 X:01 Y:00 P:24 SP:F0
# 95B9  D0 08    BNE BNE #$08                     A:07 X:01 Y:00 P:A4 SP:F0
95E2  C9 0C    CMP CMP #$0C                     A:07 X:01 Y:00 P:A4 SP:F0
95E4  B0 27    BCS BCS #$27                     A:07 X:01 Y:00 P:A4 SP:F0
95E6  C8       INY                              A:07 X:01 Y:00 P:A4 SP:F0
95E7  B1 E7    LDA LDA ($E7),Y                  A:07 X:01 Y:01 P:24 SP:F0
95E9  29 70    AND AND #$70                     A:81 X:01 Y:01 P:A4 SP:F0
<L001> ×3
# sample:
# 95EB  D0 0B    BNE BNE #$0B                     A:00 X:01 Y:01 P:26 SP:F0
95F1  B1 E7    LDA LDA ($E7),Y                  A:16 X:01 Y:01 P:24 SP:F0
95F3  29 0F    AND AND #$0F                     A:81 X:01 Y:01 P:A4 SP:F0
95F5  4C 16 96 JMP JMP $9616                    A:01 X:01 Y:01 P:24 SP:F0
9616  85 00    STA STA $00                      A:01 X:01 Y:01 P:24 SP:F0
9618  BD 30 07 LDA LDA $0730,X                  A:01 X:01 Y:01 P:24 SP:F0
961B  10 42    BPL BPL #$42                     A:FF X:01 Y:01 P:A4 SP:F0
961D  AD 2A 07 LDA LDA $072A                    A:FF X:01 Y:01 P:A4 SP:F0
9620  CD 25 07 CMP CMP $0725                    A:01 X:01 Y:01 P:24 SP:F0
9623  F0 11    BEQ BEQ #$11                     A:01 X:01 Y:01 P:25 SP:F0
9625  AC 2C 07 LDY LDY $072C                    A:01 X:01 Y:01 P:25 SP:F0
9628  B1 E7    LDA LDA ($E7),Y                  A:01 X:01 Y:00 P:27 SP:F0
962A  29 0F    AND AND #$0F                     A:07 X:01 Y:00 P:25 SP:F0
962C  C9 0E    CMP CMP #$0E                     A:07 X:01 Y:00 P:25 SP:F0
962E  D0 05    BNE BNE #$05                     A:07 X:01 Y:00 P:A4 SP:F0
9635  60       RTS                              A:07 X:01 Y:00 P:A4 SP:F0
9568  4C 71 95 JMP JMP $9571                    A:07 X:01 Y:00 P:A4 SP:F2
9571  A6 08    LDX LDX $08                      A:07 X:01 Y:00 P:A4 SP:F2
9573  BD 30 07 LDA LDA $0730,X                  A:07 X:01 Y:00 P:24 SP:F2
9576  30 03    BMI BMI #$03                     A:FF X:01 Y:00 P:A4 SP:F2
957B  CA       DEX                              A:FF X:01 Y:00 P:A4 SP:F2
957C  10 8C    BPL BPL #$8C                     A:FF X:00 Y:00 P:26 SP:F2
950A  86 08    STX STX $08                      A:FF X:00 Y:00 P:26 SP:F2
950C  A9 00    LDA LDA #$00                     A:FF X:00 Y:00 P:26 SP:F2
950E  8D 29 07 STA STA $0729                    A:00 X:00 Y:00 P:26 SP:F2
9511  AC 2C 07 LDY LDY $072C                    A:00 X:00 Y:00 P:26 SP:F2
9514  B1 E7    LDA LDA ($E7),Y                  A:00 X:00 Y:00 P:26 SP:F2
9516  C9 FD    CMP CMP #$FD                     A:07 X:00 Y:00 P:24 SP:F2
9518  F0 4B    BEQ BEQ #$4B                     A:07 X:00 Y:00 P:24 SP:F2
951A  BD 30 07 LDA LDA $0730,X                  A:07 X:00 Y:00 P:24 SP:F2
951D  10 46    BPL BPL #$46                     A:FF X:00 Y:00 P:A4 SP:F2
951F  C8       INY                              A:FF X:00 Y:00 P:A4 SP:F2
9520  B1 E7    LDA LDA ($E7),Y                  A:FF X:00 Y:01 P:24 SP:F2
9522  0A       ASL A                            A:81 X:00 Y:01 P:A4 SP:F2
9523  90 0B    BCC BCC #$0B                     A:02 X:00 Y:01 P:25 SP:F2
9525  AD 2B 07 LDA LDA $072B                    A:02 X:00 Y:01 P:25 SP:F2
9528  D0 06    BNE BNE #$06                     A:01 X:00 Y:01 P:25 SP:F2
9530  88       DEY                              A:01 X:00 Y:01 P:25 SP:F2
9531  B1 E7    LDA LDA ($E7),Y                  A:01 X:00 Y:00 P:27 SP:F2
<L042> ×2
# sample:
# 9533  29 0F    AND AND #$0F                     A:07 X:00 Y:00 P:25 SP:F2
# 9535  C9 0D    CMP CMP #$0D                     A:07 X:00 Y:00 P:25 SP:F2
9556  D0 05    BNE BNE #$05                     A:07 X:00 Y:00 P:A4 SP:F2
955D  AD 2A 07 LDA LDA $072A                    A:07 X:00 Y:00 P:A4 SP:F2
9560  CD 25 07 CMP CMP $0725                    A:01 X:00 Y:00 P:24 SP:F2
9563  90 06    BCC BCC #$06                     A:01 X:00 Y:00 P:25 SP:F2
9565  20 95 95 JSR JSR $9595                    A:01 X:00 Y:00 P:25 SP:F2
9595  BD 30 07 LDA LDA $0730,X                  A:01 X:00 Y:00 P:25 SP:F0
9598  30 03    BMI BMI #$03                     A:FF X:00 Y:00 P:A5 SP:F0
959D  A2 10    LDX LDX #$10                     A:FF X:00 Y:00 P:A5 SP:F0
959F  B1 E7    LDA LDA ($E7),Y                  A:FF X:10 Y:00 P:25 SP:F0
95A1  C9 FD    CMP CMP #$FD                     A:07 X:10 Y:00 P:25 SP:F0
95A3  F0 E3    BEQ BEQ #$E3                     A:07 X:10 Y:00 P:24 SP:F0
95A5  29 0F    AND AND #$0F                     A:07 X:10 Y:00 P:24 SP:F0
95A7  C9 0F    CMP CMP #$0F                     A:07 X:10 Y:00 P:24 SP:F0
95A9  F0 08    BEQ BEQ #$08                     A:07 X:10 Y:00 P:A4 SP:F0
<L001> ×3
# sample:
# 95AB  A2 08    LDX LDX #$08                     A:07 X:10 Y:00 P:A4 SP:F0
95B1  A2 00    LDX LDX #$00                     A:07 X:08 Y:00 P:A4 SP:F0
95B3  86 07    STX STX $07                      A:07 X:00 Y:00 P:26 SP:F0
95B5  A6 08    LDX LDX $08                      A:07 X:00 Y:00 P:26 SP:F0
<L043> ×2
# sample:
# 95B7  C9 0E    CMP CMP #$0E                     A:07 X:00 Y:00 P:26 SP:F0
# 95B9  D0 08    BNE BNE #$08                     A:07 X:00 Y:00 P:A4 SP:F0
95E2  C9 0C    CMP CMP #$0C                     A:07 X:00 Y:00 P:A4 SP:F0
95E4  B0 27    BCS BCS #$27                     A:07 X:00 Y:00 P:A4 SP:F0
95E6  C8       INY                              A:07 X:00 Y:00 P:A4 SP:F0
95E7  B1 E7    LDA LDA ($E7),Y                  A:07 X:00 Y:01 P:24 SP:F0
95E9  29 70    AND AND #$70                     A:81 X:00 Y:01 P:A4 SP:F0
<L001> ×3
# sample:
# 95EB  D0 0B    BNE BNE #$0B                     A:00 X:00 Y:01 P:26 SP:F0
95F1  B1 E7    LDA LDA ($E7),Y                  A:16 X:00 Y:01 P:24 SP:F0
95F3  29 0F    AND AND #$0F                     A:81 X:00 Y:01 P:A4 SP:F0
95F5  4C 16 96 JMP JMP $9616                    A:01 X:00 Y:01 P:24 SP:F0
9616  85 00    STA STA $00                      A:01 X:00 Y:01 P:24 SP:F0
9618  BD 30 07 LDA LDA $0730,X                  A:01 X:00 Y:01 P:24 SP:F0
961B  10 42    BPL BPL #$42                     A:FF X:00 Y:01 P:A4 SP:F0
961D  AD 2A 07 LDA LDA $072A                    A:FF X:00 Y:01 P:A4 SP:F0
9620  CD 25 07 CMP CMP $0725                    A:01 X:00 Y:01 P:24 SP:F0
9623  F0 11    BEQ BEQ #$11                     A:01 X:00 Y:01 P:25 SP:F0
9625  AC 2C 07 LDY LDY $072C                    A:01 X:00 Y:01 P:25 SP:F0
9628  B1 E7    LDA LDA ($E7),Y                  A:01 X:00 Y:00 P:27 SP:F0
962A  29 0F    AND AND #$0F                     A:07 X:00 Y:00 P:25 SP:F0
962C  C9 0E    CMP CMP #$0E                     A:07 X:00 Y:00 P:25 SP:F0
962E  D0 05    BNE BNE #$05                     A:07 X:00 Y:00 P:A4 SP:F0
9635  60       RTS                              A:07 X:00 Y:00 P:A4 SP:F0
9568  4C 71 95 JMP JMP $9571                    A:07 X:00 Y:00 P:A4 SP:F2
9571  A6 08    LDX LDX $08                      A:07 X:00 Y:00 P:A4 SP:F2
9573  BD 30 07 LDA LDA $0730,X                  A:07 X:00 Y:00 P:26 SP:F2
9576  30 03    BMI BMI #$03                     A:FF X:00 Y:00 P:A4 SP:F2
957B  CA       DEX                              A:FF X:00 Y:00 P:A4 SP:F2
957C  10 8C    BPL BPL #$8C                     A:FF X:FF Y:00 P:A4 SP:F2
<L058> ×2
# sample:
# 957E  AD 29 07 LDA LDA $0729                    A:FF X:FF Y:00 P:A4 SP:F2
# 9581  D0 85    BNE BNE #$85                     A:00 X:FF Y:00 P:26 SP:F2
9588  60       RTS                              A:00 X:FF Y:00 P:26 SP:F2
94D6  AD A0 06 LDA LDA $06A0                    A:00 X:FF Y:00 P:26 SP:F4
94D9  20 E1 9B JSR JSR $9BE1                    A:01 X:FF Y:00 P:24 SP:F4
9BE1  48       PHA                              A:01 X:FF Y:00 P:24 SP:F2
[Repeated block (2 instrs)] ×2
<L010> ×2
# sample:
# 9BE2  4A       LSR A                            A:01 X:FF Y:00 P:24 SP:F1
# 9BE3  4A       LSR A                            A:00 X:FF Y:00 P:27 SP:F1
# 9BE6  A8       TAY                              A:00 X:FF Y:00 P:26 SP:F1
# 9BE7  B9 DF 9B LDA LDA $9BDF,Y                  A:00 X:FF Y:00 P:26 SP:F1
# 9BEA  85 07    STA STA $07                      A:05 X:FF Y:00 P:24 SP:F1
# 9BEC  68       PLA                              A:05 X:FF Y:00 P:24 SP:F1
94DE  A0 00    LDY LDY #$00                     A:01 X:00 Y:00 P:26 SP:F4
94E0  84 00    STY STY $00                      A:01 X:00 Y:00 P:26 SP:F4
94E2  BD A1 06 LDA LDA $06A1,X                  A:01 X:00 Y:00 P:26 SP:F4
94E5  29 C0    AND AND #$C0                     A:00 X:00 Y:00 P:26 SP:F4
94E7  0A       ASL A                            A:00 X:00 Y:00 P:26 SP:F4
<L012> ×2
# sample:
# 94E8  2A       ROL A                            A:00 X:00 Y:00 P:26 SP:F4
<L001> ×3
# sample:
# 94EA  A8       TAY                              A:00 X:00 Y:00 P:26 SP:F4
94F1  B0 02    BCS BCS #$02                     A:00 X:00 Y:00 P:A4 SP:F4
94F3  A9 00    LDA LDA #$00                     A:00 X:00 Y:00 P:A4 SP:F4
94F5  A4 00    LDY LDY $00                      A:00 X:00 Y:00 P:26 SP:F4
94F7  91 06    STA STA ($06),Y                  A:00 X:00 Y:00 P:26 SP:F4
94F9  98       TYA                              A:00 X:00 Y:00 P:26 SP:F4
<L002> ×2
# sample:
# 94FA  18       CLC                              A:00 X:00 Y:00 P:26 SP:F4
# 94FB  69 10    ADC ADC #$10                     A:00 X:00 Y:00 P:26 SP:F4
94FF  E0 0D    CPX CPX #$0D                     A:10 X:01 Y:10 P:24 SP:F4
9501  90 DD    BCC BCC #$DD                     A:10 X:01 Y:10 P:A4 SP:F4
94E0  84 00    STY STY $00                      A:10 X:01 Y:10 P:A4 SP:F4
94E2  BD A1 06 LDA LDA $06A1,X                  A:10 X:01 Y:10 P:A4 SP:F4
94E5  29 C0    AND AND #$C0                     A:00 X:01 Y:10 P:26 SP:F4
94E7  0A       ASL A                            A:00 X:01 Y:10 P:26 SP:F4
<L012> ×2
# sample:
# 94E8  2A       ROL A                            A:00 X:01 Y:10 P:26 SP:F4
<L001> ×3
# sample:
# 94EA  A8       TAY                              A:00 X:01 Y:10 P:26 SP:F4
94F1  B0 02    BCS BCS #$02                     A:00 X:01 Y:00 P:A4 SP:F4
94F3  A9 00    LDA LDA #$00                     A:00 X:01 Y:00 P:A4 SP:F4
94F5  A4 00    LDY LDY $00                      A:00 X:01 Y:00 P:26 SP:F4
94F7  91 06    STA STA ($06),Y                  A:00 X:01 Y:10 P:24 SP:F4
94F9  98       TYA                              A:00 X:01 Y:10 P:24 SP:F4
<L002> ×2
# sample:
# 94FA  18       CLC                              A:10 X:01 Y:10 P:24 SP:F4
# 94FB  69 10    ADC ADC #$10                     A:10 X:01 Y:10 P:24 SP:F4
94FF  E0 0D    CPX CPX #$0D                     A:20 X:02 Y:20 P:24 SP:F4
9501  90 DD    BCC BCC #$DD                     A:20 X:02 Y:20 P:A4 SP:F4
94E0  84 00    STY STY $00                      A:20 X:02 Y:20 P:A4 SP:F4
94E2  BD A1 06 LDA LDA $06A1,X                  A:20 X:02 Y:20 P:A4 SP:F4
94E5  29 C0    AND AND #$C0                     A:00 X:02 Y:20 P:26 SP:F4
94E7  0A       ASL A                            A:00 X:02 Y:20 P:26 SP:F4
<L012> ×2
# sample:
# 94E8  2A       ROL A                            A:00 X:02 Y:20 P:26 SP:F4
<L001> ×3
# sample:
# 94EA  A8       TAY                              A:00 X:02 Y:20 P:26 SP:F4
94F1  B0 02    BCS BCS #$02                     A:00 X:02 Y:00 P:A4 SP:F4
94F3  A9 00    LDA LDA #$00                     A:00 X:02 Y:00 P:A4 SP:F4
94F5  A4 00    LDY LDY $00                      A:00 X:02 Y:00 P:26 SP:F4
94F7  91 06    STA STA ($06),Y                  A:00 X:02 Y:20 P:24 SP:F4
94F9  98       TYA                              A:00 X:02 Y:20 P:24 SP:F4
<L002> ×2
# sample:
# 94FA  18       CLC                              A:20 X:02 Y:20 P:24 SP:F4
# 94FB  69 10    ADC ADC #$10                     A:20 X:02 Y:20 P:24 SP:F4
94FF  E0 0D    CPX CPX #$0D                     A:30 X:03 Y:30 P:24 SP:F4
9501  90 DD    BCC BCC #$DD                     A:30 X:03 Y:30 P:A4 SP:F4
94E0  84 00    STY STY $00                      A:30 X:03 Y:30 P:A4 SP:F4
94E2  BD A1 06 LDA LDA $06A1,X                  A:30 X:03 Y:30 P:A4 SP:F4
94E5  29 C0    AND AND #$C0                     A:00 X:03 Y:30 P:26 SP:F4
94E7  0A       ASL A                            A:00 X:03 Y:30 P:26 SP:F4
<L012> ×2
# sample:
# 94E8  2A       ROL A                            A:00 X:03 Y:30 P:26 SP:F4
<L001> ×3
# sample:
# 94EA  A8       TAY                              A:00 X:03 Y:30 P:26 SP:F4
94F1  B0 02    BCS BCS #$02                     A:00 X:03 Y:00 P:A4 SP:F4
94F3  A9 00    LDA LDA #$00                     A:00 X:03 Y:00 P:A4 SP:F4
94F5  A4 00    LDY LDY $00                      A:00 X:03 Y:00 P:26 SP:F4
94F7  91 06    STA STA ($06),Y                  A:00 X:03 Y:30 P:24 SP:F4
94F9  98       TYA                              A:00 X:03 Y:30 P:24 SP:F4
<L002> ×2
# sample:
# 94FA  18       CLC                              A:30 X:03 Y:30 P:24 SP:F4
# 94FB  69 10    ADC ADC #$10                     A:30 X:03 Y:30 P:24 SP:F4
94FF  E0 0D    CPX CPX #$0D                     A:40 X:04 Y:40 P:24 SP:F4
9501  90 DD    BCC BCC #$DD                     A:40 X:04 Y:40 P:A4 SP:F4
94E0  84 00    STY STY $00                      A:40 X:04 Y:40 P:A4 SP:F4
94E2  BD A1 06 LDA LDA $06A1,X                  A:40 X:04 Y:40 P:A4 SP:F4
94E5  29 C0    AND AND #$C0                     A:00 X:04 Y:40 P:26 SP:F4
94E7  0A       ASL A                            A:00 X:04 Y:40 P:26 SP:F4
<L012> ×2
# sample:
# 94E8  2A       ROL A                            A:00 X:04 Y:40 P:26 SP:F4
<L001> ×3
# sample:
# 94EA  A8       TAY                              A:00 X:04 Y:40 P:26 SP:F4
94F1  B0 02    BCS BCS #$02                     A:00 X:04 Y:00 P:A4 SP:F4
94F3  A9 00    LDA LDA #$00                     A:00 X:04 Y:00 P:A4 SP:F4
94F5  A4 00    LDY LDY $00                      A:00 X:04 Y:00 P:26 SP:F4
94F7  91 06    STA STA ($06),Y                  A:00 X:04 Y:40 P:24 SP:F4
94F9  98       TYA                              A:00 X:04 Y:40 P:24 SP:F4
<L002> ×2
# sample:
# 94FA  18       CLC                              A:40 X:04 Y:40 P:24 SP:F4
# 94FB  69 10    ADC ADC #$10                     A:40 X:04 Y:40 P:24 SP:F4
94FF  E0 0D    CPX CPX #$0D                     A:50 X:05 Y:50 P:24 SP:F4
9501  90 DD    BCC BCC #$DD                     A:50 X:05 Y:50 P:A4 SP:F4
94E0  84 00    STY STY $00                      A:50 X:05 Y:50 P:A4 SP:F4
94E2  BD A1 06 LDA LDA $06A1,X                  A:50 X:05 Y:50 P:A4 SP:F4
94E5  29 C0    AND AND #$C0                     A:00 X:05 Y:50 P:26 SP:F4
94E7  0A       ASL A                            A:00 X:05 Y:50 P:26 SP:F4
<L012> ×2
# sample:
# 94E8  2A       ROL A                            A:00 X:05 Y:50 P:26 SP:F4
<L001> ×3
# sample:
# 94EA  A8       TAY                              A:00 X:05 Y:50 P:26 SP:F4
94F1  B0 02    BCS BCS #$02                     A:00 X:05 Y:00 P:A4 SP:F4
94F3  A9 00    LDA LDA #$00                     A:00 X:05 Y:00 P:A4 SP:F4
94F5  A4 00    LDY LDY $00                      A:00 X:05 Y:00 P:26 SP:F4
94F7  91 06    STA STA ($06),Y                  A:00 X:05 Y:50 P:24 SP:F4
94F9  98       TYA                              A:00 X:05 Y:50 P:24 SP:F4
<L002> ×2
# sample:
# 94FA  18       CLC                              A:50 X:05 Y:50 P:24 SP:F4
# 94FB  69 10    ADC ADC #$10                     A:50 X:05 Y:50 P:24 SP:F4
94FF  E0 0D    CPX CPX #$0D                     A:60 X:06 Y:60 P:24 SP:F4
9501  90 DD    BCC BCC #$DD                     A:60 X:06 Y:60 P:A4 SP:F4
94E0  84 00    STY STY $00                      A:60 X:06 Y:60 P:A4 SP:F4
94E2  BD A1 06 LDA LDA $06A1,X                  A:60 X:06 Y:60 P:A4 SP:F4
94E5  29 C0    AND AND #$C0                     A:00 X:06 Y:60 P:26 SP:F4
94E7  0A       ASL A                            A:00 X:06 Y:60 P:26 SP:F4
<L012> ×2
# sample:
# 94E8  2A       ROL A                            A:00 X:06 Y:60 P:26 SP:F4
<L001> ×3
# sample:
# 94EA  A8       TAY                              A:00 X:06 Y:60 P:26 SP:F4
94F1  B0 02    BCS BCS #$02                     A:00 X:06 Y:00 P:A4 SP:F4
94F3  A9 00    LDA LDA #$00                     A:00 X:06 Y:00 P:A4 SP:F4
94F5  A4 00    LDY LDY $00                      A:00 X:06 Y:00 P:26 SP:F4
94F7  91 06    STA STA ($06),Y                  A:00 X:06 Y:60 P:24 SP:F4
94F9  98       TYA                              A:00 X:06 Y:60 P:24 SP:F4
<L002> ×2
# sample:
# 94FA  18       CLC                              A:60 X:06 Y:60 P:24 SP:F4
# 94FB  69 10    ADC ADC #$10                     A:60 X:06 Y:60 P:24 SP:F4
94FF  E0 0D    CPX CPX #$0D                     A:70 X:07 Y:70 P:24 SP:F4
9501  90 DD    BCC BCC #$DD                     A:70 X:07 Y:70 P:A4 SP:F4
94E0  84 00    STY STY $00                      A:70 X:07 Y:70 P:A4 SP:F4
94E2  BD A1 06 LDA LDA $06A1,X                  A:70 X:07 Y:70 P:A4 SP:F4
94E5  29 C0    AND AND #$C0                     A:00 X:07 Y:70 P:26 SP:F4
94E7  0A       ASL A                            A:00 X:07 Y:70 P:26 SP:F4
<L012> ×2
# sample:
# 94E8  2A       ROL A                            A:00 X:07 Y:70 P:26 SP:F4
<L001> ×3
# sample:
# 94EA  A8       TAY                              A:00 X:07 Y:70 P:26 SP:F4
94F1  B0 02    BCS BCS #$02                     A:00 X:07 Y:00 P:A4 SP:F4
94F3  A9 00    LDA LDA #$00                     A:00 X:07 Y:00 P:A4 SP:F4
94F5  A4 00    LDY LDY $00                      A:00 X:07 Y:00 P:26 SP:F4
94F7  91 06    STA STA ($06),Y                  A:00 X:07 Y:70 P:24 SP:F4
94F9  98       TYA                              A:00 X:07 Y:70 P:24 SP:F4
<L002> ×2
# sample:
# 94FA  18       CLC                              A:70 X:07 Y:70 P:24 SP:F4
# 94FB  69 10    ADC ADC #$10                     A:70 X:07 Y:70 P:24 SP:F4
94FF  E0 0D    CPX CPX #$0D                     A:80 X:08 Y:80 P:64 SP:F4
9501  90 DD    BCC BCC #$DD                     A:80 X:08 Y:80 P:E4 SP:F4
94E0  84 00    STY STY $00                      A:80 X:08 Y:80 P:E4 SP:F4
94E2  BD A1 06 LDA LDA $06A1,X                  A:80 X:08 Y:80 P:E4 SP:F4
94E5  29 C0    AND AND #$C0                     A:00 X:08 Y:80 P:66 SP:F4
94E7  0A       ASL A                            A:00 X:08 Y:80 P:66 SP:F4
<L012> ×2
# sample:
# 94E8  2A       ROL A                            A:00 X:08 Y:80 P:66 SP:F4
<L001> ×3
# sample:
# 94EA  A8       TAY                              A:00 X:08 Y:80 P:66 SP:F4
94F1  B0 02    BCS BCS #$02                     A:00 X:08 Y:00 P:E4 SP:F4
94F3  A9 00    LDA LDA #$00                     A:00 X:08 Y:00 P:E4 SP:F4
94F5  A4 00    LDY LDY $00                      A:00 X:08 Y:00 P:66 SP:F4
94F7  91 06    STA STA ($06),Y                  A:00 X:08 Y:80 P:E4 SP:F4
94F9  98       TYA                              A:00 X:08 Y:80 P:E4 SP:F4
<L002> ×2
# sample:
# 94FA  18       CLC                              A:80 X:08 Y:80 P:E4 SP:F4
# 94FB  69 10    ADC ADC #$10                     A:80 X:08 Y:80 P:E4 SP:F4
94FF  E0 0D    CPX CPX #$0D                     A:90 X:09 Y:90 P:24 SP:F4
9501  90 DD    BCC BCC #$DD                     A:90 X:09 Y:90 P:A4 SP:F4
94E0  84 00    STY STY $00                      A:90 X:09 Y:90 P:A4 SP:F4
94E2  BD A1 06 LDA LDA $06A1,X                  A:90 X:09 Y:90 P:A4 SP:F4
94E5  29 C0    AND AND #$C0                     A:05 X:09 Y:90 P:24 SP:F4
94E7  0A       ASL A                            A:00 X:09 Y:90 P:26 SP:F4
<L012> ×2
# sample:
# 94E8  2A       ROL A                            A:00 X:09 Y:90 P:26 SP:F4
<L001> ×3
# sample:
# 94EA  A8       TAY                              A:00 X:09 Y:90 P:26 SP:F4
94F1  B0 02    BCS BCS #$02                     A:05 X:09 Y:00 P:A4 SP:F4
94F3  A9 00    LDA LDA #$00                     A:05 X:09 Y:00 P:A4 SP:F4
94F5  A4 00    LDY LDY $00                      A:00 X:09 Y:00 P:26 SP:F4
94F7  91 06    STA STA ($06),Y                  A:00 X:09 Y:90 P:A4 SP:F4
94F9  98       TYA                              A:00 X:09 Y:90 P:A4 SP:F4
<L002> ×2
# sample:
# 94FA  18       CLC                              A:90 X:09 Y:90 P:A4 SP:F4
# 94FB  69 10    ADC ADC #$10                     A:90 X:09 Y:90 P:A4 SP:F4
94FF  E0 0D    CPX CPX #$0D                     A:A0 X:0A Y:A0 P:24 SP:F4
9501  90 DD    BCC BCC #$DD                     A:A0 X:0A Y:A0 P:A4 SP:F4
94E0  84 00    STY STY $00                      A:A0 X:0A Y:A0 P:A4 SP:F4
94E2  BD A1 06 LDA LDA $06A1,X                  A:A0 X:0A Y:A0 P:A4 SP:F4
94E5  29 C0    AND AND #$C0                     A:06 X:0A Y:A0 P:24 SP:F4
94E7  0A       ASL A                            A:00 X:0A Y:A0 P:26 SP:F4
<L012> ×2
# sample:
# 94E8  2A       ROL A                            A:00 X:0A Y:A0 P:26 SP:F4
<L001> ×3
# sample:
# 94EA  A8       TAY                              A:00 X:0A Y:A0 P:26 SP:F4
94F1  B0 02    BCS BCS #$02                     A:06 X:0A Y:00 P:A4 SP:F4
94F3  A9 00    LDA LDA #$00                     A:06 X:0A Y:00 P:A4 SP:F4
94F5  A4 00    LDY LDY $00                      A:00 X:0A Y:00 P:26 SP:F4
94F7  91 06    STA STA ($06),Y                  A:00 X:0A Y:A0 P:A4 SP:F4
94F9  98       TYA                              A:00 X:0A Y:A0 P:A4 SP:F4
<L002> ×2
# sample:
# 94FA  18       CLC                              A:A0 X:0A Y:A0 P:A4 SP:F4
# 94FB  69 10    ADC ADC #$10                     A:A0 X:0A Y:A0 P:A4 SP:F4
94FF  E0 0D    CPX CPX #$0D                     A:B0 X:0B Y:B0 P:24 SP:F4
9501  90 DD    BCC BCC #$DD                     A:B0 X:0B Y:B0 P:A4 SP:F4
94E0  84 00    STY STY $00                      A:B0 X:0B Y:B0 P:A4 SP:F4
94E2  BD A1 06 LDA LDA $06A1,X                  A:B0 X:0B Y:B0 P:A4 SP:F4
94E5  29 C0    AND AND #$C0                     A:54 X:0B Y:B0 P:24 SP:F4
94E7  0A       ASL A                            A:40 X:0B Y:B0 P:24 SP:F4
<L012> ×2
# sample:
# 94E8  2A       ROL A                            A:80 X:0B Y:B0 P:A4 SP:F4
<L001> ×3
# sample:
# 94EA  A8       TAY                              A:01 X:0B Y:B0 P:24 SP:F4
94F1  B0 02    BCS BCS #$02                     A:54 X:0B Y:01 P:25 SP:F4
94F5  A4 00    LDY LDY $00                      A:54 X:0B Y:01 P:25 SP:F4
94F7  91 06    STA STA ($06),Y                  A:54 X:0B Y:B0 P:A5 SP:F4
94F9  98       TYA                              A:54 X:0B Y:B0 P:A5 SP:F4
<L002> ×2
# sample:
# 94FA  18       CLC                              A:B0 X:0B Y:B0 P:A5 SP:F4
# 94FB  69 10    ADC ADC #$10                     A:B0 X:0B Y:B0 P:A4 SP:F4
94FF  E0 0D    CPX CPX #$0D                     A:C0 X:0C Y:C0 P:24 SP:F4
9501  90 DD    BCC BCC #$DD                     A:C0 X:0C Y:C0 P:A4 SP:F4
94E0  84 00    STY STY $00                      A:C0 X:0C Y:C0 P:A4 SP:F4
94E2  BD A1 06 LDA LDA $06A1,X                  A:C0 X:0C Y:C0 P:A4 SP:F4
94E5  29 C0    AND AND #$C0                     A:54 X:0C Y:C0 P:24 SP:F4
94E7  0A       ASL A                            A:40 X:0C Y:C0 P:24 SP:F4
<L012> ×2
# sample:
# 94E8  2A       ROL A                            A:80 X:0C Y:C0 P:A4 SP:F4
<L001> ×3
# sample:
# 94EA  A8       TAY                              A:01 X:0C Y:C0 P:24 SP:F4
94F1  B0 02    BCS BCS #$02                     A:54 X:0C Y:01 P:25 SP:F4
94F5  A4 00    LDY LDY $00                      A:54 X:0C Y:01 P:25 SP:F4
94F7  91 06    STA STA ($06),Y                  A:54 X:0C Y:C0 P:A5 SP:F4
94F9  98       TYA                              A:54 X:0C Y:C0 P:A5 SP:F4
<L002> ×2
# sample:
# 94FA  18       CLC                              A:C0 X:0C Y:C0 P:A5 SP:F4
# 94FB  69 10    ADC ADC #$10                     A:C0 X:0C Y:C0 P:A4 SP:F4
94FF  E0 0D    CPX CPX #$0D                     A:D0 X:0D Y:D0 P:24 SP:F4
9501  90 DD    BCC BCC #$DD                     A:D0 X:0D Y:D0 P:27 SP:F4
9503  60       RTS                              A:D0 X:0D Y:D0 P:27 SP:F4
92BF  CE 1F 07 DEC DEC $071F                    A:D0 X:0D Y:D0 P:27 SP:F6
92C2  D0 03    BNE BNE #$03                     A:D0 X:0D Y:D0 P:25 SP:F6
92C7  60       RTS                              A:D0 X:0D Y:D0 P:25 SP:F6
<L001> ×2
# sample:
# 86EC  AD 1F 07 LDA LDA $071F                    A:D0 X:0D Y:D0 P:25 SP:F8
86E9  20 B0 92 JSR JSR $92B0                    A:03 X:0D Y:D0 P:25 SP:F8
92B0  AC 1F 07 LDY LDY $071F                    A:03 X:0D Y:D0 P:25 SP:F6
92B3  D0 05    BNE BNE #$05                     A:03 X:0D Y:03 P:25 SP:F6
<L001> ×3
# sample:
# 92BA  88       DEY                              A:03 X:0D Y:03 P:25 SP:F6
92C8  20 04 8E JSR JSR $8E04                    A:02 X:0D Y:02 P:25 SP:F4
8E04  0A       ASL A                            A:02 X:0D Y:02 P:25 SP:F2
8E05  A8       TAY                              A:04 X:0D Y:02 P:24 SP:F2
<L006> ×2
# sample:
# 8E06  68       PLA                              A:04 X:0D Y:04 P:24 SP:F2
# 8E07  85 04    STA STA $04                      A:CA X:0D Y:04 P:A4 SP:F3
<L007> ×2
# sample:
# 8E0C  C8       INY                              A:92 X:0D Y:04 P:A4 SP:F4
# 8E0D  B1 04    LDA LDA ($04),Y                  A:92 X:0D Y:05 P:24 SP:F4
# 8E0F  85 06    STA STA $06                      A:AE X:0D Y:05 P:A4 SP:F4
8E16  6C 06 00 JMP JMP ($0006)                  A:88 X:0D Y:06 P:A4 SP:F4
88AE  AD 26 07 LDA LDA $0726                    A:88 X:0D Y:06 P:A4 SP:F4
88B1  29 01    AND AND #$01                     A:01 X:0D Y:06 P:24 SP:F4
88B3  85 05    STA STA $05                      A:01 X:0D Y:06 P:24 SP:F4
88B5  AC 40 03 LDY LDY $0340                    A:01 X:0D Y:06 P:24 SP:F4
88B8  84 00    STY STY $00                      A:01 X:0D Y:3A P:24 SP:F4
<L001> ×2
# sample:
# 88BA  AD 21 07 LDA LDA $0721                    A:01 X:0D Y:3A P:24 SP:F4
88C0  AD 20 07 LDA LDA $0720                    A:82 X:0D Y:3A P:A4 SP:F4
88C3  99 41 03 STA STA $0341,Y                  A:20 X:0D Y:3A P:24 SP:F4
88C6  A9 9A    LDA LDA #$9A                     A:20 X:0D Y:3A P:24 SP:F4
88C8  99 43 03 STA STA $0343,Y                  A:9A X:0D Y:3A P:A4 SP:F4
<L001> ×3
# sample:
# 88CB  A9 00    LDA LDA #$00                     A:9A X:0D Y:3A P:A4 SP:F4
88D0  86 01    STX STX $01                      A:00 X:00 Y:3A P:26 SP:F4
88D2  BD A1 06 LDA LDA $06A1,X                  A:00 X:00 Y:3A P:26 SP:F4
88D5  29 C0    AND AND #$C0                     A:00 X:00 Y:3A P:26 SP:F4
88D7  85 03    STA STA $03                      A:00 X:00 Y:3A P:26 SP:F4
88D9  0A       ASL A                            A:00 X:00 Y:3A P:26 SP:F4
<L002> ×2
# sample:
# 88DA  2A       ROL A                            A:00 X:00 Y:3A P:26 SP:F4
# 88DB  2A       ROL A                            A:00 X:00 Y:3A P:26 SP:F4
88E0  85 06    STA STA $06                      A:10 X:00 Y:00 P:24 SP:F4
88E2  B9 0C 8B LDA LDA $8B0C,Y                  A:10 X:00 Y:00 P:24 SP:F4
88E5  85 07    STA STA $07                      A:8B X:00 Y:00 P:A4 SP:F4
88E7  BD A1 06 LDA LDA $06A1,X                  A:8B X:00 Y:00 P:A4 SP:F4
<L002> ×2
# sample:
# 88EA  0A       ASL A                            A:00 X:00 Y:00 P:26 SP:F4
# 88EB  0A       ASL A                            A:00 X:00 Y:00 P:26 SP:F4
88F1  29 01    AND AND #$01                     A:03 X:00 Y:00 P:24 SP:F4
88F3  49 01    EOR EOR #$01                     A:01 X:00 Y:00 P:24 SP:F4
88F5  0A       ASL A                            A:00 X:00 Y:00 P:26 SP:F4
88F6  65 02    ADC ADC $02                      A:00 X:00 Y:00 P:26 SP:F4
88F8  A8       TAY                              A:00 X:00 Y:00 P:26 SP:F4
88F9  A6 00    LDX LDX $00                      A:00 X:00 Y:00 P:26 SP:F4
<L001> ×2
# sample:
# 88FB  B1 06    LDA LDA ($06),Y                  A:00 X:3A Y:00 P:24 SP:F4
8900  C8       INY                              A:24 X:3A Y:00 P:24 SP:F4
8901  B1 06    LDA LDA ($06),Y                  A:24 X:3A Y:01 P:24 SP:F4
8903  9D 45 03 STA STA $0345,X                  A:24 X:3A Y:01 P:24 SP:F4
8906  A4 04    LDY LDY $04                      A:24 X:3A Y:01 P:24 SP:F4
8908  A5 05    LDA LDA $05                      A:24 X:3A Y:00 P:26 SP:F4
890A  D0 0E    BNE BNE #$0E                     A:01 X:3A Y:00 P:24 SP:F4
891A  A5 01    LDA LDA $01                      A:01 X:3A Y:00 P:24 SP:F4
891C  4A       LSR A                            A:00 X:3A Y:00 P:26 SP:F4
891D  B0 0F    BCS BCS #$0F                     A:00 X:3A Y:00 P:26 SP:F4
[Repeated block (2 instrs)] ×2
<L014> ×2
# sample:
# 891F  46 03    LSR LSR $03                      A:00 X:3A Y:00 P:26 SP:F4
8927  4C 30 89 JMP JMP $8930                    A:00 X:3A Y:00 P:26 SP:F4
8930  B9 F9 03 LDA LDA $03F9,Y                  A:00 X:3A Y:00 P:26 SP:F4
8933  05 03    ORA ORA $03                      A:00 X:3A Y:00 P:26 SP:F4
8935  99 F9 03 STA STA $03F9,Y                  A:00 X:3A Y:00 P:26 SP:F4
<L009> ×2
# sample:
# 8938  E6 00    INC INC $00                      A:00 X:3A Y:00 P:26 SP:F4
893C  A6 01    LDX LDX $01                      A:00 X:3A Y:00 P:24 SP:F4
893E  E8       INX                              A:00 X:00 Y:00 P:26 SP:F4
893F  E0 0D    CPX CPX #$0D                     A:00 X:01 Y:00 P:24 SP:F4
8941  90 8D    BCC BCC #$8D                     A:00 X:01 Y:00 P:A4 SP:F4
88D0  86 01    STX STX $01                      A:00 X:01 Y:00 P:A4 SP:F4
88D2  BD A1 06 LDA LDA $06A1,X                  A:00 X:01 Y:00 P:A4 SP:F4
88D5  29 C0    AND AND #$C0                     A:00 X:01 Y:00 P:26 SP:F4
88D7  85 03    STA STA $03                      A:00 X:01 Y:00 P:26 SP:F4
88D9  0A       ASL A                            A:00 X:01 Y:00 P:26 SP:F4
<L002> ×2
# sample:
# 88DA  2A       ROL A                            A:00 X:01 Y:00 P:26 SP:F4
# 88DB  2A       ROL A                            A:00 X:01 Y:00 P:26 SP:F4
88E0  85 06    STA STA $06                      A:10 X:01 Y:00 P:24 SP:F4
88E2  B9 0C 8B LDA LDA $8B0C,Y                  A:10 X:01 Y:00 P:24 SP:F4
88E5  85 07    STA STA $07                      A:8B X:01 Y:00 P:A4 SP:F4
88E7  BD A1 06 LDA LDA $06A1,X                  A:8B X:01 Y:00 P:A4 SP:F4
<L002> ×2
# sample:
# 88EA  0A       ASL A                            A:00 X:01 Y:00 P:26 SP:F4
# 88EB  0A       ASL A                            A:00 X:01 Y:00 P:26 SP:F4
88F1  29 01    AND AND #$01                     A:03 X:01 Y:00 P:24 SP:F4
88F3  49 01    EOR EOR #$01                     A:01 X:01 Y:00 P:24 SP:F4
88F5  0A       ASL A                            A:00 X:01 Y:00 P:26 SP:F4
88F6  65 02    ADC ADC $02                      A:00 X:01 Y:00 P:26 SP:F4
88F8  A8       TAY                              A:00 X:01 Y:00 P:26 SP:F4
88F9  A6 00    LDX LDX $00                      A:00 X:01 Y:00 P:26 SP:F4
<L001> ×2
# sample:
# 88FB  B1 06    LDA LDA ($06),Y                  A:00 X:3C Y:00 P:24 SP:F4
8900  C8       INY                              A:24 X:3C Y:00 P:24 SP:F4
8901  B1 06    LDA LDA ($06),Y                  A:24 X:3C Y:01 P:24 SP:F4
8903  9D 45 03 STA STA $0345,X                  A:24 X:3C Y:01 P:24 SP:F4
8906  A4 04    LDY LDY $04                      A:24 X:3C Y:01 P:24 SP:F4
8908  A5 05    LDA LDA $05                      A:24 X:3C Y:00 P:26 SP:F4
890A  D0 0E    BNE BNE #$0E                     A:01 X:3C Y:00 P:24 SP:F4
891A  A5 01    LDA LDA $01                      A:01 X:3C Y:00 P:24 SP:F4
891C  4A       LSR A                            A:01 X:3C Y:00 P:24 SP:F4
891D  B0 0F    BCS BCS #$0F                     A:00 X:3C Y:00 P:27 SP:F4
892E  E6 04    INC INC $04                      A:00 X:3C Y:00 P:27 SP:F4
8930  B9 F9 03 LDA LDA $03F9,Y                  A:00 X:3C Y:00 P:25 SP:F4
8933  05 03    ORA ORA $03                      A:00 X:3C Y:00 P:27 SP:F4
8935  99 F9 03 STA STA $03F9,Y                  A:00 X:3C Y:00 P:27 SP:F4
<L009> ×2
# sample:
# 8938  E6 00    INC INC $00                      A:00 X:3C Y:00 P:27 SP:F4
893C  A6 01    LDX LDX $01                      A:00 X:3C Y:00 P:25 SP:F4
893E  E8       INX                              A:00 X:01 Y:00 P:25 SP:F4
893F  E0 0D    CPX CPX #$0D                     A:00 X:02 Y:00 P:25 SP:F4
8941  90 8D    BCC BCC #$8D                     A:00 X:02 Y:00 P:A4 SP:F4
88D0  86 01    STX STX $01                      A:00 X:02 Y:00 P:A4 SP:F4
88D2  BD A1 06 LDA LDA $06A1,X                  A:00 X:02 Y:00 P:A4 SP:F4
88D5  29 C0    AND AND #$C0                     A:00 X:02 Y:00 P:26 SP:F4
88D7  85 03    STA STA $03                      A:00 X:02 Y:00 P:26 SP:F4
88D9  0A       ASL A                            A:00 X:02 Y:00 P:26 SP:F4
<L002> ×2
# sample:
# 88DA  2A       ROL A                            A:00 X:02 Y:00 P:26 SP:F4
# 88DB  2A       ROL A                            A:00 X:02 Y:00 P:26 SP:F4
88E0  85 06    STA STA $06                      A:10 X:02 Y:00 P:24 SP:F4
88E2  B9 0C 8B LDA LDA $8B0C,Y                  A:10 X:02 Y:00 P:24 SP:F4
88E5  85 07    STA STA $07                      A:8B X:02 Y:00 P:A4 SP:F4
88E7  BD A1 06 LDA LDA $06A1,X                  A:8B X:02 Y:00 P:A4 SP:F4
<L002> ×2
# sample:
# 88EA  0A       ASL A                            A:00 X:02 Y:00 P:26 SP:F4
# 88EB  0A       ASL A                            A:00 X:02 Y:00 P:26 SP:F4
88F1  29 01    AND AND #$01                     A:03 X:02 Y:00 P:24 SP:F4
88F3  49 01    EOR EOR #$01                     A:01 X:02 Y:00 P:24 SP:F4
88F5  0A       ASL A                            A:00 X:02 Y:00 P:26 SP:F4
88F6  65 02    ADC ADC $02                      A:00 X:02 Y:00 P:26 SP:F4
88F8  A8       TAY                              A:00 X:02 Y:00 P:26 SP:F4
88F9  A6 00    LDX LDX $00                      A:00 X:02 Y:00 P:26 SP:F4
<L001> ×2
# sample:
# 88FB  B1 06    LDA LDA ($06),Y                  A:00 X:3E Y:00 P:24 SP:F4
8900  C8       INY                              A:24 X:3E Y:00 P:24 SP:F4
8901  B1 06    LDA LDA ($06),Y                  A:24 X:3E Y:01 P:24 SP:F4
8903  9D 45 03 STA STA $0345,X                  A:24 X:3E Y:01 P:24 SP:F4
8906  A4 04    LDY LDY $04                      A:24 X:3E Y:01 P:24 SP:F4
8908  A5 05    LDA LDA $05                      A:24 X:3E Y:01 P:24 SP:F4
890A  D0 0E    BNE BNE #$0E                     A:01 X:3E Y:01 P:24 SP:F4
891A  A5 01    LDA LDA $01                      A:01 X:3E Y:01 P:24 SP:F4
891C  4A       LSR A                            A:02 X:3E Y:01 P:24 SP:F4
891D  B0 0F    BCS BCS #$0F                     A:01 X:3E Y:01 P:24 SP:F4
[Repeated block (2 instrs)] ×2
<L014> ×2
# sample:
# 891F  46 03    LSR LSR $03                      A:01 X:3E Y:01 P:24 SP:F4
8927  4C 30 89 JMP JMP $8930                    A:01 X:3E Y:01 P:26 SP:F4
8930  B9 F9 03 LDA LDA $03F9,Y                  A:01 X:3E Y:01 P:26 SP:F4
8933  05 03    ORA ORA $03                      A:00 X:3E Y:01 P:26 SP:F4
8935  99 F9 03 STA STA $03F9,Y                  A:00 X:3E Y:01 P:26 SP:F4
<L009> ×2
# sample:
# 8938  E6 00    INC INC $00                      A:00 X:3E Y:01 P:26 SP:F4
893C  A6 01    LDX LDX $01                      A:00 X:3E Y:01 P:24 SP:F4
893E  E8       INX                              A:00 X:02 Y:01 P:24 SP:F4
893F  E0 0D    CPX CPX #$0D                     A:00 X:03 Y:01 P:24 SP:F4
8941  90 8D    BCC BCC #$8D                     A:00 X:03 Y:01 P:A4 SP:F4
88D0  86 01    STX STX $01                      A:00 X:03 Y:01 P:A4 SP:F4
88D2  BD A1 06 LDA LDA $06A1,X                  A:00 X:03 Y:01 P:A4 SP:F4
88D5  29 C0    AND AND #$C0                     A:00 X:03 Y:01 P:26 SP:F4
88D7  85 03    STA STA $03                      A:00 X:03 Y:01 P:26 SP:F4
88D9  0A       ASL A                            A:00 X:03 Y:01 P:26 SP:F4
<L002> ×2
# sample:
# 88DA  2A       ROL A                            A:00 X:03 Y:01 P:26 SP:F4
# 88DB  2A       ROL A                            A:00 X:03 Y:01 P:26 SP:F4
88E0  85 06    STA STA $06                      A:10 X:03 Y:00 P:24 SP:F4
88E2  B9 0C 8B LDA LDA $8B0C,Y                  A:10 X:03 Y:00 P:24 SP:F4
88E5  85 07    STA STA $07                      A:8B X:03 Y:00 P:A4 SP:F4
88E7  BD A1 06 LDA LDA $06A1,X                  A:8B X:03 Y:00 P:A4 SP:F4
<L002> ×2
# sample:
# 88EA  0A       ASL A                            A:00 X:03 Y:00 P:26 SP:F4
# 88EB  0A       ASL A                            A:00 X:03 Y:00 P:26 SP:F4
88F1  29 01    AND AND #$01                     A:03 X:03 Y:00 P:24 SP:F4
88F3  49 01    EOR EOR #$01                     A:01 X:03 Y:00 P:24 SP:F4
88F5  0A       ASL A                            A:00 X:03 Y:00 P:26 SP:F4
88F6  65 02    ADC ADC $02                      A:00 X:03 Y:00 P:26 SP:F4
88F8  A8       TAY                              A:00 X:03 Y:00 P:26 SP:F4
88F9  A6 00    LDX LDX $00                      A:00 X:03 Y:00 P:26 SP:F4
<L001> ×2
# sample:
# 88FB  B1 06    LDA LDA ($06),Y                  A:00 X:40 Y:00 P:24 SP:F4
8900  C8       INY                              A:24 X:40 Y:00 P:24 SP:F4
8901  B1 06    LDA LDA ($06),Y                  A:24 X:40 Y:01 P:24 SP:F4
8903  9D 45 03 STA STA $0345,X                  A:24 X:40 Y:01 P:24 SP:F4
8906  A4 04    LDY LDY $04                      A:24 X:40 Y:01 P:24 SP:F4
8908  A5 05    LDA LDA $05                      A:24 X:40 Y:01 P:24 SP:F4
890A  D0 0E    BNE BNE #$0E                     A:01 X:40 Y:01 P:24 SP:F4
891A  A5 01    LDA LDA $01                      A:01 X:40 Y:01 P:24 SP:F4
891C  4A       LSR A                            A:03 X:40 Y:01 P:24 SP:F4
891D  B0 0F    BCS BCS #$0F                     A:01 X:40 Y:01 P:25 SP:F4
892E  E6 04    INC INC $04                      A:01 X:40 Y:01 P:25 SP:F4
8930  B9 F9 03 LDA LDA $03F9,Y                  A:01 X:40 Y:01 P:25 SP:F4
8933  05 03    ORA ORA $03                      A:00 X:40 Y:01 P:27 SP:F4
8935  99 F9 03 STA STA $03F9,Y                  A:00 X:40 Y:01 P:27 SP:F4
<L009> ×2
# sample:
# 8938  E6 00    INC INC $00                      A:00 X:40 Y:01 P:27 SP:F4
893C  A6 01    LDX LDX $01                      A:00 X:40 Y:01 P:25 SP:F4
893E  E8       INX                              A:00 X:03 Y:01 P:25 SP:F4
893F  E0 0D    CPX CPX #$0D                     A:00 X:04 Y:01 P:25 SP:F4
8941  90 8D    BCC BCC #$8D                     A:00 X:04 Y:01 P:A4 SP:F4
88D0  86 01    STX STX $01                      A:00 X:04 Y:01 P:A4 SP:F4
88D2  BD A1 06 LDA LDA $06A1,X                  A:00 X:04 Y:01 P:A4 SP:F4
88D5  29 C0    AND AND #$C0                     A:00 X:04 Y:01 P:26 SP:F4
88D7  85 03    STA STA $03                      A:00 X:04 Y:01 P:26 SP:F4
88D9  0A       ASL A                            A:00 X:04 Y:01 P:26 SP:F4
<L002> ×2
# sample:
# 88DA  2A       ROL A                            A:00 X:04 Y:01 P:26 SP:F4
# 88DB  2A       ROL A                            A:00 X:04 Y:01 P:26 SP:F4
88E0  85 06    STA STA $06                      A:10 X:04 Y:00 P:24 SP:F4
88E2  B9 0C 8B LDA LDA $8B0C,Y                  A:10 X:04 Y:00 P:24 SP:F4
88E5  85 07    STA STA $07                      A:8B X:04 Y:00 P:A4 SP:F4
88E7  BD A1 06 LDA LDA $06A1,X                  A:8B X:04 Y:00 P:A4 SP:F4
<L002> ×2
# sample:
# 88EA  0A       ASL A                            A:00 X:04 Y:00 P:26 SP:F4
# 88EB  0A       ASL A                            A:00 X:04 Y:00 P:26 SP:F4
88F1  29 01    AND AND #$01                     A:03 X:04 Y:00 P:24 SP:F4
88F3  49 01    EOR EOR #$01                     A:01 X:04 Y:00 P:24 SP:F4
88F5  0A       ASL A                            A:00 X:04 Y:00 P:26 SP:F4
88F6  65 02    ADC ADC $02                      A:00 X:04 Y:00 P:26 SP:F4
88F8  A8       TAY                              A:00 X:04 Y:00 P:26 SP:F4
88F9  A6 00    LDX LDX $00                      A:00 X:04 Y:00 P:26 SP:F4
<L001> ×2
# sample:
# 88FB  B1 06    LDA LDA ($06),Y                  A:00 X:42 Y:00 P:24 SP:F4
8900  C8       INY                              A:24 X:42 Y:00 P:24 SP:F4
8901  B1 06    LDA LDA ($06),Y                  A:24 X:42 Y:01 P:24 SP:F4
8903  9D 45 03 STA STA $0345,X                  A:24 X:42 Y:01 P:24 SP:F4
8906  A4 04    LDY LDY $04                      A:24 X:42 Y:01 P:24 SP:F4
8908  A5 05    LDA LDA $05                      A:24 X:42 Y:02 P:24 SP:F4
890A  D0 0E    BNE BNE #$0E                     A:01 X:42 Y:02 P:24 SP:F4
891A  A5 01    LDA LDA $01                      A:01 X:42 Y:02 P:24 SP:F4
891C  4A       LSR A                            A:04 X:42 Y:02 P:24 SP:F4
891D  B0 0F    BCS BCS #$0F                     A:02 X:42 Y:02 P:24 SP:F4
[Repeated block (2 instrs)] ×2
<L014> ×2
# sample:
# 891F  46 03    LSR LSR $03                      A:02 X:42 Y:02 P:24 SP:F4
8927  4C 30 89 JMP JMP $8930                    A:02 X:42 Y:02 P:26 SP:F4
8930  B9 F9 03 LDA LDA $03F9,Y                  A:02 X:42 Y:02 P:26 SP:F4
8933  05 03    ORA ORA $03                      A:00 X:42 Y:02 P:26 SP:F4
8935  99 F9 03 STA STA $03F9,Y                  A:00 X:42 Y:02 P:26 SP:F4
<L009> ×2
# sample:
# 8938  E6 00    INC INC $00                      A:00 X:42 Y:02 P:26 SP:F4
893C  A6 01    LDX LDX $01                      A:00 X:42 Y:02 P:24 SP:F4
893E  E8       INX                              A:00 X:04 Y:02 P:24 SP:F4
893F  E0 0D    CPX CPX #$0D                     A:00 X:05 Y:02 P:24 SP:F4
8941  90 8D    BCC BCC #$8D                     A:00 X:05 Y:02 P:A4 SP:F4
88D0  86 01    STX STX $01                      A:00 X:05 Y:02 P:A4 SP:F4
88D2  BD A1 06 LDA LDA $06A1,X                  A:00 X:05 Y:02 P:A4 SP:F4
88D5  29 C0    AND AND #$C0                     A:00 X:05 Y:02 P:26 SP:F4
88D7  85 03    STA STA $03                      A:00 X:05 Y:02 P:26 SP:F4
88D9  0A       ASL A                            A:00 X:05 Y:02 P:26 SP:F4
<L002> ×2
# sample:
# 88DA  2A       ROL A                            A:00 X:05 Y:02 P:26 SP:F4
# 88DB  2A       ROL A                            A:00 X:05 Y:02 P:26 SP:F4
88E0  85 06    STA STA $06                      A:10 X:05 Y:00 P:24 SP:F4
88E2  B9 0C 8B LDA LDA $8B0C,Y                  A:10 X:05 Y:00 P:24 SP:F4
88E5  85 07    STA STA $07                      A:8B X:05 Y:00 P:A4 SP:F4
88E7  BD A1 06 LDA LDA $06A1,X                  A:8B X:05 Y:00 P:A4 SP:F4
<L002> ×2
# sample:
# 88EA  0A       ASL A                            A:00 X:05 Y:00 P:26 SP:F4
# 88EB  0A       ASL A                            A:00 X:05 Y:00 P:26 SP:F4
88F1  29 01    AND AND #$01                     A:03 X:05 Y:00 P:24 SP:F4
88F3  49 01    EOR EOR #$01                     A:01 X:05 Y:00 P:24 SP:F4
88F5  0A       ASL A                            A:00 X:05 Y:00 P:26 SP:F4
88F6  65 02    ADC ADC $02                      A:00 X:05 Y:00 P:26 SP:F4
88F8  A8       TAY                              A:00 X:05 Y:00 P:26 SP:F4
88F9  A6 00    LDX LDX $00                      A:00 X:05 Y:00 P:26 SP:F4
<L001> ×2
# sample:
# 88FB  B1 06    LDA LDA ($06),Y                  A:00 X:44 Y:00 P:24 SP:F4
8900  C8       INY                              A:24 X:44 Y:00 P:24 SP:F4
8901  B1 06    LDA LDA ($06),Y                  A:24 X:44 Y:01 P:24 SP:F4
8903  9D 45 03 STA STA $0345,X                  A:24 X:44 Y:01 P:24 SP:F4
8906  A4 04    LDY LDY $04                      A:24 X:44 Y:01 P:24 SP:F4
8908  A5 05    LDA LDA $05                      A:24 X:44 Y:02 P:24 SP:F4
890A  D0 0E    BNE BNE #$0E                     A:01 X:44 Y:02 P:24 SP:F4
891A  A5 01    LDA LDA $01                      A:01 X:44 Y:02 P:24 SP:F4
891C  4A       LSR A                            A:05 X:44 Y:02 P:24 SP:F4
891D  B0 0F    BCS BCS #$0F                     A:02 X:44 Y:02 P:25 SP:F4
892E  E6 04    INC INC $04                      A:02 X:44 Y:02 P:25 SP:F4
8930  B9 F9 03 LDA LDA $03F9,Y                  A:02 X:44 Y:02 P:25 SP:F4
8933  05 03    ORA ORA $03                      A:00 X:44 Y:02 P:27 SP:F4
8935  99 F9 03 STA STA $03F9,Y                  A:00 X:44 Y:02 P:27 SP:F4
<L009> ×2
# sample:
# 8938  E6 00    INC INC $00                      A:00 X:44 Y:02 P:27 SP:F4
893C  A6 01    LDX LDX $01                      A:00 X:44 Y:02 P:25 SP:F4
893E  E8       INX                              A:00 X:05 Y:02 P:25 SP:F4
893F  E0 0D    CPX CPX #$0D                     A:00 X:06 Y:02 P:25 SP:F4
8941  90 8D    BCC BCC #$8D                     A:00 X:06 Y:02 P:A4 SP:F4
88D0  86 01    STX STX $01                      A:00 X:06 Y:02 P:A4 SP:F4
88D2  BD A1 06 LDA LDA $06A1,X                  A:00 X:06 Y:02 P:A4 SP:F4
88D5  29 C0    AND AND #$C0                     A:00 X:06 Y:02 P:26 SP:F4
88D7  85 03    STA STA $03                      A:00 X:06 Y:02 P:26 SP:F4
88D9  0A       ASL A                            A:00 X:06 Y:02 P:26 SP:F4
<L002> ×2
# sample:
# 88DA  2A       ROL A                            A:00 X:06 Y:02 P:26 SP:F4
# 88DB  2A       ROL A                            A:00 X:06 Y:02 P:26 SP:F4
88E0  85 06    STA STA $06                      A:10 X:06 Y:00 P:24 SP:F4
88E2  B9 0C 8B LDA LDA $8B0C,Y                  A:10 X:06 Y:00 P:24 SP:F4
88E5  85 07    STA STA $07                      A:8B X:06 Y:00 P:A4 SP:F4
88E7  BD A1 06 LDA LDA $06A1,X                  A:8B X:06 Y:00 P:A4 SP:F4
<L002> ×2
# sample:
# 88EA  0A       ASL A                            A:00 X:06 Y:00 P:26 SP:F4
# 88EB  0A       ASL A                            A:00 X:06 Y:00 P:26 SP:F4
88F1  29 01    AND AND #$01                     A:03 X:06 Y:00 P:24 SP:F4
88F3  49 01    EOR EOR #$01                     A:01 X:06 Y:00 P:24 SP:F4
88F5  0A       ASL A                            A:00 X:06 Y:00 P:26 SP:F4
88F6  65 02    ADC ADC $02                      A:00 X:06 Y:00 P:26 SP:F4
88F8  A8       TAY                              A:00 X:06 Y:00 P:26 SP:F4
88F9  A6 00    LDX LDX $00                      A:00 X:06 Y:00 P:26 SP:F4
<L001> ×2
# sample:
# 88FB  B1 06    LDA LDA ($06),Y                  A:00 X:46 Y:00 P:24 SP:F4
8900  C8       INY                              A:24 X:46 Y:00 P:24 SP:F4
8901  B1 06    LDA LDA ($06),Y                  A:24 X:46 Y:01 P:24 SP:F4
8903  9D 45 03 STA STA $0345,X                  A:24 X:46 Y:01 P:24 SP:F4
8906  A4 04    LDY LDY $04                      A:24 X:46 Y:01 P:24 SP:F4
8908  A5 05    LDA LDA $05                      A:24 X:46 Y:03 P:24 SP:F4
890A  D0 0E    BNE BNE #$0E                     A:01 X:46 Y:03 P:24 SP:F4
891A  A5 01    LDA LDA $01                      A:01 X:46 Y:03 P:24 SP:F4
891C  4A       LSR A                            A:06 X:46 Y:03 P:24 SP:F4
891D  B0 0F    BCS BCS #$0F                     A:03 X:46 Y:03 P:24 SP:F4
[Repeated block (2 instrs)] ×2
<L014> ×2
# sample:
# 891F  46 03    LSR LSR $03                      A:03 X:46 Y:03 P:24 SP:F4
8927  4C 30 89 JMP JMP $8930                    A:03 X:46 Y:03 P:26 SP:F4
8930  B9 F9 03 LDA LDA $03F9,Y                  A:03 X:46 Y:03 P:26 SP:F4
8933  05 03    ORA ORA $03                      A:00 X:46 Y:03 P:26 SP:F4
8935  99 F9 03 STA STA $03F9,Y                  A:00 X:46 Y:03 P:26 SP:F4
<L009> ×2
# sample:
# 8938  E6 00    INC INC $00                      A:00 X:46 Y:03 P:26 SP:F4
893C  A6 01    LDX LDX $01                      A:00 X:46 Y:03 P:24 SP:F4
893E  E8       INX                              A:00 X:06 Y:03 P:24 SP:F4
893F  E0 0D    CPX CPX #$0D                     A:00 X:07 Y:03 P:24 SP:F4
8941  90 8D    BCC BCC #$8D                     A:00 X:07 Y:03 P:A4 SP:F4
88D0  86 01    STX STX $01                      A:00 X:07 Y:03 P:A4 SP:F4
88D2  BD A1 06 LDA LDA $06A1,X                  A:00 X:07 Y:03 P:A4 SP:F4
88D5  29 C0    AND AND #$C0                     A:00 X:07 Y:03 P:26 SP:F4
88D7  85 03    STA STA $03                      A:00 X:07 Y:03 P:26 SP:F4
88D9  0A       ASL A                            A:00 X:07 Y:03 P:26 SP:F4
<L002> ×2
# sample:
# 88DA  2A       ROL A                            A:00 X:07 Y:03 P:26 SP:F4
# 88DB  2A       ROL A                            A:00 X:07 Y:03 P:26 SP:F4
88E0  85 06    STA STA $06                      A:10 X:07 Y:00 P:24 SP:F4
88E2  B9 0C 8B LDA LDA $8B0C,Y                  A:10 X:07 Y:00 P:24 SP:F4
88E5  85 07    STA STA $07                      A:8B X:07 Y:00 P:A4 SP:F4
88E7  BD A1 06 LDA LDA $06A1,X                  A:8B X:07 Y:00 P:A4 SP:F4
<L002> ×2
# sample:
# 88EA  0A       ASL A                            A:00 X:07 Y:00 P:26 SP:F4
# 88EB  0A       ASL A                            A:00 X:07 Y:00 P:26 SP:F4
88F1  29 01    AND AND #$01                     A:03 X:07 Y:00 P:24 SP:F4
88F3  49 01    EOR EOR #$01                     A:01 X:07 Y:00 P:24 SP:F4
88F5  0A       ASL A                            A:00 X:07 Y:00 P:26 SP:F4
88F6  65 02    ADC ADC $02                      A:00 X:07 Y:00 P:26 SP:F4
88F8  A8       TAY                              A:00 X:07 Y:00 P:26 SP:F4
88F9  A6 00    LDX LDX $00                      A:00 X:07 Y:00 P:26 SP:F4
<L001> ×2
# sample:
# 88FB  B1 06    LDA LDA ($06),Y                  A:00 X:48 Y:00 P:24 SP:F4
8900  C8       INY                              A:24 X:48 Y:00 P:24 SP:F4
8901  B1 06    LDA LDA ($06),Y                  A:24 X:48 Y:01 P:24 SP:F4
8903  9D 45 03 STA STA $0345,X                  A:24 X:48 Y:01 P:24 SP:F4
8906  A4 04    LDY LDY $04                      A:24 X:48 Y:01 P:24 SP:F4
8908  A5 05    LDA LDA $05                      A:24 X:48 Y:03 P:24 SP:F4
890A  D0 0E    BNE BNE #$0E                     A:01 X:48 Y:03 P:24 SP:F4
891A  A5 01    LDA LDA $01                      A:01 X:48 Y:03 P:24 SP:F4
891C  4A       LSR A                            A:07 X:48 Y:03 P:24 SP:F4
891D  B0 0F    BCS BCS #$0F                     A:03 X:48 Y:03 P:25 SP:F4
892E  E6 04    INC INC $04                      A:03 X:48 Y:03 P:25 SP:F4
8930  B9 F9 03 LDA LDA $03F9,Y                  A:03 X:48 Y:03 P:25 SP:F4
8933  05 03    ORA ORA $03                      A:00 X:48 Y:03 P:27 SP:F4
8935  99 F9 03 STA STA $03F9,Y                  A:00 X:48 Y:03 P:27 SP:F4
<L009> ×2
# sample:
# 8938  E6 00    INC INC $00                      A:00 X:48 Y:03 P:27 SP:F4
893C  A6 01    LDX LDX $01                      A:00 X:48 Y:03 P:25 SP:F4
893E  E8       INX                              A:00 X:07 Y:03 P:25 SP:F4
893F  E0 0D    CPX CPX #$0D                     A:00 X:08 Y:03 P:25 SP:F4
8941  90 8D    BCC BCC #$8D                     A:00 X:08 Y:03 P:A4 SP:F4
88D0  86 01    STX STX $01                      A:00 X:08 Y:03 P:A4 SP:F4
88D2  BD A1 06 LDA LDA $06A1,X                  A:00 X:08 Y:03 P:A4 SP:F4
88D5  29 C0    AND AND #$C0                     A:00 X:08 Y:03 P:26 SP:F4
88D7  85 03    STA STA $03                      A:00 X:08 Y:03 P:26 SP:F4
88D9  0A       ASL A                            A:00 X:08 Y:03 P:26 SP:F4
<L002> ×2
# sample:
# 88DA  2A       ROL A                            A:00 X:08 Y:03 P:26 SP:F4
# 88DB  2A       ROL A                            A:00 X:08 Y:03 P:26 SP:F4
88E0  85 06    STA STA $06                      A:10 X:08 Y:00 P:24 SP:F4
88E2  B9 0C 8B LDA LDA $8B0C,Y                  A:10 X:08 Y:00 P:24 SP:F4
88E5  85 07    STA STA $07                      A:8B X:08 Y:00 P:A4 SP:F4
88E7  BD A1 06 LDA LDA $06A1,X                  A:8B X:08 Y:00 P:A4 SP:F4
<L002> ×2
# sample:
# 88EA  0A       ASL A                            A:00 X:08 Y:00 P:26 SP:F4
# 88EB  0A       ASL A                            A:00 X:08 Y:00 P:26 SP:F4
88F1  29 01    AND AND #$01                     A:03 X:08 Y:00 P:24 SP:F4
88F3  49 01    EOR EOR #$01                     A:01 X:08 Y:00 P:24 SP:F4
88F5  0A       ASL A                            A:00 X:08 Y:00 P:26 SP:F4
88F6  65 02    ADC ADC $02                      A:00 X:08 Y:00 P:26 SP:F4
88F8  A8       TAY                              A:00 X:08 Y:00 P:26 SP:F4
88F9  A6 00    LDX LDX $00                      A:00 X:08 Y:00 P:26 SP:F4
<L001> ×2
# sample:
# 88FB  B1 06    LDA LDA ($06),Y                  A:00 X:4A Y:00 P:24 SP:F4
8900  C8       INY                              A:24 X:4A Y:00 P:24 SP:F4
8901  B1 06    LDA LDA ($06),Y                  A:24 X:4A Y:01 P:24 SP:F4
8903  9D 45 03 STA STA $0345,X                  A:24 X:4A Y:01 P:24 SP:F4
8906  A4 04    LDY LDY $04                      A:24 X:4A Y:01 P:24 SP:F4
8908  A5 05    LDA LDA $05                      A:24 X:4A Y:04 P:24 SP:F4
890A  D0 0E    BNE BNE #$0E                     A:01 X:4A Y:04 P:24 SP:F4
891A  A5 01    LDA LDA $01                      A:01 X:4A Y:04 P:24 SP:F4
891C  4A       LSR A                            A:08 X:4A Y:04 P:24 SP:F4
891D  B0 0F    BCS BCS #$0F                     A:04 X:4A Y:04 P:24 SP:F4
[Repeated block (2 instrs)] ×2
<L014> ×2
# sample:
# 891F  46 03    LSR LSR $03                      A:04 X:4A Y:04 P:24 SP:F4
8927  4C 30 89 JMP JMP $8930                    A:04 X:4A Y:04 P:26 SP:F4
8930  B9 F9 03 LDA LDA $03F9,Y                  A:04 X:4A Y:04 P:26 SP:F4
8933  05 03    ORA ORA $03                      A:00 X:4A Y:04 P:26 SP:F4
8935  99 F9 03 STA STA $03F9,Y                  A:00 X:4A Y:04 P:26 SP:F4
<L009> ×2
# sample:
# 8938  E6 00    INC INC $00                      A:00 X:4A Y:04 P:26 SP:F4
893C  A6 01    LDX LDX $01                      A:00 X:4A Y:04 P:24 SP:F4
893E  E8       INX                              A:00 X:08 Y:04 P:24 SP:F4
893F  E0 0D    CPX CPX #$0D                     A:00 X:09 Y:04 P:24 SP:F4
8941  90 8D    BCC BCC #$8D                     A:00 X:09 Y:04 P:A4 SP:F4
88D0  86 01    STX STX $01                      A:00 X:09 Y:04 P:A4 SP:F4
88D2  BD A1 06 LDA LDA $06A1,X                  A:00 X:09 Y:04 P:A4 SP:F4
88D5  29 C0    AND AND #$C0                     A:05 X:09 Y:04 P:24 SP:F4
88D7  85 03    STA STA $03                      A:00 X:09 Y:04 P:26 SP:F4
88D9  0A       ASL A                            A:00 X:09 Y:04 P:26 SP:F4
<L002> ×2
# sample:
# 88DA  2A       ROL A                            A:00 X:09 Y:04 P:26 SP:F4
# 88DB  2A       ROL A                            A:00 X:09 Y:04 P:26 SP:F4
88E0  85 06    STA STA $06                      A:10 X:09 Y:00 P:24 SP:F4
88E2  B9 0C 8B LDA LDA $8B0C,Y                  A:10 X:09 Y:00 P:24 SP:F4
88E5  85 07    STA STA $07                      A:8B X:09 Y:00 P:A4 SP:F4
88E7  BD A1 06 LDA LDA $06A1,X                  A:8B X:09 Y:00 P:A4 SP:F4
<L002> ×2
# sample:
# 88EA  0A       ASL A                            A:05 X:09 Y:00 P:24 SP:F4
# 88EB  0A       ASL A                            A:0A X:09 Y:00 P:24 SP:F4
88F1  29 01    AND AND #$01                     A:03 X:09 Y:00 P:24 SP:F4
88F3  49 01    EOR EOR #$01                     A:01 X:09 Y:00 P:24 SP:F4
88F5  0A       ASL A                            A:00 X:09 Y:00 P:26 SP:F4
88F6  65 02    ADC ADC $02                      A:00 X:09 Y:00 P:26 SP:F4
88F8  A8       TAY                              A:14 X:09 Y:00 P:24 SP:F4
88F9  A6 00    LDX LDX $00                      A:14 X:09 Y:14 P:24 SP:F4
<L001> ×2
# sample:
# 88FB  B1 06    LDA LDA ($06),Y                  A:14 X:4C Y:14 P:24 SP:F4
8900  C8       INY                              A:24 X:4C Y:14 P:24 SP:F4
8901  B1 06    LDA LDA ($06),Y                  A:24 X:4C Y:15 P:24 SP:F4
8903  9D 45 03 STA STA $0345,X                  A:30 X:4C Y:15 P:24 SP:F4
8906  A4 04    LDY LDY $04                      A:30 X:4C Y:15 P:24 SP:F4
8908  A5 05    LDA LDA $05                      A:30 X:4C Y:04 P:24 SP:F4
890A  D0 0E    BNE BNE #$0E                     A:01 X:4C Y:04 P:24 SP:F4
891A  A5 01    LDA LDA $01                      A:01 X:4C Y:04 P:24 SP:F4
891C  4A       LSR A                            A:09 X:4C Y:04 P:24 SP:F4
891D  B0 0F    BCS BCS #$0F                     A:04 X:4C Y:04 P:25 SP:F4
892E  E6 04    INC INC $04                      A:04 X:4C Y:04 P:25 SP:F4
8930  B9 F9 03 LDA LDA $03F9,Y                  A:04 X:4C Y:04 P:25 SP:F4
8933  05 03    ORA ORA $03                      A:00 X:4C Y:04 P:27 SP:F4
8935  99 F9 03 STA STA $03F9,Y                  A:00 X:4C Y:04 P:27 SP:F4
<L009> ×2
# sample:
# 8938  E6 00    INC INC $00                      A:00 X:4C Y:04 P:27 SP:F4
893C  A6 01    LDX LDX $01                      A:00 X:4C Y:04 P:25 SP:F4
893E  E8       INX                              A:00 X:09 Y:04 P:25 SP:F4
893F  E0 0D    CPX CPX #$0D                     A:00 X:0A Y:04 P:25 SP:F4
8941  90 8D    BCC BCC #$8D                     A:00 X:0A Y:04 P:A4 SP:F4
88D0  86 01    STX STX $01                      A:00 X:0A Y:04 P:A4 SP:F4
88D2  BD A1 06 LDA LDA $06A1,X                  A:00 X:0A Y:04 P:A4 SP:F4
88D5  29 C0    AND AND #$C0                     A:06 X:0A Y:04 P:24 SP:F4
88D7  85 03    STA STA $03                      A:00 X:0A Y:04 P:26 SP:F4
88D9  0A       ASL A                            A:00 X:0A Y:04 P:26 SP:F4
<L002> ×2
# sample:
# 88DA  2A       ROL A                            A:00 X:0A Y:04 P:26 SP:F4
# 88DB  2A       ROL A                            A:00 X:0A Y:04 P:26 SP:F4
88E0  85 06    STA STA $06                      A:10 X:0A Y:00 P:24 SP:F4
88E2  B9 0C 8B LDA LDA $8B0C,Y                  A:10 X:0A Y:00 P:24 SP:F4
88E5  85 07    STA STA $07                      A:8B X:0A Y:00 P:A4 SP:F4
88E7  BD A1 06 LDA LDA $06A1,X                  A:8B X:0A Y:00 P:A4 SP:F4
<L002> ×2
# sample:
# 88EA  0A       ASL A                            A:06 X:0A Y:00 P:24 SP:F4
# 88EB  0A       ASL A                            A:0C X:0A Y:00 P:24 SP:F4
88F1  29 01    AND AND #$01                     A:03 X:0A Y:00 P:24 SP:F4
88F3  49 01    EOR EOR #$01                     A:01 X:0A Y:00 P:24 SP:F4
88F5  0A       ASL A                            A:00 X:0A Y:00 P:26 SP:F4
88F6  65 02    ADC ADC $02                      A:00 X:0A Y:00 P:26 SP:F4
88F8  A8       TAY                              A:18 X:0A Y:00 P:24 SP:F4
88F9  A6 00    LDX LDX $00                      A:18 X:0A Y:18 P:24 SP:F4
<L001> ×2
# sample:
# 88FB  B1 06    LDA LDA ($06),Y                  A:18 X:4E Y:18 P:24 SP:F4
8900  C8       INY                              A:26 X:4E Y:18 P:24 SP:F4
8901  B1 06    LDA LDA ($06),Y                  A:26 X:4E Y:19 P:24 SP:F4
8903  9D 45 03 STA STA $0345,X                  A:26 X:4E Y:19 P:24 SP:F4
8906  A4 04    LDY LDY $04                      A:26 X:4E Y:19 P:24 SP:F4
8908  A5 05    LDA LDA $05                      A:26 X:4E Y:05 P:24 SP:F4
890A  D0 0E    BNE BNE #$0E                     A:01 X:4E Y:05 P:24 SP:F4
891A  A5 01    LDA LDA $01                      A:01 X:4E Y:05 P:24 SP:F4
891C  4A       LSR A                            A:0A X:4E Y:05 P:24 SP:F4
891D  B0 0F    BCS BCS #$0F                     A:05 X:4E Y:05 P:24 SP:F4
[Repeated block (2 instrs)] ×2
<L014> ×2
# sample:
# 891F  46 03    LSR LSR $03                      A:05 X:4E Y:05 P:24 SP:F4
8927  4C 30 89 JMP JMP $8930                    A:05 X:4E Y:05 P:26 SP:F4
8930  B9 F9 03 LDA LDA $03F9,Y                  A:05 X:4E Y:05 P:26 SP:F4
8933  05 03    ORA ORA $03                      A:10 X:4E Y:05 P:24 SP:F4
8935  99 F9 03 STA STA $03F9,Y                  A:10 X:4E Y:05 P:24 SP:F4
<L009> ×2
# sample:
# 8938  E6 00    INC INC $00                      A:10 X:4E Y:05 P:24 SP:F4
893C  A6 01    LDX LDX $01                      A:10 X:4E Y:05 P:24 SP:F4
893E  E8       INX                              A:10 X:0A Y:05 P:24 SP:F4
893F  E0 0D    CPX CPX #$0D                     A:10 X:0B Y:05 P:24 SP:F4
8941  90 8D    BCC BCC #$8D                     A:10 X:0B Y:05 P:A4 SP:F4
88D0  86 01    STX STX $01                      A:10 X:0B Y:05 P:A4 SP:F4
88D2  BD A1 06 LDA LDA $06A1,X                  A:10 X:0B Y:05 P:A4 SP:F4
88D5  29 C0    AND AND #$C0                     A:54 X:0B Y:05 P:24 SP:F4
88D7  85 03    STA STA $03                      A:40 X:0B Y:05 P:24 SP:F4
88D9  0A       ASL A                            A:40 X:0B Y:05 P:24 SP:F4
<L002> ×2
# sample:
# 88DA  2A       ROL A                            A:80 X:0B Y:05 P:A4 SP:F4
# 88DB  2A       ROL A                            A:00 X:0B Y:05 P:27 SP:F4
88E0  85 06    STA STA $06                      A:AC X:0B Y:01 P:A4 SP:F4
88E2  B9 0C 8B LDA LDA $8B0C,Y                  A:AC X:0B Y:01 P:A4 SP:F4
88E5  85 07    STA STA $07                      A:8B X:0B Y:01 P:A4 SP:F4
88E7  BD A1 06 LDA LDA $06A1,X                  A:8B X:0B Y:01 P:A4 SP:F4
<L002> ×2
# sample:
# 88EA  0A       ASL A                            A:54 X:0B Y:01 P:24 SP:F4
# 88EB  0A       ASL A                            A:A8 X:0B Y:01 P:A4 SP:F4
88F1  29 01    AND AND #$01                     A:03 X:0B Y:01 P:25 SP:F4
88F3  49 01    EOR EOR #$01                     A:01 X:0B Y:01 P:25 SP:F4
88F5  0A       ASL A                            A:00 X:0B Y:01 P:27 SP:F4
88F6  65 02    ADC ADC $02                      A:00 X:0B Y:01 P:26 SP:F4
88F8  A8       TAY                              A:50 X:0B Y:01 P:24 SP:F4
88F9  A6 00    LDX LDX $00                      A:50 X:0B Y:50 P:24 SP:F4
<L001> ×2
# sample:
# 88FB  B1 06    LDA LDA ($06),Y                  A:50 X:50 Y:50 P:24 SP:F4
8900  C8       INY                              A:B4 X:50 Y:50 P:A4 SP:F4
8901  B1 06    LDA LDA ($06),Y                  A:B4 X:50 Y:51 P:24 SP:F4
8903  9D 45 03 STA STA $0345,X                  A:B6 X:50 Y:51 P:A4 SP:F4
8906  A4 04    LDY LDY $04                      A:B6 X:50 Y:51 P:A4 SP:F4
8908  A5 05    LDA LDA $05                      A:B6 X:50 Y:05 P:24 SP:F4
890A  D0 0E    BNE BNE #$0E                     A:01 X:50 Y:05 P:24 SP:F4
891A  A5 01    LDA LDA $01                      A:01 X:50 Y:05 P:24 SP:F4
891C  4A       LSR A                            A:0B X:50 Y:05 P:24 SP:F4
891D  B0 0F    BCS BCS #$0F                     A:05 X:50 Y:05 P:25 SP:F4
892E  E6 04    INC INC $04                      A:05 X:50 Y:05 P:25 SP:F4
8930  B9 F9 03 LDA LDA $03F9,Y                  A:05 X:50 Y:05 P:25 SP:F4
8933  05 03    ORA ORA $03                      A:10 X:50 Y:05 P:25 SP:F4
8935  99 F9 03 STA STA $03F9,Y                  A:50 X:50 Y:05 P:25 SP:F4
<L009> ×2
# sample:
# 8938  E6 00    INC INC $00                      A:50 X:50 Y:05 P:25 SP:F4
893C  A6 01    LDX LDX $01                      A:50 X:50 Y:05 P:25 SP:F4
893E  E8       INX                              A:50 X:0B Y:05 P:25 SP:F4
893F  E0 0D    CPX CPX #$0D                     A:50 X:0C Y:05 P:25 SP:F4
8941  90 8D    BCC BCC #$8D                     A:50 X:0C Y:05 P:A4 SP:F4
88D0  86 01    STX STX $01                      A:50 X:0C Y:05 P:A4 SP:F4
88D2  BD A1 06 LDA LDA $06A1,X                  A:50 X:0C Y:05 P:A4 SP:F4
88D5  29 C0    AND AND #$C0                     A:54 X:0C Y:05 P:24 SP:F4
88D7  85 03    STA STA $03                      A:40 X:0C Y:05 P:24 SP:F4
88D9  0A       ASL A                            A:40 X:0C Y:05 P:24 SP:F4
<L002> ×2
# sample:
# 88DA  2A       ROL A                            A:80 X:0C Y:05 P:A4 SP:F4
# 88DB  2A       ROL A                            A:00 X:0C Y:05 P:27 SP:F4
88E0  85 06    STA STA $06                      A:AC X:0C Y:01 P:A4 SP:F4
88E2  B9 0C 8B LDA LDA $8B0C,Y                  A:AC X:0C Y:01 P:A4 SP:F4
88E5  85 07    STA STA $07                      A:8B X:0C Y:01 P:A4 SP:F4
88E7  BD A1 06 LDA LDA $06A1,X                  A:8B X:0C Y:01 P:A4 SP:F4
<L002> ×2
# sample:
# 88EA  0A       ASL A                            A:54 X:0C Y:01 P:24 SP:F4
# 88EB  0A       ASL A                            A:A8 X:0C Y:01 P:A4 SP:F4
88F1  29 01    AND AND #$01                     A:03 X:0C Y:01 P:25 SP:F4
88F3  49 01    EOR EOR #$01                     A:01 X:0C Y:01 P:25 SP:F4
88F5  0A       ASL A                            A:00 X:0C Y:01 P:27 SP:F4
88F6  65 02    ADC ADC $02                      A:00 X:0C Y:01 P:26 SP:F4
88F8  A8       TAY                              A:50 X:0C Y:01 P:24 SP:F4
88F9  A6 00    LDX LDX $00                      A:50 X:0C Y:50 P:24 SP:F4
<L001> ×2
# sample:
# 88FB  B1 06    LDA LDA ($06),Y                  A:50 X:52 Y:50 P:24 SP:F4
8900  C8       INY                              A:B4 X:52 Y:50 P:A4 SP:F4
8901  B1 06    LDA LDA ($06),Y                  A:B4 X:52 Y:51 P:24 SP:F4
8903  9D 45 03 STA STA $0345,X                  A:B6 X:52 Y:51 P:A4 SP:F4
8906  A4 04    LDY LDY $04                      A:B6 X:52 Y:51 P:A4 SP:F4
8908  A5 05    LDA LDA $05                      A:B6 X:52 Y:06 P:24 SP:F4
890A  D0 0E    BNE BNE #$0E                     A:01 X:52 Y:06 P:24 SP:F4
891A  A5 01    LDA LDA $01                      A:01 X:52 Y:06 P:24 SP:F4
891C  4A       LSR A                            A:0C X:52 Y:06 P:24 SP:F4
891D  B0 0F    BCS BCS #$0F                     A:06 X:52 Y:06 P:24 SP:F4
[Repeated block (2 instrs)] ×2
<L014> ×2
# sample:
# 891F  46 03    LSR LSR $03                      A:06 X:52 Y:06 P:24 SP:F4
8927  4C 30 89 JMP JMP $8930                    A:06 X:52 Y:06 P:24 SP:F4
8930  B9 F9 03 LDA LDA $03F9,Y                  A:06 X:52 Y:06 P:24 SP:F4
8933  05 03    ORA ORA $03                      A:01 X:52 Y:06 P:24 SP:F4
8935  99 F9 03 STA STA $03F9,Y                  A:05 X:52 Y:06 P:24 SP:F4
<L009> ×2
# sample:
# 8938  E6 00    INC INC $00                      A:05 X:52 Y:06 P:24 SP:F4
893C  A6 01    LDX LDX $01                      A:05 X:52 Y:06 P:24 SP:F4
893E  E8       INX                              A:05 X:0C Y:06 P:24 SP:F4
893F  E0 0D    CPX CPX #$0D                     A:05 X:0D Y:06 P:24 SP:F4
8941  90 8D    BCC BCC #$8D                     A:05 X:0D Y:06 P:27 SP:F4
8943  A4 00    LDY LDY $00                      A:05 X:0D Y:06 P:27 SP:F4
<L038> ×3
# sample:
# 8945  C8       INY                              A:05 X:0D Y:54 P:25 SP:F4
8948  A9 00    LDA LDA #$00                     A:05 X:0D Y:57 P:25 SP:F4
894A  99 41 03 STA STA $0341,Y                  A:00 X:0D Y:57 P:27 SP:F4
894D  8C 40 03 STY STY $0340                    A:00 X:0D Y:57 P:27 SP:F4
8950  EE 21 07 INC INC $0721                    A:00 X:0D Y:57 P:27 SP:F4
8953  AD 21 07 LDA LDA $0721                    A:00 X:0D Y:57 P:A5 SP:F4
<L017> ×2
# sample:
# 8956  29 1F    AND AND #$1F                     A:83 X:0D Y:57 P:A5 SP:F4
8967  4C BD 89 JMP JMP $89BD                    A:03 X:0D Y:57 P:25 SP:F4
<L001> ×2
# sample:
# 89BD  A9 06    LDA LDA #$06                     A:03 X:0D Y:57 P:25 SP:F4
89C2  60       RTS                              A:06 X:0D Y:57 P:25 SP:F4
92BF  CE 1F 07 DEC DEC $071F                    A:06 X:0D Y:57 P:25 SP:F6
92C2  D0 03    BNE BNE #$03                     A:06 X:0D Y:57 P:25 SP:F6
92C7  60       RTS                              A:06 X:0D Y:57 P:25 SP:F6
<L001> ×2
# sample:
# 86EC  AD 1F 07 LDA LDA $071F                    A:06 X:0D Y:57 P:25 SP:F8
86E9  20 B0 92 JSR JSR $92B0                    A:02 X:0D Y:57 P:25 SP:F8
92B0  AC 1F 07 LDY LDY $071F                    A:02 X:0D Y:57 P:25 SP:F6
92B3  D0 05    BNE BNE #$05                     A:02 X:0D Y:02 P:25 SP:F6
<L001> ×3
# sample:
# 92BA  88       DEY                              A:02 X:0D Y:02 P:25 SP:F6
92C8  20 04 8E JSR JSR $8E04                    A:01 X:0D Y:01 P:25 SP:F4
8E04  0A       ASL A                            A:01 X:0D Y:01 P:25 SP:F2
8E05  A8       TAY                              A:02 X:0D Y:01 P:24 SP:F2
<L006> ×2
# sample:
# 8E06  68       PLA                              A:02 X:0D Y:02 P:24 SP:F2
# 8E07  85 04    STA STA $04                      A:CA X:0D Y:02 P:A4 SP:F3
<L007> ×2
# sample:
# 8E0C  C8       INY                              A:92 X:0D Y:02 P:A4 SP:F4
# 8E0D  B1 04    LDA LDA ($04),Y                  A:92 X:0D Y:03 P:24 SP:F4
# 8E0F  85 06    STA STA $06                      A:AE X:0D Y:03 P:A4 SP:F4
8E16  6C 06 00 JMP JMP ($0006)                  A:88 X:0D Y:04 P:A4 SP:F4
88AE  AD 26 07 LDA LDA $0726                    A:88 X:0D Y:04 P:A4 SP:F4
88B1  29 01    AND AND #$01                     A:01 X:0D Y:04 P:24 SP:F4
88B3  85 05    STA STA $05                      A:01 X:0D Y:04 P:24 SP:F4
88B5  AC 40 03 LDY LDY $0340                    A:01 X:0D Y:04 P:24 SP:F4
88B8  84 00    STY STY $00                      A:01 X:0D Y:57 P:24 SP:F4
<L001> ×2
# sample:
# 88BA  AD 21 07 LDA LDA $0721                    A:01 X:0D Y:57 P:24 SP:F4
88C0  AD 20 07 LDA LDA $0720                    A:83 X:0D Y:57 P:A4 SP:F4
88C3  99 41 03 STA STA $0341,Y                  A:20 X:0D Y:57 P:24 SP:F4
88C6  A9 9A    LDA LDA #$9A                     A:20 X:0D Y:57 P:24 SP:F4
88C8  99 43 03 STA STA $0343,Y                  A:9A X:0D Y:57 P:A4 SP:F4
<L001> ×3
# sample:
# 88CB  A9 00    LDA LDA #$00                     A:9A X:0D Y:57 P:A4 SP:F4
88D0  86 01    STX STX $01                      A:00 X:00 Y:57 P:26 SP:F4
88D2  BD A1 06 LDA LDA $06A1,X                  A:00 X:00 Y:57 P:26 SP:F4
88D5  29 C0    AND AND #$C0                     A:00 X:00 Y:57 P:26 SP:F4
88D7  85 03    STA STA $03                      A:00 X:00 Y:57 P:26 SP:F4
88D9  0A       ASL A                            A:00 X:00 Y:57 P:26 SP:F4
<L002> ×2
# sample:
# 88DA  2A       ROL A                            A:00 X:00 Y:57 P:26 SP:F4
# 88DB  2A       ROL A                            A:00 X:00 Y:57 P:26 SP:F4
88E0  85 06    STA STA $06                      A:10 X:00 Y:00 P:24 SP:F4
88E2  B9 0C 8B LDA LDA $8B0C,Y                  A:10 X:00 Y:00 P:24 SP:F4
88E5  85 07    STA STA $07                      A:8B X:00 Y:00 P:A4 SP:F4
88E7  BD A1 06 LDA LDA $06A1,X                  A:8B X:00 Y:00 P:A4 SP:F4
<L002> ×2
# sample:
# 88EA  0A       ASL A                            A:00 X:00 Y:00 P:26 SP:F4
# 88EB  0A       ASL A                            A:00 X:00 Y:00 P:26 SP:F4
88F1  29 01    AND AND #$01                     A:02 X:00 Y:00 P:24 SP:F4
88F3  49 01    EOR EOR #$01                     A:00 X:00 Y:00 P:26 SP:F4
88F5  0A       ASL A                            A:01 X:00 Y:00 P:24 SP:F4
88F6  65 02    ADC ADC $02                      A:02 X:00 Y:00 P:24 SP:F4
88F8  A8       TAY                              A:02 X:00 Y:00 P:24 SP:F4
88F9  A6 00    LDX LDX $00                      A:02 X:00 Y:02 P:24 SP:F4
<L001> ×2
# sample:
# 88FB  B1 06    LDA LDA ($06),Y                  A:02 X:57 Y:02 P:24 SP:F4
8900  C8       INY                              A:24 X:57 Y:02 P:24 SP:F4
8901  B1 06    LDA LDA ($06),Y                  A:24 X:57 Y:03 P:24 SP:F4
8903  9D 45 03 STA STA $0345,X                  A:24 X:57 Y:03 P:24 SP:F4
8906  A4 04    LDY LDY $04                      A:24 X:57 Y:03 P:24 SP:F4
8908  A5 05    LDA LDA $05                      A:24 X:57 Y:00 P:26 SP:F4
890A  D0 0E    BNE BNE #$0E                     A:01 X:57 Y:00 P:24 SP:F4
891A  A5 01    LDA LDA $01                      A:01 X:57 Y:00 P:24 SP:F4
891C  4A       LSR A                            A:00 X:57 Y:00 P:26 SP:F4
891D  B0 0F    BCS BCS #$0F                     A:00 X:57 Y:00 P:26 SP:F4
[Repeated block (2 instrs)] ×2
<L014> ×2
# sample:
# 891F  46 03    LSR LSR $03                      A:00 X:57 Y:00 P:26 SP:F4
8927  4C 30 89 JMP JMP $8930                    A:00 X:57 Y:00 P:26 SP:F4
8930  B9 F9 03 LDA LDA $03F9,Y                  A:00 X:57 Y:00 P:26 SP:F4
8933  05 03    ORA ORA $03                      A:00 X:57 Y:00 P:26 SP:F4
8935  99 F9 03 STA STA $03F9,Y                  A:00 X:57 Y:00 P:26 SP:F4
<L009> ×2
# sample:
# 8938  E6 00    INC INC $00                      A:00 X:57 Y:00 P:26 SP:F4
893C  A6 01    LDX LDX $01                      A:00 X:57 Y:00 P:24 SP:F4
893E  E8       INX                              A:00 X:00 Y:00 P:26 SP:F4
893F  E0 0D    CPX CPX #$0D                     A:00 X:01 Y:00 P:24 SP:F4
8941  90 8D    BCC BCC #$8D                     A:00 X:01 Y:00 P:A4 SP:F4
88D0  86 01    STX STX $01                      A:00 X:01 Y:00 P:A4 SP:F4
88D2  BD A1 06 LDA LDA $06A1,X                  A:00 X:01 Y:00 P:A4 SP:F4
88D5  29 C0    AND AND #$C0                     A:00 X:01 Y:00 P:26 SP:F4
88D7  85 03    STA STA $03                      A:00 X:01 Y:00 P:26 SP:F4
88D9  0A       ASL A                            A:00 X:01 Y:00 P:26 SP:F4
<L002> ×2
# sample:
# 88DA  2A       ROL A                            A:00 X:01 Y:00 P:26 SP:F4
# 88DB  2A       ROL A                            A:00 X:01 Y:00 P:26 SP:F4
88E0  85 06    STA STA $06                      A:10 X:01 Y:00 P:24 SP:F4
88E2  B9 0C 8B LDA LDA $8B0C,Y                  A:10 X:01 Y:00 P:24 SP:F4
88E5  85 07    STA STA $07                      A:8B X:01 Y:00 P:A4 SP:F4
88E7  BD A1 06 LDA LDA $06A1,X                  A:8B X:01 Y:00 P:A4 SP:F4
<L002> ×2
# sample:
# 88EA  0A       ASL A                            A:00 X:01 Y:00 P:26 SP:F4
# 88EB  0A       ASL A                            A:00 X:01 Y:00 P:26 SP:F4
88F1  29 01    AND AND #$01                     A:02 X:01 Y:00 P:24 SP:F4
88F3  49 01    EOR EOR #$01                     A:00 X:01 Y:00 P:26 SP:F4
88F5  0A       ASL A                            A:01 X:01 Y:00 P:24 SP:F4
88F6  65 02    ADC ADC $02                      A:02 X:01 Y:00 P:24 SP:F4
88F8  A8       TAY                              A:02 X:01 Y:00 P:24 SP:F4
88F9  A6 00    LDX LDX $00                      A:02 X:01 Y:02 P:24 SP:F4
<L001> ×2
# sample:
# 88FB  B1 06    LDA LDA ($06),Y                  A:02 X:59 Y:02 P:24 SP:F4
8900  C8       INY                              A:24 X:59 Y:02 P:24 SP:F4
8901  B1 06    LDA LDA ($06),Y                  A:24 X:59 Y:03 P:24 SP:F4
8903  9D 45 03 STA STA $0345,X                  A:24 X:59 Y:03 P:24 SP:F4
8906  A4 04    LDY LDY $04                      A:24 X:59 Y:03 P:24 SP:F4
8908  A5 05    LDA LDA $05                      A:24 X:59 Y:00 P:26 SP:F4
890A  D0 0E    BNE BNE #$0E                     A:01 X:59 Y:00 P:24 SP:F4
891A  A5 01    LDA LDA $01                      A:01 X:59 Y:00 P:24 SP:F4
891C  4A       LSR A                            A:01 X:59 Y:00 P:24 SP:F4
891D  B0 0F    BCS BCS #$0F                     A:00 X:59 Y:00 P:27 SP:F4
892E  E6 04    INC INC $04                      A:00 X:59 Y:00 P:27 SP:F4
8930  B9 F9 03 LDA LDA $03F9,Y                  A:00 X:59 Y:00 P:25 SP:F4
8933  05 03    ORA ORA $03                      A:00 X:59 Y:00 P:27 SP:F4
8935  99 F9 03 STA STA $03F9,Y                  A:00 X:59 Y:00 P:27 SP:F4
<L009> ×2
# sample:
# 8938  E6 00    INC INC $00                      A:00 X:59 Y:00 P:27 SP:F4
893C  A6 01    LDX LDX $01                      A:00 X:59 Y:00 P:25 SP:F4
893E  E8       INX                              A:00 X:01 Y:00 P:25 SP:F4
893F  E0 0D    CPX CPX #$0D                     A:00 X:02 Y:00 P:25 SP:F4
8941  90 8D    BCC BCC #$8D                     A:00 X:02 Y:00 P:A4 SP:F4
88D0  86 01    STX STX $01                      A:00 X:02 Y:00 P:A4 SP:F4
88D2  BD A1 06 LDA LDA $06A1,X                  A:00 X:02 Y:00 P:A4 SP:F4
88D5  29 C0    AND AND #$C0                     A:00 X:02 Y:00 P:26 SP:F4
88D7  85 03    STA STA $03                      A:00 X:02 Y:00 P:26 SP:F4
88D9  0A       ASL A                            A:00 X:02 Y:00 P:26 SP:F4
<L002> ×2
# sample:
# 88DA  2A       ROL A                            A:00 X:02 Y:00 P:26 SP:F4
# 88DB  2A       ROL A                            A:00 X:02 Y:00 P:26 SP:F4
88E0  85 06    STA STA $06                      A:10 X:02 Y:00 P:24 SP:F4
88E2  B9 0C 8B LDA LDA $8B0C,Y                  A:10 X:02 Y:00 P:24 SP:F4
88E5  85 07    STA STA $07                      A:8B X:02 Y:00 P:A4 SP:F4
88E7  BD A1 06 LDA LDA $06A1,X                  A:8B X:02 Y:00 P:A4 SP:F4
<L002> ×2
# sample:
# 88EA  0A       ASL A                            A:00 X:02 Y:00 P:26 SP:F4
# 88EB  0A       ASL A                            A:00 X:02 Y:00 P:26 SP:F4
88F1  29 01    AND AND #$01                     A:02 X:02 Y:00 P:24 SP:F4
88F3  49 01    EOR EOR #$01                     A:00 X:02 Y:00 P:26 SP:F4
88F5  0A       ASL A                            A:01 X:02 Y:00 P:24 SP:F4
88F6  65 02    ADC ADC $02                      A:02 X:02 Y:00 P:24 SP:F4
88F8  A8       TAY                              A:02 X:02 Y:00 P:24 SP:F4
88F9  A6 00    LDX LDX $00                      A:02 X:02 Y:02 P:24 SP:F4
<L001> ×2
# sample:
# 88FB  B1 06    LDA LDA ($06),Y                  A:02 X:5B Y:02 P:24 SP:F4
8900  C8       INY                              A:24 X:5B Y:02 P:24 SP:F4
8901  B1 06    LDA LDA ($06),Y                  A:24 X:5B Y:03 P:24 SP:F4
8903  9D 45 03 STA STA $0345,X                  A:24 X:5B Y:03 P:24 SP:F4
8906  A4 04    LDY LDY $04                      A:24 X:5B Y:03 P:24 SP:F4
8908  A5 05    LDA LDA $05                      A:24 X:5B Y:01 P:24 SP:F4
890A  D0 0E    BNE BNE #$0E                     A:01 X:5B Y:01 P:24 SP:F4
891A  A5 01    LDA LDA $01                      A:01 X:5B Y:01 P:24 SP:F4
891C  4A       LSR A                            A:02 X:5B Y:01 P:24 SP:F4
891D  B0 0F    BCS BCS #$0F                     A:01 X:5B Y:01 P:24 SP:F4
[Repeated block (2 instrs)] ×2
<L014> ×2
# sample:
# 891F  46 03    LSR LSR $03                      A:01 X:5B Y:01 P:24 SP:F4
8927  4C 30 89 JMP JMP $8930                    A:01 X:5B Y:01 P:26 SP:F4
8930  B9 F9 03 LDA LDA $03F9,Y                  A:01 X:5B Y:01 P:26 SP:F4
8933  05 03    ORA ORA $03                      A:00 X:5B Y:01 P:26 SP:F4
8935  99 F9 03 STA STA $03F9,Y                  A:00 X:5B Y:01 P:26 SP:F4
<L009> ×2
# sample:
# 8938  E6 00    INC INC $00                      A:00 X:5B Y:01 P:26 SP:F4
893C  A6 01    LDX LDX $01                      A:00 X:5B Y:01 P:24 SP:F4
893E  E8       INX                              A:00 X:02 Y:01 P:24 SP:F4
893F  E0 0D    CPX CPX #$0D                     A:00 X:03 Y:01 P:24 SP:F4
8941  90 8D    BCC BCC #$8D                     A:00 X:03 Y:01 P:A4 SP:F4
88D0  86 01    STX STX $01                      A:00 X:03 Y:01 P:A4 SP:F4
88D2  BD A1 06 LDA LDA $06A1,X                  A:00 X:03 Y:01 P:A4 SP:F4
88D5  29 C0    AND AND #$C0                     A:00 X:03 Y:01 P:26 SP:F4
88D7  85 03    STA STA $03                      A:00 X:03 Y:01 P:26 SP:F4
88D9  0A       ASL A                            A:00 X:03 Y:01 P:26 SP:F4
<L002> ×2
# sample:
# 88DA  2A       ROL A                            A:00 X:03 Y:01 P:26 SP:F4
# 88DB  2A       ROL A                            A:00 X:03 Y:01 P:26 SP:F4
88E0  85 06    STA STA $06                      A:10 X:03 Y:00 P:24 SP:F4
88E2  B9 0C 8B LDA LDA $8B0C,Y                  A:10 X:03 Y:00 P:24 SP:F4
88E5  85 07    STA STA $07                      A:8B X:03 Y:00 P:A4 SP:F4
88E7  BD A1 06 LDA LDA $06A1,X                  A:8B X:03 Y:00 P:A4 SP:F4
<L002> ×2
# sample:
# 88EA  0A       ASL A                            A:00 X:03 Y:00 P:26 SP:F4
# 88EB  0A       ASL A                            A:00 X:03 Y:00 P:26 SP:F4
88F1  29 01    AND AND #$01                     A:02 X:03 Y:00 P:24 SP:F4
88F3  49 01    EOR EOR #$01                     A:00 X:03 Y:00 P:26 SP:F4
88F5  0A       ASL A                            A:01 X:03 Y:00 P:24 SP:F4
88F6  65 02    ADC ADC $02                      A:02 X:03 Y:00 P:24 SP:F4
88F8  A8       TAY                              A:02 X:03 Y:00 P:24 SP:F4
88F9  A6 00    LDX LDX $00                      A:02 X:03 Y:02 P:24 SP:F4
<L001> ×2
# sample:
# 88FB  B1 06    LDA LDA ($06),Y                  A:02 X:5D Y:02 P:24 SP:F4
8900  C8       INY                              A:24 X:5D Y:02 P:24 SP:F4
8901  B1 06    LDA LDA ($06),Y                  A:24 X:5D Y:03 P:24 SP:F4
8903  9D 45 03 STA STA $0345,X                  A:24 X:5D Y:03 P:24 SP:F4
8906  A4 04    LDY LDY $04                      A:24 X:5D Y:03 P:24 SP:F4
8908  A5 05    LDA LDA $05                      A:24 X:5D Y:01 P:24 SP:F4
890A  D0 0E    BNE BNE #$0E                     A:01 X:5D Y:01 P:24 SP:F4
891A  A5 01    LDA LDA $01                      A:01 X:5D Y:01 P:24 SP:F4
891C  4A       LSR A                            A:03 X:5D Y:01 P:24 SP:F4
891D  B0 0F    BCS BCS #$0F                     A:01 X:5D Y:01 P:25 SP:F4
892E  E6 04    INC INC $04                      A:01 X:5D Y:01 P:25 SP:F4
8930  B9 F9 03 LDA LDA $03F9,Y                  A:01 X:5D Y:01 P:25 SP:F4
8933  05 03    ORA ORA $03                      A:00 X:5D Y:01 P:27 SP:F4
8935  99 F9 03 STA STA $03F9,Y                  A:00 X:5D Y:01 P:27 SP:F4
<L009> ×2
# sample:
# 8938  E6 00    INC INC $00                      A:00 X:5D Y:01 P:27 SP:F4
893C  A6 01    LDX LDX $01                      A:00 X:5D Y:01 P:25 SP:F4
893E  E8       INX                              A:00 X:03 Y:01 P:25 SP:F4
893F  E0 0D    CPX CPX #$0D                     A:00 X:04 Y:01 P:25 SP:F4
8941  90 8D    BCC BCC #$8D                     A:00 X:04 Y:01 P:A4 SP:F4
88D0  86 01    STX STX $01                      A:00 X:04 Y:01 P:A4 SP:F4
88D2  BD A1 06 LDA LDA $06A1,X                  A:00 X:04 Y:01 P:A4 SP:F4
88D5  29 C0    AND AND #$C0                     A:00 X:04 Y:01 P:26 SP:F4
88D7  85 03    STA STA $03                      A:00 X:04 Y:01 P:26 SP:F4
88D9  0A       ASL A                            A:00 X:04 Y:01 P:26 SP:F4
<L002> ×2
# sample:
# 88DA  2A       ROL A                            A:00 X:04 Y:01 P:26 SP:F4
# 88DB  2A       ROL A                            A:00 X:04 Y:01 P:26 SP:F4
88E0  85 06    STA STA $06                      A:10 X:04 Y:00 P:24 SP:F4
88E2  B9 0C 8B LDA LDA $8B0C,Y                  A:10 X:04 Y:00 P:24 SP:F4
88E5  85 07    STA STA $07                      A:8B X:04 Y:00 P:A4 SP:F4
88E7  BD A1 06 LDA LDA $06A1,X                  A:8B X:04 Y:00 P:A4 SP:F4
<L002> ×2
# sample:
# 88EA  0A       ASL A                            A:00 X:04 Y:00 P:26 SP:F4
# 88EB  0A       ASL A                            A:00 X:04 Y:00 P:26 SP:F4
88F1  29 01    AND AND #$01                     A:02 X:04 Y:00 P:24 SP:F4
88F3  49 01    EOR EOR #$01                     A:00 X:04 Y:00 P:26 SP:F4
88F5  0A       ASL A                            A:01 X:04 Y:00 P:24 SP:F4
88F6  65 02    ADC ADC $02                      A:02 X:04 Y:00 P:24 SP:F4
88F8  A8       TAY                              A:02 X:04 Y:00 P:24 SP:F4
88F9  A6 00    LDX LDX $00                      A:02 X:04 Y:02 P:24 SP:F4
<L001> ×2
# sample:
# 88FB  B1 06    LDA LDA ($06),Y                  A:02 X:5F Y:02 P:24 SP:F4
8900  C8       INY                              A:24 X:5F Y:02 P:24 SP:F4
8901  B1 06    LDA LDA ($06),Y                  A:24 X:5F Y:03 P:24 SP:F4
8903  9D 45 03 STA STA $0345,X                  A:24 X:5F Y:03 P:24 SP:F4
8906  A4 04    LDY LDY $04                      A:24 X:5F Y:03 P:24 SP:F4
8908  A5 05    LDA LDA $05                      A:24 X:5F Y:02 P:24 SP:F4
890A  D0 0E    BNE BNE #$0E                     A:01 X:5F Y:02 P:24 SP:F4
891A  A5 01    LDA LDA $01                      A:01 X:5F Y:02 P:24 SP:F4
891C  4A       LSR A                            A:04 X:5F Y:02 P:24 SP:F4
891D  B0 0F    BCS BCS #$0F                     A:02 X:5F Y:02 P:24 SP:F4
[Repeated block (2 instrs)] ×2
<L014> ×2
# sample:
# 891F  46 03    LSR LSR $03                      A:02 X:5F Y:02 P:24 SP:F4
8927  4C 30 89 JMP JMP $8930                    A:02 X:5F Y:02 P:26 SP:F4
8930  B9 F9 03 LDA LDA $03F9,Y                  A:02 X:5F Y:02 P:26 SP:F4
8933  05 03    ORA ORA $03                      A:00 X:5F Y:02 P:26 SP:F4
8935  99 F9 03 STA STA $03F9,Y                  A:00 X:5F Y:02 P:26 SP:F4
<L009> ×2
# sample:
# 8938  E6 00    INC INC $00                      A:00 X:5F Y:02 P:26 SP:F4
893C  A6 01    LDX LDX $01                      A:00 X:5F Y:02 P:24 SP:F4
893E  E8       INX                              A:00 X:04 Y:02 P:24 SP:F4
893F  E0 0D    CPX CPX #$0D                     A:00 X:05 Y:02 P:24 SP:F4
8941  90 8D    BCC BCC #$8D                     A:00 X:05 Y:02 P:A4 SP:F4
88D0  86 01    STX STX $01                      A:00 X:05 Y:02 P:A4 SP:F4
88D2  BD A1 06 LDA LDA $06A1,X                  A:00 X:05 Y:02 P:A4 SP:F4
88D5  29 C0    AND AND #$C0                     A:00 X:05 Y:02 P:26 SP:F4
88D7  85 03    STA STA $03                      A:00 X:05 Y:02 P:26 SP:F4
88D9  0A       ASL A                            A:00 X:05 Y:02 P:26 SP:F4
<L002> ×2
# sample:
# 88DA  2A       ROL A                            A:00 X:05 Y:02 P:26 SP:F4
# 88DB  2A       ROL A                            A:00 X:05 Y:02 P:26 SP:F4
88E0  85 06    STA STA $06                      A:10 X:05 Y:00 P:24 SP:F4
88E2  B9 0C 8B LDA LDA $8B0C,Y                  A:10 X:05 Y:00 P:24 SP:F4
88E5  85 07    STA STA $07                      A:8B X:05 Y:00 P:A4 SP:F4
88E7  BD A1 06 LDA LDA $06A1,X                  A:8B X:05 Y:00 P:A4 SP:F4
<L002> ×2
# sample:
# 88EA  0A       ASL A                            A:00 X:05 Y:00 P:26 SP:F4
# 88EB  0A       ASL A                            A:00 X:05 Y:00 P:26 SP:F4
88F1  29 01    AND AND #$01                     A:02 X:05 Y:00 P:24 SP:F4
88F3  49 01    EOR EOR #$01                     A:00 X:05 Y:00 P:26 SP:F4
88F5  0A       ASL A                            A:01 X:05 Y:00 P:24 SP:F4
88F6  65 02    ADC ADC $02                      A:02 X:05 Y:00 P:24 SP:F4
88F8  A8       TAY                              A:02 X:05 Y:00 P:24 SP:F4
88F9  A6 00    LDX LDX $00                      A:02 X:05 Y:02 P:24 SP:F4
<L001> ×2
# sample:
# 88FB  B1 06    LDA LDA ($06),Y                  A:02 X:61 Y:02 P:24 SP:F4
8900  C8       INY                              A:24 X:61 Y:02 P:24 SP:F4
8901  B1 06    LDA LDA ($06),Y                  A:24 X:61 Y:03 P:24 SP:F4
8903  9D 45 03 STA STA $0345,X                  A:24 X:61 Y:03 P:24 SP:F4
8906  A4 04    LDY LDY $04                      A:24 X:61 Y:03 P:24 SP:F4
8908  A5 05    LDA LDA $05                      A:24 X:61 Y:02 P:24 SP:F4
890A  D0 0E    BNE BNE #$0E                     A:01 X:61 Y:02 P:24 SP:F4
891A  A5 01    LDA LDA $01                      A:01 X:61 Y:02 P:24 SP:F4
891C  4A       LSR A                            A:05 X:61 Y:02 P:24 SP:F4
891D  B0 0F    BCS BCS #$0F                     A:02 X:61 Y:02 P:25 SP:F4
892E  E6 04    INC INC $04                      A:02 X:61 Y:02 P:25 SP:F4
8930  B9 F9 03 LDA LDA $03F9,Y                  A:02 X:61 Y:02 P:25 SP:F4
8933  05 03    ORA ORA $03                      A:00 X:61 Y:02 P:27 SP:F4
8935  99 F9 03 STA STA $03F9,Y                  A:00 X:61 Y:02 P:27 SP:F4
<L009> ×2
# sample:
# 8938  E6 00    INC INC $00                      A:00 X:61 Y:02 P:27 SP:F4
893C  A6 01    LDX LDX $01                      A:00 X:61 Y:02 P:25 SP:F4
893E  E8       INX                              A:00 X:05 Y:02 P:25 SP:F4
893F  E0 0D    CPX CPX #$0D                     A:00 X:06 Y:02 P:25 SP:F4
8941  90 8D    BCC BCC #$8D                     A:00 X:06 Y:02 P:A4 SP:F4
88D0  86 01    STX STX $01                      A:00 X:06 Y:02 P:A4 SP:F4
88D2  BD A1 06 LDA LDA $06A1,X                  A:00 X:06 Y:02 P:A4 SP:F4
88D5  29 C0    AND AND #$C0                     A:00 X:06 Y:02 P:26 SP:F4
88D7  85 03    STA STA $03                      A:00 X:06 Y:02 P:26 SP:F4
88D9  0A       ASL A                            A:00 X:06 Y:02 P:26 SP:F4
<L002> ×2
# sample:
# 88DA  2A       ROL A                            A:00 X:06 Y:02 P:26 SP:F4
# 88DB  2A       ROL A                            A:00 X:06 Y:02 P:26 SP:F4
88E0  85 06    STA STA $06                      A:10 X:06 Y:00 P:24 SP:F4
88E2  B9 0C 8B LDA LDA $8B0C,Y                  A:10 X:06 Y:00 P:24 SP:F4
88E5  85 07    STA STA $07                      A:8B X:06 Y:00 P:A4 SP:F4
88E7  BD A1 06 LDA LDA $06A1,X                  A:8B X:06 Y:00 P:A4 SP:F4
<L002> ×2
# sample:
# 88EA  0A       ASL A                            A:00 X:06 Y:00 P:26 SP:F4
# 88EB  0A       ASL A                            A:00 X:06 Y:00 P:26 SP:F4
88F1  29 01    AND AND #$01                     A:02 X:06 Y:00 P:24 SP:F4
88F3  49 01    EOR EOR #$01                     A:00 X:06 Y:00 P:26 SP:F4
88F5  0A       ASL A                            A:01 X:06 Y:00 P:24 SP:F4
88F6  65 02    ADC ADC $02                      A:02 X:06 Y:00 P:24 SP:F4
88F8  A8       TAY                              A:02 X:06 Y:00 P:24 SP:F4
88F9  A6 00    LDX LDX $00                      A:02 X:06 Y:02 P:24 SP:F4
<L001> ×2
# sample:
# 88FB  B1 06    LDA LDA ($06),Y                  A:02 X:63 Y:02 P:24 SP:F4
8900  C8       INY                              A:24 X:63 Y:02 P:24 SP:F4
8901  B1 06    LDA LDA ($06),Y                  A:24 X:63 Y:03 P:24 SP:F4
8903  9D 45 03 STA STA $0345,X                  A:24 X:63 Y:03 P:24 SP:F4
8906  A4 04    LDY LDY $04                      A:24 X:63 Y:03 P:24 SP:F4
8908  A5 05    LDA LDA $05                      A:24 X:63 Y:03 P:24 SP:F4
890A  D0 0E    BNE BNE #$0E                     A:01 X:63 Y:03 P:24 SP:F4
891A  A5 01    LDA LDA $01                      A:01 X:63 Y:03 P:24 SP:F4
891C  4A       LSR A                            A:06 X:63 Y:03 P:24 SP:F4
891D  B0 0F    BCS BCS #$0F                     A:03 X:63 Y:03 P:24 SP:F4
[Repeated block (2 instrs)] ×2
<L014> ×2
# sample:
# 891F  46 03    LSR LSR $03                      A:03 X:63 Y:03 P:24 SP:F4
8927  4C 30 89 JMP JMP $8930                    A:03 X:63 Y:03 P:26 SP:F4
8930  B9 F9 03 LDA LDA $03F9,Y                  A:03 X:63 Y:03 P:26 SP:F4
8933  05 03    ORA ORA $03                      A:00 X:63 Y:03 P:26 SP:F4
8935  99 F9 03 STA STA $03F9,Y                  A:00 X:63 Y:03 P:26 SP:F4
<L009> ×2
# sample:
# 8938  E6 00    INC INC $00                      A:00 X:63 Y:03 P:26 SP:F4
893C  A6 01    LDX LDX $01                      A:00 X:63 Y:03 P:24 SP:F4
893E  E8       INX                              A:00 X:06 Y:03 P:24 SP:F4
893F  E0 0D    CPX CPX #$0D                     A:00 X:07 Y:03 P:24 SP:F4
8941  90 8D    BCC BCC #$8D                     A:00 X:07 Y:03 P:A4 SP:F4
88D0  86 01    STX STX $01                      A:00 X:07 Y:03 P:A4 SP:F4
88D2  BD A1 06 LDA LDA $06A1,X                  A:00 X:07 Y:03 P:A4 SP:F4
88D5  29 C0    AND AND #$C0                     A:00 X:07 Y:03 P:26 SP:F4
88D7  85 03    STA STA $03                      A:00 X:07 Y:03 P:26 SP:F4
88D9  0A       ASL A                            A:00 X:07 Y:03 P:26 SP:F4
<L002> ×2
# sample:
# 88DA  2A       ROL A                            A:00 X:07 Y:03 P:26 SP:F4
# 88DB  2A       ROL A                            A:00 X:07 Y:03 P:26 SP:F4
88E0  85 06    STA STA $06                      A:10 X:07 Y:00 P:24 SP:F4
88E2  B9 0C 8B LDA LDA $8B0C,Y                  A:10 X:07 Y:00 P:24 SP:F4
88E5  85 07    STA STA $07                      A:8B X:07 Y:00 P:A4 SP:F4
88E7  BD A1 06 LDA LDA $06A1,X                  A:8B X:07 Y:00 P:A4 SP:F4
<L002> ×2
# sample:
# 88EA  0A       ASL A                            A:00 X:07 Y:00 P:26 SP:F4
# 88EB  0A       ASL A                            A:00 X:07 Y:00 P:26 SP:F4
88F1  29 01    AND AND #$01                     A:02 X:07 Y:00 P:24 SP:F4
88F3  49 01    EOR EOR #$01                     A:00 X:07 Y:00 P:26 SP:F4
88F5  0A       ASL A                            A:01 X:07 Y:00 P:24 SP:F4
88F6  65 02    ADC ADC $02                      A:02 X:07 Y:00 P:24 SP:F4
88F8  A8       TAY                              A:02 X:07 Y:00 P:24 SP:F4
88F9  A6 00    LDX LDX $00                      A:02 X:07 Y:02 P:24 SP:F4
<L001> ×2
# sample:
# 88FB  B1 06    LDA LDA ($06),Y                  A:02 X:65 Y:02 P:24 SP:F4
8900  C8       INY                              A:24 X:65 Y:02 P:24 SP:F4
8901  B1 06    LDA LDA ($06),Y                  A:24 X:65 Y:03 P:24 SP:F4
8903  9D 45 03 STA STA $0345,X                  A:24 X:65 Y:03 P:24 SP:F4
8906  A4 04    LDY LDY $04                      A:24 X:65 Y:03 P:24 SP:F4
8908  A5 05    LDA LDA $05                      A:24 X:65 Y:03 P:24 SP:F4
890A  D0 0E    BNE BNE #$0E                     A:01 X:65 Y:03 P:24 SP:F4
891A  A5 01    LDA LDA $01                      A:01 X:65 Y:03 P:24 SP:F4
891C  4A       LSR A                            A:07 X:65 Y:03 P:24 SP:F4
891D  B0 0F    BCS BCS #$0F                     A:03 X:65 Y:03 P:25 SP:F4
892E  E6 04    INC INC $04                      A:03 X:65 Y:03 P:25 SP:F4
8930  B9 F9 03 LDA LDA $03F9,Y                  A:03 X:65 Y:03 P:25 SP:F4
8933  05 03    ORA ORA $03                      A:00 X:65 Y:03 P:27 SP:F4
8935  99 F9 03 STA STA $03F9,Y                  A:00 X:65 Y:03 P:27 SP:F4
<L009> ×2
# sample:
# 8938  E6 00    INC INC $00                      A:00 X:65 Y:03 P:27 SP:F4
893C  A6 01    LDX LDX $01                      A:00 X:65 Y:03 P:25 SP:F4
893E  E8       INX                              A:00 X:07 Y:03 P:25 SP:F4
893F  E0 0D    CPX CPX #$0D                     A:00 X:08 Y:03 P:25 SP:F4
8941  90 8D    BCC BCC #$8D                     A:00 X:08 Y:03 P:A4 SP:F4
88D0  86 01    STX STX $01                      A:00 X:08 Y:03 P:A4 SP:F4
88D2  BD A1 06 LDA LDA $06A1,X                  A:00 X:08 Y:03 P:A4 SP:F4
88D5  29 C0    AND AND #$C0                     A:00 X:08 Y:03 P:26 SP:F4
88D7  85 03    STA STA $03                      A:00 X:08 Y:03 P:26 SP:F4
88D9  0A       ASL A                            A:00 X:08 Y:03 P:26 SP:F4
<L002> ×2
# sample:
# 88DA  2A       ROL A                            A:00 X:08 Y:03 P:26 SP:F4
# 88DB  2A       ROL A                            A:00 X:08 Y:03 P:26 SP:F4
88E0  85 06    STA STA $06                      A:10 X:08 Y:00 P:24 SP:F4
88E2  B9 0C 8B LDA LDA $8B0C,Y                  A:10 X:08 Y:00 P:24 SP:F4
88E5  85 07    STA STA $07                      A:8B X:08 Y:00 P:A4 SP:F4
88E7  BD A1 06 LDA LDA $06A1,X                  A:8B X:08 Y:00 P:A4 SP:F4
<L002> ×2
# sample:
# 88EA  0A       ASL A                            A:00 X:08 Y:00 P:26 SP:F4
# 88EB  0A       ASL A                            A:00 X:08 Y:00 P:26 SP:F4
88F1  29 01    AND AND #$01                     A:02 X:08 Y:00 P:24 SP:F4
88F3  49 01    EOR EOR #$01                     A:00 X:08 Y:00 P:26 SP:F4
88F5  0A       ASL A                            A:01 X:08 Y:00 P:24 SP:F4
88F6  65 02    ADC ADC $02                      A:02 X:08 Y:00 P:24 SP:F4
88F8  A8       TAY                              A:02 X:08 Y:00 P:24 SP:F4
88F9  A6 00    LDX LDX $00                      A:02 X:08 Y:02 P:24 SP:F4
<L001> ×2
# sample:
# 88FB  B1 06    LDA LDA ($06),Y                  A:02 X:67 Y:02 P:24 SP:F4
8900  C8       INY                              A:24 X:67 Y:02 P:24 SP:F4
8901  B1 06    LDA LDA ($06),Y                  A:24 X:67 Y:03 P:24 SP:F4
8903  9D 45 03 STA STA $0345,X                  A:24 X:67 Y:03 P:24 SP:F4
8906  A4 04    LDY LDY $04                      A:24 X:67 Y:03 P:24 SP:F4
8908  A5 05    LDA LDA $05                      A:24 X:67 Y:04 P:24 SP:F4
890A  D0 0E    BNE BNE #$0E                     A:01 X:67 Y:04 P:24 SP:F4
891A  A5 01    LDA LDA $01                      A:01 X:67 Y:04 P:24 SP:F4
891C  4A       LSR A                            A:08 X:67 Y:04 P:24 SP:F4
891D  B0 0F    BCS BCS #$0F                     A:04 X:67 Y:04 P:24 SP:F4
[Repeated block (2 instrs)] ×2
<L014> ×2
# sample:
# 891F  46 03    LSR LSR $03                      A:04 X:67 Y:04 P:24 SP:F4
8927  4C 30 89 JMP JMP $8930                    A:04 X:67 Y:04 P:26 SP:F4
8930  B9 F9 03 LDA LDA $03F9,Y                  A:04 X:67 Y:04 P:26 SP:F4
8933  05 03    ORA ORA $03                      A:00 X:67 Y:04 P:26 SP:F4
8935  99 F9 03 STA STA $03F9,Y                  A:00 X:67 Y:04 P:26 SP:F4
<L009> ×2
# sample:
# 8938  E6 00    INC INC $00                      A:00 X:67 Y:04 P:26 SP:F4
893C  A6 01    LDX LDX $01                      A:00 X:67 Y:04 P:24 SP:F4
893E  E8       INX                              A:00 X:08 Y:04 P:24 SP:F4
893F  E0 0D    CPX CPX #$0D                     A:00 X:09 Y:04 P:24 SP:F4
8941  90 8D    BCC BCC #$8D                     A:00 X:09 Y:04 P:A4 SP:F4
88D0  86 01    STX STX $01                      A:00 X:09 Y:04 P:A4 SP:F4
88D2  BD A1 06 LDA LDA $06A1,X                  A:00 X:09 Y:04 P:A4 SP:F4
88D5  29 C0    AND AND #$C0                     A:05 X:09 Y:04 P:24 SP:F4
88D7  85 03    STA STA $03                      A:00 X:09 Y:04 P:26 SP:F4
88D9  0A       ASL A                            A:00 X:09 Y:04 P:26 SP:F4
<L002> ×2
# sample:
# 88DA  2A       ROL A                            A:00 X:09 Y:04 P:26 SP:F4
# 88DB  2A       ROL A                            A:00 X:09 Y:04 P:26 SP:F4
88E0  85 06    STA STA $06                      A:10 X:09 Y:00 P:24 SP:F4
88E2  B9 0C 8B LDA LDA $8B0C,Y                  A:10 X:09 Y:00 P:24 SP:F4
88E5  85 07    STA STA $07                      A:8B X:09 Y:00 P:A4 SP:F4
88E7  BD A1 06 LDA LDA $06A1,X                  A:8B X:09 Y:00 P:A4 SP:F4
<L002> ×2
# sample:
# 88EA  0A       ASL A                            A:05 X:09 Y:00 P:24 SP:F4
# 88EB  0A       ASL A                            A:0A X:09 Y:00 P:24 SP:F4
88F1  29 01    AND AND #$01                     A:02 X:09 Y:00 P:24 SP:F4
88F3  49 01    EOR EOR #$01                     A:00 X:09 Y:00 P:26 SP:F4
88F5  0A       ASL A                            A:01 X:09 Y:00 P:24 SP:F4
88F6  65 02    ADC ADC $02                      A:02 X:09 Y:00 P:24 SP:F4
88F8  A8       TAY                              A:16 X:09 Y:00 P:24 SP:F4
88F9  A6 00    LDX LDX $00                      A:16 X:09 Y:16 P:24 SP:F4
<L001> ×2
# sample:
# 88FB  B1 06    LDA LDA ($06),Y                  A:16 X:69 Y:16 P:24 SP:F4
8900  C8       INY                              A:30 X:69 Y:16 P:24 SP:F4
8901  B1 06    LDA LDA ($06),Y                  A:30 X:69 Y:17 P:24 SP:F4
8903  9D 45 03 STA STA $0345,X                  A:26 X:69 Y:17 P:24 SP:F4
8906  A4 04    LDY LDY $04                      A:26 X:69 Y:17 P:24 SP:F4
8908  A5 05    LDA LDA $05                      A:26 X:69 Y:04 P:24 SP:F4
890A  D0 0E    BNE BNE #$0E                     A:01 X:69 Y:04 P:24 SP:F4
891A  A5 01    LDA LDA $01                      A:01 X:69 Y:04 P:24 SP:F4
891C  4A       LSR A                            A:09 X:69 Y:04 P:24 SP:F4
891D  B0 0F    BCS BCS #$0F                     A:04 X:69 Y:04 P:25 SP:F4
892E  E6 04    INC INC $04                      A:04 X:69 Y:04 P:25 SP:F4
8930  B9 F9 03 LDA LDA $03F9,Y                  A:04 X:69 Y:04 P:25 SP:F4
8933  05 03    ORA ORA $03                      A:00 X:69 Y:04 P:27 SP:F4
8935  99 F9 03 STA STA $03F9,Y                  A:00 X:69 Y:04 P:27 SP:F4
<L009> ×2
# sample:
# 8938  E6 00    INC INC $00                      A:00 X:69 Y:04 P:27 SP:F4
893C  A6 01    LDX LDX $01                      A:00 X:69 Y:04 P:25 SP:F4
893E  E8       INX                              A:00 X:09 Y:04 P:25 SP:F4
893F  E0 0D    CPX CPX #$0D                     A:00 X:0A Y:04 P:25 SP:F4
8941  90 8D    BCC BCC #$8D                     A:00 X:0A Y:04 P:A4 SP:F4
88D0  86 01    STX STX $01                      A:00 X:0A Y:04 P:A4 SP:F4
88D2  BD A1 06 LDA LDA $06A1,X                  A:00 X:0A Y:04 P:A4 SP:F4
88D5  29 C0    AND AND #$C0                     A:06 X:0A Y:04 P:24 SP:F4
88D7  85 03    STA STA $03                      A:00 X:0A Y:04 P:26 SP:F4
88D9  0A       ASL A                            A:00 X:0A Y:04 P:26 SP:F4
<L002> ×2
# sample:
# 88DA  2A       ROL A                            A:00 X:0A Y:04 P:26 SP:F4
# 88DB  2A       ROL A                            A:00 X:0A Y:04 P:26 SP:F4
88E0  85 06    STA STA $06                      A:10 X:0A Y:00 P:24 SP:F4
88E2  B9 0C 8B LDA LDA $8B0C,Y                  A:10 X:0A Y:00 P:24 SP:F4
88E5  85 07    STA STA $07                      A:8B X:0A Y:00 P:A4 SP:F4
88E7  BD A1 06 LDA LDA $06A1,X                  A:8B X:0A Y:00 P:A4 SP:F4
<L002> ×2
# sample:
# 88EA  0A       ASL A                            A:06 X:0A Y:00 P:24 SP:F4
# 88EB  0A       ASL A                            A:0C X:0A Y:00 P:24 SP:F4
88F1  29 01    AND AND #$01                     A:02 X:0A Y:00 P:24 SP:F4
88F3  49 01    EOR EOR #$01                     A:00 X:0A Y:00 P:26 SP:F4
88F5  0A       ASL A                            A:01 X:0A Y:00 P:24 SP:F4
88F6  65 02    ADC ADC $02                      A:02 X:0A Y:00 P:24 SP:F4
88F8  A8       TAY                              A:1A X:0A Y:00 P:24 SP:F4
88F9  A6 00    LDX LDX $00                      A:1A X:0A Y:1A P:24 SP:F4
<L001> ×2
# sample:
# 88FB  B1 06    LDA LDA ($06),Y                  A:1A X:6B Y:1A P:24 SP:F4
8900  C8       INY                              A:34 X:6B Y:1A P:24 SP:F4
8901  B1 06    LDA LDA ($06),Y                  A:34 X:6B Y:1B P:24 SP:F4
8903  9D 45 03 STA STA $0345,X                  A:26 X:6B Y:1B P:24 SP:F4
8906  A4 04    LDY LDY $04                      A:26 X:6B Y:1B P:24 SP:F4
8908  A5 05    LDA LDA $05                      A:26 X:6B Y:05 P:24 SP:F4
890A  D0 0E    BNE BNE #$0E                     A:01 X:6B Y:05 P:24 SP:F4
891A  A5 01    LDA LDA $01                      A:01 X:6B Y:05 P:24 SP:F4
891C  4A       LSR A                            A:0A X:6B Y:05 P:24 SP:F4
891D  B0 0F    BCS BCS #$0F                     A:05 X:6B Y:05 P:24 SP:F4
[Repeated block (2 instrs)] ×2
<L014> ×2
# sample:
# 891F  46 03    LSR LSR $03                      A:05 X:6B Y:05 P:24 SP:F4
8927  4C 30 89 JMP JMP $8930                    A:05 X:6B Y:05 P:26 SP:F4
8930  B9 F9 03 LDA LDA $03F9,Y                  A:05 X:6B Y:05 P:26 SP:F4
8933  05 03    ORA ORA $03                      A:50 X:6B Y:05 P:24 SP:F4
8935  99 F9 03 STA STA $03F9,Y                  A:50 X:6B Y:05 P:24 SP:F4
<L009> ×2
# sample:
# 8938  E6 00    INC INC $00                      A:50 X:6B Y:05 P:24 SP:F4
893C  A6 01    LDX LDX $01                      A:50 X:6B Y:05 P:24 SP:F4
893E  E8       INX                              A:50 X:0A Y:05 P:24 SP:F4
893F  E0 0D    CPX CPX #$0D                     A:50 X:0B Y:05 P:24 SP:F4
8941  90 8D    BCC BCC #$8D                     A:50 X:0B Y:05 P:A4 SP:F4
88D0  86 01    STX STX $01                      A:50 X:0B Y:05 P:A4 SP:F4
88D2  BD A1 06 LDA LDA $06A1,X                  A:50 X:0B Y:05 P:A4 SP:F4
88D5  29 C0    AND AND #$C0                     A:54 X:0B Y:05 P:24 SP:F4
88D7  85 03    STA STA $03                      A:40 X:0B Y:05 P:24 SP:F4
88D9  0A       ASL A                            A:40 X:0B Y:05 P:24 SP:F4
<L002> ×2
# sample:
# 88DA  2A       ROL A                            A:80 X:0B Y:05 P:A4 SP:F4
# 88DB  2A       ROL A                            A:00 X:0B Y:05 P:27 SP:F4
88E0  85 06    STA STA $06                      A:AC X:0B Y:01 P:A4 SP:F4
88E2  B9 0C 8B LDA LDA $8B0C,Y                  A:AC X:0B Y:01 P:A4 SP:F4
88E5  85 07    STA STA $07                      A:8B X:0B Y:01 P:A4 SP:F4
88E7  BD A1 06 LDA LDA $06A1,X                  A:8B X:0B Y:01 P:A4 SP:F4
<L002> ×2
# sample:
# 88EA  0A       ASL A                            A:54 X:0B Y:01 P:24 SP:F4
# 88EB  0A       ASL A                            A:A8 X:0B Y:01 P:A4 SP:F4
88F1  29 01    AND AND #$01                     A:02 X:0B Y:01 P:25 SP:F4
88F3  49 01    EOR EOR #$01                     A:00 X:0B Y:01 P:27 SP:F4
88F5  0A       ASL A                            A:01 X:0B Y:01 P:25 SP:F4
88F6  65 02    ADC ADC $02                      A:02 X:0B Y:01 P:24 SP:F4
88F8  A8       TAY                              A:52 X:0B Y:01 P:24 SP:F4
88F9  A6 00    LDX LDX $00                      A:52 X:0B Y:52 P:24 SP:F4
<L001> ×2
# sample:
# 88FB  B1 06    LDA LDA ($06),Y                  A:52 X:6D Y:52 P:24 SP:F4
8900  C8       INY                              A:B5 X:6D Y:52 P:A4 SP:F4
8901  B1 06    LDA LDA ($06),Y                  A:B5 X:6D Y:53 P:24 SP:F4
8903  9D 45 03 STA STA $0345,X                  A:B7 X:6D Y:53 P:A4 SP:F4
8906  A4 04    LDY LDY $04                      A:B7 X:6D Y:53 P:A4 SP:F4
8908  A5 05    LDA LDA $05                      A:B7 X:6D Y:05 P:24 SP:F4
890A  D0 0E    BNE BNE #$0E                     A:01 X:6D Y:05 P:24 SP:F4
891A  A5 01    LDA LDA $01                      A:01 X:6D Y:05 P:24 SP:F4
891C  4A       LSR A                            A:0B X:6D Y:05 P:24 SP:F4
891D  B0 0F    BCS BCS #$0F                     A:05 X:6D Y:05 P:25 SP:F4
892E  E6 04    INC INC $04                      A:05 X:6D Y:05 P:25 SP:F4
8930  B9 F9 03 LDA LDA $03F9,Y                  A:05 X:6D Y:05 P:25 SP:F4
8933  05 03    ORA ORA $03                      A:50 X:6D Y:05 P:25 SP:F4
8935  99 F9 03 STA STA $03F9,Y                  A:50 X:6D Y:05 P:25 SP:F4
<L009> ×2
# sample:
# 8938  E6 00    INC INC $00                      A:50 X:6D Y:05 P:25 SP:F4
893C  A6 01    LDX LDX $01                      A:50 X:6D Y:05 P:25 SP:F4
893E  E8       INX                              A:50 X:0B Y:05 P:25 SP:F4
893F  E0 0D    CPX CPX #$0D                     A:50 X:0C Y:05 P:25 SP:F4
8941  90 8D    BCC BCC #$8D                     A:50 X:0C Y:05 P:A4 SP:F4
88D0  86 01    STX STX $01                      A:50 X:0C Y:05 P:A4 SP:F4
88D2  BD A1 06 LDA LDA $06A1,X                  A:50 X:0C Y:05 P:A4 SP:F4
88D5  29 C0    AND AND #$C0                     A:54 X:0C Y:05 P:24 SP:F4
88D7  85 03    STA STA $03                      A:40 X:0C Y:05 P:24 SP:F4
88D9  0A       ASL A                            A:40 X:0C Y:05 P:24 SP:F4
<L002> ×2
# sample:
# 88DA  2A       ROL A                            A:80 X:0C Y:05 P:A4 SP:F4
# 88DB  2A       ROL A                            A:00 X:0C Y:05 P:27 SP:F4
88E0  85 06    STA STA $06                      A:AC X:0C Y:01 P:A4 SP:F4
88E2  B9 0C 8B LDA LDA $8B0C,Y                  A:AC X:0C Y:01 P:A4 SP:F4
88E5  85 07    STA STA $07                      A:8B X:0C Y:01 P:A4 SP:F4
88E7  BD A1 06 LDA LDA $06A1,X                  A:8B X:0C Y:01 P:A4 SP:F4
<L002> ×2
# sample:
# 88EA  0A       ASL A                            A:54 X:0C Y:01 P:24 SP:F4
# 88EB  0A       ASL A                            A:A8 X:0C Y:01 P:A4 SP:F4
88F1  29 01    AND AND #$01                     A:02 X:0C Y:01 P:25 SP:F4
88F3  49 01    EOR EOR #$01                     A:00 X:0C Y:01 P:27 SP:F4
88F5  0A       ASL A                            A:01 X:0C Y:01 P:25 SP:F4
88F6  65 02    ADC ADC $02                      A:02 X:0C Y:01 P:24 SP:F4
88F8  A8       TAY                              A:52 X:0C Y:01 P:24 SP:F4
88F9  A6 00    LDX LDX $00                      A:52 X:0C Y:52 P:24 SP:F4
<L001> ×2
# sample:
# 88FB  B1 06    LDA LDA ($06),Y                  A:52 X:6F Y:52 P:24 SP:F4
8900  C8       INY                              A:B5 X:6F Y:52 P:A4 SP:F4
8901  B1 06    LDA LDA ($06),Y                  A:B5 X:6F Y:53 P:24 SP:F4
8903  9D 45 03 STA STA $0345,X                  A:B7 X:6F Y:53 P:A4 SP:F4
8906  A4 04    LDY LDY $04                      A:B7 X:6F Y:53 P:A4 SP:F4
8908  A5 05    LDA LDA $05                      A:B7 X:6F Y:06 P:24 SP:F4
890A  D0 0E    BNE BNE #$0E                     A:01 X:6F Y:06 P:24 SP:F4
891A  A5 01    LDA LDA $01                      A:01 X:6F Y:06 P:24 SP:F4
891C  4A       LSR A                            A:0C X:6F Y:06 P:24 SP:F4
891D  B0 0F    BCS BCS #$0F                     A:06 X:6F Y:06 P:24 SP:F4
[Repeated block (2 instrs)] ×2
<L014> ×2
# sample:
# 891F  46 03    LSR LSR $03                      A:06 X:6F Y:06 P:24 SP:F4
8927  4C 30 89 JMP JMP $8930                    A:06 X:6F Y:06 P:24 SP:F4
8930  B9 F9 03 LDA LDA $03F9,Y                  A:06 X:6F Y:06 P:24 SP:F4
8933  05 03    ORA ORA $03                      A:05 X:6F Y:06 P:24 SP:F4
8935  99 F9 03 STA STA $03F9,Y                  A:05 X:6F Y:06 P:24 SP:F4
<L009> ×2
# sample:
# 8938  E6 00    INC INC $00                      A:05 X:6F Y:06 P:24 SP:F4
893C  A6 01    LDX LDX $01                      A:05 X:6F Y:06 P:24 SP:F4
893E  E8       INX                              A:05 X:0C Y:06 P:24 SP:F4
893F  E0 0D    CPX CPX #$0D                     A:05 X:0D Y:06 P:24 SP:F4
8941  90 8D    BCC BCC #$8D                     A:05 X:0D Y:06 P:27 SP:F4
8943  A4 00    LDY LDY $00                      A:05 X:0D Y:06 P:27 SP:F4
<L038> ×3
# sample:
# 8945  C8       INY                              A:05 X:0D Y:71 P:25 SP:F4
8948  A9 00    LDA LDA #$00                     A:05 X:0D Y:74 P:25 SP:F4
894A  99 41 03 STA STA $0341,Y                  A:00 X:0D Y:74 P:27 SP:F4
894D  8C 40 03 STY STY $0340                    A:00 X:0D Y:74 P:27 SP:F4
8950  EE 21 07 INC INC $0721                    A:00 X:0D Y:74 P:27 SP:F4
8953  AD 21 07 LDA LDA $0721                    A:00 X:0D Y:74 P:A5 SP:F4
<L017> ×2
# sample:
# 8956  29 1F    AND AND #$1F                     A:84 X:0D Y:74 P:A5 SP:F4
8967  4C BD 89 JMP JMP $89BD                    A:04 X:0D Y:74 P:25 SP:F4
<L001> ×2
# sample:
# 89BD  A9 06    LDA LDA #$06                     A:04 X:0D Y:74 P:25 SP:F4
89C2  60       RTS                              A:06 X:0D Y:74 P:25 SP:F4
92BF  CE 1F 07 DEC DEC $071F                    A:06 X:0D Y:74 P:25 SP:F6
92C2  D0 03    BNE BNE #$03                     A:06 X:0D Y:74 P:25 SP:F6
92C7  60       RTS                              A:06 X:0D Y:74 P:25 SP:F6
<L001> ×2
# sample:
# 86EC  AD 1F 07 LDA LDA $071F                    A:06 X:0D Y:74 P:25 SP:F8
86E9  20 B0 92 JSR JSR $92B0                    A:01 X:0D Y:74 P:25 SP:F8
92B0  AC 1F 07 LDY LDY $071F                    A:01 X:0D Y:74 P:25 SP:F6
92B3  D0 05    BNE BNE #$05                     A:01 X:0D Y:01 P:25 SP:F6
<L001> ×3
# sample:
# 92BA  88       DEY                              A:01 X:0D Y:01 P:25 SP:F6
92C8  20 04 8E JSR JSR $8E04                    A:00 X:0D Y:00 P:27 SP:F4
8E04  0A       ASL A                            A:00 X:0D Y:00 P:27 SP:F2
8E05  A8       TAY                              A:00 X:0D Y:00 P:26 SP:F2
<L006> ×2
# sample:
# 8E06  68       PLA                              A:00 X:0D Y:00 P:26 SP:F2
# 8E07  85 04    STA STA $04                      A:CA X:0D Y:00 P:A4 SP:F3
<L007> ×2
# sample:
# 8E0C  C8       INY                              A:92 X:0D Y:00 P:A4 SP:F4
# 8E0D  B1 04    LDA LDA ($04),Y                  A:92 X:0D Y:01 P:24 SP:F4
# 8E0F  85 06    STA STA $06                      A:DB X:0D Y:01 P:A4 SP:F4
8E16  6C 06 00 JMP JMP ($0006)                  A:92 X:0D Y:02 P:A4 SP:F4
<L001> ×2
# sample:
# 92DB  EE 26 07 INC INC $0726                    A:92 X:0D Y:02 P:A4 SP:F4
<L017> ×2
# sample:
# 92E1  29 0F    AND AND #$0F                     A:02 X:0D Y:02 P:24 SP:F4
<L001> ×2
# sample:
# 92EB  EE A0 06 INC INC $06A0                    A:02 X:0D Y:02 P:24 SP:F4
92F1  29 1F    AND AND #$1F                     A:02 X:0D Y:02 P:24 SP:F4
92F3  8D A0 06 STA STA $06A0                    A:02 X:0D Y:02 P:24 SP:F4
92F6  60       RTS                              A:02 X:0D Y:02 P:24 SP:F4
92BF  CE 1F 07 DEC DEC $071F                    A:02 X:0D Y:02 P:24 SP:F6
92C2  D0 03    BNE BNE #$03                     A:02 X:0D Y:02 P:26 SP:F6
92C4  20 6A 89 JSR JSR $896A                    A:02 X:0D Y:02 P:26 SP:F6
896A  AD 21 07 LDA LDA $0721                    A:02 X:0D Y:02 P:26 SP:F4
896D  29 1F    AND AND #$1F                     A:84 X:0D Y:02 P:A4 SP:F4
896F  38       SEC                              A:04 X:0D Y:02 P:24 SP:F4
8970  E9 04    SBC SBC #$04                     A:04 X:0D Y:02 P:25 SP:F4
8972  29 1F    AND AND #$1F                     A:00 X:0D Y:02 P:27 SP:F4
8974  85 01    STA STA $01                      A:00 X:0D Y:02 P:27 SP:F4
8976  AD 20 07 LDA LDA $0720                    A:00 X:0D Y:02 P:27 SP:F4
8979  B0 02    BCS BCS #$02                     A:20 X:0D Y:02 P:25 SP:F4
897D  29 04    AND AND #$04                     A:20 X:0D Y:02 P:25 SP:F4
897F  09 23    ORA ORA #$23                     A:00 X:0D Y:02 P:27 SP:F4
8981  85 00    STA STA $00                      A:23 X:0D Y:02 P:25 SP:F4
8983  A5 01    LDA LDA $01                      A:23 X:0D Y:02 P:25 SP:F4
<L024> ×2
# sample:
# 8985  4A       LSR A                            A:00 X:0D Y:02 P:27 SP:F4
8987  69 C0    ADC ADC #$C0                     A:00 X:0D Y:02 P:26 SP:F4
8989  85 01    STA STA $01                      A:C0 X:0D Y:02 P:A4 SP:F4
898B  A2 00    LDX LDX #$00                     A:C0 X:0D Y:02 P:A4 SP:F4
898D  AC 40 03 LDY LDY $0340                    A:C0 X:00 Y:02 P:26 SP:F4
8990  A5 00    LDA LDA $00                      A:C0 X:00 Y:74 P:24 SP:F4
8992  99 41 03 STA STA $0341,Y                  A:23 X:00 Y:74 P:24 SP:F4
8995  A5 01    LDA LDA $01                      A:23 X:00 Y:74 P:24 SP:F4
8997  18       CLC                              A:C0 X:00 Y:74 P:A4 SP:F4
8998  69 08    ADC ADC #$08                     A:C0 X:00 Y:74 P:A4 SP:F4
899A  99 42 03 STA STA $0342,Y                  A:C8 X:00 Y:74 P:A4 SP:F4
899D  85 01    STA STA $01                      A:C8 X:00 Y:74 P:A4 SP:F4
899F  BD F9 03 LDA LDA $03F9,X                  A:C8 X:00 Y:74 P:A4 SP:F4
89A2  99 44 03 STA STA $0344,Y                  A:00 X:00 Y:74 P:26 SP:F4
89A5  A9 01    LDA LDA #$01                     A:00 X:00 Y:74 P:26 SP:F4
89A7  99 43 03 STA STA $0343,Y                  A:01 X:00 Y:74 P:24 SP:F4
<L001> ×2
# sample:
# 89AA  4A       LSR A                            A:01 X:00 Y:74 P:24 SP:F4
[Repeated block (2 instrs)] ×2
<L001> ×2
# sample:
# 89AE  C8       INY                              A:00 X:00 Y:74 P:27 SP:F4
89B2  E8       INX                              A:00 X:00 Y:78 P:25 SP:F4
89B3  E0 07    CPX CPX #$07                     A:00 X:01 Y:78 P:25 SP:F4
89B5  90 D9    BCC BCC #$D9                     A:00 X:01 Y:78 P:A4 SP:F4
8990  A5 00    LDA LDA $00                      A:00 X:01 Y:78 P:A4 SP:F4
8992  99 41 03 STA STA $0341,Y                  A:23 X:01 Y:78 P:24 SP:F4
8995  A5 01    LDA LDA $01                      A:23 X:01 Y:78 P:24 SP:F4
8997  18       CLC                              A:C8 X:01 Y:78 P:A4 SP:F4
8998  69 08    ADC ADC #$08                     A:C8 X:01 Y:78 P:A4 SP:F4
899A  99 42 03 STA STA $0342,Y                  A:D0 X:01 Y:78 P:A4 SP:F4
899D  85 01    STA STA $01                      A:D0 X:01 Y:78 P:A4 SP:F4
899F  BD F9 03 LDA LDA $03F9,X                  A:D0 X:01 Y:78 P:A4 SP:F4
89A2  99 44 03 STA STA $0344,Y                  A:00 X:01 Y:78 P:26 SP:F4
89A5  A9 01    LDA LDA #$01                     A:00 X:01 Y:78 P:26 SP:F4
89A7  99 43 03 STA STA $0343,Y                  A:01 X:01 Y:78 P:24 SP:F4
<L001> ×2
# sample:
# 89AA  4A       LSR A                            A:01 X:01 Y:78 P:24 SP:F4
[Repeated block (2 instrs)] ×2
<L001> ×2
# sample:
# 89AE  C8       INY                              A:00 X:01 Y:78 P:27 SP:F4
89B2  E8       INX                              A:00 X:01 Y:7C P:25 SP:F4
89B3  E0 07    CPX CPX #$07                     A:00 X:02 Y:7C P:25 SP:F4
89B5  90 D9    BCC BCC #$D9                     A:00 X:02 Y:7C P:A4 SP:F4
8990  A5 00    LDA LDA $00                      A:00 X:02 Y:7C P:A4 SP:F4
8992  99 41 03 STA STA $0341,Y                  A:23 X:02 Y:7C P:24 SP:F4
8995  A5 01    LDA LDA $01                      A:23 X:02 Y:7C P:24 SP:F4
8997  18       CLC                              A:D0 X:02 Y:7C P:A4 SP:F4
8998  69 08    ADC ADC #$08                     A:D0 X:02 Y:7C P:A4 SP:F4
899A  99 42 03 STA STA $0342,Y                  A:D8 X:02 Y:7C P:A4 SP:F4
899D  85 01    STA STA $01                      A:D8 X:02 Y:7C P:A4 SP:F4
899F  BD F9 03 LDA LDA $03F9,X                  A:D8 X:02 Y:7C P:A4 SP:F4
89A2  99 44 03 STA STA $0344,Y                  A:00 X:02 Y:7C P:26 SP:F4
89A5  A9 01    LDA LDA #$01                     A:00 X:02 Y:7C P:26 SP:F4
89A7  99 43 03 STA STA $0343,Y                  A:01 X:02 Y:7C P:24 SP:F4
<L001> ×2
# sample:
# 89AA  4A       LSR A                            A:01 X:02 Y:7C P:24 SP:F4
[Repeated block (2 instrs)] ×2
<L001> ×2
# sample:
# 89AE  C8       INY                              A:00 X:02 Y:7C P:27 SP:F4
89B2  E8       INX                              A:00 X:02 Y:80 P:A5 SP:F4
89B3  E0 07    CPX CPX #$07                     A:00 X:03 Y:80 P:25 SP:F4
89B5  90 D9    BCC BCC #$D9                     A:00 X:03 Y:80 P:A4 SP:F4
8990  A5 00    LDA LDA $00                      A:00 X:03 Y:80 P:A4 SP:F4
8992  99 41 03 STA STA $0341,Y                  A:23 X:03 Y:80 P:24 SP:F4
8995  A5 01    LDA LDA $01                      A:23 X:03 Y:80 P:24 SP:F4
8997  18       CLC                              A:D8 X:03 Y:80 P:A4 SP:F4
8998  69 08    ADC ADC #$08                     A:D8 X:03 Y:80 P:A4 SP:F4
899A  99 42 03 STA STA $0342,Y                  A:E0 X:03 Y:80 P:A4 SP:F4
899D  85 01    STA STA $01                      A:E0 X:03 Y:80 P:A4 SP:F4
899F  BD F9 03 LDA LDA $03F9,X                  A:E0 X:03 Y:80 P:A4 SP:F4
89A2  99 44 03 STA STA $0344,Y                  A:00 X:03 Y:80 P:26 SP:F4
89A5  A9 01    LDA LDA #$01                     A:00 X:03 Y:80 P:26 SP:F4
89A7  99 43 03 STA STA $0343,Y                  A:01 X:03 Y:80 P:24 SP:F4
<L001> ×2
# sample:
# 89AA  4A       LSR A                            A:01 X:03 Y:80 P:24 SP:F4
[Repeated block (2 instrs)] ×2
<L001> ×2
# sample:
# 89AE  C8       INY                              A:00 X:03 Y:80 P:27 SP:F4
89B2  E8       INX                              A:00 X:03 Y:84 P:A5 SP:F4
89B3  E0 07    CPX CPX #$07                     A:00 X:04 Y:84 P:25 SP:F4
89B5  90 D9    BCC BCC #$D9                     A:00 X:04 Y:84 P:A4 SP:F4
8990  A5 00    LDA LDA $00                      A:00 X:04 Y:84 P:A4 SP:F4
8992  99 41 03 STA STA $0341,Y                  A:23 X:04 Y:84 P:24 SP:F4
8995  A5 01    LDA LDA $01                      A:23 X:04 Y:84 P:24 SP:F4
8997  18       CLC                              A:E0 X:04 Y:84 P:A4 SP:F4
8998  69 08    ADC ADC #$08                     A:E0 X:04 Y:84 P:A4 SP:F4
899A  99 42 03 STA STA $0342,Y                  A:E8 X:04 Y:84 P:A4 SP:F4
899D  85 01    STA STA $01                      A:E8 X:04 Y:84 P:A4 SP:F4
899F  BD F9 03 LDA LDA $03F9,X                  A:E8 X:04 Y:84 P:A4 SP:F4
89A2  99 44 03 STA STA $0344,Y                  A:00 X:04 Y:84 P:26 SP:F4
89A5  A9 01    LDA LDA #$01                     A:00 X:04 Y:84 P:26 SP:F4
89A7  99 43 03 STA STA $0343,Y                  A:01 X:04 Y:84 P:24 SP:F4
<L001> ×2
# sample:
# 89AA  4A       LSR A                            A:01 X:04 Y:84 P:24 SP:F4
[Repeated block (2 instrs)] ×2
<L001> ×2
# sample:
# 89AE  C8       INY                              A:00 X:04 Y:84 P:27 SP:F4
89B2  E8       INX                              A:00 X:04 Y:88 P:A5 SP:F4
89B3  E0 07    CPX CPX #$07                     A:00 X:05 Y:88 P:25 SP:F4
89B5  90 D9    BCC BCC #$D9                     A:00 X:05 Y:88 P:A4 SP:F4
8990  A5 00    LDA LDA $00                      A:00 X:05 Y:88 P:A4 SP:F4
8992  99 41 03 STA STA $0341,Y                  A:23 X:05 Y:88 P:24 SP:F4
8995  A5 01    LDA LDA $01                      A:23 X:05 Y:88 P:24 SP:F4
8997  18       CLC                              A:E8 X:05 Y:88 P:A4 SP:F4
8998  69 08    ADC ADC #$08                     A:E8 X:05 Y:88 P:A4 SP:F4
899A  99 42 03 STA STA $0342,Y                  A:F0 X:05 Y:88 P:A4 SP:F4
899D  85 01    STA STA $01                      A:F0 X:05 Y:88 P:A4 SP:F4
899F  BD F9 03 LDA LDA $03F9,X                  A:F0 X:05 Y:88 P:A4 SP:F4
89A2  99 44 03 STA STA $0344,Y                  A:50 X:05 Y:88 P:24 SP:F4
89A5  A9 01    LDA LDA #$01                     A:50 X:05 Y:88 P:24 SP:F4
89A7  99 43 03 STA STA $0343,Y                  A:01 X:05 Y:88 P:24 SP:F4
<L001> ×2
# sample:
# 89AA  4A       LSR A                            A:01 X:05 Y:88 P:24 SP:F4
[Repeated block (2 instrs)] ×2
<L001> ×2
# sample:
# 89AE  C8       INY                              A:00 X:05 Y:88 P:27 SP:F4
89B2  E8       INX                              A:00 X:05 Y:8C P:A5 SP:F4
89B3  E0 07    CPX CPX #$07                     A:00 X:06 Y:8C P:25 SP:F4
89B5  90 D9    BCC BCC #$D9                     A:00 X:06 Y:8C P:A4 SP:F4
8990  A5 00    LDA LDA $00                      A:00 X:06 Y:8C P:A4 SP:F4
8992  99 41 03 STA STA $0341,Y                  A:23 X:06 Y:8C P:24 SP:F4
8995  A5 01    LDA LDA $01                      A:23 X:06 Y:8C P:24 SP:F4
8997  18       CLC                              A:F0 X:06 Y:8C P:A4 SP:F4
8998  69 08    ADC ADC #$08                     A:F0 X:06 Y:8C P:A4 SP:F4
899A  99 42 03 STA STA $0342,Y                  A:F8 X:06 Y:8C P:A4 SP:F4
899D  85 01    STA STA $01                      A:F8 X:06 Y:8C P:A4 SP:F4
899F  BD F9 03 LDA LDA $03F9,X                  A:F8 X:06 Y:8C P:A4 SP:F4
89A2  99 44 03 STA STA $0344,Y                  A:05 X:06 Y:8C P:24 SP:F4
89A5  A9 01    LDA LDA #$01                     A:05 X:06 Y:8C P:24 SP:F4
89A7  99 43 03 STA STA $0343,Y                  A:01 X:06 Y:8C P:24 SP:F4
<L001> ×2
# sample:
# 89AA  4A       LSR A                            A:01 X:06 Y:8C P:24 SP:F4
[Repeated block (2 instrs)] ×2
<L001> ×2
# sample:
# 89AE  C8       INY                              A:00 X:06 Y:8C P:27 SP:F4
89B2  E8       INX                              A:00 X:06 Y:90 P:A5 SP:F4
89B3  E0 07    CPX CPX #$07                     A:00 X:07 Y:90 P:25 SP:F4
89B5  90 D9    BCC BCC #$D9                     A:00 X:07 Y:90 P:27 SP:F4
89B7  99 41 03 STA STA $0341,Y                  A:00 X:07 Y:90 P:27 SP:F4
<L001> ×3
# sample:
# 89BA  8C 40 03 STY STY $0340                    A:00 X:07 Y:90 P:27 SP:F4
<L071> ×2
# sample:
# 89C2  60       RTS                              A:06 X:07 Y:90 P:25 SP:F4
<L001> ×2
# sample:
# 86EC  AD 1F 07 LDA LDA $071F                    A:06 X:07 Y:90 P:25 SP:F8
86F1  CE 1E 07 DEC DEC $071E                    A:00 X:07 Y:90 P:27 SP:F8
86F4  10 03    BPL BPL #$03                     A:00 X:07 Y:90 P:A5 SP:F8
86F6  EE 3C 07 INC INC $073C                    A:00 X:07 Y:90 P:A5 SP:F8
86F9  A9 06    LDA LDA #$06                     A:00 X:07 Y:90 P:25 SP:F8
<L001> ×2
# sample:
# 86FB  8D 73 07 STA STA $0773                    A:06 X:07 Y:90 P:25 SP:F8
8178  AD 02 20 LDA LDA $2002                    A:06 X:07 Y:90 P:25 SP:FA
817B  68       PLA                              A:00 X:07 Y:90 P:27 SP:FA
817C  09 80    ORA ORA #$80                     A:10 X:07 Y:90 P:25 SP:FB
817E  8D 00 20 STA STA $2000                    A:90 X:07 Y:90 P:A5 SP:FB
8181  40       RTI                              A:90 X:07 Y:90 P:A5 SP:FB
[Repeated block (6 instrs)] ×535
<L026> ×2
# sample:
# FFF3  1A       *NOP                             A:90 X:07 Y:90 P:A4 SP:FE
# FFF4  1C 1D 1D *NOP *NOP $1D1D,X                A:90 X:07 Y:90 P:A4 SP:FE
# FFF7  1E 1E 1F ASL ASL $1F1E,X                  A:90 X:07 Y:90 P:A4 SP:FE
# FFFA  82 80    *NOP *NOP #$80                   A:90 X:07 Y:90 P:26 SP:FE
# FFFC  00       BRK                              A:90 X:07 Y:90 P:26 SP:FE
FFFC  00       BRK                              A:90 X:07 Y:90 P:26 SP:B9
8082  AD 78 07 LDA LDA $0778                    A:90 X:07 Y:90 P:26 SP:B3
<L011> ×2
# sample:
# 8085  29 7F    AND AND #$7F                     A:10 X:07 Y:90 P:24 SP:B3
# 8087  8D 78 07 STA STA $0778                    A:10 X:07 Y:90 P:24 SP:B3
808F  AD 79 07 LDA LDA $0779                    A:10 X:07 Y:90 P:24 SP:B3
8092  29 E6    AND AND #$E6                     A:00 X:07 Y:90 P:26 SP:B3
8094  AC 74 07 LDY LDY $0774                    A:00 X:07 Y:90 P:26 SP:B3
<L011> ×2
# sample:
# 8097  D0 05    BNE BNE #$05                     A:00 X:07 Y:02 P:24 SP:B3
# 809E  8D 79 07 STA STA $0779                    A:00 X:07 Y:02 P:24 SP:B3
80A6  AE 02 20 LDX LDX $2002                    A:00 X:07 Y:02 P:26 SP:B3
80A9  A9 00    LDA LDA #$00                     A:00 X:80 Y:02 P:A4 SP:B3
<L002> ×2
# sample:
# 80AB  20 E6 8E JSR JSR $8EE6                    A:00 X:80 Y:02 P:26 SP:B3
# 8EE6  8D 05 20 STA STA $2005                    A:00 X:80 Y:02 P:26 SP:B1
80AE  8D 03 20 STA STA $2003                    A:00 X:80 Y:02 P:26 SP:B3
80B1  A9 02    LDA LDA #$02                     A:00 X:80 Y:02 P:26 SP:B3
80B3  8D 14 40 STA STA $4014                    A:02 X:80 Y:02 P:24 SP:B3
80B6  AE 73 07 LDX LDX $0773                    A:02 X:80 Y:02 P:24 SP:B3
80B9  BD 5A 80 LDA LDA $805A,X                  A:02 X:06 Y:02 P:24 SP:B3
<L001> ×2
# sample:
# 80BC  85 00    STA STA $00                      A:41 X:06 Y:02 P:24 SP:B3
80C1  85 01    STA STA $01                      A:03 X:06 Y:02 P:24 SP:B3
80C3  20 DD 8E JSR JSR $8EDD                    A:03 X:06 Y:02 P:24 SP:B3
<L002> ×2
# sample:
# 8EDD  AE 02 20 LDX LDX $2002                    A:03 X:06 Y:02 P:24 SP:B1
# 8EE0  A0 00    LDY LDY #$00                     A:03 X:00 Y:02 P:26 SP:B1
<L008> ×2
# sample:
# 8E92  8D 06 20 STA STA $2006                    A:20 X:00 Y:00 P:24 SP:B1
# 8E95  C8       INY                              A:20 X:00 Y:00 P:24 SP:B1
# 8E96  B1 00    LDA LDA ($00),Y                  A:20 X:00 Y:01 P:24 SP:B1
8E9E  0A       ASL A                            A:9A X:00 Y:02 P:A4 SP:B1
8E9F  48       PHA                              A:34 X:00 Y:02 P:25 SP:B1
<L044> ×2
# sample:
# 8EA0  AD 78 07 LDA LDA $0778                    A:34 X:00 Y:02 P:25 SP:B0
# 8EA3  09 04    ORA ORA #$04                     A:10 X:00 Y:02 P:25 SP:B0
# 8EA5  B0 02    BCS BCS #$02                     A:14 X:00 Y:02 P:25 SP:B0
# 8EA9  20 ED 8E JSR JSR $8EED                    A:14 X:00 Y:02 P:25 SP:B0
# 8EED  8D 00 20 STA STA $2000                    A:14 X:00 Y:02 P:25 SP:AE
# 8EF0  8D 78 07 STA STA $0778                    A:14 X:00 Y:02 P:25 SP:AE
# 8EF3  60       RTS                              A:14 X:00 Y:02 P:25 SP:AE
8EB8  C8       INY                              A:1A X:1A Y:02 P:24 SP:B1
[Repeated block (6 instrs)] ×21
<L003> ×4
# sample:
# 8EB9  B1 00    LDA LDA ($00),Y                  A:1A X:1A Y:03 P:24 SP:B1
# 8EBB  8D 07 20 STA STA $2007                    A:24 X:1A Y:03 P:24 SP:B1
# 8EBE  CA       DEX                              A:24 X:1A Y:03 P:24 SP:B1
# 8EBF  D0 F5    BNE BNE #$F5                     A:24 X:19 Y:03 P:24 SP:B1
# 8EB6  B0 01    BCS BCS #$01                     A:24 X:19 Y:03 P:24 SP:B1
# 8EB8  C8       INY                              A:24 X:19 Y:03 P:24 SP:B1
# 8EB9  B1 00    LDA LDA ($00),Y                  A:24 X:05 Y:18 P:24 SP:B1
# 8EBB  8D 07 20 STA STA $2007                    A:30 X:05 Y:18 P:24 SP:B1
# 8EBE  CA       DEX                              A:30 X:05 Y:18 P:24 SP:B1
# 8EBF  D0 F5    BNE BNE #$F5                     A:30 X:04 Y:18 P:24 SP:B1
# 8EB6  B0 01    BCS BCS #$01                     A:30 X:04 Y:18 P:24 SP:B1
# 8EB8  C8       INY                              A:30 X:04 Y:18 P:24 SP:B1
<L001> ×3
# sample:
# 8EE0  A0 00    LDY LDY #$00                     A:00 X:00 Y:1C P:26 SP:B1
<L008> ×2
# sample:
# 8E92  8D 06 20 STA STA $2006                    A:20 X:00 Y:00 P:24 SP:B1
# 8E95  C8       INY                              A:20 X:00 Y:00 P:24 SP:B1
# 8E96  B1 00    LDA LDA ($00),Y                  A:20 X:00 Y:01 P:24 SP:B1
8E9E  0A       ASL A                            A:9A X:00 Y:02 P:A4 SP:B1
8E9F  48       PHA                              A:34 X:00 Y:02 P:25 SP:B1
<L044> ×2
# sample:
# 8EA0  AD 78 07 LDA LDA $0778                    A:34 X:00 Y:02 P:25 SP:B0
# 8EA3  09 04    ORA ORA #$04                     A:14 X:00 Y:02 P:25 SP:B0
# 8EA5  B0 02    BCS BCS #$02                     A:14 X:00 Y:02 P:25 SP:B0
# 8EA9  20 ED 8E JSR JSR $8EED                    A:14 X:00 Y:02 P:25 SP:B0
# 8EED  8D 00 20 STA STA $2000                    A:14 X:00 Y:02 P:25 SP:AE
# 8EF0  8D 78 07 STA STA $0778                    A:14 X:00 Y:02 P:25 SP:AE
# 8EF3  60       RTS                              A:14 X:00 Y:02 P:25 SP:AE
8EB8  C8       INY                              A:1A X:1A Y:02 P:24 SP:B1
[Repeated block (6 instrs)] ×20
<L003> ×4
# sample:
# 8EB9  B1 00    LDA LDA ($00),Y                  A:1A X:1A Y:03 P:24 SP:B1
# 8EBB  8D 07 20 STA STA $2007                    A:24 X:1A Y:03 P:24 SP:B1
# 8EBE  CA       DEX                              A:24 X:1A Y:03 P:24 SP:B1
# 8EBF  D0 F5    BNE BNE #$F5                     A:24 X:19 Y:03 P:24 SP:B1
# 8EB6  B0 01    BCS BCS #$01                     A:24 X:19 Y:03 P:24 SP:B1
# 8EB8  C8       INY                              A:24 X:19 Y:03 P:24 SP:B1
# 8EB9  B1 00    LDA LDA ($00),Y                  A:24 X:06 Y:17 P:24 SP:B1
# 8EBB  8D 07 20 STA STA $2007                    A:30 X:06 Y:17 P:24 SP:B1
# 8EBE  CA       DEX                              A:30 X:06 Y:17 P:24 SP:B1
# 8EBF  D0 F5    BNE BNE #$F5                     A:30 X:05 Y:17 P:24 SP:B1
# 8EB6  B0 01    BCS BCS #$01                     A:30 X:05 Y:17 P:24 SP:B1
# 8EB8  C8       INY                              A:30 X:05 Y:17 P:24 SP:B1
<L018> ×2
# sample:
# 8ECF  8D 06 20 STA STA $2006                    A:3F X:00 Y:1C P:24 SP:B1
# 8ED2  A9 00    LDA LDA #$00                     A:3F X:00 Y:1C P:24 SP:B1
# 8ED4  8D 06 20 STA STA $2006                    A:00 X:00 Y:1C P:26 SP:B1
# 8ED7  8D 06 20 STA STA $2006                    A:00 X:00 Y:1C P:26 SP:B1
8EE4  D0 AC    BNE BNE #$AC                     A:20 X:00 Y:00 P:24 SP:B1
<L008> ×2
# sample:
# 8E92  8D 06 20 STA STA $2006                    A:20 X:00 Y:00 P:24 SP:B1
# 8E95  C8       INY                              A:20 X:00 Y:00 P:24 SP:B1
# 8E96  B1 00    LDA LDA ($00),Y                  A:20 X:00 Y:01 P:24 SP:B1
8E9E  0A       ASL A                            A:9A X:00 Y:02 P:A4 SP:B1
8E9F  48       PHA                              A:34 X:00 Y:02 P:25 SP:B1
<L044> ×2
# sample:
# 8EA0  AD 78 07 LDA LDA $0778                    A:34 X:00 Y:02 P:25 SP:B0
# 8EA3  09 04    ORA ORA #$04                     A:14 X:00 Y:02 P:25 SP:B0
# 8EA5  B0 02    BCS BCS #$02                     A:14 X:00 Y:02 P:25 SP:B0
# 8EA9  20 ED 8E JSR JSR $8EED                    A:14 X:00 Y:02 P:25 SP:B0
# 8EED  8D 00 20 STA STA $2000                    A:14 X:00 Y:02 P:25 SP:AE
# 8EF0  8D 78 07 STA STA $0778                    A:14 X:00 Y:02 P:25 SP:AE
# 8EF3  60       RTS                              A:14 X:00 Y:02 P:25 SP:AE
8EB8  C8       INY                              A:1A X:1A Y:02 P:24 SP:B1
[Repeated block (6 instrs)] ×19
<L010> ×2
# sample:
# 8EB9  B1 00    LDA LDA ($00),Y                  A:1A X:1A Y:03 P:24 SP:B1
# 8EBB  8D 07 20 STA STA $2007                    A:24 X:1A Y:03 P:24 SP:B1
# 8EBE  CA       DEX                              A:24 X:1A Y:03 P:24 SP:B1
# 8EBF  D0 F5    BNE BNE #$F5                     A:24 X:19 Y:03 P:24 SP:B1
# 8EB6  B0 01    BCS BCS #$01                     A:24 X:19 Y:03 P:24 SP:B1
# 8EB8  C8       INY                              A:24 X:19 Y:03 P:24 SP:B1
[Repeated block (6 instrs)] ×2
<L003> ×3
# sample:
# 8EB9  B1 00    LDA LDA ($00),Y                  A:30 X:06 Y:17 P:24 SP:B1
# 8EBB  8D 07 20 STA STA $2007                    A:26 X:06 Y:17 P:24 SP:B1
# 8EBE  CA       DEX                              A:26 X:06 Y:17 P:24 SP:B1
# 8EBF  D0 F5    BNE BNE #$F5                     A:26 X:05 Y:17 P:24 SP:B1
# 8EB6  B0 01    BCS BCS #$01                     A:26 X:05 Y:17 P:24 SP:B1
# 8EB8  C8       INY                              A:26 X:05 Y:17 P:24 SP:B1
# 8EB9  B1 00    LDA LDA ($00),Y                  A:26 X:04 Y:19 P:24 SP:B1
# 8EBB  8D 07 20 STA STA $2007                    A:B4 X:04 Y:19 P:A4 SP:B1
# 8EBE  CA       DEX                              A:B4 X:04 Y:19 P:A4 SP:B1
# 8EBF  D0 F5    BNE BNE #$F5                     A:B4 X:03 Y:19 P:24 SP:B1
# 8EB6  B0 01    BCS BCS #$01                     A:B4 X:03 Y:19 P:24 SP:B1
# 8EB8  C8       INY                              A:B4 X:03 Y:19 P:24 SP:B1
<L018> ×2
# sample:
# 8ECF  8D 06 20 STA STA $2006                    A:3F X:00 Y:1C P:24 SP:B1
# 8ED2  A9 00    LDA LDA #$00                     A:3F X:00 Y:1C P:24 SP:B1
# 8ED4  8D 06 20 STA STA $2006                    A:00 X:00 Y:1C P:26 SP:B1
# 8ED7  8D 06 20 STA STA $2006                    A:00 X:00 Y:1C P:26 SP:B1
8EE4  D0 AC    BNE BNE #$AC                     A:20 X:00 Y:00 P:24 SP:B1
<L008> ×2
# sample:
# 8E92  8D 06 20 STA STA $2006                    A:20 X:00 Y:00 P:24 SP:B1
# 8E95  C8       INY                              A:20 X:00 Y:00 P:24 SP:B1
# 8E96  B1 00    LDA LDA ($00),Y                  A:20 X:00 Y:01 P:24 SP:B1
8E9E  0A       ASL A                            A:9A X:00 Y:02 P:A4 SP:B1
8E9F  48       PHA                              A:34 X:00 Y:02 P:25 SP:B1
<L044> ×2
# sample:
# 8EA0  AD 78 07 LDA LDA $0778                    A:34 X:00 Y:02 P:25 SP:B0
# 8EA3  09 04    ORA ORA #$04                     A:14 X:00 Y:02 P:25 SP:B0
# 8EA5  B0 02    BCS BCS #$02                     A:14 X:00 Y:02 P:25 SP:B0
# 8EA9  20 ED 8E JSR JSR $8EED                    A:14 X:00 Y:02 P:25 SP:B0
# 8EED  8D 00 20 STA STA $2000                    A:14 X:00 Y:02 P:25 SP:AE
# 8EF0  8D 78 07 STA STA $0778                    A:14 X:00 Y:02 P:25 SP:AE
# 8EF3  60       RTS                              A:14 X:00 Y:02 P:25 SP:AE
8EB8  C8       INY                              A:1A X:1A Y:02 P:24 SP:B1
[Repeated block (6 instrs)] ×18
<L003> ×5
# sample:
# 8EB9  B1 00    LDA LDA ($00),Y                  A:1A X:1A Y:03 P:24 SP:B1
# 8EBB  8D 07 20 STA STA $2007                    A:24 X:1A Y:03 P:24 SP:B1
# 8EBE  CA       DEX                              A:24 X:1A Y:03 P:24 SP:B1
# 8EBF  D0 F5    BNE BNE #$F5                     A:24 X:19 Y:03 P:24 SP:B1
# 8EB6  B0 01    BCS BCS #$01                     A:24 X:19 Y:03 P:24 SP:B1
# 8EB8  C8       INY                              A:24 X:19 Y:03 P:24 SP:B1
# 8EB9  B1 00    LDA LDA ($00),Y                  A:24 X:08 Y:15 P:24 SP:B1
# 8EBB  8D 07 20 STA STA $2007                    A:30 X:08 Y:15 P:24 SP:B1
# 8EBE  CA       DEX                              A:30 X:08 Y:15 P:24 SP:B1
# 8EBF  D0 F5    BNE BNE #$F5                     A:30 X:07 Y:15 P:24 SP:B1
# 8EB6  B0 01    BCS BCS #$01                     A:30 X:07 Y:15 P:24 SP:B1
# 8EB8  C8       INY                              A:30 X:07 Y:15 P:24 SP:B1
<L018> ×2
# sample:
# 8ECF  8D 06 20 STA STA $2006                    A:3F X:00 Y:1C P:24 SP:B1
# 8ED2  A9 00    LDA LDA #$00                     A:3F X:00 Y:1C P:24 SP:B1
# 8ED4  8D 06 20 STA STA $2006                    A:00 X:00 Y:1C P:26 SP:B1
# 8ED7  8D 06 20 STA STA $2006                    A:00 X:00 Y:1C P:26 SP:B1
8EE4  D0 AC    BNE BNE #$AC                     A:23 X:00 Y:00 P:24 SP:B1
<L008> ×2
# sample:
# 8E92  8D 06 20 STA STA $2006                    A:23 X:00 Y:00 P:24 SP:B1
# 8E95  C8       INY                              A:23 X:00 Y:00 P:24 SP:B1
# 8E96  B1 00    LDA LDA ($00),Y                  A:23 X:00 Y:01 P:24 SP:B1
8E9E  0A       ASL A                            A:01 X:00 Y:02 P:24 SP:B1
8E9F  48       PHA                              A:02 X:00 Y:02 P:24 SP:B1
<L003> ×3
# sample:
# 8EA0  AD 78 07 LDA LDA $0778                    A:02 X:00 Y:02 P:24 SP:B0
# 8EA3  09 04    ORA ORA #$04                     A:14 X:00 Y:02 P:24 SP:B0
# 8EA5  B0 02    BCS BCS #$02                     A:14 X:00 Y:02 P:24 SP:B0
# 8EA7  29 FB    AND AND #$FB                     A:14 X:00 Y:02 P:24 SP:B0
# 8EA9  20 ED 8E JSR JSR $8EED                    A:10 X:00 Y:02 P:24 SP:B0
# 8EED  8D 00 20 STA STA $2000                    A:10 X:00 Y:02 P:24 SP:AE
# 8EF0  8D 78 07 STA STA $0778                    A:10 X:00 Y:02 P:24 SP:AE
# 8EF3  60       RTS                              A:10 X:00 Y:02 P:24 SP:AE
# 8EAC  68       PLA                              A:10 X:00 Y:02 P:24 SP:B0
# 8EAD  0A       ASL A                            A:02 X:00 Y:02 P:24 SP:B1
# 8EAE  90 03    BCC BCC #$03                     A:04 X:00 Y:02 P:24 SP:B1
# 8EB3  4A       LSR A                            A:04 X:00 Y:02 P:24 SP:B1
8EE4  D0 AC    BNE BNE #$AC                     A:23 X:00 Y:00 P:24 SP:B1
<L008> ×2
# sample:
# 8E92  8D 06 20 STA STA $2006                    A:23 X:00 Y:00 P:24 SP:B1
# 8E95  C8       INY                              A:23 X:00 Y:00 P:24 SP:B1
# 8E96  B1 00    LDA LDA ($00),Y                  A:23 X:00 Y:01 P:24 SP:B1
8E9E  0A       ASL A                            A:01 X:00 Y:02 P:24 SP:B1
8E9F  48       PHA                              A:02 X:00 Y:02 P:24 SP:B1
<L003> ×3
# sample:
# 8EA0  AD 78 07 LDA LDA $0778                    A:02 X:00 Y:02 P:24 SP:B0
# 8EA3  09 04    ORA ORA #$04                     A:10 X:00 Y:02 P:24 SP:B0
# 8EA5  B0 02    BCS BCS #$02                     A:14 X:00 Y:02 P:24 SP:B0
# 8EA7  29 FB    AND AND #$FB                     A:14 X:00 Y:02 P:24 SP:B0
# 8EA9  20 ED 8E JSR JSR $8EED                    A:10 X:00 Y:02 P:24 SP:B0
# 8EED  8D 00 20 STA STA $2000                    A:10 X:00 Y:02 P:24 SP:AE
# 8EF0  8D 78 07 STA STA $0778                    A:10 X:00 Y:02 P:24 SP:AE
# 8EF3  60       RTS                              A:10 X:00 Y:02 P:24 SP:AE
# 8EAC  68       PLA                              A:10 X:00 Y:02 P:24 SP:B0
# 8EAD  0A       ASL A                            A:02 X:00 Y:02 P:24 SP:B1
# 8EAE  90 03    BCC BCC #$03                     A:04 X:00 Y:02 P:24 SP:B1
# 8EB3  4A       LSR A                            A:04 X:00 Y:02 P:24 SP:B1
8EE4  D0 AC    BNE BNE #$AC                     A:23 X:00 Y:00 P:24 SP:B1
<L008> ×2
# sample:
# 8E92  8D 06 20 STA STA $2006                    A:23 X:00 Y:00 P:24 SP:B1
# 8E95  C8       INY                              A:23 X:00 Y:00 P:24 SP:B1
# 8E96  B1 00    LDA LDA ($00),Y                  A:23 X:00 Y:01 P:24 SP:B1
8E9E  0A       ASL A                            A:01 X:00 Y:02 P:24 SP:B1
8E9F  48       PHA                              A:02 X:00 Y:02 P:24 SP:B1
<L003> ×3
# sample:
# 8EA0  AD 78 07 LDA LDA $0778                    A:02 X:00 Y:02 P:24 SP:B0
# 8EA3  09 04    ORA ORA #$04                     A:10 X:00 Y:02 P:24 SP:B0
# 8EA5  B0 02    BCS BCS #$02                     A:14 X:00 Y:02 P:24 SP:B0
# 8EA7  29 FB    AND AND #$FB                     A:14 X:00 Y:02 P:24 SP:B0
# 8EA9  20 ED 8E JSR JSR $8EED                    A:10 X:00 Y:02 P:24 SP:B0
# 8EED  8D 00 20 STA STA $2000                    A:10 X:00 Y:02 P:24 SP:AE
# 8EF0  8D 78 07 STA STA $0778                    A:10 X:00 Y:02 P:24 SP:AE
# 8EF3  60       RTS                              A:10 X:00 Y:02 P:24 SP:AE
# 8EAC  68       PLA                              A:10 X:00 Y:02 P:24 SP:B0
# 8EAD  0A       ASL A                            A:02 X:00 Y:02 P:24 SP:B1
# 8EAE  90 03    BCC BCC #$03                     A:04 X:00 Y:02 P:24 SP:B1
# 8EB3  4A       LSR A                            A:04 X:00 Y:02 P:24 SP:B1
8EE4  D0 AC    BNE BNE #$AC                     A:23 X:00 Y:00 P:24 SP:B1
<L008> ×2
# sample:
# 8E92  8D 06 20 STA STA $2006                    A:23 X:00 Y:00 P:24 SP:B1
# 8E95  C8       INY                              A:23 X:00 Y:00 P:24 SP:B1
# 8E96  B1 00    LDA LDA ($00),Y                  A:23 X:00 Y:01 P:24 SP:B1
8E9E  0A       ASL A                            A:01 X:00 Y:02 P:24 SP:B1
8E9F  48       PHA                              A:02 X:00 Y:02 P:24 SP:B1
<L003> ×3
# sample:
# 8EA0  AD 78 07 LDA LDA $0778                    A:02 X:00 Y:02 P:24 SP:B0
# 8EA3  09 04    ORA ORA #$04                     A:10 X:00 Y:02 P:24 SP:B0
# 8EA5  B0 02    BCS BCS #$02                     A:14 X:00 Y:02 P:24 SP:B0
# 8EA7  29 FB    AND AND #$FB                     A:14 X:00 Y:02 P:24 SP:B0
# 8EA9  20 ED 8E JSR JSR $8EED                    A:10 X:00 Y:02 P:24 SP:B0
# 8EED  8D 00 20 STA STA $2000                    A:10 X:00 Y:02 P:24 SP:AE
# 8EF0  8D 78 07 STA STA $0778                    A:10 X:00 Y:02 P:24 SP:AE
# 8EF3  60       RTS                              A:10 X:00 Y:02 P:24 SP:AE
# 8EAC  68       PLA                              A:10 X:00 Y:02 P:24 SP:B0
# 8EAD  0A       ASL A                            A:02 X:00 Y:02 P:24 SP:B1
# 8EAE  90 03    BCC BCC #$03                     A:04 X:00 Y:02 P:24 SP:B1
# 8EB3  4A       LSR A                            A:04 X:00 Y:02 P:24 SP:B1
8EE4  D0 AC    BNE BNE #$AC                     A:23 X:00 Y:00 P:24 SP:B1
<L008> ×2
# sample:
# 8E92  8D 06 20 STA STA $2006                    A:23 X:00 Y:00 P:24 SP:B1
# 8E95  C8       INY                              A:23 X:00 Y:00 P:24 SP:B1
# 8E96  B1 00    LDA LDA ($00),Y                  A:23 X:00 Y:01 P:24 SP:B1
8E9E  0A       ASL A                            A:01 X:00 Y:02 P:24 SP:B1
8E9F  48       PHA                              A:02 X:00 Y:02 P:24 SP:B1
<L003> ×3
# sample:
# 8EA0  AD 78 07 LDA LDA $0778                    A:02 X:00 Y:02 P:24 SP:B0
# 8EA3  09 04    ORA ORA #$04                     A:10 X:00 Y:02 P:24 SP:B0
# 8EA5  B0 02    BCS BCS #$02                     A:14 X:00 Y:02 P:24 SP:B0
# 8EA7  29 FB    AND AND #$FB                     A:14 X:00 Y:02 P:24 SP:B0
# 8EA9  20 ED 8E JSR JSR $8EED                    A:10 X:00 Y:02 P:24 SP:B0
# 8EED  8D 00 20 STA STA $2000                    A:10 X:00 Y:02 P:24 SP:AE
# 8EF0  8D 78 07 STA STA $0778                    A:10 X:00 Y:02 P:24 SP:AE
# 8EF3  60       RTS                              A:10 X:00 Y:02 P:24 SP:AE
# 8EAC  68       PLA                              A:10 X:00 Y:02 P:24 SP:B0
# 8EAD  0A       ASL A                            A:02 X:00 Y:02 P:24 SP:B1
# 8EAE  90 03    BCC BCC #$03                     A:04 X:00 Y:02 P:24 SP:B1
# 8EB3  4A       LSR A                            A:04 X:00 Y:02 P:24 SP:B1
8EE4  D0 AC    BNE BNE #$AC                     A:23 X:00 Y:00 P:24 SP:B1
<L008> ×2
# sample:
# 8E92  8D 06 20 STA STA $2006                    A:23 X:00 Y:00 P:24 SP:B1
# 8E95  C8       INY                              A:23 X:00 Y:00 P:24 SP:B1
# 8E96  B1 00    LDA LDA ($00),Y                  A:23 X:00 Y:01 P:24 SP:B1
8E9E  0A       ASL A                            A:01 X:00 Y:02 P:24 SP:B1
8E9F  48       PHA                              A:02 X:00 Y:02 P:24 SP:B1
<L003> ×3
# sample:
# 8EA0  AD 78 07 LDA LDA $0778                    A:02 X:00 Y:02 P:24 SP:B0
# 8EA3  09 04    ORA ORA #$04                     A:10 X:00 Y:02 P:24 SP:B0
# 8EA5  B0 02    BCS BCS #$02                     A:14 X:00 Y:02 P:24 SP:B0
# 8EA7  29 FB    AND AND #$FB                     A:14 X:00 Y:02 P:24 SP:B0
# 8EA9  20 ED 8E JSR JSR $8EED                    A:10 X:00 Y:02 P:24 SP:B0
# 8EED  8D 00 20 STA STA $2000                    A:10 X:00 Y:02 P:24 SP:AE
# 8EF0  8D 78 07 STA STA $0778                    A:10 X:00 Y:02 P:24 SP:AE
# 8EF3  60       RTS                              A:10 X:00 Y:02 P:24 SP:AE
# 8EAC  68       PLA                              A:10 X:00 Y:02 P:24 SP:B0
# 8EAD  0A       ASL A                            A:02 X:00 Y:02 P:24 SP:B1
# 8EAE  90 03    BCC BCC #$03                     A:04 X:00 Y:02 P:24 SP:B1
# 8EB3  4A       LSR A                            A:04 X:00 Y:02 P:24 SP:B1
8EE4  D0 AC    BNE BNE #$AC                     A:23 X:00 Y:00 P:24 SP:B1
<L008> ×2
# sample:
# 8E92  8D 06 20 STA STA $2006                    A:23 X:00 Y:00 P:24 SP:B1
# 8E95  C8       INY                              A:23 X:00 Y:00 P:24 SP:B1
# 8E96  B1 00    LDA LDA ($00),Y                  A:23 X:00 Y:01 P:24 SP:B1
8E9E  0A       ASL A                            A:01 X:00 Y:02 P:24 SP:B1
8E9F  48       PHA                              A:02 X:00 Y:02 P:24 SP:B1
<L003> ×3
# sample:
# 8EA0  AD 78 07 LDA LDA $0778                    A:02 X:00 Y:02 P:24 SP:B0
# 8EA3  09 04    ORA ORA #$04                     A:10 X:00 Y:02 P:24 SP:B0
# 8EA5  B0 02    BCS BCS #$02                     A:14 X:00 Y:02 P:24 SP:B0
# 8EA7  29 FB    AND AND #$FB                     A:14 X:00 Y:02 P:24 SP:B0
# 8EA9  20 ED 8E JSR JSR $8EED                    A:10 X:00 Y:02 P:24 SP:B0
# 8EED  8D 00 20 STA STA $2000                    A:10 X:00 Y:02 P:24 SP:AE
# 8EF0  8D 78 07 STA STA $0778                    A:10 X:00 Y:02 P:24 SP:AE
# 8EF3  60       RTS                              A:10 X:00 Y:02 P:24 SP:AE
# 8EAC  68       PLA                              A:10 X:00 Y:02 P:24 SP:B0
# 8EAD  0A       ASL A                            A:02 X:00 Y:02 P:24 SP:B1
# 8EAE  90 03    BCC BCC #$03                     A:04 X:00 Y:02 P:24 SP:B1
# 8EB3  4A       LSR A                            A:04 X:00 Y:02 P:24 SP:B1
<L002> ×2
# sample:
# 8EE4  D0 AC    BNE BNE #$AC                     A:00 X:00 Y:00 P:26 SP:B1
# 8EE6  8D 05 20 STA STA $2005                    A:00 X:00 Y:00 P:26 SP:B1
80C6  A0 00    LDY LDY #$00                     A:00 X:00 Y:00 P:26 SP:B3
80C8  AE 73 07 LDX LDX $0773                    A:00 X:00 Y:00 P:26 SP:B3
<L001> ×3
# sample:
# 80CB  E0 06    CPX CPX #$06                     A:00 X:06 Y:00 P:24 SP:B3
80D0  BE 80 80 LDX LDX $8080,Y                  A:00 X:06 Y:01 P:25 SP:B3
80D3  A9 00    LDA LDA #$00                     A:00 X:40 Y:01 P:25 SP:B3
<L022> ×2
# sample:
# 80D5  9D 00 03 STA STA $0300,X                  A:00 X:40 Y:01 P:27 SP:B3
<L001> ×2
# sample:
# 80DB  8D 73 07 STA STA $0773                    A:00 X:40 Y:01 P:27 SP:B3
80E1  8D 01 20 STA STA $2001                    A:00 X:40 Y:01 P:27 SP:B3
80E4  20 D0 F2 JSR JSR $F2D0                    A:00 X:40 Y:01 P:27 SP:B3
F2D0  AD 70 07 LDA LDA $0770                    A:00 X:40 Y:01 P:27 SP:B1
F2D3  D0 04    BNE BNE #$04                     A:00 X:40 Y:01 P:27 SP:B1
F2D5  8D 15 40 STA STA $4015                    A:00 X:40 Y:01 P:27 SP:B1
F2D8  60       RTS                              A:00 X:40 Y:01 P:27 SP:B1
80E7  20 5C 8E JSR JSR $8E5C                    A:00 X:40 Y:01 P:27 SP:B3
8E5C  A9 01    LDA LDA #$01                     A:00 X:40 Y:01 P:27 SP:B1
8E5E  8D 16 40 STA STA $4016                    A:01 X:40 Y:01 P:25 SP:B1
8E61  4A       LSR A                            A:01 X:40 Y:01 P:25 SP:B1
8E62  AA       TAX                              A:00 X:40 Y:01 P:27 SP:B1
8E63  8D 16 40 STA STA $4016                    A:00 X:00 Y:01 P:27 SP:B1
8E66  20 6A 8E JSR JSR $8E6A                    A:00 X:00 Y:01 P:27 SP:B1
8E6A  A0 08    LDY LDY #$08                     A:00 X:00 Y:01 P:27 SP:AF
[Repeated block (10 instrs)] ×8
8E6C  48       PHA                              A:00 X:00 Y:08 P:25 SP:AF
8E6D  BD 16 40 LDA LDA $4016,X                  A:00 X:00 Y:08 P:25 SP:AE
8E70  85 00    STA STA $00                      A:40 X:00 Y:08 P:25 SP:AE
8E72  4A       LSR A                            A:40 X:00 Y:08 P:25 SP:AE
8E73  05 00    ORA ORA $00                      A:20 X:00 Y:08 P:24 SP:AE
8E75  4A       LSR A                            A:60 X:00 Y:08 P:24 SP:AE
8E76  68       PLA                              A:30 X:00 Y:08 P:24 SP:AE
8E77  2A       ROL A                            A:00 X:00 Y:08 P:26 SP:AF
8E78  88       DEY                              A:00 X:00 Y:08 P:26 SP:AF
8E79  D0 F1    BNE BNE #$F1                     A:00 X:00 Y:07 P:24 SP:AF
8E7B  9D FC 06 STA STA $06FC,X                  A:00 X:00 Y:00 P:26 SP:AF
8E7E  48       PHA                              A:00 X:00 Y:00 P:26 SP:AF
8E7F  29 30    AND AND #$30                     A:00 X:00 Y:00 P:26 SP:AE
8E81  3D 4A 07 AND AND $074A,X                  A:00 X:00 Y:00 P:26 SP:AE
8E84  F0 07    BEQ BEQ #$07                     A:00 X:00 Y:00 P:26 SP:AE
8E8D  68       PLA                              A:00 X:00 Y:00 P:26 SP:AE
8E8E  9D 4A 07 STA STA $074A,X                  A:00 X:00 Y:00 P:26 SP:AF
8E91  60       RTS                              A:00 X:00 Y:00 P:26 SP:AF
8E69  E8       INX                              A:00 X:00 Y:00 P:26 SP:B1
8E6A  A0 08    LDY LDY #$08                     A:00 X:01 Y:00 P:24 SP:B1
[Repeated block (10 instrs)] ×8
8E6C  48       PHA                              A:00 X:01 Y:08 P:24 SP:B1
8E6D  BD 16 40 LDA LDA $4016,X                  A:00 X:01 Y:08 P:24 SP:B0
8E70  85 00    STA STA $00                      A:40 X:01 Y:08 P:24 SP:B0
8E72  4A       LSR A                            A:40 X:01 Y:08 P:24 SP:B0
8E73  05 00    ORA ORA $00                      A:20 X:01 Y:08 P:24 SP:B0
8E75  4A       LSR A                            A:60 X:01 Y:08 P:24 SP:B0
8E76  68       PLA                              A:30 X:01 Y:08 P:24 SP:B0
8E77  2A       ROL A                            A:00 X:01 Y:08 P:26 SP:B1
8E78  88       DEY                              A:00 X:01 Y:08 P:26 SP:B1
8E79  D0 F1    BNE BNE #$F1                     A:00 X:01 Y:07 P:24 SP:B1
8E7B  9D FC 06 STA STA $06FC,X                  A:00 X:01 Y:00 P:26 SP:B1
8E7E  48       PHA                              A:00 X:01 Y:00 P:26 SP:B1
8E7F  29 30    AND AND #$30                     A:00 X:01 Y:00 P:26 SP:B0
8E81  3D 4A 07 AND AND $074A,X                  A:00 X:01 Y:00 P:26 SP:B0
8E84  F0 07    BEQ BEQ #$07                     A:00 X:01 Y:00 P:26 SP:B0
8E8D  68       PLA                              A:00 X:01 Y:00 P:26 SP:B0
8E8E  9D 4A 07 STA STA $074A,X                  A:00 X:01 Y:00 P:26 SP:B1
8E91  60       RTS                              A:00 X:01 Y:00 P:26 SP:B1
80EA  20 82 81 JSR JSR $8182                    A:00 X:01 Y:00 P:26 SP:B3
8182  AD 70 07 LDA LDA $0770                    A:00 X:01 Y:00 P:26 SP:B1
8185  C9 02    CMP CMP #$02                     A:00 X:01 Y:00 P:26 SP:B1
8187  F0 0B    BEQ BEQ #$0B                     A:00 X:01 Y:00 P:A4 SP:B1
8189  C9 01    CMP CMP #$01                     A:00 X:01 Y:00 P:A4 SP:B1
818B  D0 38    BNE BNE #$38                     A:00 X:01 Y:00 P:A4 SP:B1
81C5  60       RTS                              A:00 X:01 Y:00 P:A4 SP:B1
80ED  20 97 8F JSR JSR $8F97                    A:00 X:01 Y:00 P:A4 SP:B3
8F97  A2 05    LDX LDX #$05                     A:00 X:01 Y:00 P:A4 SP:B1
8F99  20 9E 8F JSR JSR $8F9E                    A:00 X:05 Y:00 P:24 SP:B1
8F9E  A0 05    LDY LDY #$05                     A:00 X:05 Y:00 P:24 SP:AF
8FA0  38       SEC                              A:00 X:05 Y:05 P:24 SP:AF
[Repeated block (10 instrs)] ×3
<L010> ×2
# sample:
# 8FA1  BD DD 07 LDA LDA $07DD,X                  A:00 X:05 Y:05 P:25 SP:AF
# 8FA4  F9 D7 07 SBC SBC $07D7,Y                  A:00 X:05 Y:05 P:27 SP:AF
# 8FA7  CA       DEX                              A:00 X:05 Y:05 P:27 SP:AF
# 8FA8  88       DEY                              A:00 X:04 Y:05 P:25 SP:AF
# 8FA9  10 F6    BPL BPL #$F6                     A:00 X:04 Y:04 P:25 SP:AF
# 8FA1  BD DD 07 LDA LDA $07DD,X                  A:00 X:04 Y:04 P:25 SP:AF
8FAE  C8       INY                              A:00 X:00 Y:FF P:27 SP:AF
[Repeated block (6 instrs)] ×6
<L005> ×2
# sample:
# 8FAF  BD DD 07 LDA LDA $07DD,X                  A:00 X:00 Y:00 P:27 SP:AF
# 8FB2  99 D7 07 STA STA $07D7,Y                  A:00 X:00 Y:00 P:27 SP:AF
# 8FB5  E8       INX                              A:00 X:00 Y:00 P:27 SP:AF
8FBB  60       RTS                              A:00 X:06 Y:06 P:27 SP:AF
8F9C  A2 0B    LDX LDX #$0B                     A:00 X:06 Y:06 P:27 SP:B1
8F9E  A0 05    LDY LDY #$05                     A:00 X:0B Y:06 P:25 SP:B1
8FA0  38       SEC                              A:00 X:0B Y:05 P:25 SP:B1
[Repeated block (10 instrs)] ×3
<L010> ×2
# sample:
# 8FA1  BD DD 07 LDA LDA $07DD,X                  A:00 X:0B Y:05 P:25 SP:B1
# 8FA4  F9 D7 07 SBC SBC $07D7,Y                  A:00 X:0B Y:05 P:27 SP:B1
# 8FA7  CA       DEX                              A:00 X:0B Y:05 P:27 SP:B1
# 8FA8  88       DEY                              A:00 X:0A Y:05 P:25 SP:B1
# 8FA9  10 F6    BPL BPL #$F6                     A:00 X:0A Y:04 P:25 SP:B1
# 8FA1  BD DD 07 LDA LDA $07DD,X                  A:00 X:0A Y:04 P:25 SP:B1
8FAE  C8       INY                              A:00 X:06 Y:FF P:25 SP:B1
[Repeated block (6 instrs)] ×6
<L005> ×2
# sample:
# 8FAF  BD DD 07 LDA LDA $07DD,X                  A:00 X:06 Y:00 P:27 SP:B1
# 8FB2  99 D7 07 STA STA $07D7,Y                  A:00 X:06 Y:00 P:27 SP:B1
# 8FB5  E8       INX                              A:00 X:06 Y:00 P:27 SP:B1
8FBB  60       RTS                              A:00 X:0C Y:06 P:27 SP:B1
80F0  AD 76 07 LDA LDA $0776                    A:00 X:0C Y:06 P:27 SP:B3
80F3  4A       LSR A                            A:00 X:0C Y:06 P:27 SP:B3
80F4  B0 25    BCS BCS #$25                     A:00 X:0C Y:06 P:26 SP:B3
80F6  AD 47 07 LDA LDA $0747                    A:00 X:0C Y:06 P:26 SP:B3
80F9  F0 05    BEQ BEQ #$05                     A:00 X:0C Y:06 P:26 SP:B3
8100  A2 14    LDX LDX #$14                     A:00 X:0C Y:06 P:26 SP:B3
8102  CE 7F 07 DEC DEC $077F                    A:00 X:14 Y:06 P:24 SP:B3
8105  10 07    BPL BPL #$07                     A:00 X:14 Y:06 P:24 SP:B3
[Repeated block (8 instrs)] ×10
<L016> ×3
# sample:
# 810E  BD 80 07 LDA LDA $0780,X                  A:00 X:14 Y:06 P:24 SP:B3
# 8111  F0 03    BEQ BEQ #$03                     A:00 X:14 Y:06 P:26 SP:B3
# 8116  CA       DEX                              A:00 X:14 Y:06 P:26 SP:B3
# 8117  10 F5    BPL BPL #$F5                     A:00 X:13 Y:06 P:24 SP:B3
8119  E6 09    INC INC $09                      A:00 X:FF Y:06 P:A4 SP:B3
811B  A2 00    LDX LDX #$00                     A:00 X:FF Y:06 P:24 SP:B3
811D  A0 07    LDY LDY #$07                     A:00 X:00 Y:06 P:26 SP:B3
811F  AD A7 07 LDA LDA $07A7                    A:00 X:00 Y:07 P:24 SP:B3
8122  29 02    AND AND #$02                     A:D2 X:00 Y:07 P:A4 SP:B3
8124  85 00    STA STA $00                      A:02 X:00 Y:07 P:24 SP:B3
8126  AD A8 07 LDA LDA $07A8                    A:02 X:00 Y:07 P:24 SP:B3
8129  29 02    AND AND #$02                     A:A5 X:00 Y:07 P:A4 SP:B3
812B  45 00    EOR EOR $00                      A:00 X:00 Y:07 P:26 SP:B3
812D  18       CLC                              A:02 X:00 Y:07 P:24 SP:B3
812E  F0 01    BEQ BEQ #$01                     A:02 X:00 Y:07 P:24 SP:B3
8130  38       SEC                              A:02 X:00 Y:07 P:24 SP:B3
[Repeated block (8 instrs)] ×3
<L015> ×3
# sample:
# 8131  7E A7 07 ROR ROR $07A7,X                  A:02 X:00 Y:07 P:25 SP:B3
# 8134  E8       INX                              A:02 X:00 Y:07 P:A4 SP:B3
# 8135  88       DEY                              A:02 X:01 Y:07 P:24 SP:B3
# 8136  D0 F9    BNE BNE #$F9                     A:02 X:01 Y:06 P:24 SP:B3
8138  AD 22 07 LDA LDA $0722                    A:02 X:07 Y:00 P:26 SP:B3
813B  F0 1F    BEQ BEQ #$1F                     A:00 X:07 Y:00 P:26 SP:B3
<L023> ×2
# sample:
# 815C  AD 3F 07 LDA LDA $073F                    A:00 X:07 Y:00 P:26 SP:B3
# 815F  8D 05 20 STA STA $2005                    A:00 X:07 Y:00 P:26 SP:B3
8168  AD 78 07 LDA LDA $0778                    A:00 X:07 Y:00 P:26 SP:B3
816B  48       PHA                              A:10 X:07 Y:00 P:24 SP:B3
816C  8D 00 20 STA STA $2000                    A:10 X:07 Y:00 P:24 SP:B2
816F  AD 76 07 LDA LDA $0776                    A:10 X:07 Y:00 P:24 SP:B2
8172  4A       LSR A                            A:00 X:07 Y:00 P:26 SP:B2
8173  B0 03    BCS BCS #$03                     A:00 X:07 Y:00 P:26 SP:B2
8175  20 12 82 JSR JSR $8212                    A:00 X:07 Y:00 P:26 SP:B2
8212  AD 70 07 LDA LDA $0770                    A:00 X:07 Y:00 P:26 SP:B0
8215  20 04 8E JSR JSR $8E04                    A:00 X:07 Y:00 P:26 SP:B0
8E04  0A       ASL A                            A:00 X:07 Y:00 P:26 SP:AE
8E05  A8       TAY                              A:00 X:07 Y:00 P:26 SP:AE
<L006> ×2
# sample:
# 8E06  68       PLA                              A:00 X:07 Y:00 P:26 SP:AE
# 8E07  85 04    STA STA $04                      A:17 X:07 Y:00 P:24 SP:AF
<L007> ×2
# sample:
# 8E0C  C8       INY                              A:82 X:07 Y:00 P:A4 SP:B0
# 8E0D  B1 04    LDA LDA ($04),Y                  A:82 X:07 Y:01 P:24 SP:B0
# 8E0F  85 06    STA STA $06                      A:31 X:07 Y:01 P:24 SP:B0
8E16  6C 06 00 JMP JMP ($0006)                  A:82 X:07 Y:02 P:A4 SP:B0
8231  AD 72 07 LDA LDA $0772                    A:82 X:07 Y:02 P:A4 SP:B0
8234  20 04 8E JSR JSR $8E04                    A:01 X:07 Y:02 P:24 SP:B0
8E04  0A       ASL A                            A:01 X:07 Y:02 P:24 SP:AE
8E05  A8       TAY                              A:02 X:07 Y:02 P:24 SP:AE
<L006> ×2
# sample:
# 8E06  68       PLA                              A:02 X:07 Y:02 P:24 SP:AE
# 8E07  85 04    STA STA $04                      A:36 X:07 Y:02 P:24 SP:AF
<L007> ×2
# sample:
# 8E0C  C8       INY                              A:82 X:07 Y:02 P:A4 SP:B0
# 8E0D  B1 04    LDA LDA ($04),Y                  A:82 X:07 Y:03 P:24 SP:B0
# 8E0F  85 06    STA STA $06                      A:67 X:07 Y:03 P:24 SP:B0
8E16  6C 06 00 JMP JMP ($0006)                  A:85 X:07 Y:04 P:A4 SP:B0
8567  AD 3C 07 LDA LDA $073C                    A:85 X:07 Y:04 P:A4 SP:B0
856A  20 04 8E JSR JSR $8E04                    A:09 X:07 Y:04 P:24 SP:B0
8E04  0A       ASL A                            A:09 X:07 Y:04 P:24 SP:AE
8E05  A8       TAY                              A:12 X:07 Y:04 P:24 SP:AE
<L006> ×2
# sample:
# 8E06  68       PLA                              A:12 X:07 Y:12 P:24 SP:AE
# 8E07  85 04    STA STA $04                      A:6C X:07 Y:12 P:24 SP:AF
<L007> ×2
# sample:
# 8E0C  C8       INY                              A:85 X:07 Y:12 P:A4 SP:B0
# 8E0D  B1 04    LDA LDA ($04),Y                  A:85 X:07 Y:13 P:24 SP:B0
# 8E0F  85 06    STA STA $06                      A:BF X:07 Y:13 P:A4 SP:B0
8E16  6C 06 00 JMP JMP ($0006)                  A:85 X:07 Y:14 P:A4 SP:B0
85BF  AC 4E 07 LDY LDY $074E                    A:85 X:07 Y:14 P:A4 SP:B0
85C2  BE BB 85 LDX LDX $85BB,Y                  A:85 X:07 Y:01 P:24 SP:B0
85C5  8E 73 07 STX STX $0773                    A:85 X:02 Y:01 P:24 SP:B0
85C8  4C 45 87 JMP JMP $8745                    A:85 X:02 Y:01 P:24 SP:B0
8745  EE 3C 07 INC INC $073C                    A:85 X:02 Y:01 P:24 SP:B0
8748  60       RTS                              A:85 X:02 Y:01 P:24 SP:B0
8178  AD 02 20 LDA LDA $2002                    A:85 X:02 Y:01 P:24 SP:B2
817B  68       PLA                              A:00 X:02 Y:01 P:26 SP:B2
817C  09 80    ORA ORA #$80                     A:10 X:02 Y:01 P:24 SP:B3
817E  8D 00 20 STA STA $2000                    A:90 X:02 Y:01 P:A4 SP:B3
8181  40       RTI                              A:90 X:02 Y:01 P:A4 SP:B3
[Repeated block (6 instrs)] ×942
<L026> ×2
# sample:
# FFF0  19 19 1A ORA ORA $1A19,Y                  A:90 X:02 Y:01 P:26 SP:B6
# FFF3  1A       *NOP                             A:90 X:02 Y:01 P:A4 SP:B6
# FFF4  1C 1D 1D *NOP *NOP $1D1D,X                A:90 X:02 Y:01 P:A4 SP:B6
# FFF7  1E 1E 1F ASL ASL $1F1E,X                  A:90 X:02 Y:01 P:A4 SP:B6
# FFFA  82 80    *NOP *NOP #$80                   A:90 X:02 Y:01 P:24 SP:B6
8082  AD 78 07 LDA LDA $0778                    A:90 X:02 Y:01 P:26 SP:A9
<L011> ×2
# sample:
# 8085  29 7F    AND AND #$7F                     A:10 X:02 Y:01 P:24 SP:A9
# 8087  8D 78 07 STA STA $0778                    A:10 X:02 Y:01 P:24 SP:A9
808F  AD 79 07 LDA LDA $0779                    A:10 X:02 Y:01 P:24 SP:A9
8092  29 E6    AND AND #$E6                     A:00 X:02 Y:01 P:26 SP:A9
8094  AC 74 07 LDY LDY $0774                    A:00 X:02 Y:01 P:26 SP:A9
<L011> ×2
# sample:
# 8097  D0 05    BNE BNE #$05                     A:00 X:02 Y:02 P:24 SP:A9
# 809E  8D 79 07 STA STA $0779                    A:00 X:02 Y:02 P:24 SP:A9
80A6  AE 02 20 LDX LDX $2002                    A:00 X:02 Y:02 P:26 SP:A9
80A9  A9 00    LDA LDA #$00                     A:00 X:80 Y:02 P:A4 SP:A9
<L002> ×2
# sample:
# 80AB  20 E6 8E JSR JSR $8EE6                    A:00 X:80 Y:02 P:26 SP:A9
# 8EE6  8D 05 20 STA STA $2005                    A:00 X:80 Y:02 P:26 SP:A7
80AE  8D 03 20 STA STA $2003                    A:00 X:80 Y:02 P:26 SP:A9
80B1  A9 02    LDA LDA #$02                     A:00 X:80 Y:02 P:26 SP:A9
80B3  8D 14 40 STA STA $4014                    A:02 X:80 Y:02 P:24 SP:A9
80B6  AE 73 07 LDX LDX $0773                    A:02 X:80 Y:02 P:24 SP:A9
80B9  BD 5A 80 LDA LDA $805A,X                  A:02 X:02 Y:02 P:24 SP:A9
<L001> ×2
# sample:
# 80BC  85 00    STA STA $00                      A:C8 X:02 Y:02 P:A4 SP:A9
80C1  85 01    STA STA $01                      A:8C X:02 Y:02 P:A4 SP:A9
80C3  20 DD 8E JSR JSR $8EDD                    A:8C X:02 Y:02 P:A4 SP:A9
<L002> ×2
# sample:
# 8EDD  AE 02 20 LDX LDX $2002                    A:8C X:02 Y:02 P:A4 SP:A7
# 8EE0  A0 00    LDY LDY #$00                     A:8C X:00 Y:02 P:26 SP:A7
<L008> ×2
# sample:
# 8E92  8D 06 20 STA STA $2006                    A:3F X:00 Y:00 P:24 SP:A7
# 8E95  C8       INY                              A:3F X:00 Y:00 P:24 SP:A7
# 8E96  B1 00    LDA LDA ($00),Y                  A:3F X:00 Y:01 P:24 SP:A7
8E9E  0A       ASL A                            A:20 X:00 Y:02 P:24 SP:A7
8E9F  48       PHA                              A:40 X:00 Y:02 P:24 SP:A7
<L003> ×2
# sample:
# 8EA0  AD 78 07 LDA LDA $0778                    A:40 X:00 Y:02 P:24 SP:A6
# 8EA3  09 04    ORA ORA #$04                     A:10 X:00 Y:02 P:24 SP:A6
# 8EA5  B0 02    BCS BCS #$02                     A:14 X:00 Y:02 P:24 SP:A6
# 8EA7  29 FB    AND AND #$FB                     A:14 X:00 Y:02 P:24 SP:A6
# 8EA9  20 ED 8E JSR JSR $8EED                    A:10 X:00 Y:02 P:24 SP:A6
# 8EED  8D 00 20 STA STA $2000                    A:10 X:00 Y:02 P:24 SP:A4
# 8EF0  8D 78 07 STA STA $0778                    A:10 X:00 Y:02 P:24 SP:A4
# 8EF3  60       RTS                              A:10 X:00 Y:02 P:24 SP:A4
# 8EAC  68       PLA                              A:10 X:00 Y:02 P:24 SP:A6
# 8EAD  0A       ASL A                            A:40 X:00 Y:02 P:24 SP:A7
# 8EAE  90 03    BCC BCC #$03                     A:80 X:00 Y:02 P:A4 SP:A7
# 8EB3  4A       LSR A                            A:80 X:00 Y:02 P:A4 SP:A7
<L026> ×2
# sample:
# 8EBE  CA       DEX                              A:29 X:1F Y:04 P:24 SP:A7
# 8EBF  D0 F5    BNE BNE #$F5                     A:29 X:1E Y:04 P:24 SP:A7
# 8EB6  B0 01    BCS BCS #$01                     A:29 X:1E Y:04 P:24 SP:A7
# 8EB8  C8       INY                              A:29 X:1E Y:04 P:24 SP:A7
# 8EB9  B1 00    LDA LDA ($00),Y                  A:29 X:1E Y:05 P:24 SP:A7
[Repeated block (6 instrs)] ×2
<L039> ×2
# sample:
# 8EB9  B1 00    LDA LDA ($00),Y                  A:1A X:1D Y:06 P:24 SP:A7
# 8EBB  8D 07 20 STA STA $2007                    A:0F X:1D Y:06 P:24 SP:A7
# 8EBE  CA       DEX                              A:0F X:1D Y:06 P:24 SP:A7
# 8EBF  D0 F5    BNE BNE #$F5                     A:0F X:1C Y:06 P:24 SP:A7
# 8EB6  B0 01    BCS BCS #$01                     A:0F X:1C Y:06 P:24 SP:A7
# 8EB8  C8       INY                              A:0F X:1C Y:06 P:24 SP:A7
# 8EB9  B1 00    LDA LDA ($00),Y                  A:0F X:1B Y:08 P:24 SP:A7
# 8EBB  8D 07 20 STA STA $2007                    A:36 X:1B Y:08 P:24 SP:A7
# 8EBE  CA       DEX                              A:36 X:1B Y:08 P:24 SP:A7
[Repeated block (6 instrs)] ×2
<L039> ×2
# sample:
# 8EB9  B1 00    LDA LDA ($00),Y                  A:17 X:19 Y:0A P:24 SP:A7
# 8EBB  8D 07 20 STA STA $2007                    A:0F X:19 Y:0A P:24 SP:A7
# 8EBE  CA       DEX                              A:0F X:19 Y:0A P:24 SP:A7
# 8EBF  D0 F5    BNE BNE #$F5                     A:0F X:18 Y:0A P:24 SP:A7
# 8EB6  B0 01    BCS BCS #$01                     A:0F X:18 Y:0A P:24 SP:A7
# 8EB8  C8       INY                              A:0F X:18 Y:0A P:24 SP:A7
# 8EB9  B1 00    LDA LDA ($00),Y                  A:0F X:17 Y:0C P:24 SP:A7
# 8EBB  8D 07 20 STA STA $2007                    A:30 X:17 Y:0C P:24 SP:A7
# 8EBE  CA       DEX                              A:30 X:17 Y:0C P:24 SP:A7
[Repeated block (6 instrs)] ×2
<L039> ×2
# sample:
# 8EB9  B1 00    LDA LDA ($00),Y                  A:21 X:15 Y:0E P:24 SP:A7
# 8EBB  8D 07 20 STA STA $2007                    A:0F X:15 Y:0E P:24 SP:A7
# 8EBE  CA       DEX                              A:0F X:15 Y:0E P:24 SP:A7
# 8EBF  D0 F5    BNE BNE #$F5                     A:0F X:14 Y:0E P:24 SP:A7
# 8EB6  B0 01    BCS BCS #$01                     A:0F X:14 Y:0E P:24 SP:A7
# 8EB8  C8       INY                              A:0F X:14 Y:0E P:24 SP:A7
# 8EB9  B1 00    LDA LDA ($00),Y                  A:0F X:13 Y:10 P:24 SP:A7
# 8EBB  8D 07 20 STA STA $2007                    A:27 X:13 Y:10 P:24 SP:A7
# 8EBE  CA       DEX                              A:27 X:13 Y:10 P:24 SP:A7
[Repeated block (6 instrs)] ×2
<L003> ×6
# sample:
# 8EB9  B1 00    LDA LDA ($00),Y                  A:17 X:11 Y:12 P:24 SP:A7
# 8EBB  8D 07 20 STA STA $2007                    A:0F X:11 Y:12 P:24 SP:A7
# 8EBE  CA       DEX                              A:0F X:11 Y:12 P:24 SP:A7
# 8EBF  D0 F5    BNE BNE #$F5                     A:0F X:10 Y:12 P:24 SP:A7
# 8EB6  B0 01    BCS BCS #$01                     A:0F X:10 Y:12 P:24 SP:A7
# 8EB8  C8       INY                              A:0F X:10 Y:12 P:24 SP:A7
# 8EB9  B1 00    LDA LDA ($00),Y                  A:0F X:0F Y:14 P:24 SP:A7
# 8EBB  8D 07 20 STA STA $2007                    A:16 X:0F Y:14 P:24 SP:A7
# 8EBE  CA       DEX                              A:16 X:0F Y:14 P:24 SP:A7
# 8EBF  D0 F5    BNE BNE #$F5                     A:16 X:0E Y:14 P:24 SP:A7
# 8EB6  B0 01    BCS BCS #$01                     A:16 X:0E Y:14 P:24 SP:A7
# 8EB8  C8       INY                              A:16 X:0E Y:14 P:24 SP:A7
[Repeated block (6 instrs)] ×2
<L003> ×3
# sample:
# 8EB9  B1 00    LDA LDA ($00),Y                  A:27 X:04 Y:1F P:24 SP:A7
# 8EBB  8D 07 20 STA STA $2007                    A:0F X:04 Y:1F P:24 SP:A7
# 8EBE  CA       DEX                              A:0F X:04 Y:1F P:24 SP:A7
# 8EBF  D0 F5    BNE BNE #$F5                     A:0F X:03 Y:1F P:24 SP:A7
# 8EB6  B0 01    BCS BCS #$01                     A:0F X:03 Y:1F P:24 SP:A7
# 8EB8  C8       INY                              A:0F X:03 Y:1F P:24 SP:A7
# 8EB9  B1 00    LDA LDA ($00),Y                  A:0F X:02 Y:21 P:24 SP:A7
# 8EBB  8D 07 20 STA STA $2007                    A:36 X:02 Y:21 P:24 SP:A7
# 8EBE  CA       DEX                              A:36 X:02 Y:21 P:24 SP:A7
# 8EBF  D0 F5    BNE BNE #$F5                     A:36 X:01 Y:21 P:24 SP:A7
# 8EB6  B0 01    BCS BCS #$01                     A:36 X:01 Y:21 P:24 SP:A7
# 8EB8  C8       INY                              A:36 X:01 Y:21 P:24 SP:A7
80C6  A0 00    LDY LDY #$00                     A:00 X:00 Y:00 P:26 SP:A9
80C8  AE 73 07 LDX LDX $0773                    A:00 X:00 Y:00 P:26 SP:A9
<L001> ×2
# sample:
# 80CB  E0 06    CPX CPX #$06                     A:00 X:02 Y:00 P:24 SP:A9
80D0  BE 80 80 LDX LDX $8080,Y                  A:00 X:02 Y:00 P:A4 SP:A9
80D3  A9 00    LDA LDA #$00                     A:00 X:00 Y:00 P:26 SP:A9
<L022> ×2
# sample:
# 80D5  9D 00 03 STA STA $0300,X                  A:00 X:00 Y:00 P:26 SP:A9
<L001> ×2
# sample:
# 80DB  8D 73 07 STA STA $0773                    A:00 X:00 Y:00 P:26 SP:A9
80E1  8D 01 20 STA STA $2001                    A:00 X:00 Y:00 P:26 SP:A9
80E4  20 D0 F2 JSR JSR $F2D0                    A:00 X:00 Y:00 P:26 SP:A9
F2D0  AD 70 07 LDA LDA $0770                    A:00 X:00 Y:00 P:26 SP:A7
F2D3  D0 04    BNE BNE #$04                     A:00 X:00 Y:00 P:26 SP:A7
F2D5  8D 15 40 STA STA $4015                    A:00 X:00 Y:00 P:26 SP:A7
F2D8  60       RTS                              A:00 X:00 Y:00 P:26 SP:A7
80E7  20 5C 8E JSR JSR $8E5C                    A:00 X:00 Y:00 P:26 SP:A9
8E5C  A9 01    LDA LDA #$01                     A:00 X:00 Y:00 P:26 SP:A7
8E5E  8D 16 40 STA STA $4016                    A:01 X:00 Y:00 P:24 SP:A7
8E61  4A       LSR A                            A:01 X:00 Y:00 P:24 SP:A7
8E62  AA       TAX                              A:00 X:00 Y:00 P:27 SP:A7
8E63  8D 16 40 STA STA $4016                    A:00 X:00 Y:00 P:27 SP:A7
8E66  20 6A 8E JSR JSR $8E6A                    A:00 X:00 Y:00 P:27 SP:A7
8E6A  A0 08    LDY LDY #$08                     A:00 X:00 Y:00 P:27 SP:A5
[Repeated block (10 instrs)] ×8
8E6C  48       PHA                              A:00 X:00 Y:08 P:25 SP:A5
8E6D  BD 16 40 LDA LDA $4016,X                  A:00 X:00 Y:08 P:25 SP:A4
8E70  85 00    STA STA $00                      A:40 X:00 Y:08 P:25 SP:A4
8E72  4A       LSR A                            A:40 X:00 Y:08 P:25 SP:A4
8E73  05 00    ORA ORA $00                      A:20 X:00 Y:08 P:24 SP:A4
8E75  4A       LSR A                            A:60 X:00 Y:08 P:24 SP:A4
8E76  68       PLA                              A:30 X:00 Y:08 P:24 SP:A4
8E77  2A       ROL A                            A:00 X:00 Y:08 P:26 SP:A5
8E78  88       DEY                              A:00 X:00 Y:08 P:26 SP:A5
8E79  D0 F1    BNE BNE #$F1                     A:00 X:00 Y:07 P:24 SP:A5
8E7B  9D FC 06 STA STA $06FC,X                  A:00 X:00 Y:00 P:26 SP:A5
8E7E  48       PHA                              A:00 X:00 Y:00 P:26 SP:A5
8E7F  29 30    AND AND #$30                     A:00 X:00 Y:00 P:26 SP:A4
8E81  3D 4A 07 AND AND $074A,X                  A:00 X:00 Y:00 P:26 SP:A4
8E84  F0 07    BEQ BEQ #$07                     A:00 X:00 Y:00 P:26 SP:A4
8E8D  68       PLA                              A:00 X:00 Y:00 P:26 SP:A4
8E8E  9D 4A 07 STA STA $074A,X                  A:00 X:00 Y:00 P:26 SP:A5
8E91  60       RTS                              A:00 X:00 Y:00 P:26 SP:A5
8E69  E8       INX                              A:00 X:00 Y:00 P:26 SP:A7
8E6A  A0 08    LDY LDY #$08                     A:00 X:01 Y:00 P:24 SP:A7
[Repeated block (10 instrs)] ×8
8E6C  48       PHA                              A:00 X:01 Y:08 P:24 SP:A7
8E6D  BD 16 40 LDA LDA $4016,X                  A:00 X:01 Y:08 P:24 SP:A6
8E70  85 00    STA STA $00                      A:40 X:01 Y:08 P:24 SP:A6
8E72  4A       LSR A                            A:40 X:01 Y:08 P:24 SP:A6
8E73  05 00    ORA ORA $00                      A:20 X:01 Y:08 P:24 SP:A6
8E75  4A       LSR A                            A:60 X:01 Y:08 P:24 SP:A6
8E76  68       PLA                              A:30 X:01 Y:08 P:24 SP:A6
8E77  2A       ROL A                            A:00 X:01 Y:08 P:26 SP:A7
8E78  88       DEY                              A:00 X:01 Y:08 P:26 SP:A7
8E79  D0 F1    BNE BNE #$F1                     A:00 X:01 Y:07 P:24 SP:A7
8E7B  9D FC 06 STA STA $06FC,X                  A:00 X:01 Y:00 P:26 SP:A7
8E7E  48       PHA                              A:00 X:01 Y:00 P:26 SP:A7
8E7F  29 30    AND AND #$30                     A:00 X:01 Y:00 P:26 SP:A6
8E81  3D 4A 07 AND AND $074A,X                  A:00 X:01 Y:00 P:26 SP:A6
8E84  F0 07    BEQ BEQ #$07                     A:00 X:01 Y:00 P:26 SP:A6
8E8D  68       PLA                              A:00 X:01 Y:00 P:26 SP:A6
8E8E  9D 4A 07 STA STA $074A,X                  A:00 X:01 Y:00 P:26 SP:A7
8E91  60       RTS                              A:00 X:01 Y:00 P:26 SP:A7
80EA  20 82 81 JSR JSR $8182                    A:00 X:01 Y:00 P:26 SP:A9
8182  AD 70 07 LDA LDA $0770                    A:00 X:01 Y:00 P:26 SP:A7
8185  C9 02    CMP CMP #$02                     A:00 X:01 Y:00 P:26 SP:A7
8187  F0 0B    BEQ BEQ #$0B                     A:00 X:01 Y:00 P:A4 SP:A7
8189  C9 01    CMP CMP #$01                     A:00 X:01 Y:00 P:A4 SP:A7
818B  D0 38    BNE BNE #$38                     A:00 X:01 Y:00 P:A4 SP:A7
81C5  60       RTS                              A:00 X:01 Y:00 P:A4 SP:A7
80ED  20 97 8F JSR JSR $8F97                    A:00 X:01 Y:00 P:A4 SP:A9
8F97  A2 05    LDX LDX #$05                     A:00 X:01 Y:00 P:A4 SP:A7
8F99  20 9E 8F JSR JSR $8F9E                    A:00 X:05 Y:00 P:24 SP:A7
8F9E  A0 05    LDY LDY #$05                     A:00 X:05 Y:00 P:24 SP:A5
8FA0  38       SEC                              A:00 X:05 Y:05 P:24 SP:A5
[Repeated block (10 instrs)] ×3
<L010> ×2
# sample:
# 8FA1  BD DD 07 LDA LDA $07DD,X                  A:00 X:05 Y:05 P:25 SP:A5
# 8FA4  F9 D7 07 SBC SBC $07D7,Y                  A:00 X:05 Y:05 P:27 SP:A5
# 8FA7  CA       DEX                              A:00 X:05 Y:05 P:27 SP:A5
# 8FA8  88       DEY                              A:00 X:04 Y:05 P:25 SP:A5
# 8FA9  10 F6    BPL BPL #$F6                     A:00 X:04 Y:04 P:25 SP:A5
# 8FA1  BD DD 07 LDA LDA $07DD,X                  A:00 X:04 Y:04 P:25 SP:A5
8FAE  C8       INY                              A:00 X:00 Y:FF P:27 SP:A5
[Repeated block (6 instrs)] ×6
<L005> ×2
# sample:
# 8FAF  BD DD 07 LDA LDA $07DD,X                  A:00 X:00 Y:00 P:27 SP:A5
# 8FB2  99 D7 07 STA STA $07D7,Y                  A:00 X:00 Y:00 P:27 SP:A5
# 8FB5  E8       INX                              A:00 X:00 Y:00 P:27 SP:A5
8FBB  60       RTS                              A:00 X:06 Y:06 P:27 SP:A5
8F9C  A2 0B    LDX LDX #$0B                     A:00 X:06 Y:06 P:27 SP:A7
8F9E  A0 05    LDY LDY #$05                     A:00 X:0B Y:06 P:25 SP:A7
8FA0  38       SEC                              A:00 X:0B Y:05 P:25 SP:A7
[Repeated block (10 instrs)] ×3
<L010> ×2
# sample:
# 8FA1  BD DD 07 LDA LDA $07DD,X                  A:00 X:0B Y:05 P:25 SP:A7
# 8FA4  F9 D7 07 SBC SBC $07D7,Y                  A:00 X:0B Y:05 P:27 SP:A7
# 8FA7  CA       DEX                              A:00 X:0B Y:05 P:27 SP:A7
# 8FA8  88       DEY                              A:00 X:0A Y:05 P:25 SP:A7
# 8FA9  10 F6    BPL BPL #$F6                     A:00 X:0A Y:04 P:25 SP:A7
# 8FA1  BD DD 07 LDA LDA $07DD,X                  A:00 X:0A Y:04 P:25 SP:A7
8FAE  C8       INY                              A:00 X:06 Y:FF P:25 SP:A7
[Repeated block (6 instrs)] ×6
<L005> ×2
# sample:
# 8FAF  BD DD 07 LDA LDA $07DD,X                  A:00 X:06 Y:00 P:27 SP:A7
# 8FB2  99 D7 07 STA STA $07D7,Y                  A:00 X:06 Y:00 P:27 SP:A7
# 8FB5  E8       INX                              A:00 X:06 Y:00 P:27 SP:A7
8FBB  60       RTS                              A:00 X:0C Y:06 P:27 SP:A7
80F0  AD 76 07 LDA LDA $0776                    A:00 X:0C Y:06 P:27 SP:A9
80F3  4A       LSR A                            A:00 X:0C Y:06 P:27 SP:A9
80F4  B0 25    BCS BCS #$25                     A:00 X:0C Y:06 P:26 SP:A9
80F6  AD 47 07 LDA LDA $0747                    A:00 X:0C Y:06 P:26 SP:A9
80F9  F0 05    BEQ BEQ #$05                     A:00 X:0C Y:06 P:26 SP:A9
8100  A2 14    LDX LDX #$14                     A:00 X:0C Y:06 P:26 SP:A9
8102  CE 7F 07 DEC DEC $077F                    A:00 X:14 Y:06 P:24 SP:A9
8105  10 07    BPL BPL #$07                     A:00 X:14 Y:06 P:24 SP:A9
[Repeated block (8 instrs)] ×10
<L016> ×3
# sample:
# 810E  BD 80 07 LDA LDA $0780,X                  A:00 X:14 Y:06 P:24 SP:A9
# 8111  F0 03    BEQ BEQ #$03                     A:00 X:14 Y:06 P:26 SP:A9
# 8116  CA       DEX                              A:00 X:14 Y:06 P:26 SP:A9
# 8117  10 F5    BPL BPL #$F5                     A:00 X:13 Y:06 P:24 SP:A9
8119  E6 09    INC INC $09                      A:00 X:FF Y:06 P:A4 SP:A9
811B  A2 00    LDX LDX #$00                     A:00 X:FF Y:06 P:24 SP:A9
811D  A0 07    LDY LDY #$07                     A:00 X:00 Y:06 P:26 SP:A9
811F  AD A7 07 LDA LDA $07A7                    A:00 X:00 Y:07 P:24 SP:A9
8122  29 02    AND AND #$02                     A:E9 X:00 Y:07 P:A4 SP:A9
8124  85 00    STA STA $00                      A:00 X:00 Y:07 P:26 SP:A9
8126  AD A8 07 LDA LDA $07A8                    A:00 X:00 Y:07 P:26 SP:A9
8129  29 02    AND AND #$02                     A:52 X:00 Y:07 P:24 SP:A9
812B  45 00    EOR EOR $00                      A:02 X:00 Y:07 P:24 SP:A9
812D  18       CLC                              A:02 X:00 Y:07 P:24 SP:A9
812E  F0 01    BEQ BEQ #$01                     A:02 X:00 Y:07 P:24 SP:A9
8130  38       SEC                              A:02 X:00 Y:07 P:24 SP:A9
[Repeated block (8 instrs)] ×3
<L015> ×3
# sample:
# 8131  7E A7 07 ROR ROR $07A7,X                  A:02 X:00 Y:07 P:25 SP:A9
# 8134  E8       INX                              A:02 X:00 Y:07 P:A5 SP:A9
# 8135  88       DEY                              A:02 X:01 Y:07 P:25 SP:A9
# 8136  D0 F9    BNE BNE #$F9                     A:02 X:01 Y:06 P:25 SP:A9
8138  AD 22 07 LDA LDA $0722                    A:02 X:07 Y:00 P:26 SP:A9
813B  F0 1F    BEQ BEQ #$1F                     A:00 X:07 Y:00 P:26 SP:A9
<L023> ×2
# sample:
# 815C  AD 3F 07 LDA LDA $073F                    A:00 X:07 Y:00 P:26 SP:A9
# 815F  8D 05 20 STA STA $2005                    A:00 X:07 Y:00 P:26 SP:A9
8168  AD 78 07 LDA LDA $0778                    A:00 X:07 Y:00 P:26 SP:A9
816B  48       PHA                              A:10 X:07 Y:00 P:24 SP:A9
816C  8D 00 20 STA STA $2000                    A:10 X:07 Y:00 P:24 SP:A8
816F  AD 76 07 LDA LDA $0776                    A:10 X:07 Y:00 P:24 SP:A8
8172  4A       LSR A                            A:00 X:07 Y:00 P:26 SP:A8
8173  B0 03    BCS BCS #$03                     A:00 X:07 Y:00 P:26 SP:A8
8175  20 12 82 JSR JSR $8212                    A:00 X:07 Y:00 P:26 SP:A8
8212  AD 70 07 LDA LDA $0770                    A:00 X:07 Y:00 P:26 SP:A6
8215  20 04 8E JSR JSR $8E04                    A:00 X:07 Y:00 P:26 SP:A6
8E04  0A       ASL A                            A:00 X:07 Y:00 P:26 SP:A4
8E05  A8       TAY                              A:00 X:07 Y:00 P:26 SP:A4
<L006> ×2
# sample:
# 8E06  68       PLA                              A:00 X:07 Y:00 P:26 SP:A4
# 8E07  85 04    STA STA $04                      A:17 X:07 Y:00 P:24 SP:A5
<L007> ×2
# sample:
# 8E0C  C8       INY                              A:82 X:07 Y:00 P:A4 SP:A6
# 8E0D  B1 04    LDA LDA ($04),Y                  A:82 X:07 Y:01 P:24 SP:A6
# 8E0F  85 06    STA STA $06                      A:31 X:07 Y:01 P:24 SP:A6
8E16  6C 06 00 JMP JMP ($0006)                  A:82 X:07 Y:02 P:A4 SP:A6
8231  AD 72 07 LDA LDA $0772                    A:82 X:07 Y:02 P:A4 SP:A6
8234  20 04 8E JSR JSR $8E04                    A:01 X:07 Y:02 P:24 SP:A6
8E04  0A       ASL A                            A:01 X:07 Y:02 P:24 SP:A4
8E05  A8       TAY                              A:02 X:07 Y:02 P:24 SP:A4
<L006> ×2
# sample:
# 8E06  68       PLA                              A:02 X:07 Y:02 P:24 SP:A4
# 8E07  85 04    STA STA $04                      A:36 X:07 Y:02 P:24 SP:A5
<L007> ×2
# sample:
# 8E0C  C8       INY                              A:82 X:07 Y:02 P:A4 SP:A6
# 8E0D  B1 04    LDA LDA ($04),Y                  A:82 X:07 Y:03 P:24 SP:A6
# 8E0F  85 06    STA STA $06                      A:67 X:07 Y:03 P:24 SP:A6
8E16  6C 06 00 JMP JMP ($0006)                  A:85 X:07 Y:04 P:A4 SP:A6
8567  AD 3C 07 LDA LDA $073C                    A:85 X:07 Y:04 P:A4 SP:A6
856A  20 04 8E JSR JSR $8E04                    A:0A X:07 Y:04 P:24 SP:A6
8E04  0A       ASL A                            A:0A X:07 Y:04 P:24 SP:A4
8E05  A8       TAY                              A:14 X:07 Y:04 P:24 SP:A4
<L006> ×2
# sample:
# 8E06  68       PLA                              A:14 X:07 Y:14 P:24 SP:A4
# 8E07  85 04    STA STA $04                      A:6C X:07 Y:14 P:24 SP:A5
<L007> ×2
# sample:
# 8E0C  C8       INY                              A:85 X:07 Y:14 P:A4 SP:A6
# 8E0D  B1 04    LDA LDA ($04),Y                  A:85 X:07 Y:15 P:24 SP:A6
# 8E0F  85 06    STA STA $06                      A:E3 X:07 Y:15 P:A4 SP:A6
8E16  6C 06 00 JMP JMP ($0006)                  A:85 X:07 Y:16 P:A4 SP:A6
85E3  AC 44 07 LDY LDY $0744                    A:85 X:07 Y:16 P:A4 SP:A6
85E6  F0 06    BEQ BEQ #$06                     A:85 X:07 Y:00 P:26 SP:A6
85EE  EE 3C 07 INC INC $073C                    A:85 X:07 Y:00 P:26 SP:A6
85F1  AE 00 03 LDX LDX $0300                    A:85 X:07 Y:00 P:24 SP:A6
85F4  A0 00    LDY LDY #$00                     A:85 X:00 Y:00 P:26 SP:A6
85F6  AD 53 07 LDA LDA $0753                    A:85 X:00 Y:00 P:26 SP:A6
85F9  F0 02    BEQ BEQ #$02                     A:00 X:00 Y:00 P:26 SP:A6
85FD  AD 56 07 LDA LDA $0756                    A:00 X:00 Y:00 P:26 SP:A6
8600  C9 02    CMP CMP #$02                     A:00 X:00 Y:00 P:26 SP:A6
8602  D0 02    BNE BNE #$02                     A:00 X:00 Y:00 P:A4 SP:A6
8606  A9 03    LDA LDA #$03                     A:00 X:00 Y:00 P:A4 SP:A6
8608  85 00    STA STA $00                      A:03 X:00 Y:00 P:24 SP:A6
<L049> ×2
# sample:
# 860A  B9 D7 85 LDA LDA $85D7,Y                  A:03 X:00 Y:00 P:24 SP:A6
# 860D  9D 04 03 STA STA $0304,X                  A:22 X:00 Y:00 P:24 SP:A6
# 8610  C8       INY                              A:22 X:00 Y:00 P:24 SP:A6
# 8611  E8       INX                              A:22 X:00 Y:01 P:24 SP:A6
# 8612  C6 00    DEC DEC $00                      A:22 X:01 Y:01 P:24 SP:A6
# 8614  10 F4    BPL BPL #$F4                     A:22 X:01 Y:01 P:24 SP:A6
# 860A  B9 D7 85 LDA LDA $85D7,Y                  A:22 X:01 Y:01 P:24 SP:A6
# 860D  9D 04 03 STA STA $0304,X                  A:16 X:01 Y:01 P:24 SP:A6
# 8610  C8       INY                              A:16 X:01 Y:01 P:24 SP:A6
# 8611  E8       INX                              A:16 X:01 Y:02 P:24 SP:A6
# 8612  C6 00    DEC DEC $00                      A:16 X:02 Y:02 P:24 SP:A6
# 8614  10 F4    BPL BPL #$F4                     A:16 X:02 Y:02 P:24 SP:A6
8616  AE 00 03 LDX LDX $0300                    A:18 X:04 Y:04 P:A4 SP:A6
8619  AC 44 07 LDY LDY $0744                    A:18 X:00 Y:04 P:26 SP:A6
861C  D0 03    BNE BNE #$03                     A:18 X:00 Y:00 P:26 SP:A6
861E  AC 4E 07 LDY LDY $074E                    A:18 X:00 Y:00 P:26 SP:A6
8621  B9 CF 85 LDA LDA $85CF,Y                  A:18 X:00 Y:01 P:24 SP:A6
<L053> ×2
# sample:
# 8624  9D 04 03 STA STA $0304,X                  A:22 X:00 Y:01 P:24 SP:A6
# 8627  A9 3F    LDA LDA #$3F                     A:22 X:00 Y:01 P:24 SP:A6
# 8629  9D 01 03 STA STA $0301,X                  A:3F X:00 Y:01 P:24 SP:A6
# 862C  A9 10    LDA LDA #$10                     A:3F X:00 Y:01 P:24 SP:A6
8638  9D 08 03 STA STA $0308,X                  A:00 X:00 Y:01 P:26 SP:A6
863B  8A       TXA                              A:00 X:00 Y:01 P:26 SP:A6
863C  18       CLC                              A:00 X:00 Y:01 P:26 SP:A6
863D  69 07    ADC ADC #$07                     A:00 X:00 Y:01 P:26 SP:A6
863F  8D 00 03 STA STA $0300                    A:07 X:00 Y:01 P:24 SP:A6
8642  60       RTS                              A:07 X:00 Y:01 P:24 SP:A6
8178  AD 02 20 LDA LDA $2002                    A:07 X:00 Y:01 P:24 SP:A8
817B  68       PLA                              A:00 X:00 Y:01 P:26 SP:A8
817C  09 80    ORA ORA #$80                     A:10 X:00 Y:01 P:24 SP:A9
817E  8D 00 20 STA STA $2000                    A:90 X:00 Y:01 P:A4 SP:A9
8181  40       RTI                              A:90 X:00 Y:01 P:A4 SP:A9
[Repeated block (6 instrs)] ×1038
<L018> ×2
# sample:
# FFFA  82 80    *NOP *NOP #$80                   A:90 X:00 Y:01 P:26 SP:AC
# FFFC  00       BRK                              A:90 X:00 Y:01 P:26 SP:AC
# FFF0  19 19 1A ORA ORA $1A19,Y                  A:90 X:00 Y:01 P:26 SP:A9
# FFF3  1A       *NOP                             A:90 X:00 Y:01 P:A4 SP:A9
8082  AD 78 07 LDA LDA $0778                    A:90 X:00 Y:01 P:26 SP:7C
<L011> ×2
# sample:
# 8085  29 7F    AND AND #$7F                     A:10 X:00 Y:01 P:24 SP:7C
# 8087  8D 78 07 STA STA $0778                    A:10 X:00 Y:01 P:24 SP:7C
808F  AD 79 07 LDA LDA $0779                    A:10 X:00 Y:01 P:24 SP:7C
8092  29 E6    AND AND #$E6                     A:00 X:00 Y:01 P:26 SP:7C
8094  AC 74 07 LDY LDY $0774                    A:00 X:00 Y:01 P:26 SP:7C
<L011> ×2
# sample:
# 8097  D0 05    BNE BNE #$05                     A:00 X:00 Y:02 P:24 SP:7C
# 809E  8D 79 07 STA STA $0779                    A:00 X:00 Y:02 P:24 SP:7C
80A6  AE 02 20 LDX LDX $2002                    A:00 X:00 Y:02 P:26 SP:7C
80A9  A9 00    LDA LDA #$00                     A:00 X:80 Y:02 P:A4 SP:7C
<L002> ×2
# sample:
# 80AB  20 E6 8E JSR JSR $8EE6                    A:00 X:80 Y:02 P:26 SP:7C
# 8EE6  8D 05 20 STA STA $2005                    A:00 X:80 Y:02 P:26 SP:7A
80AE  8D 03 20 STA STA $2003                    A:00 X:80 Y:02 P:26 SP:7C
80B1  A9 02    LDA LDA #$02                     A:00 X:80 Y:02 P:26 SP:7C
80B3  8D 14 40 STA STA $4014                    A:02 X:80 Y:02 P:24 SP:7C
80B6  AE 73 07 LDX LDX $0773                    A:02 X:80 Y:02 P:24 SP:7C
80B9  BD 5A 80 LDA LDA $805A,X                  A:02 X:00 Y:02 P:26 SP:7C
<L001> ×2
# sample:
# 80BC  85 00    STA STA $00                      A:01 X:00 Y:02 P:24 SP:7C
80C1  85 01    STA STA $01                      A:03 X:00 Y:02 P:24 SP:7C
80C3  20 DD 8E JSR JSR $8EDD                    A:03 X:00 Y:02 P:24 SP:7C
<L002> ×2
# sample:
# 8EDD  AE 02 20 LDX LDX $2002                    A:03 X:00 Y:02 P:24 SP:7A
# 8EE0  A0 00    LDY LDY #$00                     A:03 X:00 Y:02 P:26 SP:7A
<L008> ×2
# sample:
# 8E92  8D 06 20 STA STA $2006                    A:3F X:00 Y:00 P:24 SP:7A
# 8E95  C8       INY                              A:3F X:00 Y:00 P:24 SP:7A
# 8E96  B1 00    LDA LDA ($00),Y                  A:3F X:00 Y:01 P:24 SP:7A
8E9E  0A       ASL A                            A:04 X:00 Y:02 P:24 SP:7A
8E9F  48       PHA                              A:08 X:00 Y:02 P:24 SP:7A
<L003> ×4
# sample:
# 8EA0  AD 78 07 LDA LDA $0778                    A:08 X:00 Y:02 P:24 SP:79
# 8EA3  09 04    ORA ORA #$04                     A:10 X:00 Y:02 P:24 SP:79
# 8EA5  B0 02    BCS BCS #$02                     A:14 X:00 Y:02 P:24 SP:79
# 8EA7  29 FB    AND AND #$FB                     A:14 X:00 Y:02 P:24 SP:79
# 8EA9  20 ED 8E JSR JSR $8EED                    A:10 X:00 Y:02 P:24 SP:79
# 8EED  8D 00 20 STA STA $2000                    A:10 X:00 Y:02 P:24 SP:77
# 8EF0  8D 78 07 STA STA $0778                    A:10 X:00 Y:02 P:24 SP:77
# 8EF3  60       RTS                              A:10 X:00 Y:02 P:24 SP:77
# 8EAC  68       PLA                              A:10 X:00 Y:02 P:24 SP:79
# 8EAD  0A       ASL A                            A:08 X:00 Y:02 P:24 SP:7A
# 8EAE  90 03    BCC BCC #$03                     A:10 X:00 Y:02 P:24 SP:7A
# 8EB3  4A       LSR A                            A:10 X:00 Y:02 P:24 SP:7A
<L026> ×2
# sample:
# 8ED4  8D 06 20 STA STA $2006                    A:00 X:00 Y:06 P:26 SP:7A
# 8ED7  8D 06 20 STA STA $2006                    A:00 X:00 Y:06 P:26 SP:7A
# 8EDA  8D 06 20 STA STA $2006                    A:00 X:00 Y:06 P:26 SP:7A
# 8EDD  AE 02 20 LDX LDX $2002                    A:00 X:00 Y:06 P:26 SP:7A
# 8EE0  A0 00    LDY LDY #$00                     A:00 X:00 Y:06 P:26 SP:7A
80C6  A0 00    LDY LDY #$00                     A:00 X:00 Y:00 P:26 SP:7C
80C8  AE 73 07 LDX LDX $0773                    A:00 X:00 Y:00 P:26 SP:7C
<L001> ×2
# sample:
# 80CB  E0 06    CPX CPX #$06                     A:00 X:00 Y:00 P:26 SP:7C
80D0  BE 80 80 LDX LDX $8080,Y                  A:00 X:00 Y:00 P:A4 SP:7C
80D3  A9 00    LDA LDA #$00                     A:00 X:00 Y:00 P:26 SP:7C
<L022> ×2
# sample:
# 80D5  9D 00 03 STA STA $0300,X                  A:00 X:00 Y:00 P:26 SP:7C
<L001> ×2
# sample:
# 80DB  8D 73 07 STA STA $0773                    A:00 X:00 Y:00 P:26 SP:7C
80E1  8D 01 20 STA STA $2001                    A:00 X:00 Y:00 P:26 SP:7C
80E4  20 D0 F2 JSR JSR $F2D0                    A:00 X:00 Y:00 P:26 SP:7C
F2D0  AD 70 07 LDA LDA $0770                    A:00 X:00 Y:00 P:26 SP:7A
F2D3  D0 04    BNE BNE #$04                     A:00 X:00 Y:00 P:26 SP:7A
F2D5  8D 15 40 STA STA $4015                    A:00 X:00 Y:00 P:26 SP:7A
F2D8  60       RTS                              A:00 X:00 Y:00 P:26 SP:7A
80E7  20 5C 8E JSR JSR $8E5C                    A:00 X:00 Y:00 P:26 SP:7C
8E5C  A9 01    LDA LDA #$01                     A:00 X:00 Y:00 P:26 SP:7A
8E5E  8D 16 40 STA STA $4016                    A:01 X:00 Y:00 P:24 SP:7A
8E61  4A       LSR A                            A:01 X:00 Y:00 P:24 SP:7A
8E62  AA       TAX                              A:00 X:00 Y:00 P:27 SP:7A
8E63  8D 16 40 STA STA $4016                    A:00 X:00 Y:00 P:27 SP:7A
8E66  20 6A 8E JSR JSR $8E6A                    A:00 X:00 Y:00 P:27 SP:7A
8E6A  A0 08    LDY LDY #$08                     A:00 X:00 Y:00 P:27 SP:78
[Repeated block (10 instrs)] ×8
8E6C  48       PHA                              A:00 X:00 Y:08 P:25 SP:78
8E6D  BD 16 40 LDA LDA $4016,X                  A:00 X:00 Y:08 P:25 SP:77
8E70  85 00    STA STA $00                      A:40 X:00 Y:08 P:25 SP:77
8E72  4A       LSR A                            A:40 X:00 Y:08 P:25 SP:77
8E73  05 00    ORA ORA $00                      A:20 X:00 Y:08 P:24 SP:77
8E75  4A       LSR A                            A:60 X:00 Y:08 P:24 SP:77
8E76  68       PLA                              A:30 X:00 Y:08 P:24 SP:77
8E77  2A       ROL A                            A:00 X:00 Y:08 P:26 SP:78
8E78  88       DEY                              A:00 X:00 Y:08 P:26 SP:78
8E79  D0 F1    BNE BNE #$F1                     A:00 X:00 Y:07 P:24 SP:78
8E7B  9D FC 06 STA STA $06FC,X                  A:00 X:00 Y:00 P:26 SP:78
8E7E  48       PHA                              A:00 X:00 Y:00 P:26 SP:78
8E7F  29 30    AND AND #$30                     A:00 X:00 Y:00 P:26 SP:77
8E81  3D 4A 07 AND AND $074A,X                  A:00 X:00 Y:00 P:26 SP:77
8E84  F0 07    BEQ BEQ #$07                     A:00 X:00 Y:00 P:26 SP:77
8E8D  68       PLA                              A:00 X:00 Y:00 P:26 SP:77
8E8E  9D 4A 07 STA STA $074A,X                  A:00 X:00 Y:00 P:26 SP:78
8E91  60       RTS                              A:00 X:00 Y:00 P:26 SP:78
8E69  E8       INX                              A:00 X:00 Y:00 P:26 SP:7A
8E6A  A0 08    LDY LDY #$08                     A:00 X:01 Y:00 P:24 SP:7A
[Repeated block (10 instrs)] ×8
8E6C  48       PHA                              A:00 X:01 Y:08 P:24 SP:7A
8E6D  BD 16 40 LDA LDA $4016,X                  A:00 X:01 Y:08 P:24 SP:79
8E70  85 00    STA STA $00                      A:40 X:01 Y:08 P:24 SP:79
8E72  4A       LSR A                            A:40 X:01 Y:08 P:24 SP:79
8E73  05 00    ORA ORA $00                      A:20 X:01 Y:08 P:24 SP:79
8E75  4A       LSR A                            A:60 X:01 Y:08 P:24 SP:79
8E76  68       PLA                              A:30 X:01 Y:08 P:24 SP:79
8E77  2A       ROL A                            A:00 X:01 Y:08 P:26 SP:7A
8E78  88       DEY                              A:00 X:01 Y:08 P:26 SP:7A
8E79  D0 F1    BNE BNE #$F1                     A:00 X:01 Y:07 P:24 SP:7A
8E7B  9D FC 06 STA STA $06FC,X                  A:00 X:01 Y:00 P:26 SP:7A
8E7E  48       PHA                              A:00 X:01 Y:00 P:26 SP:7A
8E7F  29 30    AND AND #$30                     A:00 X:01 Y:00 P:26 SP:79
8E81  3D 4A 07 AND AND $074A,X                  A:00 X:01 Y:00 P:26 SP:79
8E84  F0 07    BEQ BEQ #$07                     A:00 X:01 Y:00 P:26 SP:79
8E8D  68       PLA                              A:00 X:01 Y:00 P:26 SP:79
8E8E  9D 4A 07 STA STA $074A,X                  A:00 X:01 Y:00 P:26 SP:7A
8E91  60       RTS                              A:00 X:01 Y:00 P:26 SP:7A
80EA  20 82 81 JSR JSR $8182                    A:00 X:01 Y:00 P:26 SP:7C
8182  AD 70 07 LDA LDA $0770                    A:00 X:01 Y:00 P:26 SP:7A
8185  C9 02    CMP CMP #$02                     A:00 X:01 Y:00 P:26 SP:7A
8187  F0 0B    BEQ BEQ #$0B                     A:00 X:01 Y:00 P:A4 SP:7A
8189  C9 01    CMP CMP #$01                     A:00 X:01 Y:00 P:A4 SP:7A
818B  D0 38    BNE BNE #$38                     A:00 X:01 Y:00 P:A4 SP:7A
81C5  60       RTS                              A:00 X:01 Y:00 P:A4 SP:7A
80ED  20 97 8F JSR JSR $8F97                    A:00 X:01 Y:00 P:A4 SP:7C
8F97  A2 05    LDX LDX #$05                     A:00 X:01 Y:00 P:A4 SP:7A
8F99  20 9E 8F JSR JSR $8F9E                    A:00 X:05 Y:00 P:24 SP:7A
8F9E  A0 05    LDY LDY #$05                     A:00 X:05 Y:00 P:24 SP:78
8FA0  38       SEC                              A:00 X:05 Y:05 P:24 SP:78
[Repeated block (10 instrs)] ×3
<L010> ×2
# sample:
# 8FA1  BD DD 07 LDA LDA $07DD,X                  A:00 X:05 Y:05 P:25 SP:78
# 8FA4  F9 D7 07 SBC SBC $07D7,Y                  A:00 X:05 Y:05 P:27 SP:78
# 8FA7  CA       DEX                              A:00 X:05 Y:05 P:27 SP:78
# 8FA8  88       DEY                              A:00 X:04 Y:05 P:25 SP:78
# 8FA9  10 F6    BPL BPL #$F6                     A:00 X:04 Y:04 P:25 SP:78
# 8FA1  BD DD 07 LDA LDA $07DD,X                  A:00 X:04 Y:04 P:25 SP:78
8FAE  C8       INY                              A:00 X:00 Y:FF P:27 SP:78
[Repeated block (6 instrs)] ×6
<L005> ×2
# sample:
# 8FAF  BD DD 07 LDA LDA $07DD,X                  A:00 X:00 Y:00 P:27 SP:78
# 8FB2  99 D7 07 STA STA $07D7,Y                  A:00 X:00 Y:00 P:27 SP:78
# 8FB5  E8       INX                              A:00 X:00 Y:00 P:27 SP:78
8FBB  60       RTS                              A:00 X:06 Y:06 P:27 SP:78
8F9C  A2 0B    LDX LDX #$0B                     A:00 X:06 Y:06 P:27 SP:7A
8F9E  A0 05    LDY LDY #$05                     A:00 X:0B Y:06 P:25 SP:7A
8FA0  38       SEC                              A:00 X:0B Y:05 P:25 SP:7A
[Repeated block (10 instrs)] ×3
<L010> ×2
# sample:
# 8FA1  BD DD 07 LDA LDA $07DD,X                  A:00 X:0B Y:05 P:25 SP:7A
# 8FA4  F9 D7 07 SBC SBC $07D7,Y                  A:00 X:0B Y:05 P:27 SP:7A
# 8FA7  CA       DEX                              A:00 X:0B Y:05 P:27 SP:7A
# 8FA8  88       DEY                              A:00 X:0A Y:05 P:25 SP:7A
# 8FA9  10 F6    BPL BPL #$F6                     A:00 X:0A Y:04 P:25 SP:7A
# 8FA1  BD DD 07 LDA LDA $07DD,X                  A:00 X:0A Y:04 P:25 SP:7A
8FAE  C8       INY                              A:00 X:06 Y:FF P:25 SP:7A
[Repeated block (6 instrs)] ×6
<L005> ×2
# sample:
# 8FAF  BD DD 07 LDA LDA $07DD,X                  A:00 X:06 Y:00 P:27 SP:7A
# 8FB2  99 D7 07 STA STA $07D7,Y                  A:00 X:06 Y:00 P:27 SP:7A
# 8FB5  E8       INX                              A:00 X:06 Y:00 P:27 SP:7A
8FBB  60       RTS                              A:00 X:0C Y:06 P:27 SP:7A
80F0  AD 76 07 LDA LDA $0776                    A:00 X:0C Y:06 P:27 SP:7C
80F3  4A       LSR A                            A:00 X:0C Y:06 P:27 SP:7C
80F4  B0 25    BCS BCS #$25                     A:00 X:0C Y:06 P:26 SP:7C
80F6  AD 47 07 LDA LDA $0747                    A:00 X:0C Y:06 P:26 SP:7C
80F9  F0 05    BEQ BEQ #$05                     A:00 X:0C Y:06 P:26 SP:7C
8100  A2 14    LDX LDX #$14                     A:00 X:0C Y:06 P:26 SP:7C
8102  CE 7F 07 DEC DEC $077F                    A:00 X:14 Y:06 P:24 SP:7C
8105  10 07    BPL BPL #$07                     A:00 X:14 Y:06 P:24 SP:7C
[Repeated block (8 instrs)] ×10
<L016> ×3
# sample:
# 810E  BD 80 07 LDA LDA $0780,X                  A:00 X:14 Y:06 P:24 SP:7C
# 8111  F0 03    BEQ BEQ #$03                     A:00 X:14 Y:06 P:26 SP:7C
# 8116  CA       DEX                              A:00 X:14 Y:06 P:26 SP:7C
# 8117  10 F5    BPL BPL #$F5                     A:00 X:13 Y:06 P:24 SP:7C
8119  E6 09    INC INC $09                      A:00 X:FF Y:06 P:A4 SP:7C
811B  A2 00    LDX LDX #$00                     A:00 X:FF Y:06 P:24 SP:7C
811D  A0 07    LDY LDY #$07                     A:00 X:00 Y:06 P:26 SP:7C
811F  AD A7 07 LDA LDA $07A7                    A:00 X:00 Y:07 P:24 SP:7C
8122  29 02    AND AND #$02                     A:F4 X:00 Y:07 P:A4 SP:7C
8124  85 00    STA STA $00                      A:00 X:00 Y:07 P:26 SP:7C
8126  AD A8 07 LDA LDA $07A8                    A:00 X:00 Y:07 P:26 SP:7C
8129  29 02    AND AND #$02                     A:A9 X:00 Y:07 P:A4 SP:7C
812B  45 00    EOR EOR $00                      A:00 X:00 Y:07 P:26 SP:7C
812D  18       CLC                              A:00 X:00 Y:07 P:26 SP:7C
812E  F0 01    BEQ BEQ #$01                     A:00 X:00 Y:07 P:26 SP:7C
[Repeated block (8 instrs)] ×3
<L015> ×3
# sample:
# 8131  7E A7 07 ROR ROR $07A7,X                  A:00 X:00 Y:07 P:26 SP:7C
# 8134  E8       INX                              A:00 X:00 Y:07 P:24 SP:7C
# 8135  88       DEY                              A:00 X:01 Y:07 P:24 SP:7C
# 8136  D0 F9    BNE BNE #$F9                     A:00 X:01 Y:06 P:24 SP:7C
8138  AD 22 07 LDA LDA $0722                    A:00 X:07 Y:00 P:26 SP:7C
813B  F0 1F    BEQ BEQ #$1F                     A:00 X:07 Y:00 P:26 SP:7C
<L023> ×2
# sample:
# 815C  AD 3F 07 LDA LDA $073F                    A:00 X:07 Y:00 P:26 SP:7C
# 815F  8D 05 20 STA STA $2005                    A:00 X:07 Y:00 P:26 SP:7C
8168  AD 78 07 LDA LDA $0778                    A:00 X:07 Y:00 P:26 SP:7C
816B  48       PHA                              A:10 X:07 Y:00 P:24 SP:7C
816C  8D 00 20 STA STA $2000                    A:10 X:07 Y:00 P:24 SP:7B
816F  AD 76 07 LDA LDA $0776                    A:10 X:07 Y:00 P:24 SP:7B
8172  4A       LSR A                            A:00 X:07 Y:00 P:26 SP:7B
8173  B0 03    BCS BCS #$03                     A:00 X:07 Y:00 P:26 SP:7B
8175  20 12 82 JSR JSR $8212                    A:00 X:07 Y:00 P:26 SP:7B
8212  AD 70 07 LDA LDA $0770                    A:00 X:07 Y:00 P:26 SP:79
8215  20 04 8E JSR JSR $8E04                    A:00 X:07 Y:00 P:26 SP:79
8E04  0A       ASL A                            A:00 X:07 Y:00 P:26 SP:77
8E05  A8       TAY                              A:00 X:07 Y:00 P:26 SP:77
<L006> ×2
# sample:
# 8E06  68       PLA                              A:00 X:07 Y:00 P:26 SP:77
# 8E07  85 04    STA STA $04                      A:17 X:07 Y:00 P:24 SP:78
<L007> ×2
# sample:
# 8E0C  C8       INY                              A:82 X:07 Y:00 P:A4 SP:79
# 8E0D  B1 04    LDA LDA ($04),Y                  A:82 X:07 Y:01 P:24 SP:79
# 8E0F  85 06    STA STA $06                      A:31 X:07 Y:01 P:24 SP:79
8E16  6C 06 00 JMP JMP ($0006)                  A:82 X:07 Y:02 P:A4 SP:79
8231  AD 72 07 LDA LDA $0772                    A:82 X:07 Y:02 P:A4 SP:79
8234  20 04 8E JSR JSR $8E04                    A:01 X:07 Y:02 P:24 SP:79
8E04  0A       ASL A                            A:01 X:07 Y:02 P:24 SP:77
8E05  A8       TAY                              A:02 X:07 Y:02 P:24 SP:77
<L006> ×2
# sample:
# 8E06  68       PLA                              A:02 X:07 Y:02 P:24 SP:77
# 8E07  85 04    STA STA $04                      A:36 X:07 Y:02 P:24 SP:78
<L007> ×2
# sample:
# 8E0C  C8       INY                              A:82 X:07 Y:02 P:A4 SP:79
# 8E0D  B1 04    LDA LDA ($04),Y                  A:82 X:07 Y:03 P:24 SP:79
# 8E0F  85 06    STA STA $06                      A:67 X:07 Y:03 P:24 SP:79
8E16  6C 06 00 JMP JMP ($0006)                  A:85 X:07 Y:04 P:A4 SP:79
8567  AD 3C 07 LDA LDA $073C                    A:85 X:07 Y:04 P:A4 SP:79
856A  20 04 8E JSR JSR $8E04                    A:0B X:07 Y:04 P:24 SP:79
8E04  0A       ASL A                            A:0B X:07 Y:04 P:24 SP:77
8E05  A8       TAY                              A:16 X:07 Y:04 P:24 SP:77
<L006> ×2
# sample:
# 8E06  68       PLA                              A:16 X:07 Y:16 P:24 SP:77
# 8E07  85 04    STA STA $04                      A:6C X:07 Y:16 P:24 SP:78
<L007> ×2
# sample:
# 8E0C  C8       INY                              A:85 X:07 Y:16 P:A4 SP:79
# 8E0D  B1 04    LDA LDA ($04),Y                  A:85 X:07 Y:17 P:24 SP:79
# 8E0F  85 06    STA STA $06                      A:43 X:07 Y:17 P:24 SP:79
8E16  6C 06 00 JMP JMP ($0006)                  A:86 X:07 Y:18 P:A4 SP:79
8643  AD 33 07 LDA LDA $0733                    A:86 X:07 Y:18 P:A4 SP:79
8646  C9 01    CMP CMP #$01                     A:00 X:07 Y:18 P:26 SP:79
8648  D0 05    BNE BNE #$05                     A:00 X:07 Y:18 P:A4 SP:79
864F  4C 45 87 JMP JMP $8745                    A:00 X:07 Y:18 P:A4 SP:79
8745  EE 3C 07 INC INC $073C                    A:00 X:07 Y:18 P:A4 SP:79
8748  60       RTS                              A:00 X:07 Y:18 P:24 SP:79
8178  AD 02 20 LDA LDA $2002                    A:00 X:07 Y:18 P:24 SP:7B
817B  68       PLA                              A:00 X:07 Y:18 P:26 SP:7B
817C  09 80    ORA ORA #$80                     A:10 X:07 Y:18 P:24 SP:7C
817E  8D 00 20 STA STA $2000                    A:90 X:07 Y:18 P:A4 SP:7C
8181  40       RTI                              A:90 X:07 Y:18 P:A4 SP:7C
[Repeated block (6 instrs)] ×1064
<L005> ×2
# sample:
# FFF0  19 19 1A ORA ORA $1A19,Y                  A:90 X:07 Y:18 P:26 SP:7F
# FFF3  1A       *NOP                             A:90 X:07 Y:18 P:A4 SP:7F
# FFF4  1C 1D 1D *NOP *NOP $1D1D,X                A:90 X:07 Y:18 P:A4 SP:7F
FFF0  19 19 1A ORA ORA $1A19,Y                  A:90 X:07 Y:18 P:26 SP:07
8082  AD 78 07 LDA LDA $0778                    A:90 X:07 Y:18 P:A4 SP:04
<L011> ×2
# sample:
# 8085  29 7F    AND AND #$7F                     A:10 X:07 Y:18 P:24 SP:04
# 8087  8D 78 07 STA STA $0778                    A:10 X:07 Y:18 P:24 SP:04
808F  AD 79 07 LDA LDA $0779                    A:10 X:07 Y:18 P:24 SP:04
8092  29 E6    AND AND #$E6                     A:00 X:07 Y:18 P:26 SP:04
8094  AC 74 07 LDY LDY $0774                    A:00 X:07 Y:18 P:26 SP:04
<L011> ×2
# sample:
# 8097  D0 05    BNE BNE #$05                     A:00 X:07 Y:02 P:24 SP:04
# 809E  8D 79 07 STA STA $0779                    A:00 X:07 Y:02 P:24 SP:04
80A6  AE 02 20 LDX LDX $2002                    A:00 X:07 Y:02 P:26 SP:04
80A9  A9 00    LDA LDA #$00                     A:00 X:80 Y:02 P:A4 SP:04
<L002> ×2
# sample:
# 80AB  20 E6 8E JSR JSR $8EE6                    A:00 X:80 Y:02 P:26 SP:04
# 8EE6  8D 05 20 STA STA $2005                    A:00 X:80 Y:02 P:26 SP:02
80AE  8D 03 20 STA STA $2003                    A:00 X:80 Y:02 P:26 SP:04
80B1  A9 02    LDA LDA #$02                     A:00 X:80 Y:02 P:26 SP:04
80B3  8D 14 40 STA STA $4014                    A:02 X:80 Y:02 P:24 SP:04
80B6  AE 73 07 LDX LDX $0773                    A:02 X:80 Y:02 P:24 SP:04
80B9  BD 5A 80 LDA LDA $805A,X                  A:02 X:00 Y:02 P:26 SP:04
<L001> ×2
# sample:
# 80BC  85 00    STA STA $00                      A:01 X:00 Y:02 P:24 SP:04
80C1  85 01    STA STA $01                      A:03 X:00 Y:02 P:24 SP:04
80C3  20 DD 8E JSR JSR $8EDD                    A:03 X:00 Y:02 P:24 SP:04
<L005> ×2
# sample:
# 8EDD  AE 02 20 LDX LDX $2002                    A:03 X:00 Y:02 P:24 SP:02
# 8EE0  A0 00    LDY LDY #$00                     A:03 X:00 Y:02 P:26 SP:02
# 8EE2  B1 00    LDA LDA ($00),Y                  A:03 X:00 Y:00 P:26 SP:02
8EEC  60       RTS                              A:00 X:00 Y:00 P:26 SP:02
80C6  A0 00    LDY LDY #$00                     A:00 X:00 Y:00 P:26 SP:04
80C8  AE 73 07 LDX LDX $0773                    A:00 X:00 Y:00 P:26 SP:04
<L001> ×2
# sample:
# 80CB  E0 06    CPX CPX #$06                     A:00 X:00 Y:00 P:26 SP:04
80D0  BE 80 80 LDX LDX $8080,Y                  A:00 X:00 Y:00 P:A4 SP:04
80D3  A9 00    LDA LDA #$00                     A:00 X:00 Y:00 P:26 SP:04
<L022> ×2
# sample:
# 80D5  9D 00 03 STA STA $0300,X                  A:00 X:00 Y:00 P:26 SP:04
<L001> ×2
# sample:
# 80DB  8D 73 07 STA STA $0773                    A:00 X:00 Y:00 P:26 SP:04
80E1  8D 01 20 STA STA $2001                    A:00 X:00 Y:00 P:26 SP:04
80E4  20 D0 F2 JSR JSR $F2D0                    A:00 X:00 Y:00 P:26 SP:04
F2D0  AD 70 07 LDA LDA $0770                    A:00 X:00 Y:00 P:26 SP:02
F2D3  D0 04    BNE BNE #$04                     A:00 X:00 Y:00 P:26 SP:02
F2D5  8D 15 40 STA STA $4015                    A:00 X:00 Y:00 P:26 SP:02
F2D8  60       RTS                              A:00 X:00 Y:00 P:26 SP:02
80E7  20 5C 8E JSR JSR $8E5C                    A:00 X:00 Y:00 P:26 SP:04
8E5C  A9 01    LDA LDA #$01                     A:00 X:00 Y:00 P:26 SP:02
8E5E  8D 16 40 STA STA $4016                    A:01 X:00 Y:00 P:24 SP:02
8E61  4A       LSR A                            A:01 X:00 Y:00 P:24 SP:02
8E62  AA       TAX                              A:00 X:00 Y:00 P:27 SP:02
8E63  8D 16 40 STA STA $4016                    A:00 X:00 Y:00 P:27 SP:02
8E66  20 6A 8E JSR JSR $8E6A                    A:00 X:00 Y:00 P:27 SP:02
8E6A  A0 08    LDY LDY #$08                     A:00 X:00 Y:00 P:27 SP:00
[Repeated block (10 instrs)] ×8
8E6C  48       PHA                              A:00 X:00 Y:08 P:25 SP:00
8E6D  BD 16 40 LDA LDA $4016,X                  A:00 X:00 Y:08 P:25 SP:FF
8E70  85 00    STA STA $00                      A:40 X:00 Y:08 P:25 SP:FF
8E72  4A       LSR A                            A:40 X:00 Y:08 P:25 SP:FF
8E73  05 00    ORA ORA $00                      A:20 X:00 Y:08 P:24 SP:FF
8E75  4A       LSR A                            A:60 X:00 Y:08 P:24 SP:FF
8E76  68       PLA                              A:30 X:00 Y:08 P:24 SP:FF
8E77  2A       ROL A                            A:00 X:00 Y:08 P:26 SP:00
8E78  88       DEY                              A:00 X:00 Y:08 P:26 SP:00
8E79  D0 F1    BNE BNE #$F1                     A:00 X:00 Y:07 P:24 SP:00
8E7B  9D FC 06 STA STA $06FC,X                  A:00 X:00 Y:00 P:26 SP:00
8E7E  48       PHA                              A:00 X:00 Y:00 P:26 SP:00
8E7F  29 30    AND AND #$30                     A:00 X:00 Y:00 P:26 SP:FF
8E81  3D 4A 07 AND AND $074A,X                  A:00 X:00 Y:00 P:26 SP:FF
8E84  F0 07    BEQ BEQ #$07                     A:00 X:00 Y:00 P:26 SP:FF
8E8D  68       PLA                              A:00 X:00 Y:00 P:26 SP:FF
8E8E  9D 4A 07 STA STA $074A,X                  A:00 X:00 Y:00 P:26 SP:00
8E91  60       RTS                              A:00 X:00 Y:00 P:26 SP:00
8E69  E8       INX                              A:00 X:00 Y:00 P:26 SP:02
8E6A  A0 08    LDY LDY #$08                     A:00 X:01 Y:00 P:24 SP:02
[Repeated block (10 instrs)] ×8
8E6C  48       PHA                              A:00 X:01 Y:08 P:24 SP:02
8E6D  BD 16 40 LDA LDA $4016,X                  A:00 X:01 Y:08 P:24 SP:01
8E70  85 00    STA STA $00                      A:40 X:01 Y:08 P:24 SP:01
8E72  4A       LSR A                            A:40 X:01 Y:08 P:24 SP:01
8E73  05 00    ORA ORA $00                      A:20 X:01 Y:08 P:24 SP:01
8E75  4A       LSR A                            A:60 X:01 Y:08 P:24 SP:01
8E76  68       PLA                              A:30 X:01 Y:08 P:24 SP:01
8E77  2A       ROL A                            A:00 X:01 Y:08 P:26 SP:02
8E78  88       DEY                              A:00 X:01 Y:08 P:26 SP:02
8E79  D0 F1    BNE BNE #$F1                     A:00 X:01 Y:07 P:24 SP:02
8E7B  9D FC 06 STA STA $06FC,X                  A:00 X:01 Y:00 P:26 SP:02
8E7E  48       PHA                              A:00 X:01 Y:00 P:26 SP:02
8E7F  29 30    AND AND #$30                     A:00 X:01 Y:00 P:26 SP:01
8E81  3D 4A 07 AND AND $074A,X                  A:00 X:01 Y:00 P:26 SP:01
8E84  F0 07    BEQ BEQ #$07                     A:00 X:01 Y:00 P:26 SP:01
8E8D  68       PLA                              A:00 X:01 Y:00 P:26 SP:01
8E8E  9D 4A 07 STA STA $074A,X                  A:00 X:01 Y:00 P:26 SP:02
8E91  60       RTS                              A:00 X:01 Y:00 P:26 SP:02
80EA  20 82 81 JSR JSR $8182                    A:00 X:01 Y:00 P:26 SP:04
8182  AD 70 07 LDA LDA $0770                    A:00 X:01 Y:00 P:26 SP:02
8185  C9 02    CMP CMP #$02                     A:00 X:01 Y:00 P:26 SP:02
8187  F0 0B    BEQ BEQ #$0B                     A:00 X:01 Y:00 P:A4 SP:02
8189  C9 01    CMP CMP #$01                     A:00 X:01 Y:00 P:A4 SP:02
818B  D0 38    BNE BNE #$38                     A:00 X:01 Y:00 P:A4 SP:02
81C5  60       RTS                              A:00 X:01 Y:00 P:A4 SP:02
80ED  20 97 8F JSR JSR $8F97                    A:00 X:01 Y:00 P:A4 SP:04
8F97  A2 05    LDX LDX #$05                     A:00 X:01 Y:00 P:A4 SP:02
8F99  20 9E 8F JSR JSR $8F9E                    A:00 X:05 Y:00 P:24 SP:02
8F9E  A0 05    LDY LDY #$05                     A:00 X:05 Y:00 P:24 SP:00
8FA0  38       SEC                              A:00 X:05 Y:05 P:24 SP:00
[Repeated block (10 instrs)] ×3
<L010> ×2
# sample:
# 8FA1  BD DD 07 LDA LDA $07DD,X                  A:00 X:05 Y:05 P:25 SP:00
# 8FA4  F9 D7 07 SBC SBC $07D7,Y                  A:00 X:05 Y:05 P:27 SP:00
# 8FA7  CA       DEX                              A:00 X:05 Y:05 P:27 SP:00
# 8FA8  88       DEY                              A:00 X:04 Y:05 P:25 SP:00
# 8FA9  10 F6    BPL BPL #$F6                     A:00 X:04 Y:04 P:25 SP:00
# 8FA1  BD DD 07 LDA LDA $07DD,X                  A:00 X:04 Y:04 P:25 SP:00
8FAE  C8       INY                              A:00 X:00 Y:FF P:27 SP:00
[Repeated block (6 instrs)] ×6
<L005> ×2
# sample:
# 8FAF  BD DD 07 LDA LDA $07DD,X                  A:00 X:00 Y:00 P:27 SP:00
# 8FB2  99 D7 07 STA STA $07D7,Y                  A:00 X:00 Y:00 P:27 SP:00
# 8FB5  E8       INX                              A:00 X:00 Y:00 P:27 SP:00
8FBB  60       RTS                              A:00 X:06 Y:06 P:27 SP:00
8F9C  A2 0B    LDX LDX #$0B                     A:00 X:06 Y:06 P:27 SP:02
8F9E  A0 05    LDY LDY #$05                     A:00 X:0B Y:06 P:25 SP:02
8FA0  38       SEC                              A:00 X:0B Y:05 P:25 SP:02
[Repeated block (10 instrs)] ×3
<L010> ×2
# sample:
# 8FA1  BD DD 07 LDA LDA $07DD,X                  A:00 X:0B Y:05 P:25 SP:02
# 8FA4  F9 D7 07 SBC SBC $07D7,Y                  A:00 X:0B Y:05 P:27 SP:02
# 8FA7  CA       DEX                              A:00 X:0B Y:05 P:27 SP:02
# 8FA8  88       DEY                              A:00 X:0A Y:05 P:25 SP:02
# 8FA9  10 F6    BPL BPL #$F6                     A:00 X:0A Y:04 P:25 SP:02
# 8FA1  BD DD 07 LDA LDA $07DD,X                  A:00 X:0A Y:04 P:25 SP:02
8FAE  C8       INY                              A:00 X:06 Y:FF P:25 SP:02
[Repeated block (6 instrs)] ×6
<L005> ×2
# sample:
# 8FAF  BD DD 07 LDA LDA $07DD,X                  A:00 X:06 Y:00 P:27 SP:02
# 8FB2  99 D7 07 STA STA $07D7,Y                  A:00 X:06 Y:00 P:27 SP:02
# 8FB5  E8       INX                              A:00 X:06 Y:00 P:27 SP:02
8FBB  60       RTS                              A:00 X:0C Y:06 P:27 SP:02
80F0  AD 76 07 LDA LDA $0776                    A:00 X:0C Y:06 P:27 SP:04
80F3  4A       LSR A                            A:00 X:0C Y:06 P:27 SP:04
80F4  B0 25    BCS BCS #$25                     A:00 X:0C Y:06 P:26 SP:04
80F6  AD 47 07 LDA LDA $0747                    A:00 X:0C Y:06 P:26 SP:04
80F9  F0 05    BEQ BEQ #$05                     A:00 X:0C Y:06 P:26 SP:04
8100  A2 14    LDX LDX #$14                     A:00 X:0C Y:06 P:26 SP:04
8102  CE 7F 07 DEC DEC $077F                    A:00 X:14 Y:06 P:24 SP:04
8105  10 07    BPL BPL #$07                     A:00 X:14 Y:06 P:24 SP:04
[Repeated block (8 instrs)] ×10
<L016> ×3
# sample:
# 810E  BD 80 07 LDA LDA $0780,X                  A:00 X:14 Y:06 P:24 SP:04
# 8111  F0 03    BEQ BEQ #$03                     A:00 X:14 Y:06 P:26 SP:04
# 8116  CA       DEX                              A:00 X:14 Y:06 P:26 SP:04
# 8117  10 F5    BPL BPL #$F5                     A:00 X:13 Y:06 P:24 SP:04
8119  E6 09    INC INC $09                      A:00 X:FF Y:06 P:A4 SP:04
811B  A2 00    LDX LDX #$00                     A:00 X:FF Y:06 P:24 SP:04
811D  A0 07    LDY LDY #$07                     A:00 X:00 Y:06 P:26 SP:04
811F  AD A7 07 LDA LDA $07A7                    A:00 X:00 Y:07 P:24 SP:04
8122  29 02    AND AND #$02                     A:7A X:00 Y:07 P:24 SP:04
8124  85 00    STA STA $00                      A:02 X:00 Y:07 P:24 SP:04
8126  AD A8 07 LDA LDA $07A8                    A:02 X:00 Y:07 P:24 SP:04
8129  29 02    AND AND #$02                     A:54 X:00 Y:07 P:24 SP:04
812B  45 00    EOR EOR $00                      A:00 X:00 Y:07 P:26 SP:04
812D  18       CLC                              A:02 X:00 Y:07 P:24 SP:04
812E  F0 01    BEQ BEQ #$01                     A:02 X:00 Y:07 P:24 SP:04
8130  38       SEC                              A:02 X:00 Y:07 P:24 SP:04
[Repeated block (8 instrs)] ×3
<L015> ×3
# sample:
# 8131  7E A7 07 ROR ROR $07A7,X                  A:02 X:00 Y:07 P:25 SP:04
# 8134  E8       INX                              A:02 X:00 Y:07 P:A4 SP:04
# 8135  88       DEY                              A:02 X:01 Y:07 P:24 SP:04
# 8136  D0 F9    BNE BNE #$F9                     A:02 X:01 Y:06 P:24 SP:04
8138  AD 22 07 LDA LDA $0722                    A:02 X:07 Y:00 P:26 SP:04
813B  F0 1F    BEQ BEQ #$1F                     A:00 X:07 Y:00 P:26 SP:04
<L023> ×2
# sample:
# 815C  AD 3F 07 LDA LDA $073F                    A:00 X:07 Y:00 P:26 SP:04
# 815F  8D 05 20 STA STA $2005                    A:00 X:07 Y:00 P:26 SP:04
8168  AD 78 07 LDA LDA $0778                    A:00 X:07 Y:00 P:26 SP:04
816B  48       PHA                              A:10 X:07 Y:00 P:24 SP:04
816C  8D 00 20 STA STA $2000                    A:10 X:07 Y:00 P:24 SP:03
816F  AD 76 07 LDA LDA $0776                    A:10 X:07 Y:00 P:24 SP:03
8172  4A       LSR A                            A:00 X:07 Y:00 P:26 SP:03
8173  B0 03    BCS BCS #$03                     A:00 X:07 Y:00 P:26 SP:03
8175  20 12 82 JSR JSR $8212                    A:00 X:07 Y:00 P:26 SP:03
8212  AD 70 07 LDA LDA $0770                    A:00 X:07 Y:00 P:26 SP:01
8215  20 04 8E JSR JSR $8E04                    A:00 X:07 Y:00 P:26 SP:01
8E04  0A       ASL A                            A:00 X:07 Y:00 P:26 SP:FF
8E05  A8       TAY                              A:00 X:07 Y:00 P:26 SP:FF
<L006> ×2
# sample:
# 8E06  68       PLA                              A:00 X:07 Y:00 P:26 SP:FF
# 8E07  85 04    STA STA $04                      A:17 X:07 Y:00 P:24 SP:00
<L007> ×2
# sample:
# 8E0C  C8       INY                              A:82 X:07 Y:00 P:A4 SP:01
# 8E0D  B1 04    LDA LDA ($04),Y                  A:82 X:07 Y:01 P:24 SP:01
# 8E0F  85 06    STA STA $06                      A:31 X:07 Y:01 P:24 SP:01
8E16  6C 06 00 JMP JMP ($0006)                  A:82 X:07 Y:02 P:A4 SP:01
8231  AD 72 07 LDA LDA $0772                    A:82 X:07 Y:02 P:A4 SP:01
8234  20 04 8E JSR JSR $8E04                    A:01 X:07 Y:02 P:24 SP:01
8E04  0A       ASL A                            A:01 X:07 Y:02 P:24 SP:FF
8E05  A8       TAY                              A:02 X:07 Y:02 P:24 SP:FF
<L006> ×2
# sample:
# 8E06  68       PLA                              A:02 X:07 Y:02 P:24 SP:FF
# 8E07  85 04    STA STA $04                      A:36 X:07 Y:02 P:24 SP:00
<L007> ×2
# sample:
# 8E0C  C8       INY                              A:82 X:07 Y:02 P:A4 SP:01
# 8E0D  B1 04    LDA LDA ($04),Y                  A:82 X:07 Y:03 P:24 SP:01
# 8E0F  85 06    STA STA $06                      A:67 X:07 Y:03 P:24 SP:01
8E16  6C 06 00 JMP JMP ($0006)                  A:85 X:07 Y:04 P:A4 SP:01
8567  AD 3C 07 LDA LDA $073C                    A:85 X:07 Y:04 P:A4 SP:01
856A  20 04 8E JSR JSR $8E04                    A:0C X:07 Y:04 P:24 SP:01
8E04  0A       ASL A                            A:0C X:07 Y:04 P:24 SP:FF
8E05  A8       TAY                              A:18 X:07 Y:04 P:24 SP:FF
<L006> ×2
# sample:
# 8E06  68       PLA                              A:18 X:07 Y:18 P:24 SP:FF
# 8E07  85 04    STA STA $04                      A:6C X:07 Y:18 P:24 SP:00
<L007> ×2
# sample:
# 8E0C  C8       INY                              A:85 X:07 Y:18 P:A4 SP:01
# 8E0D  B1 04    LDA LDA ($04),Y                  A:85 X:07 Y:19 P:24 SP:01
# 8E0F  85 06    STA STA $06                      A:FF X:07 Y:19 P:A4 SP:01
8E16  6C 06 00 JMP JMP ($0006)                  A:86 X:07 Y:1A P:A4 SP:01
86FF  AD 70 07 LDA LDA $0770                    A:86 X:07 Y:1A P:A4 SP:01
8702  D0 4A    BNE BNE #$4A                     A:00 X:07 Y:1A P:26 SP:01
<L046> ×2
# sample:
# 8704  A9 1E    LDA LDA #$1E                     A:00 X:07 Y:1A P:26 SP:01
# 8706  8D 06 20 STA STA $2006                    A:1E X:07 Y:1A P:24 SP:01
870E  A9 03    LDA LDA #$03                     A:C0 X:07 Y:1A P:A4 SP:01
8710  85 01    STA STA $01                      A:03 X:07 Y:1A P:24 SP:01
8712  A0 00    LDY LDY #$00                     A:03 X:07 Y:1A P:24 SP:01
8714  84 00    STY STY $00                      A:03 X:07 Y:00 P:26 SP:01
<L052> ×2
# sample:
# 8716  AD 07 20 LDA LDA $2007                    A:03 X:07 Y:00 P:26 SP:01
<L020> ×40
# sample:
# 871C  91 00    STA STA ($00),Y                  A:20 X:07 Y:00 P:24 SP:01
# 871E  C8       INY                              A:20 X:07 Y:00 P:24 SP:01
# 871F  D0 02    BNE BNE #$02                     A:20 X:07 Y:01 P:24 SP:01
# 8723  A5 01    LDA LDA $01                      A:20 X:07 Y:01 P:24 SP:01
# 8725  C9 04    CMP CMP #$04                     A:03 X:07 Y:01 P:24 SP:01
# 8727  D0 F0    BNE BNE #$F0                     A:03 X:07 Y:01 P:A4 SP:01
# 8719  AD 07 20 LDA LDA $2007                    A:03 X:07 Y:01 P:A4 SP:01
871C  91 00    STA STA ($00),Y                  A:D1 X:07 Y:28 P:A4 SP:01
871E  C8       INY                              A:D1 X:07 Y:28 P:A4 SP:01
[Repeated block (7 instrs)] ×2
<L004> ×12
# sample:
# 871F  D0 02    BNE BNE #$02                     A:D1 X:07 Y:29 P:24 SP:01
# 8723  A5 01    LDA LDA $01                      A:D1 X:07 Y:29 P:24 SP:01
# 8725  C9 04    CMP CMP #$04                     A:03 X:07 Y:29 P:24 SP:01
# 8727  D0 F0    BNE BNE #$F0                     A:03 X:07 Y:29 P:A4 SP:01
# 8719  AD 07 20 LDA LDA $2007                    A:03 X:07 Y:29 P:A4 SP:01
# 871C  91 00    STA STA ($00),Y                  A:D8 X:07 Y:29 P:A4 SP:01
# 871E  C8       INY                              A:D8 X:07 Y:29 P:A4 SP:01
[Repeated block (7 instrs)] ×3
<L004> ×30
# sample:
# 871F  D0 02    BNE BNE #$02                     A:D3 X:07 Y:36 P:24 SP:01
# 8723  A5 01    LDA LDA $01                      A:D3 X:07 Y:36 P:24 SP:01
# 8725  C9 04    CMP CMP #$04                     A:03 X:07 Y:36 P:24 SP:01
# 8727  D0 F0    BNE BNE #$F0                     A:03 X:07 Y:36 P:A4 SP:01
# 8719  AD 07 20 LDA LDA $2007                    A:03 X:07 Y:36 P:A4 SP:01
# 871C  91 00    STA STA ($00),Y                  A:DB X:07 Y:36 P:A4 SP:01
# 871E  C8       INY                              A:DB X:07 Y:36 P:A4 SP:01
[Repeated block (7 instrs)] ×2
<L004> ×28
# sample:
# 871F  D0 02    BNE BNE #$02                     A:DD X:07 Y:56 P:24 SP:01
# 8723  A5 01    LDA LDA $01                      A:DD X:07 Y:56 P:24 SP:01
# 8725  C9 04    CMP CMP #$04                     A:03 X:07 Y:56 P:24 SP:01
# 8727  D0 F0    BNE BNE #$F0                     A:03 X:07 Y:56 P:A4 SP:01
# 8719  AD 07 20 LDA LDA $2007                    A:03 X:07 Y:56 P:A4 SP:01
# 871C  91 00    STA STA ($00),Y                  A:E1 X:07 Y:56 P:A4 SP:01
# 871E  C8       INY                              A:E1 X:07 Y:56 P:A4 SP:01
[Repeated block (7 instrs)] ×2
<L004> ×5
# sample:
# 871F  D0 02    BNE BNE #$02                     A:DB X:07 Y:73 P:24 SP:01
# 8723  A5 01    LDA LDA $01                      A:DB X:07 Y:73 P:24 SP:01
# 8725  C9 04    CMP CMP #$04                     A:03 X:07 Y:73 P:24 SP:01
# 8727  D0 F0    BNE BNE #$F0                     A:03 X:07 Y:73 P:A4 SP:01
# 8719  AD 07 20 LDA LDA $2007                    A:03 X:07 Y:73 P:A4 SP:01
# 871C  91 00    STA STA ($00),Y                  A:42 X:07 Y:73 P:24 SP:01
# 871E  C8       INY                              A:42 X:07 Y:73 P:24 SP:01
[Repeated block (7 instrs)] ×2
<L004> ×20
# sample:
# 871F  D0 02    BNE BNE #$02                     A:42 X:07 Y:79 P:24 SP:01
# 8723  A5 01    LDA LDA $01                      A:42 X:07 Y:79 P:24 SP:01
# 8725  C9 04    CMP CMP #$04                     A:03 X:07 Y:79 P:24 SP:01
# 8727  D0 F0    BNE BNE #$F0                     A:03 X:07 Y:79 P:A4 SP:01
# 8719  AD 07 20 LDA LDA $2007                    A:03 X:07 Y:79 P:A4 SP:01
# 871C  91 00    STA STA ($00),Y                  A:DB X:07 Y:79 P:A4 SP:01
# 871E  C8       INY                              A:DB X:07 Y:79 P:A4 SP:01
[Repeated block (7 instrs)] ×3
<L004> ×6
# sample:
# 871F  D0 02    BNE BNE #$02                     A:DF X:07 Y:8E P:A4 SP:01
# 8723  A5 01    LDA LDA $01                      A:DF X:07 Y:8E P:A4 SP:01
# 8725  C9 04    CMP CMP #$04                     A:03 X:07 Y:8E P:24 SP:01
# 8727  D0 F0    BNE BNE #$F0                     A:03 X:07 Y:8E P:A4 SP:01
# 8719  AD 07 20 LDA LDA $2007                    A:03 X:07 Y:8E P:A4 SP:01
# 871C  91 00    STA STA ($00),Y                  A:DB X:07 Y:8E P:A4 SP:01
# 871E  C8       INY                              A:DB X:07 Y:8E P:A4 SP:01
[Repeated block (7 instrs)] ×2
<L004> ×7
# sample:
# 871F  D0 02    BNE BNE #$02                     A:DF X:07 Y:96 P:A4 SP:01
# 8723  A5 01    LDA LDA $01                      A:DF X:07 Y:96 P:A4 SP:01
# 8725  C9 04    CMP CMP #$04                     A:03 X:07 Y:96 P:24 SP:01
# 8727  D0 F0    BNE BNE #$F0                     A:03 X:07 Y:96 P:A4 SP:01
# 8719  AD 07 20 LDA LDA $2007                    A:03 X:07 Y:96 P:A4 SP:01
# 871C  91 00    STA STA ($00),Y                  A:DB X:07 Y:96 P:A4 SP:01
# 871E  C8       INY                              A:DB X:07 Y:96 P:A4 SP:01
[Repeated block (7 instrs)] ×3
<L004> ×5
# sample:
# 871F  D0 02    BNE BNE #$02                     A:14 X:07 Y:9E P:A4 SP:01
# 8723  A5 01    LDA LDA $01                      A:14 X:07 Y:9E P:A4 SP:01
# 8725  C9 04    CMP CMP #$04                     A:03 X:07 Y:9E P:24 SP:01
# 8727  D0 F0    BNE BNE #$F0                     A:03 X:07 Y:9E P:A4 SP:01
# 8719  AD 07 20 LDA LDA $2007                    A:03 X:07 Y:9E P:A4 SP:01
# 871C  91 00    STA STA ($00),Y                  A:DB X:07 Y:9E P:A4 SP:01
# 871E  C8       INY                              A:DB X:07 Y:9E P:A4 SP:01
[Repeated block (7 instrs)] ×3
<L004> ×6
# sample:
# 871F  D0 02    BNE BNE #$02                     A:E0 X:07 Y:A5 P:A4 SP:01
# 8723  A5 01    LDA LDA $01                      A:E0 X:07 Y:A5 P:A4 SP:01
# 8725  C9 04    CMP CMP #$04                     A:03 X:07 Y:A5 P:24 SP:01
# 8727  D0 F0    BNE BNE #$F0                     A:03 X:07 Y:A5 P:A4 SP:01
# 8719  AD 07 20 LDA LDA $2007                    A:03 X:07 Y:A5 P:A4 SP:01
# 871C  91 00    STA STA ($00),Y                  A:DB X:07 Y:A5 P:A4 SP:01
# 871E  C8       INY                              A:DB X:07 Y:A5 P:A4 SP:01
[Repeated block (7 instrs)] ×2
<L004> ×7
# sample:
# 871F  D0 02    BNE BNE #$02                     A:E0 X:07 Y:AD P:A4 SP:01
# 8723  A5 01    LDA LDA $01                      A:E0 X:07 Y:AD P:A4 SP:01
# 8725  C9 04    CMP CMP #$04                     A:03 X:07 Y:AD P:24 SP:01
# 8727  D0 F0    BNE BNE #$F0                     A:03 X:07 Y:AD P:A4 SP:01
# 8719  AD 07 20 LDA LDA $2007                    A:03 X:07 Y:AD P:A4 SP:01
# 871C  91 00    STA STA ($00),Y                  A:DB X:07 Y:AD P:A4 SP:01
# 871E  C8       INY                              A:DB X:07 Y:AD P:A4 SP:01
[Repeated block (7 instrs)] ×4
<L004> ×2
# sample:
# 871F  D0 02    BNE BNE #$02                     A:14 X:07 Y:B5 P:A4 SP:01
# 8723  A5 01    LDA LDA $01                      A:14 X:07 Y:B5 P:A4 SP:01
# 8725  C9 04    CMP CMP #$04                     A:03 X:07 Y:B5 P:24 SP:01
# 8727  D0 F0    BNE BNE #$F0                     A:03 X:07 Y:B5 P:A4 SP:01
# 8719  AD 07 20 LDA LDA $2007                    A:03 X:07 Y:B5 P:A4 SP:01
# 871C  91 00    STA STA ($00),Y                  A:DB X:07 Y:B5 P:A4 SP:01
# 871E  C8       INY                              A:DB X:07 Y:B5 P:A4 SP:01
[Repeated block (7 instrs)] ×3
<L004> ×6
# sample:
# 871F  D0 02    BNE BNE #$02                     A:42 X:07 Y:BA P:A4 SP:01
# 8723  A5 01    LDA LDA $01                      A:42 X:07 Y:BA P:A4 SP:01
# 8725  C9 04    CMP CMP #$04                     A:03 X:07 Y:BA P:24 SP:01
# 8727  D0 F0    BNE BNE #$F0                     A:03 X:07 Y:BA P:A4 SP:01
# 8719  AD 07 20 LDA LDA $2007                    A:03 X:07 Y:BA P:A4 SP:01
# 871C  91 00    STA STA ($00),Y                  A:DB X:07 Y:BA P:A4 SP:01
# 871E  C8       INY                              A:DB X:07 Y:BA P:A4 SP:01
[Repeated block (7 instrs)] ×2
<L004> ×10
# sample:
# 871F  D0 02    BNE BNE #$02                     A:D9 X:07 Y:C2 P:A4 SP:01
# 8723  A5 01    LDA LDA $01                      A:D9 X:07 Y:C2 P:A4 SP:01
# 8725  C9 04    CMP CMP #$04                     A:03 X:07 Y:C2 P:24 SP:01
# 8727  D0 F0    BNE BNE #$F0                     A:03 X:07 Y:C2 P:A4 SP:01
# 8719  AD 07 20 LDA LDA $2007                    A:03 X:07 Y:C2 P:A4 SP:01
# 871C  91 00    STA STA ($00),Y                  A:DB X:07 Y:C2 P:A4 SP:01
# 871E  C8       INY                              A:DB X:07 Y:C2 P:A4 SP:01
[Repeated block (7 instrs)] ×8
<L004> ×6
# sample:
# 871F  D0 02    BNE BNE #$02                     A:5F X:07 Y:CD P:A4 SP:01
# 8723  A5 01    LDA LDA $01                      A:5F X:07 Y:CD P:A4 SP:01
# 8725  C9 04    CMP CMP #$04                     A:03 X:07 Y:CD P:24 SP:01
# 8727  D0 F0    BNE BNE #$F0                     A:03 X:07 Y:CD P:A4 SP:01
# 8719  AD 07 20 LDA LDA $2007                    A:03 X:07 Y:CD P:A4 SP:01
# 871C  91 00    STA STA ($00),Y                  A:95 X:07 Y:CD P:A4 SP:01
# 871E  C8       INY                              A:95 X:07 Y:CD P:A4 SP:01
[Repeated block (7 instrs)] ×2
<L004> ×37
# sample:
# 871F  D0 02    BNE BNE #$02                     A:96 X:07 Y:DA P:A4 SP:01
# 8723  A5 01    LDA LDA $01                      A:96 X:07 Y:DA P:A4 SP:01
# 8725  C9 04    CMP CMP #$04                     A:03 X:07 Y:DA P:24 SP:01
# 8727  D0 F0    BNE BNE #$F0                     A:03 X:07 Y:DA P:A4 SP:01
# 8719  AD 07 20 LDA LDA $2007                    A:03 X:07 Y:DA P:A4 SP:01
# 871C  91 00    STA STA ($00),Y                  A:95 X:07 Y:DA P:A4 SP:01
# 871E  C8       INY                              A:95 X:07 Y:DA P:A4 SP:01
871F  D0 02    BNE BNE #$02                     A:10 X:07 Y:00 P:26 SP:01
8721  E6 01    INC INC $01                      A:10 X:07 Y:00 P:26 SP:01
<L021> ×37
# sample:
# 8723  A5 01    LDA LDA $01                      A:10 X:07 Y:00 P:24 SP:01
# 8725  C9 04    CMP CMP #$04                     A:04 X:07 Y:00 P:24 SP:01
# 8727  D0 F0    BNE BNE #$F0                     A:04 X:07 Y:00 P:27 SP:01
# 8729  C0 3A    CPY CPY #$3A                     A:04 X:07 Y:00 P:27 SP:01
# 872B  90 EC    BCC BCC #$EC                     A:04 X:07 Y:00 P:A4 SP:01
# 8719  AD 07 20 LDA LDA $2007                    A:04 X:07 Y:00 P:A4 SP:01
# 871C  91 00    STA STA ($00),Y                  A:0A X:07 Y:00 P:24 SP:01
# 871E  C8       INY                              A:0A X:07 Y:00 P:24 SP:01
# 871F  D0 02    BNE BNE #$02                     A:0A X:07 Y:01 P:24 SP:01
8723  A5 01    LDA LDA $01                      A:04 X:07 Y:25 P:24 SP:01
8725  C9 04    CMP CMP #$04                     A:04 X:07 Y:25 P:24 SP:01
8727  D0 F0    BNE BNE #$F0                     A:04 X:07 Y:25 P:27 SP:01
8729  C0 3A    CPY CPY #$3A                     A:04 X:07 Y:25 P:27 SP:01
872B  90 EC    BCC BCC #$EC                     A:04 X:07 Y:25 P:A4 SP:01
8719  AD 07 20 LDA LDA $2007                    A:04 X:07 Y:25 P:A4 SP:01
871C  91 00    STA STA ($00),Y                  A:99 X:07 Y:25 P:A4 SP:01
871E  C8       INY                              A:99 X:07 Y:25 P:A4 SP:01
[Repeated block (9 instrs)] ×3
<L050> ×5
# sample:
# 871F  D0 02    BNE BNE #$02                     A:99 X:07 Y:26 P:24 SP:01
# 8723  A5 01    LDA LDA $01                      A:99 X:07 Y:26 P:24 SP:01
# 8725  C9 04    CMP CMP #$04                     A:04 X:07 Y:26 P:24 SP:01
# 8727  D0 F0    BNE BNE #$F0                     A:04 X:07 Y:26 P:27 SP:01
# 8729  C0 3A    CPY CPY #$3A                     A:04 X:07 Y:26 P:27 SP:01
# 872B  90 EC    BCC BCC #$EC                     A:04 X:07 Y:26 P:A4 SP:01
# 8719  AD 07 20 LDA LDA $2007                    A:04 X:07 Y:26 P:A4 SP:01
# 871C  91 00    STA STA ($00),Y                  A:AA X:07 Y:26 P:A4 SP:01
# 871E  C8       INY                              A:AA X:07 Y:26 P:A4 SP:01
[Repeated block (9 instrs)] ×3
<L050> ×2
# sample:
# 871F  D0 02    BNE BNE #$02                     A:99 X:07 Y:2D P:24 SP:01
# 8723  A5 01    LDA LDA $01                      A:99 X:07 Y:2D P:24 SP:01
# 8725  C9 04    CMP CMP #$04                     A:04 X:07 Y:2D P:24 SP:01
# 8727  D0 F0    BNE BNE #$F0                     A:04 X:07 Y:2D P:27 SP:01
# 8729  C0 3A    CPY CPY #$3A                     A:04 X:07 Y:2D P:27 SP:01
# 872B  90 EC    BCC BCC #$EC                     A:04 X:07 Y:2D P:A4 SP:01
# 8719  AD 07 20 LDA LDA $2007                    A:04 X:07 Y:2D P:A4 SP:01
# 871C  91 00    STA STA ($00),Y                  A:AA X:07 Y:2D P:A4 SP:01
# 871E  C8       INY                              A:AA X:07 Y:2D P:A4 SP:01
[Repeated block (9 instrs)] ×9
871F  D0 02    BNE BNE #$02                     A:00 X:07 Y:31 P:24 SP:01
8723  A5 01    LDA LDA $01                      A:00 X:07 Y:31 P:24 SP:01
8725  C9 04    CMP CMP #$04                     A:04 X:07 Y:31 P:24 SP:01
8727  D0 F0    BNE BNE #$F0                     A:04 X:07 Y:31 P:27 SP:01
8729  C0 3A    CPY CPY #$3A                     A:04 X:07 Y:31 P:27 SP:01
872B  90 EC    BCC BCC #$EC                     A:04 X:07 Y:31 P:A4 SP:01
8719  AD 07 20 LDA LDA $2007                    A:04 X:07 Y:31 P:A4 SP:01
871C  91 00    STA STA ($00),Y                  A:FF X:07 Y:31 P:A4 SP:01
871E  C8       INY                              A:FF X:07 Y:31 P:A4 SP:01
871F  D0 02    BNE BNE #$02                     A:FF X:07 Y:3A P:24 SP:01
8723  A5 01    LDA LDA $01                      A:FF X:07 Y:3A P:24 SP:01
8725  C9 04    CMP CMP #$04                     A:04 X:07 Y:3A P:24 SP:01
8727  D0 F0    BNE BNE #$F0                     A:04 X:07 Y:3A P:27 SP:01
8729  C0 3A    CPY CPY #$3A                     A:04 X:07 Y:3A P:27 SP:01
872B  90 EC    BCC BCC #$EC                     A:04 X:07 Y:3A P:27 SP:01
872D  A9 05    LDA LDA #$05                     A:04 X:07 Y:3A P:27 SP:01
872F  4C 4C 86 JMP JMP $864C                    A:05 X:07 Y:3A P:25 SP:01
864C  8D 73 07 STA STA $0773                    A:05 X:07 Y:3A P:25 SP:01
864F  4C 45 87 JMP JMP $8745                    A:05 X:07 Y:3A P:25 SP:01
8745  EE 3C 07 INC INC $073C                    A:05 X:07 Y:3A P:25 SP:01
8748  60       RTS                              A:05 X:07 Y:3A P:25 SP:01
8178  AD 02 20 LDA LDA $2002                    A:05 X:07 Y:3A P:25 SP:03
817B  68       PLA                              A:00 X:07 Y:3A P:27 SP:03
817C  09 80    ORA ORA #$80                     A:10 X:07 Y:3A P:25 SP:04
817E  8D 00 20 STA STA $2000                    A:90 X:07 Y:3A P:A5 SP:04
8181  40       RTI                              A:90 X:07 Y:3A P:A5 SP:04
[Repeated block (6 instrs)] ×783
<L018> ×2
# sample:
# FFF3  1A       *NOP                             A:90 X:07 Y:3A P:A4 SP:07
# FFF4  1C 1D 1D *NOP *NOP $1D1D,X                A:90 X:07 Y:3A P:A4 SP:07
# FFF7  1E 1E 1F ASL ASL $1F1E,X                  A:90 X:07 Y:3A P:A4 SP:07
# FFFA  82 80    *NOP *NOP #$80                   A:90 X:07 Y:3A P:26 SP:07
FFF7  1E 1E 1F ASL ASL $1F1E,X                  A:90 X:07 Y:3A P:A4 SP:DA
8082  AD 78 07 LDA LDA $0778                    A:90 X:07 Y:3A P:26 SP:D7
<L011> ×2
# sample:
# 8085  29 7F    AND AND #$7F                     A:10 X:07 Y:3A P:24 SP:D7
# 8087  8D 78 07 STA STA $0778                    A:10 X:07 Y:3A P:24 SP:D7
808F  AD 79 07 LDA LDA $0779                    A:10 X:07 Y:3A P:24 SP:D7
8092  29 E6    AND AND #$E6                     A:00 X:07 Y:3A P:26 SP:D7
8094  AC 74 07 LDY LDY $0774                    A:00 X:07 Y:3A P:26 SP:D7
<L011> ×2
# sample:
# 8097  D0 05    BNE BNE #$05                     A:00 X:07 Y:02 P:24 SP:D7
# 809E  8D 79 07 STA STA $0779                    A:00 X:07 Y:02 P:24 SP:D7
80A6  AE 02 20 LDX LDX $2002                    A:00 X:07 Y:02 P:26 SP:D7
80A9  A9 00    LDA LDA #$00                     A:00 X:80 Y:02 P:A4 SP:D7
<L002> ×2
# sample:
# 80AB  20 E6 8E JSR JSR $8EE6                    A:00 X:80 Y:02 P:26 SP:D7
# 8EE6  8D 05 20 STA STA $2005                    A:00 X:80 Y:02 P:26 SP:D5
80AE  8D 03 20 STA STA $2003                    A:00 X:80 Y:02 P:26 SP:D7
80B1  A9 02    LDA LDA #$02                     A:00 X:80 Y:02 P:26 SP:D7
80B3  8D 14 40 STA STA $4014                    A:02 X:80 Y:02 P:24 SP:D7
80B6  AE 73 07 LDX LDX $0773                    A:02 X:80 Y:02 P:24 SP:D7
80B9  BD 5A 80 LDA LDA $805A,X                  A:02 X:05 Y:02 P:24 SP:D7
<L001> ×2
# sample:
# 80BC  85 00    STA STA $00                      A:00 X:05 Y:02 P:26 SP:D7
80C1  85 01    STA STA $01                      A:03 X:05 Y:02 P:24 SP:D7
80C3  20 DD 8E JSR JSR $8EDD                    A:03 X:05 Y:02 P:24 SP:D7
<L002> ×2
# sample:
# 8EDD  AE 02 20 LDX LDX $2002                    A:03 X:05 Y:02 P:24 SP:D5
# 8EE0  A0 00    LDY LDY #$00                     A:03 X:00 Y:02 P:26 SP:D5
<L008> ×2
# sample:
# 8E92  8D 06 20 STA STA $2006                    A:20 X:00 Y:00 P:24 SP:D5
# 8E95  C8       INY                              A:20 X:00 Y:00 P:24 SP:D5
# 8E96  B1 00    LDA LDA ($00),Y                  A:20 X:00 Y:01 P:24 SP:D5
8E9E  0A       ASL A                            A:54 X:00 Y:02 P:24 SP:D5
8E9F  48       PHA                              A:A8 X:00 Y:02 P:A4 SP:D5
<L031> ×2
# sample:
# 8EA0  AD 78 07 LDA LDA $0778                    A:A8 X:00 Y:02 P:A4 SP:D4
# 8EA3  09 04    ORA ORA #$04                     A:10 X:00 Y:02 P:24 SP:D4
# 8EA5  B0 02    BCS BCS #$02                     A:14 X:00 Y:02 P:24 SP:D4
# 8EA7  29 FB    AND AND #$FB                     A:14 X:00 Y:02 P:24 SP:D4
# 8EA9  20 ED 8E JSR JSR $8EED                    A:10 X:00 Y:02 P:24 SP:D4
# 8EED  8D 00 20 STA STA $2000                    A:10 X:00 Y:02 P:24 SP:D2
# 8EF0  8D 78 07 STA STA $0778                    A:10 X:00 Y:02 P:24 SP:D2
# 8EF3  60       RTS                              A:10 X:00 Y:02 P:24 SP:D2
[Repeated block (10 instrs)] ×10
<L003> ×2
# sample:
# 8EB6  B0 01    BCS BCS #$01                     A:14 X:14 Y:03 P:25 SP:D5
# 8EB9  B1 00    LDA LDA ($00),Y                  A:14 X:14 Y:03 P:25 SP:D5
# 8EBB  8D 07 20 STA STA $2007                    A:26 X:14 Y:03 P:25 SP:D5
# 8EBE  CA       DEX                              A:26 X:14 Y:03 P:25 SP:D5
# 8EBF  D0 F5    BNE BNE #$F5                     A:26 X:13 Y:03 P:25 SP:D5
# 8EB6  B0 01    BCS BCS #$01                     A:26 X:13 Y:03 P:25 SP:D5
# 8EB9  B1 00    LDA LDA ($00),Y                  A:26 X:13 Y:03 P:25 SP:D5
# 8EBB  8D 07 20 STA STA $2007                    A:26 X:13 Y:03 P:25 SP:D5
# 8EBE  CA       DEX                              A:26 X:13 Y:03 P:25 SP:D5
# 8EBF  D0 F5    BNE BNE #$F5                     A:26 X:12 Y:03 P:25 SP:D5
# 8EC1  38       SEC                              A:26 X:00 Y:03 P:27 SP:D5
# 8EC2  98       TYA                              A:26 X:00 Y:03 P:27 SP:D5
<L001> ×3
# sample:
# 8EE0  A0 00    LDY LDY #$00                     A:00 X:00 Y:03 P:26 SP:D5
<L008> ×2
# sample:
# 8E92  8D 06 20 STA STA $2006                    A:20 X:00 Y:00 P:24 SP:D5
# 8E95  C8       INY                              A:20 X:00 Y:00 P:24 SP:D5
# 8E96  B1 00    LDA LDA ($00),Y                  A:20 X:00 Y:01 P:24 SP:D5
8E9E  0A       ASL A                            A:54 X:00 Y:02 P:24 SP:D5
8E9F  48       PHA                              A:A8 X:00 Y:02 P:A4 SP:D5
<L031> ×2
# sample:
# 8EA0  AD 78 07 LDA LDA $0778                    A:A8 X:00 Y:02 P:A4 SP:D4
# 8EA3  09 04    ORA ORA #$04                     A:10 X:00 Y:02 P:24 SP:D4
# 8EA5  B0 02    BCS BCS #$02                     A:14 X:00 Y:02 P:24 SP:D4
# 8EA7  29 FB    AND AND #$FB                     A:14 X:00 Y:02 P:24 SP:D4
# 8EA9  20 ED 8E JSR JSR $8EED                    A:10 X:00 Y:02 P:24 SP:D4
# 8EED  8D 00 20 STA STA $2000                    A:10 X:00 Y:02 P:24 SP:D2
# 8EF0  8D 78 07 STA STA $0778                    A:10 X:00 Y:02 P:24 SP:D2
# 8EF3  60       RTS                              A:10 X:00 Y:02 P:24 SP:D2
[Repeated block (10 instrs)] ×10
<L003> ×2
# sample:
# 8EB6  B0 01    BCS BCS #$01                     A:14 X:14 Y:03 P:25 SP:D5
# 8EB9  B1 00    LDA LDA ($00),Y                  A:14 X:14 Y:03 P:25 SP:D5
# 8EBB  8D 07 20 STA STA $2007                    A:26 X:14 Y:03 P:25 SP:D5
# 8EBE  CA       DEX                              A:26 X:14 Y:03 P:25 SP:D5
# 8EBF  D0 F5    BNE BNE #$F5                     A:26 X:13 Y:03 P:25 SP:D5
# 8EB6  B0 01    BCS BCS #$01                     A:26 X:13 Y:03 P:25 SP:D5
# 8EB9  B1 00    LDA LDA ($00),Y                  A:26 X:13 Y:03 P:25 SP:D5
# 8EBB  8D 07 20 STA STA $2007                    A:26 X:13 Y:03 P:25 SP:D5
# 8EBE  CA       DEX                              A:26 X:13 Y:03 P:25 SP:D5
# 8EBF  D0 F5    BNE BNE #$F5                     A:26 X:12 Y:03 P:25 SP:D5
# 8EC1  38       SEC                              A:26 X:00 Y:03 P:27 SP:D5
# 8EC2  98       TYA                              A:26 X:00 Y:03 P:27 SP:D5
<L001> ×3
# sample:
# 8EE0  A0 00    LDY LDY #$00                     A:00 X:00 Y:03 P:26 SP:D5
<L008> ×2
# sample:
# 8E92  8D 06 20 STA STA $2006                    A:20 X:00 Y:00 P:24 SP:D5
# 8E95  C8       INY                              A:20 X:00 Y:00 P:24 SP:D5
# 8E96  B1 00    LDA LDA ($00),Y                  A:20 X:00 Y:01 P:24 SP:D5
8E9E  0A       ASL A                            A:54 X:00 Y:02 P:24 SP:D5
8E9F  48       PHA                              A:A8 X:00 Y:02 P:A4 SP:D5
<L031> ×2
# sample:
# 8EA0  AD 78 07 LDA LDA $0778                    A:A8 X:00 Y:02 P:A4 SP:D4
# 8EA3  09 04    ORA ORA #$04                     A:10 X:00 Y:02 P:24 SP:D4
# 8EA5  B0 02    BCS BCS #$02                     A:14 X:00 Y:02 P:24 SP:D4
# 8EA7  29 FB    AND AND #$FB                     A:14 X:00 Y:02 P:24 SP:D4
# 8EA9  20 ED 8E JSR JSR $8EED                    A:10 X:00 Y:02 P:24 SP:D4
# 8EED  8D 00 20 STA STA $2000                    A:10 X:00 Y:02 P:24 SP:D2
# 8EF0  8D 78 07 STA STA $0778                    A:10 X:00 Y:02 P:24 SP:D2
# 8EF3  60       RTS                              A:10 X:00 Y:02 P:24 SP:D2
[Repeated block (10 instrs)] ×10
<L003> ×2
# sample:
# 8EB6  B0 01    BCS BCS #$01                     A:14 X:14 Y:03 P:25 SP:D5
# 8EB9  B1 00    LDA LDA ($00),Y                  A:14 X:14 Y:03 P:25 SP:D5
# 8EBB  8D 07 20 STA STA $2007                    A:26 X:14 Y:03 P:25 SP:D5
# 8EBE  CA       DEX                              A:26 X:14 Y:03 P:25 SP:D5
# 8EBF  D0 F5    BNE BNE #$F5                     A:26 X:13 Y:03 P:25 SP:D5
# 8EB6  B0 01    BCS BCS #$01                     A:26 X:13 Y:03 P:25 SP:D5
# 8EB9  B1 00    LDA LDA ($00),Y                  A:26 X:13 Y:03 P:25 SP:D5
# 8EBB  8D 07 20 STA STA $2007                    A:26 X:13 Y:03 P:25 SP:D5
# 8EBE  CA       DEX                              A:26 X:13 Y:03 P:25 SP:D5
# 8EBF  D0 F5    BNE BNE #$F5                     A:26 X:12 Y:03 P:25 SP:D5
# 8EC1  38       SEC                              A:26 X:00 Y:03 P:27 SP:D5
# 8EC2  98       TYA                              A:26 X:00 Y:03 P:27 SP:D5
<L001> ×3
# sample:
# 8EE0  A0 00    LDY LDY #$00                     A:00 X:00 Y:03 P:26 SP:D5
<L008> ×2
# sample:
# 8E92  8D 06 20 STA STA $2006                    A:21 X:00 Y:00 P:24 SP:D5
# 8E95  C8       INY                              A:21 X:00 Y:00 P:24 SP:D5
# 8E96  B1 00    LDA LDA ($00),Y                  A:21 X:00 Y:01 P:24 SP:D5
8E9E  0A       ASL A                            A:54 X:00 Y:02 P:24 SP:D5
8E9F  48       PHA                              A:A8 X:00 Y:02 P:A4 SP:D5
<L031> ×2
# sample:
# 8EA0  AD 78 07 LDA LDA $0778                    A:A8 X:00 Y:02 P:A4 SP:D4
# 8EA3  09 04    ORA ORA #$04                     A:10 X:00 Y:02 P:24 SP:D4
# 8EA5  B0 02    BCS BCS #$02                     A:14 X:00 Y:02 P:24 SP:D4
# 8EA7  29 FB    AND AND #$FB                     A:14 X:00 Y:02 P:24 SP:D4
# 8EA9  20 ED 8E JSR JSR $8EED                    A:10 X:00 Y:02 P:24 SP:D4
# 8EED  8D 00 20 STA STA $2000                    A:10 X:00 Y:02 P:24 SP:D2
# 8EF0  8D 78 07 STA STA $0778                    A:10 X:00 Y:02 P:24 SP:D2
# 8EF3  60       RTS                              A:10 X:00 Y:02 P:24 SP:D2
[Repeated block (10 instrs)] ×10
<L003> ×2
# sample:
# 8EB6  B0 01    BCS BCS #$01                     A:14 X:14 Y:03 P:25 SP:D5
# 8EB9  B1 00    LDA LDA ($00),Y                  A:14 X:14 Y:03 P:25 SP:D5
# 8EBB  8D 07 20 STA STA $2007                    A:26 X:14 Y:03 P:25 SP:D5
# 8EBE  CA       DEX                              A:26 X:14 Y:03 P:25 SP:D5
# 8EBF  D0 F5    BNE BNE #$F5                     A:26 X:13 Y:03 P:25 SP:D5
# 8EB6  B0 01    BCS BCS #$01                     A:26 X:13 Y:03 P:25 SP:D5
# 8EB9  B1 00    LDA LDA ($00),Y                  A:26 X:13 Y:03 P:25 SP:D5
# 8EBB  8D 07 20 STA STA $2007                    A:26 X:13 Y:03 P:25 SP:D5
# 8EBE  CA       DEX                              A:26 X:13 Y:03 P:25 SP:D5
# 8EBF  D0 F5    BNE BNE #$F5                     A:26 X:12 Y:03 P:25 SP:D5
# 8EC1  38       SEC                              A:26 X:00 Y:03 P:27 SP:D5
# 8EC2  98       TYA                              A:26 X:00 Y:03 P:27 SP:D5
<L001> ×3
# sample:
# 8EE0  A0 00    LDY LDY #$00                     A:00 X:00 Y:03 P:26 SP:D5
<L008> ×2
# sample:
# 8E92  8D 06 20 STA STA $2006                    A:20 X:00 Y:00 P:24 SP:D5
# 8E95  C8       INY                              A:20 X:00 Y:00 P:24 SP:D5
# 8E96  B1 00    LDA LDA ($00),Y                  A:20 X:00 Y:01 P:24 SP:D5
8E9E  0A       ASL A                            A:01 X:00 Y:02 P:24 SP:D5
8E9F  48       PHA                              A:02 X:00 Y:02 P:24 SP:D5
<L003> ×3
# sample:
# 8EA0  AD 78 07 LDA LDA $0778                    A:02 X:00 Y:02 P:24 SP:D4
# 8EA3  09 04    ORA ORA #$04                     A:10 X:00 Y:02 P:24 SP:D4
# 8EA5  B0 02    BCS BCS #$02                     A:14 X:00 Y:02 P:24 SP:D4
# 8EA7  29 FB    AND AND #$FB                     A:14 X:00 Y:02 P:24 SP:D4
# 8EA9  20 ED 8E JSR JSR $8EED                    A:10 X:00 Y:02 P:24 SP:D4
# 8EED  8D 00 20 STA STA $2000                    A:10 X:00 Y:02 P:24 SP:D2
# 8EF0  8D 78 07 STA STA $0778                    A:10 X:00 Y:02 P:24 SP:D2
# 8EF3  60       RTS                              A:10 X:00 Y:02 P:24 SP:D2
# 8EAC  68       PLA                              A:10 X:00 Y:02 P:24 SP:D4
# 8EAD  0A       ASL A                            A:02 X:00 Y:02 P:24 SP:D5
# 8EAE  90 03    BCC BCC #$03                     A:04 X:00 Y:02 P:24 SP:D5
# 8EB3  4A       LSR A                            A:04 X:00 Y:02 P:24 SP:D5
8EE4  D0 AC    BNE BNE #$AC                     A:20 X:00 Y:00 P:24 SP:D5
<L008> ×2
# sample:
# 8E92  8D 06 20 STA STA $2006                    A:20 X:00 Y:00 P:24 SP:D5
# 8E95  C8       INY                              A:20 X:00 Y:00 P:24 SP:D5
# 8E96  B1 00    LDA LDA ($00),Y                  A:20 X:00 Y:01 P:24 SP:D5
8E9E  0A       ASL A                            A:54 X:00 Y:02 P:24 SP:D5
8E9F  48       PHA                              A:A8 X:00 Y:02 P:A4 SP:D5
<L031> ×2
# sample:
# 8EA0  AD 78 07 LDA LDA $0778                    A:A8 X:00 Y:02 P:A4 SP:D4
# 8EA3  09 04    ORA ORA #$04                     A:10 X:00 Y:02 P:24 SP:D4
# 8EA5  B0 02    BCS BCS #$02                     A:14 X:00 Y:02 P:24 SP:D4
# 8EA7  29 FB    AND AND #$FB                     A:14 X:00 Y:02 P:24 SP:D4
# 8EA9  20 ED 8E JSR JSR $8EED                    A:10 X:00 Y:02 P:24 SP:D4
# 8EED  8D 00 20 STA STA $2000                    A:10 X:00 Y:02 P:24 SP:D2
# 8EF0  8D 78 07 STA STA $0778                    A:10 X:00 Y:02 P:24 SP:D2
# 8EF3  60       RTS                              A:10 X:00 Y:02 P:24 SP:D2
[Repeated block (10 instrs)] ×10
<L003> ×2
# sample:
# 8EB6  B0 01    BCS BCS #$01                     A:14 X:14 Y:03 P:25 SP:D5
# 8EB9  B1 00    LDA LDA ($00),Y                  A:14 X:14 Y:03 P:25 SP:D5
# 8EBB  8D 07 20 STA STA $2007                    A:48 X:14 Y:03 P:25 SP:D5
# 8EBE  CA       DEX                              A:48 X:14 Y:03 P:25 SP:D5
# 8EBF  D0 F5    BNE BNE #$F5                     A:48 X:13 Y:03 P:25 SP:D5
# 8EB6  B0 01    BCS BCS #$01                     A:48 X:13 Y:03 P:25 SP:D5
# 8EB9  B1 00    LDA LDA ($00),Y                  A:48 X:13 Y:03 P:25 SP:D5
# 8EBB  8D 07 20 STA STA $2007                    A:48 X:13 Y:03 P:25 SP:D5
# 8EBE  CA       DEX                              A:48 X:13 Y:03 P:25 SP:D5
# 8EBF  D0 F5    BNE BNE #$F5                     A:48 X:12 Y:03 P:25 SP:D5
# 8EC1  38       SEC                              A:48 X:00 Y:03 P:27 SP:D5
# 8EC2  98       TYA                              A:48 X:00 Y:03 P:27 SP:D5
<L001> ×3
# sample:
# 8EE0  A0 00    LDY LDY #$00                     A:00 X:00 Y:03 P:26 SP:D5
<L008> ×2
# sample:
# 8E92  8D 06 20 STA STA $2006                    A:20 X:00 Y:00 P:24 SP:D5
# 8E95  C8       INY                              A:20 X:00 Y:00 P:24 SP:D5
# 8E96  B1 00    LDA LDA ($00),Y                  A:20 X:00 Y:01 P:24 SP:D5
8E9E  0A       ASL A                            A:01 X:00 Y:02 P:24 SP:D5
8E9F  48       PHA                              A:02 X:00 Y:02 P:24 SP:D5
<L003> ×3
# sample:
# 8EA0  AD 78 07 LDA LDA $0778                    A:02 X:00 Y:02 P:24 SP:D4
# 8EA3  09 04    ORA ORA #$04                     A:10 X:00 Y:02 P:24 SP:D4
# 8EA5  B0 02    BCS BCS #$02                     A:14 X:00 Y:02 P:24 SP:D4
# 8EA7  29 FB    AND AND #$FB                     A:14 X:00 Y:02 P:24 SP:D4
# 8EA9  20 ED 8E JSR JSR $8EED                    A:10 X:00 Y:02 P:24 SP:D4
# 8EED  8D 00 20 STA STA $2000                    A:10 X:00 Y:02 P:24 SP:D2
# 8EF0  8D 78 07 STA STA $0778                    A:10 X:00 Y:02 P:24 SP:D2
# 8EF3  60       RTS                              A:10 X:00 Y:02 P:24 SP:D2
# 8EAC  68       PLA                              A:10 X:00 Y:02 P:24 SP:D4
# 8EAD  0A       ASL A                            A:02 X:00 Y:02 P:24 SP:D5
# 8EAE  90 03    BCC BCC #$03                     A:04 X:00 Y:02 P:24 SP:D5
# 8EB3  4A       LSR A                            A:04 X:00 Y:02 P:24 SP:D5
8EE4  D0 AC    BNE BNE #$AC                     A:20 X:00 Y:00 P:24 SP:D5
<L008> ×2
# sample:
# 8E92  8D 06 20 STA STA $2006                    A:20 X:00 Y:00 P:24 SP:D5
# 8E95  C8       INY                              A:20 X:00 Y:00 P:24 SP:D5
# 8E96  B1 00    LDA LDA ($00),Y                  A:20 X:00 Y:01 P:24 SP:D5
8E9E  0A       ASL A                            A:C9 X:00 Y:02 P:A4 SP:D5
8E9F  48       PHA                              A:92 X:00 Y:02 P:A5 SP:D5
<L044> ×2
# sample:
# 8EA0  AD 78 07 LDA LDA $0778                    A:92 X:00 Y:02 P:A5 SP:D4
# 8EA3  09 04    ORA ORA #$04                     A:10 X:00 Y:02 P:25 SP:D4
# 8EA5  B0 02    BCS BCS #$02                     A:14 X:00 Y:02 P:25 SP:D4
# 8EA9  20 ED 8E JSR JSR $8EED                    A:14 X:00 Y:02 P:25 SP:D4
# 8EED  8D 00 20 STA STA $2000                    A:14 X:00 Y:02 P:25 SP:D2
# 8EF0  8D 78 07 STA STA $0778                    A:14 X:00 Y:02 P:25 SP:D2
# 8EF3  60       RTS                              A:14 X:00 Y:02 P:25 SP:D2
8EB5  AA       TAX                              A:09 X:00 Y:03 P:25 SP:D5
[Repeated block (10 instrs)] ×4
<L003> ×2
# sample:
# 8EB6  B0 01    BCS BCS #$01                     A:09 X:09 Y:03 P:25 SP:D5
# 8EB9  B1 00    LDA LDA ($00),Y                  A:09 X:09 Y:03 P:25 SP:D5
# 8EBB  8D 07 20 STA STA $2007                    A:46 X:09 Y:03 P:25 SP:D5
# 8EBE  CA       DEX                              A:46 X:09 Y:03 P:25 SP:D5
# 8EBF  D0 F5    BNE BNE #$F5                     A:46 X:08 Y:03 P:25 SP:D5
# 8EB6  B0 01    BCS BCS #$01                     A:46 X:08 Y:03 P:25 SP:D5
# 8EB9  B1 00    LDA LDA ($00),Y                  A:46 X:08 Y:03 P:25 SP:D5
# 8EBB  8D 07 20 STA STA $2007                    A:46 X:08 Y:03 P:25 SP:D5
# 8EBE  CA       DEX                              A:46 X:08 Y:03 P:25 SP:D5
# 8EBF  D0 F5    BNE BNE #$F5                     A:46 X:07 Y:03 P:25 SP:D5
# 8EB6  B0 01    BCS BCS #$01                     A:46 X:01 Y:03 P:25 SP:D5
# 8EB9  B1 00    LDA LDA ($00),Y                  A:46 X:01 Y:03 P:25 SP:D5
<L018> ×2
# sample:
# 8ED2  A9 00    LDA LDA #$00                     A:3F X:00 Y:03 P:24 SP:D5
# 8ED4  8D 06 20 STA STA $2006                    A:00 X:00 Y:03 P:26 SP:D5
# 8ED7  8D 06 20 STA STA $2006                    A:00 X:00 Y:03 P:26 SP:D5
# 8EDA  8D 06 20 STA STA $2006                    A:00 X:00 Y:03 P:26 SP:D5
<L008> ×2
# sample:
# 8E92  8D 06 20 STA STA $2006                    A:20 X:00 Y:00 P:24 SP:D5
# 8E95  C8       INY                              A:20 X:00 Y:00 P:24 SP:D5
# 8E96  B1 00    LDA LDA ($00),Y                  A:20 X:00 Y:01 P:24 SP:D5
8E9E  0A       ASL A                            A:C9 X:00 Y:02 P:A4 SP:D5
8E9F  48       PHA                              A:92 X:00 Y:02 P:A5 SP:D5
<L044> ×2
# sample:
# 8EA0  AD 78 07 LDA LDA $0778                    A:92 X:00 Y:02 P:A5 SP:D4
# 8EA3  09 04    ORA ORA #$04                     A:14 X:00 Y:02 P:25 SP:D4
# 8EA5  B0 02    BCS BCS #$02                     A:14 X:00 Y:02 P:25 SP:D4
# 8EA9  20 ED 8E JSR JSR $8EED                    A:14 X:00 Y:02 P:25 SP:D4
# 8EED  8D 00 20 STA STA $2000                    A:14 X:00 Y:02 P:25 SP:D2
# 8EF0  8D 78 07 STA STA $0778                    A:14 X:00 Y:02 P:25 SP:D2
# 8EF3  60       RTS                              A:14 X:00 Y:02 P:25 SP:D2
8EB5  AA       TAX                              A:09 X:00 Y:03 P:25 SP:D5
[Repeated block (10 instrs)] ×4
<L003> ×2
# sample:
# 8EB6  B0 01    BCS BCS #$01                     A:09 X:09 Y:03 P:25 SP:D5
# 8EB9  B1 00    LDA LDA ($00),Y                  A:09 X:09 Y:03 P:25 SP:D5
# 8EBB  8D 07 20 STA STA $2007                    A:4A X:09 Y:03 P:25 SP:D5
# 8EBE  CA       DEX                              A:4A X:09 Y:03 P:25 SP:D5
# 8EBF  D0 F5    BNE BNE #$F5                     A:4A X:08 Y:03 P:25 SP:D5
# 8EB6  B0 01    BCS BCS #$01                     A:4A X:08 Y:03 P:25 SP:D5
# 8EB9  B1 00    LDA LDA ($00),Y                  A:4A X:08 Y:03 P:25 SP:D5
# 8EBB  8D 07 20 STA STA $2007                    A:4A X:08 Y:03 P:25 SP:D5
# 8EBE  CA       DEX                              A:4A X:08 Y:03 P:25 SP:D5
# 8EBF  D0 F5    BNE BNE #$F5                     A:4A X:07 Y:03 P:25 SP:D5
# 8EB6  B0 01    BCS BCS #$01                     A:4A X:01 Y:03 P:25 SP:D5
# 8EB9  B1 00    LDA LDA ($00),Y                  A:4A X:01 Y:03 P:25 SP:D5
<L018> ×2
# sample:
# 8ED2  A9 00    LDA LDA #$00                     A:3F X:00 Y:03 P:24 SP:D5
# 8ED4  8D 06 20 STA STA $2006                    A:00 X:00 Y:03 P:26 SP:D5
# 8ED7  8D 06 20 STA STA $2006                    A:00 X:00 Y:03 P:26 SP:D5
# 8EDA  8D 06 20 STA STA $2006                    A:00 X:00 Y:03 P:26 SP:D5
<L008> ×2
# sample:
# 8E92  8D 06 20 STA STA $2006                    A:20 X:00 Y:00 P:24 SP:D5
# 8E95  C8       INY                              A:20 X:00 Y:00 P:24 SP:D5
# 8E96  B1 00    LDA LDA ($00),Y                  A:20 X:00 Y:01 P:24 SP:D5
8E9E  0A       ASL A                            A:0A X:00 Y:02 P:24 SP:D5
8E9F  48       PHA                              A:14 X:00 Y:02 P:24 SP:D5
<L003> ×2
# sample:
# 8EA0  AD 78 07 LDA LDA $0778                    A:14 X:00 Y:02 P:24 SP:D4
# 8EA3  09 04    ORA ORA #$04                     A:14 X:00 Y:02 P:24 SP:D4
# 8EA5  B0 02    BCS BCS #$02                     A:14 X:00 Y:02 P:24 SP:D4
# 8EA7  29 FB    AND AND #$FB                     A:14 X:00 Y:02 P:24 SP:D4
# 8EA9  20 ED 8E JSR JSR $8EED                    A:10 X:00 Y:02 P:24 SP:D4
# 8EED  8D 00 20 STA STA $2000                    A:10 X:00 Y:02 P:24 SP:D2
# 8EF0  8D 78 07 STA STA $0778                    A:10 X:00 Y:02 P:24 SP:D2
# 8EF3  60       RTS                              A:10 X:00 Y:02 P:24 SP:D2
# 8EAC  68       PLA                              A:10 X:00 Y:02 P:24 SP:D4
# 8EAD  0A       ASL A                            A:14 X:00 Y:02 P:24 SP:D5
# 8EAE  90 03    BCC BCC #$03                     A:28 X:00 Y:02 P:24 SP:D5
# 8EB3  4A       LSR A                            A:28 X:00 Y:02 P:24 SP:D5
<L002> ×2
# sample:
# 8EBE  CA       DEX                              A:D1 X:09 Y:04 P:A4 SP:D5
# 8EBF  D0 F5    BNE BNE #$F5                     A:D1 X:08 Y:04 P:24 SP:D5
[Repeated block (6 instrs)] ×2
<L003> ×4
# sample:
# 8EB9  B1 00    LDA LDA ($00),Y                  A:D1 X:08 Y:05 P:24 SP:D5
# 8EBB  8D 07 20 STA STA $2007                    A:D8 X:08 Y:05 P:A4 SP:D5
# 8EBE  CA       DEX                              A:D8 X:08 Y:05 P:A4 SP:D5
# 8EBF  D0 F5    BNE BNE #$F5                     A:D8 X:07 Y:05 P:24 SP:D5
# 8EB6  B0 01    BCS BCS #$01                     A:D8 X:07 Y:05 P:24 SP:D5
# 8EB8  C8       INY                              A:D8 X:07 Y:05 P:24 SP:D5
# 8EB9  B1 00    LDA LDA ($00),Y                  A:D8 X:06 Y:07 P:24 SP:D5
# 8EBB  8D 07 20 STA STA $2007                    A:DE X:06 Y:07 P:A4 SP:D5
# 8EBE  CA       DEX                              A:DE X:06 Y:07 P:A4 SP:D5
# 8EBF  D0 F5    BNE BNE #$F5                     A:DE X:05 Y:07 P:24 SP:D5
# 8EB6  B0 01    BCS BCS #$01                     A:DE X:05 Y:07 P:24 SP:D5
# 8EB8  C8       INY                              A:DE X:05 Y:07 P:24 SP:D5
<L018> ×2
# sample:
# 8ECF  8D 06 20 STA STA $2006                    A:3F X:00 Y:0C P:24 SP:D5
# 8ED2  A9 00    LDA LDA #$00                     A:3F X:00 Y:0C P:24 SP:D5
# 8ED4  8D 06 20 STA STA $2006                    A:00 X:00 Y:0C P:26 SP:D5
# 8ED7  8D 06 20 STA STA $2006                    A:00 X:00 Y:0C P:26 SP:D5
8EE4  D0 AC    BNE BNE #$AC                     A:20 X:00 Y:00 P:24 SP:D5
<L008> ×2
# sample:
# 8E92  8D 06 20 STA STA $2006                    A:20 X:00 Y:00 P:24 SP:D5
# 8E95  C8       INY                              A:20 X:00 Y:00 P:24 SP:D5
# 8E96  B1 00    LDA LDA ($00),Y                  A:20 X:00 Y:01 P:24 SP:D5
8E9E  0A       ASL A                            A:0A X:00 Y:02 P:24 SP:D5
8E9F  48       PHA                              A:14 X:00 Y:02 P:24 SP:D5
<L003> ×2
# sample:
# 8EA0  AD 78 07 LDA LDA $0778                    A:14 X:00 Y:02 P:24 SP:D4
# 8EA3  09 04    ORA ORA #$04                     A:10 X:00 Y:02 P:24 SP:D4
# 8EA5  B0 02    BCS BCS #$02                     A:14 X:00 Y:02 P:24 SP:D4
# 8EA7  29 FB    AND AND #$FB                     A:14 X:00 Y:02 P:24 SP:D4
# 8EA9  20 ED 8E JSR JSR $8EED                    A:10 X:00 Y:02 P:24 SP:D4
# 8EED  8D 00 20 STA STA $2000                    A:10 X:00 Y:02 P:24 SP:D2
# 8EF0  8D 78 07 STA STA $0778                    A:10 X:00 Y:02 P:24 SP:D2
# 8EF3  60       RTS                              A:10 X:00 Y:02 P:24 SP:D2
# 8EAC  68       PLA                              A:10 X:00 Y:02 P:24 SP:D4
# 8EAD  0A       ASL A                            A:14 X:00 Y:02 P:24 SP:D5
# 8EAE  90 03    BCC BCC #$03                     A:28 X:00 Y:02 P:24 SP:D5
# 8EB3  4A       LSR A                            A:28 X:00 Y:02 P:24 SP:D5
<L002> ×2
# sample:
# 8EBE  CA       DEX                              A:D3 X:09 Y:04 P:A4 SP:D5
# 8EBF  D0 F5    BNE BNE #$F5                     A:D3 X:08 Y:04 P:24 SP:D5
[Repeated block (6 instrs)] ×3
<L003> ×4
# sample:
# 8EB9  B1 00    LDA LDA ($00),Y                  A:D3 X:08 Y:05 P:24 SP:D5
# 8EBB  8D 07 20 STA STA $2007                    A:DB X:08 Y:05 P:A4 SP:D5
# 8EBE  CA       DEX                              A:DB X:08 Y:05 P:A4 SP:D5
# 8EBF  D0 F5    BNE BNE #$F5                     A:DB X:07 Y:05 P:24 SP:D5
# 8EB6  B0 01    BCS BCS #$01                     A:DB X:07 Y:05 P:24 SP:D5
# 8EB8  C8       INY                              A:DB X:07 Y:05 P:24 SP:D5
# 8EB9  B1 00    LDA LDA ($00),Y                  A:DB X:05 Y:08 P:24 SP:D5
# 8EBB  8D 07 20 STA STA $2007                    A:D9 X:05 Y:08 P:A4 SP:D5
# 8EBE  CA       DEX                              A:D9 X:05 Y:08 P:A4 SP:D5
# 8EBF  D0 F5    BNE BNE #$F5                     A:D9 X:04 Y:08 P:24 SP:D5
# 8EB6  B0 01    BCS BCS #$01                     A:D9 X:04 Y:08 P:24 SP:D5
# 8EB8  C8       INY                              A:D9 X:04 Y:08 P:24 SP:D5
<L001> ×3
# sample:
# 8EE0  A0 00    LDY LDY #$00                     A:00 X:00 Y:0C P:26 SP:D5
<L008> ×2
# sample:
# 8E92  8D 06 20 STA STA $2006                    A:20 X:00 Y:00 P:24 SP:D5
# 8E95  C8       INY                              A:20 X:00 Y:00 P:24 SP:D5
# 8E96  B1 00    LDA LDA ($00),Y                  A:20 X:00 Y:01 P:24 SP:D5
8E9E  0A       ASL A                            A:0A X:00 Y:02 P:24 SP:D5
8E9F  48       PHA                              A:14 X:00 Y:02 P:24 SP:D5
<L003> ×7
# sample:
# 8EA0  AD 78 07 LDA LDA $0778                    A:14 X:00 Y:02 P:24 SP:D4
# 8EA3  09 04    ORA ORA #$04                     A:10 X:00 Y:02 P:24 SP:D4
# 8EA5  B0 02    BCS BCS #$02                     A:14 X:00 Y:02 P:24 SP:D4
# 8EA7  29 FB    AND AND #$FB                     A:14 X:00 Y:02 P:24 SP:D4
# 8EA9  20 ED 8E JSR JSR $8EED                    A:10 X:00 Y:02 P:24 SP:D4
# 8EED  8D 00 20 STA STA $2000                    A:10 X:00 Y:02 P:24 SP:D2
# 8EF0  8D 78 07 STA STA $0778                    A:10 X:00 Y:02 P:24 SP:D2
# 8EF3  60       RTS                              A:10 X:00 Y:02 P:24 SP:D2
# 8EAC  68       PLA                              A:10 X:00 Y:02 P:24 SP:D4
# 8EAD  0A       ASL A                            A:14 X:00 Y:02 P:24 SP:D5
# 8EAE  90 03    BCC BCC #$03                     A:28 X:00 Y:02 P:24 SP:D5
# 8EB3  4A       LSR A                            A:28 X:00 Y:02 P:24 SP:D5
<L005> ×2
# sample:
# 8ED4  8D 06 20 STA STA $2006                    A:00 X:00 Y:0C P:26 SP:D5
# 8ED7  8D 06 20 STA STA $2006                    A:00 X:00 Y:0C P:26 SP:D5
# 8EDA  8D 06 20 STA STA $2006                    A:00 X:00 Y:0C P:26 SP:D5
8EE4  D0 AC    BNE BNE #$AC                     A:21 X:00 Y:00 P:24 SP:D5
<L008> ×2
# sample:
# 8E92  8D 06 20 STA STA $2006                    A:21 X:00 Y:00 P:24 SP:D5
# 8E95  C8       INY                              A:21 X:00 Y:00 P:24 SP:D5
# 8E96  B1 00    LDA LDA ($00),Y                  A:21 X:00 Y:01 P:24 SP:D5
8E9E  0A       ASL A                            A:0A X:00 Y:02 P:24 SP:D5
8E9F  48       PHA                              A:14 X:00 Y:02 P:24 SP:D5
<L003> ×7
# sample:
# 8EA0  AD 78 07 LDA LDA $0778                    A:14 X:00 Y:02 P:24 SP:D4
# 8EA3  09 04    ORA ORA #$04                     A:10 X:00 Y:02 P:24 SP:D4
# 8EA5  B0 02    BCS BCS #$02                     A:14 X:00 Y:02 P:24 SP:D4
# 8EA7  29 FB    AND AND #$FB                     A:14 X:00 Y:02 P:24 SP:D4
# 8EA9  20 ED 8E JSR JSR $8EED                    A:10 X:00 Y:02 P:24 SP:D4
# 8EED  8D 00 20 STA STA $2000                    A:10 X:00 Y:02 P:24 SP:D2
# 8EF0  8D 78 07 STA STA $0778                    A:10 X:00 Y:02 P:24 SP:D2
# 8EF3  60       RTS                              A:10 X:00 Y:02 P:24 SP:D2
# 8EAC  68       PLA                              A:10 X:00 Y:02 P:24 SP:D4
# 8EAD  0A       ASL A                            A:14 X:00 Y:02 P:24 SP:D5
# 8EAE  90 03    BCC BCC #$03                     A:28 X:00 Y:02 P:24 SP:D5
# 8EB3  4A       LSR A                            A:28 X:00 Y:02 P:24 SP:D5
<L005> ×2
# sample:
# 8ED4  8D 06 20 STA STA $2006                    A:00 X:00 Y:0C P:26 SP:D5
# 8ED7  8D 06 20 STA STA $2006                    A:00 X:00 Y:0C P:26 SP:D5
# 8EDA  8D 06 20 STA STA $2006                    A:00 X:00 Y:0C P:26 SP:D5
8EE4  D0 AC    BNE BNE #$AC                     A:21 X:00 Y:00 P:24 SP:D5
<L008> ×2
# sample:
# 8E92  8D 06 20 STA STA $2006                    A:21 X:00 Y:00 P:24 SP:D5
# 8E95  C8       INY                              A:21 X:00 Y:00 P:24 SP:D5
# 8E96  B1 00    LDA LDA ($00),Y                  A:21 X:00 Y:01 P:24 SP:D5
8E9E  0A       ASL A                            A:14 X:00 Y:02 P:24 SP:D5
8E9F  48       PHA                              A:28 X:00 Y:02 P:24 SP:D5
<L003> ×12
# sample:
# 8EA0  AD 78 07 LDA LDA $0778                    A:28 X:00 Y:02 P:24 SP:D4
# 8EA3  09 04    ORA ORA #$04                     A:10 X:00 Y:02 P:24 SP:D4
# 8EA5  B0 02    BCS BCS #$02                     A:14 X:00 Y:02 P:24 SP:D4
# 8EA7  29 FB    AND AND #$FB                     A:14 X:00 Y:02 P:24 SP:D4
# 8EA9  20 ED 8E JSR JSR $8EED                    A:10 X:00 Y:02 P:24 SP:D4
# 8EED  8D 00 20 STA STA $2000                    A:10 X:00 Y:02 P:24 SP:D2
# 8EF0  8D 78 07 STA STA $0778                    A:10 X:00 Y:02 P:24 SP:D2
# 8EF3  60       RTS                              A:10 X:00 Y:02 P:24 SP:D2
# 8EAC  68       PLA                              A:10 X:00 Y:02 P:24 SP:D4
# 8EAD  0A       ASL A                            A:28 X:00 Y:02 P:24 SP:D5
# 8EAE  90 03    BCC BCC #$03                     A:50 X:00 Y:02 P:24 SP:D5
# 8EB3  4A       LSR A                            A:50 X:00 Y:02 P:24 SP:D5
<L005> ×2
# sample:
# 8ED4  8D 06 20 STA STA $2006                    A:00 X:00 Y:16 P:26 SP:D5
# 8ED7  8D 06 20 STA STA $2006                    A:00 X:00 Y:16 P:26 SP:D5
# 8EDA  8D 06 20 STA STA $2006                    A:00 X:00 Y:16 P:26 SP:D5
8EE4  D0 AC    BNE BNE #$AC                     A:21 X:00 Y:00 P:24 SP:D5
<L008> ×2
# sample:
# 8E92  8D 06 20 STA STA $2006                    A:21 X:00 Y:00 P:24 SP:D5
# 8E95  C8       INY                              A:21 X:00 Y:00 P:24 SP:D5
# 8E96  B1 00    LDA LDA ($00),Y                  A:21 X:00 Y:01 P:24 SP:D5
8E9E  0A       ASL A                            A:14 X:00 Y:02 P:24 SP:D5
8E9F  48       PHA                              A:28 X:00 Y:02 P:24 SP:D5
<L032> ×2
# sample:
# 8EA0  AD 78 07 LDA LDA $0778                    A:28 X:00 Y:02 P:24 SP:D4
# 8EA3  09 04    ORA ORA #$04                     A:10 X:00 Y:02 P:24 SP:D4
# 8EA5  B0 02    BCS BCS #$02                     A:14 X:00 Y:02 P:24 SP:D4
# 8EA7  29 FB    AND AND #$FB                     A:14 X:00 Y:02 P:24 SP:D4
# 8EA9  20 ED 8E JSR JSR $8EED                    A:10 X:00 Y:02 P:24 SP:D4
# 8EED  8D 00 20 STA STA $2000                    A:10 X:00 Y:02 P:24 SP:D2
# 8EF0  8D 78 07 STA STA $0778                    A:10 X:00 Y:02 P:24 SP:D2
# 8EF3  60       RTS                              A:10 X:00 Y:02 P:24 SP:D2
# 8EAC  68       PLA                              A:10 X:00 Y:02 P:24 SP:D4
# 8EAD  0A       ASL A                            A:28 X:00 Y:02 P:24 SP:D5
# 8EAE  90 03    BCC BCC #$03                     A:50 X:00 Y:02 P:24 SP:D5
[Repeated block (6 instrs)] ×2
<L003> ×2
# sample:
# 8EB9  B1 00    LDA LDA ($00),Y                  A:DB X:13 Y:04 P:24 SP:D5
# 8EBB  8D 07 20 STA STA $2007                    A:42 X:13 Y:04 P:24 SP:D5
# 8EBE  CA       DEX                              A:42 X:13 Y:04 P:24 SP:D5
# 8EBF  D0 F5    BNE BNE #$F5                     A:42 X:12 Y:04 P:24 SP:D5
# 8EB6  B0 01    BCS BCS #$01                     A:42 X:12 Y:04 P:24 SP:D5
# 8EB8  C8       INY                              A:42 X:12 Y:04 P:24 SP:D5
# 8EB9  B1 00    LDA LDA ($00),Y                  A:42 X:11 Y:06 P:24 SP:D5
# 8EBB  8D 07 20 STA STA $2007                    A:DB X:11 Y:06 P:A4 SP:D5
# 8EBE  CA       DEX                              A:DB X:11 Y:06 P:A4 SP:D5
# 8EBF  D0 F5    BNE BNE #$F5                     A:DB X:10 Y:06 P:24 SP:D5
# 8EB6  B0 01    BCS BCS #$01                     A:DB X:10 Y:06 P:24 SP:D5
# 8EB8  C8       INY                              A:DB X:10 Y:06 P:24 SP:D5
<L005> ×2
# sample:
# 8EB9  B1 00    LDA LDA ($00),Y                  A:DB X:0E Y:09 P:24 SP:D5
# 8EBB  8D 07 20 STA STA $2007                    A:42 X:0E Y:09 P:24 SP:D5
# 8EBE  CA       DEX                              A:42 X:0E Y:09 P:24 SP:D5
[Repeated block (6 instrs)] ×2
<L003> ×7
# sample:
# 8EB9  B1 00    LDA LDA ($00),Y                  A:42 X:0D Y:0A P:24 SP:D5
# 8EBB  8D 07 20 STA STA $2007                    A:DB X:0D Y:0A P:A4 SP:D5
# 8EBE  CA       DEX                              A:DB X:0D Y:0A P:A4 SP:D5
# 8EBF  D0 F5    BNE BNE #$F5                     A:DB X:0C Y:0A P:24 SP:D5
# 8EB6  B0 01    BCS BCS #$01                     A:DB X:0C Y:0A P:24 SP:D5
# 8EB8  C8       INY                              A:DB X:0C Y:0A P:24 SP:D5
# 8EB9  B1 00    LDA LDA ($00),Y                  A:DB X:0B Y:0C P:24 SP:D5
# 8EBB  8D 07 20 STA STA $2007                    A:42 X:0B Y:0C P:24 SP:D5
# 8EBE  CA       DEX                              A:42 X:0B Y:0C P:24 SP:D5
# 8EBF  D0 F5    BNE BNE #$F5                     A:42 X:0A Y:0C P:24 SP:D5
# 8EB6  B0 01    BCS BCS #$01                     A:42 X:0A Y:0C P:24 SP:D5
# 8EB8  C8       INY                              A:42 X:0A Y:0C P:24 SP:D5
<L001> ×3
# sample:
# 8EE0  A0 00    LDY LDY #$00                     A:00 X:00 Y:16 P:26 SP:D5
<L008> ×2
# sample:
# 8E92  8D 06 20 STA STA $2006                    A:21 X:00 Y:00 P:24 SP:D5
# 8E95  C8       INY                              A:21 X:00 Y:00 P:24 SP:D5
# 8E96  B1 00    LDA LDA ($00),Y                  A:21 X:00 Y:01 P:24 SP:D5
8E9E  0A       ASL A                            A:46 X:00 Y:02 P:24 SP:D5
8E9F  48       PHA                              A:8C X:00 Y:02 P:A4 SP:D5
<L031> ×2
# sample:
# 8EA0  AD 78 07 LDA LDA $0778                    A:8C X:00 Y:02 P:A4 SP:D4
# 8EA3  09 04    ORA ORA #$04                     A:10 X:00 Y:02 P:24 SP:D4
# 8EA5  B0 02    BCS BCS #$02                     A:14 X:00 Y:02 P:24 SP:D4
# 8EA7  29 FB    AND AND #$FB                     A:14 X:00 Y:02 P:24 SP:D4
# 8EA9  20 ED 8E JSR JSR $8EED                    A:10 X:00 Y:02 P:24 SP:D4
# 8EED  8D 00 20 STA STA $2000                    A:10 X:00 Y:02 P:24 SP:D2
# 8EF0  8D 78 07 STA STA $0778                    A:10 X:00 Y:02 P:24 SP:D2
# 8EF3  60       RTS                              A:10 X:00 Y:02 P:24 SP:D2
[Repeated block (10 instrs)] ×3
<L003> ×2
# sample:
# 8EB6  B0 01    BCS BCS #$01                     A:06 X:06 Y:03 P:25 SP:D5
# 8EB9  B1 00    LDA LDA ($00),Y                  A:06 X:06 Y:03 P:25 SP:D5
# 8EBB  8D 07 20 STA STA $2007                    A:DB X:06 Y:03 P:A5 SP:D5
# 8EBE  CA       DEX                              A:DB X:06 Y:03 P:A5 SP:D5
# 8EBF  D0 F5    BNE BNE #$F5                     A:DB X:05 Y:03 P:25 SP:D5
# 8EB6  B0 01    BCS BCS #$01                     A:DB X:05 Y:03 P:25 SP:D5
# 8EB9  B1 00    LDA LDA ($00),Y                  A:DB X:05 Y:03 P:25 SP:D5
# 8EBB  8D 07 20 STA STA $2007                    A:DB X:05 Y:03 P:A5 SP:D5
# 8EBE  CA       DEX                              A:DB X:05 Y:03 P:A5 SP:D5
# 8EBF  D0 F5    BNE BNE #$F5                     A:DB X:04 Y:03 P:25 SP:D5
# 8EC1  38       SEC                              A:DB X:00 Y:03 P:27 SP:D5
# 8EC2  98       TYA                              A:DB X:00 Y:03 P:27 SP:D5
<L001> ×3
# sample:
# 8EE0  A0 00    LDY LDY #$00                     A:00 X:00 Y:03 P:26 SP:D5
<L008> ×2
# sample:
# 8E92  8D 06 20 STA STA $2006                    A:21 X:00 Y:00 P:24 SP:D5
# 8E95  C8       INY                              A:21 X:00 Y:00 P:24 SP:D5
# 8E96  B1 00    LDA LDA ($00),Y                  A:21 X:00 Y:01 P:24 SP:D5
8E9E  0A       ASL A                            A:0E X:00 Y:02 P:24 SP:D5
8E9F  48       PHA                              A:1C X:00 Y:02 P:24 SP:D5
<L032> ×2
# sample:
# 8EA0  AD 78 07 LDA LDA $0778                    A:1C X:00 Y:02 P:24 SP:D4
# 8EA3  09 04    ORA ORA #$04                     A:10 X:00 Y:02 P:24 SP:D4
# 8EA5  B0 02    BCS BCS #$02                     A:14 X:00 Y:02 P:24 SP:D4
# 8EA7  29 FB    AND AND #$FB                     A:14 X:00 Y:02 P:24 SP:D4
# 8EA9  20 ED 8E JSR JSR $8EED                    A:10 X:00 Y:02 P:24 SP:D4
# 8EED  8D 00 20 STA STA $2000                    A:10 X:00 Y:02 P:24 SP:D2
# 8EF0  8D 78 07 STA STA $0778                    A:10 X:00 Y:02 P:24 SP:D2
# 8EF3  60       RTS                              A:10 X:00 Y:02 P:24 SP:D2
# 8EAC  68       PLA                              A:10 X:00 Y:02 P:24 SP:D4
# 8EAD  0A       ASL A                            A:1C X:00 Y:02 P:24 SP:D5
# 8EAE  90 03    BCC BCC #$03                     A:38 X:00 Y:02 P:24 SP:D5
[Repeated block (6 instrs)] ×3
<L003> ×3
# sample:
# 8EB9  B1 00    LDA LDA ($00),Y                  A:DF X:0D Y:04 P:24 SP:D5
# 8EBB  8D 07 20 STA STA $2007                    A:DB X:0D Y:04 P:A4 SP:D5
# 8EBE  CA       DEX                              A:DB X:0D Y:04 P:A4 SP:D5
# 8EBF  D0 F5    BNE BNE #$F5                     A:DB X:0C Y:04 P:24 SP:D5
# 8EB6  B0 01    BCS BCS #$01                     A:DB X:0C Y:04 P:24 SP:D5
# 8EB8  C8       INY                              A:DB X:0C Y:04 P:24 SP:D5
# 8EB9  B1 00    LDA LDA ($00),Y                  A:DB X:0A Y:07 P:24 SP:D5
# 8EBB  8D 07 20 STA STA $2007                    A:26 X:0A Y:07 P:24 SP:D5
# 8EBE  CA       DEX                              A:26 X:0A Y:07 P:24 SP:D5
# 8EBF  D0 F5    BNE BNE #$F5                     A:26 X:09 Y:07 P:24 SP:D5
# 8EB6  B0 01    BCS BCS #$01                     A:26 X:09 Y:07 P:24 SP:D5
# 8EB8  C8       INY                              A:26 X:09 Y:07 P:24 SP:D5
[Repeated block (6 instrs)] ×2
<L003> ×3
# sample:
# 8EB9  B1 00    LDA LDA ($00),Y                  A:DF X:05 Y:0C P:24 SP:D5
# 8EBB  8D 07 20 STA STA $2007                    A:DB X:05 Y:0C P:A4 SP:D5
# 8EBE  CA       DEX                              A:DB X:05 Y:0C P:A4 SP:D5
# 8EBF  D0 F5    BNE BNE #$F5                     A:DB X:04 Y:0C P:24 SP:D5
# 8EB6  B0 01    BCS BCS #$01                     A:DB X:04 Y:0C P:24 SP:D5
# 8EB8  C8       INY                              A:DB X:04 Y:0C P:24 SP:D5
# 8EB9  B1 00    LDA LDA ($00),Y                  A:DB X:03 Y:0E P:24 SP:D5
# 8EBB  8D 07 20 STA STA $2007                    A:E4 X:03 Y:0E P:A4 SP:D5
# 8EBE  CA       DEX                              A:E4 X:03 Y:0E P:A4 SP:D5
# 8EBF  D0 F5    BNE BNE #$F5                     A:E4 X:02 Y:0E P:24 SP:D5
# 8EB6  B0 01    BCS BCS #$01                     A:E4 X:02 Y:0E P:24 SP:D5
# 8EB8  C8       INY                              A:E4 X:02 Y:0E P:24 SP:D5
<L001> ×3
# sample:
# 8EE0  A0 00    LDY LDY #$00                     A:00 X:00 Y:10 P:26 SP:D5
<L008> ×2
# sample:
# 8E92  8D 06 20 STA STA $2006                    A:21 X:00 Y:00 P:24 SP:D5
# 8E95  C8       INY                              A:21 X:00 Y:00 P:24 SP:D5
# 8E96  B1 00    LDA LDA ($00),Y                  A:21 X:00 Y:01 P:24 SP:D5
8E9E  0A       ASL A                            A:14 X:00 Y:02 P:24 SP:D5
8E9F  48       PHA                              A:28 X:00 Y:02 P:24 SP:D5
<L031> ×2
# sample:
# 8EA0  AD 78 07 LDA LDA $0778                    A:28 X:00 Y:02 P:24 SP:D4
# 8EA3  09 04    ORA ORA #$04                     A:10 X:00 Y:02 P:24 SP:D4
# 8EA5  B0 02    BCS BCS #$02                     A:14 X:00 Y:02 P:24 SP:D4
# 8EA7  29 FB    AND AND #$FB                     A:14 X:00 Y:02 P:24 SP:D4
# 8EA9  20 ED 8E JSR JSR $8EED                    A:10 X:00 Y:02 P:24 SP:D4
# 8EED  8D 00 20 STA STA $2000                    A:10 X:00 Y:02 P:24 SP:D2
# 8EF0  8D 78 07 STA STA $0778                    A:10 X:00 Y:02 P:24 SP:D2
# 8EF3  60       RTS                              A:10 X:00 Y:02 P:24 SP:D2
[Repeated block (6 instrs)] ×3
<L003> ×2
# sample:
# 8EB9  B1 00    LDA LDA ($00),Y                  A:14 X:14 Y:03 P:24 SP:D5
# 8EBB  8D 07 20 STA STA $2007                    A:DB X:14 Y:03 P:A4 SP:D5
# 8EBE  CA       DEX                              A:DB X:14 Y:03 P:A4 SP:D5
# 8EBF  D0 F5    BNE BNE #$F5                     A:DB X:13 Y:03 P:24 SP:D5
# 8EB6  B0 01    BCS BCS #$01                     A:DB X:13 Y:03 P:24 SP:D5
# 8EB8  C8       INY                              A:DB X:13 Y:03 P:24 SP:D5
# 8EB9  B1 00    LDA LDA ($00),Y                  A:DB X:11 Y:06 P:24 SP:D5
# 8EBB  8D 07 20 STA STA $2007                    A:DE X:11 Y:06 P:A4 SP:D5
# 8EBE  CA       DEX                              A:DE X:11 Y:06 P:A4 SP:D5
# 8EBF  D0 F5    BNE BNE #$F5                     A:DE X:10 Y:06 P:24 SP:D5
# 8EB6  B0 01    BCS BCS #$01                     A:DE X:10 Y:06 P:24 SP:D5
# 8EB8  C8       INY                              A:DE X:10 Y:06 P:24 SP:D5
<L005> ×2
# sample:
# 8EB9  B1 00    LDA LDA ($00),Y                  A:DB X:0E Y:09 P:24 SP:D5
# 8EBB  8D 07 20 STA STA $2007                    A:E0 X:0E Y:09 P:A4 SP:D5
# 8EBE  CA       DEX                              A:E0 X:0E Y:09 P:A4 SP:D5
[Repeated block (6 instrs)] ×3
<L003> ×3
# sample:
# 8EB9  B1 00    LDA LDA ($00),Y                  A:E0 X:0D Y:0A P:24 SP:D5
# 8EBB  8D 07 20 STA STA $2007                    A:DB X:0D Y:0A P:A4 SP:D5
# 8EBE  CA       DEX                              A:DB X:0D Y:0A P:A4 SP:D5
# 8EBF  D0 F5    BNE BNE #$F5                     A:DB X:0C Y:0A P:24 SP:D5
# 8EB6  B0 01    BCS BCS #$01                     A:DB X:0C Y:0A P:24 SP:D5
# 8EB8  C8       INY                              A:DB X:0C Y:0A P:24 SP:D5
# 8EB9  B1 00    LDA LDA ($00),Y                  A:DB X:0A Y:0D P:24 SP:D5
# 8EBB  8D 07 20 STA STA $2007                    A:26 X:0A Y:0D P:24 SP:D5
# 8EBE  CA       DEX                              A:26 X:0A Y:0D P:24 SP:D5
# 8EBF  D0 F5    BNE BNE #$F5                     A:26 X:09 Y:0D P:24 SP:D5
# 8EB6  B0 01    BCS BCS #$01                     A:26 X:09 Y:0D P:24 SP:D5
# 8EB8  C8       INY                              A:26 X:09 Y:0D P:24 SP:D5
[Repeated block (6 instrs)] ×2
<L003> ×3
# sample:
# 8EB9  B1 00    LDA LDA ($00),Y                  A:E0 X:05 Y:12 P:24 SP:D5
# 8EBB  8D 07 20 STA STA $2007                    A:DB X:05 Y:12 P:A4 SP:D5
# 8EBE  CA       DEX                              A:DB X:05 Y:12 P:A4 SP:D5
# 8EBF  D0 F5    BNE BNE #$F5                     A:DB X:04 Y:12 P:24 SP:D5
# 8EB6  B0 01    BCS BCS #$01                     A:DB X:04 Y:12 P:24 SP:D5
# 8EB8  C8       INY                              A:DB X:04 Y:12 P:24 SP:D5
# 8EB9  B1 00    LDA LDA ($00),Y                  A:DB X:03 Y:14 P:24 SP:D5
# 8EBB  8D 07 20 STA STA $2007                    A:E6 X:03 Y:14 P:A4 SP:D5
# 8EBE  CA       DEX                              A:E6 X:03 Y:14 P:A4 SP:D5
# 8EBF  D0 F5    BNE BNE #$F5                     A:E6 X:02 Y:14 P:24 SP:D5
# 8EB6  B0 01    BCS BCS #$01                     A:E6 X:02 Y:14 P:24 SP:D5
# 8EB8  C8       INY                              A:E6 X:02 Y:14 P:24 SP:D5
<L001> ×3
# sample:
# 8EE0  A0 00    LDY LDY #$00                     A:00 X:00 Y:16 P:26 SP:D5
<L008> ×2
# sample:
# 8E92  8D 06 20 STA STA $2006                    A:21 X:00 Y:00 P:24 SP:D5
# 8E95  C8       INY                              A:21 X:00 Y:00 P:24 SP:D5
# 8E96  B1 00    LDA LDA ($00),Y                  A:21 X:00 Y:01 P:24 SP:D5
8E9E  0A       ASL A                            A:14 X:00 Y:02 P:24 SP:D5
8E9F  48       PHA                              A:28 X:00 Y:02 P:24 SP:D5
<L031> ×2
# sample:
# 8EA0  AD 78 07 LDA LDA $0778                    A:28 X:00 Y:02 P:24 SP:D4
# 8EA3  09 04    ORA ORA #$04                     A:10 X:00 Y:02 P:24 SP:D4
# 8EA5  B0 02    BCS BCS #$02                     A:14 X:00 Y:02 P:24 SP:D4
# 8EA7  29 FB    AND AND #$FB                     A:14 X:00 Y:02 P:24 SP:D4
# 8EA9  20 ED 8E JSR JSR $8EED                    A:10 X:00 Y:02 P:24 SP:D4
# 8EED  8D 00 20 STA STA $2000                    A:10 X:00 Y:02 P:24 SP:D2
# 8EF0  8D 78 07 STA STA $0778                    A:10 X:00 Y:02 P:24 SP:D2
# 8EF3  60       RTS                              A:10 X:00 Y:02 P:24 SP:D2
[Repeated block (6 instrs)] ×4
<L010> ×2
# sample:
# 8EB9  B1 00    LDA LDA ($00),Y                  A:14 X:14 Y:03 P:24 SP:D5
# 8EBB  8D 07 20 STA STA $2007                    A:DB X:14 Y:03 P:A4 SP:D5
# 8EBE  CA       DEX                              A:DB X:14 Y:03 P:A4 SP:D5
# 8EBF  D0 F5    BNE BNE #$F5                     A:DB X:13 Y:03 P:24 SP:D5
# 8EB6  B0 01    BCS BCS #$01                     A:DB X:13 Y:03 P:24 SP:D5
# 8EB8  C8       INY                              A:DB X:13 Y:03 P:24 SP:D5
[Repeated block (6 instrs)] ×3
<L003> ×3
# sample:
# 8EB9  B1 00    LDA LDA ($00),Y                  A:42 X:0F Y:08 P:24 SP:D5
# 8EBB  8D 07 20 STA STA $2007                    A:DB X:0F Y:08 P:A4 SP:D5
# 8EBE  CA       DEX                              A:DB X:0F Y:08 P:A4 SP:D5
# 8EBF  D0 F5    BNE BNE #$F5                     A:DB X:0E Y:08 P:24 SP:D5
# 8EB6  B0 01    BCS BCS #$01                     A:DB X:0E Y:08 P:24 SP:D5
# 8EB8  C8       INY                              A:DB X:0E Y:08 P:24 SP:D5
# 8EB9  B1 00    LDA LDA ($00),Y                  A:DB X:0C Y:0B P:24 SP:D5
# 8EBB  8D 07 20 STA STA $2007                    A:D4 X:0C Y:0B P:A4 SP:D5
# 8EBE  CA       DEX                              A:D4 X:0C Y:0B P:A4 SP:D5
# 8EBF  D0 F5    BNE BNE #$F5                     A:D4 X:0B Y:0B P:24 SP:D5
# 8EB6  B0 01    BCS BCS #$01                     A:D4 X:0B Y:0B P:24 SP:D5
# 8EB8  C8       INY                              A:D4 X:0B Y:0B P:24 SP:D5
[Repeated block (6 instrs)] ×2
<L003> ×4
# sample:
# 8EB9  B1 00    LDA LDA ($00),Y                  A:D9 X:07 Y:10 P:24 SP:D5
# 8EBB  8D 07 20 STA STA $2007                    A:DB X:07 Y:10 P:A4 SP:D5
# 8EBE  CA       DEX                              A:DB X:07 Y:10 P:A4 SP:D5
# 8EBF  D0 F5    BNE BNE #$F5                     A:DB X:06 Y:10 P:24 SP:D5
# 8EB6  B0 01    BCS BCS #$01                     A:DB X:06 Y:10 P:24 SP:D5
# 8EB8  C8       INY                              A:DB X:06 Y:10 P:24 SP:D5
# 8EB9  B1 00    LDA LDA ($00),Y                  A:DB X:05 Y:12 P:24 SP:D5
# 8EBB  8D 07 20 STA STA $2007                    A:D4 X:05 Y:12 P:A4 SP:D5
# 8EBE  CA       DEX                              A:D4 X:05 Y:12 P:A4 SP:D5
# 8EBF  D0 F5    BNE BNE #$F5                     A:D4 X:04 Y:12 P:24 SP:D5
# 8EB6  B0 01    BCS BCS #$01                     A:D4 X:04 Y:12 P:24 SP:D5
# 8EB8  C8       INY                              A:D4 X:04 Y:12 P:24 SP:D5
<L001> ×3
# sample:
# 8EE0  A0 00    LDY LDY #$00                     A:00 X:00 Y:16 P:26 SP:D5
<L008> ×2
# sample:
# 8E92  8D 06 20 STA STA $2006                    A:21 X:00 Y:00 P:24 SP:D5
# 8E95  C8       INY                              A:21 X:00 Y:00 P:24 SP:D5
# 8E96  B1 00    LDA LDA ($00),Y                  A:21 X:00 Y:01 P:24 SP:D5
8E9E  0A       ASL A                            A:16 X:00 Y:02 P:24 SP:D5
8E9F  48       PHA                              A:2C X:00 Y:02 P:24 SP:D5
<L032> ×2
# sample:
# 8EA0  AD 78 07 LDA LDA $0778                    A:2C X:00 Y:02 P:24 SP:D4
# 8EA3  09 04    ORA ORA #$04                     A:10 X:00 Y:02 P:24 SP:D4
# 8EA5  B0 02    BCS BCS #$02                     A:14 X:00 Y:02 P:24 SP:D4
# 8EA7  29 FB    AND AND #$FB                     A:14 X:00 Y:02 P:24 SP:D4
# 8EA9  20 ED 8E JSR JSR $8EED                    A:10 X:00 Y:02 P:24 SP:D4
# 8EED  8D 00 20 STA STA $2000                    A:10 X:00 Y:02 P:24 SP:D2
# 8EF0  8D 78 07 STA STA $0778                    A:10 X:00 Y:02 P:24 SP:D2
# 8EF3  60       RTS                              A:10 X:00 Y:02 P:24 SP:D2
# 8EAC  68       PLA                              A:10 X:00 Y:02 P:24 SP:D4
# 8EAD  0A       ASL A                            A:2C X:00 Y:02 P:24 SP:D5
# 8EAE  90 03    BCC BCC #$03                     A:58 X:00 Y:02 P:24 SP:D5
[Repeated block (6 instrs)] ×8
<L003> ×3
# sample:
# 8EB9  B1 00    LDA LDA ($00),Y                  A:5F X:15 Y:04 P:24 SP:D5
# 8EBB  8D 07 20 STA STA $2007                    A:95 X:15 Y:04 P:A4 SP:D5
# 8EBE  CA       DEX                              A:95 X:15 Y:04 P:A4 SP:D5
# 8EBF  D0 F5    BNE BNE #$F5                     A:95 X:14 Y:04 P:24 SP:D5
# 8EB6  B0 01    BCS BCS #$01                     A:95 X:14 Y:04 P:24 SP:D5
# 8EB8  C8       INY                              A:95 X:14 Y:04 P:24 SP:D5
# 8EB9  B1 00    LDA LDA ($00),Y                  A:95 X:0D Y:0C P:24 SP:D5
# 8EBB  8D 07 20 STA STA $2007                    A:97 X:0D Y:0C P:A4 SP:D5
# 8EBE  CA       DEX                              A:97 X:0D Y:0C P:A4 SP:D5
# 8EBF  D0 F5    BNE BNE #$F5                     A:97 X:0C Y:0C P:24 SP:D5
# 8EB6  B0 01    BCS BCS #$01                     A:97 X:0C Y:0C P:24 SP:D5
# 8EB8  C8       INY                              A:97 X:0C Y:0C P:24 SP:D5
[Repeated block (6 instrs)] ×2
<L003> ×4
# sample:
# 8EB9  B1 00    LDA LDA ($00),Y                  A:96 X:08 Y:11 P:24 SP:D5
# 8EBB  8D 07 20 STA STA $2007                    A:95 X:08 Y:11 P:A4 SP:D5
# 8EBE  CA       DEX                              A:95 X:08 Y:11 P:A4 SP:D5
# 8EBF  D0 F5    BNE BNE #$F5                     A:95 X:07 Y:11 P:24 SP:D5
# 8EB6  B0 01    BCS BCS #$01                     A:95 X:07 Y:11 P:24 SP:D5
# 8EB8  C8       INY                              A:95 X:07 Y:11 P:24 SP:D5
# 8EB9  B1 00    LDA LDA ($00),Y                  A:95 X:06 Y:13 P:24 SP:D5
# 8EBB  8D 07 20 STA STA $2007                    A:97 X:06 Y:13 P:A4 SP:D5
# 8EBE  CA       DEX                              A:97 X:06 Y:13 P:A4 SP:D5
# 8EBF  D0 F5    BNE BNE #$F5                     A:97 X:05 Y:13 P:24 SP:D5
# 8EB6  B0 01    BCS BCS #$01                     A:97 X:05 Y:13 P:24 SP:D5
# 8EB8  C8       INY                              A:97 X:05 Y:13 P:24 SP:D5
<L018> ×2
# sample:
# 8ECF  8D 06 20 STA STA $2006                    A:3F X:00 Y:18 P:24 SP:D5
# 8ED2  A9 00    LDA LDA #$00                     A:3F X:00 Y:18 P:24 SP:D5
# 8ED4  8D 06 20 STA STA $2006                    A:00 X:00 Y:18 P:26 SP:D5
# 8ED7  8D 06 20 STA STA $2006                    A:00 X:00 Y:18 P:26 SP:D5
8EE4  D0 AC    BNE BNE #$AC                     A:21 X:00 Y:00 P:24 SP:D5
<L008> ×2
# sample:
# 8E92  8D 06 20 STA STA $2006                    A:21 X:00 Y:00 P:24 SP:D5
# 8E95  C8       INY                              A:21 X:00 Y:00 P:24 SP:D5
# 8E96  B1 00    LDA LDA ($00),Y                  A:21 X:00 Y:01 P:24 SP:D5
8E9E  0A       ASL A                            A:0E X:00 Y:02 P:24 SP:D5
8E9F  48       PHA                              A:1C X:00 Y:02 P:24 SP:D5
<L003> ×9
# sample:
# 8EA0  AD 78 07 LDA LDA $0778                    A:1C X:00 Y:02 P:24 SP:D4
# 8EA3  09 04    ORA ORA #$04                     A:10 X:00 Y:02 P:24 SP:D4
# 8EA5  B0 02    BCS BCS #$02                     A:14 X:00 Y:02 P:24 SP:D4
# 8EA7  29 FB    AND AND #$FB                     A:14 X:00 Y:02 P:24 SP:D4
# 8EA9  20 ED 8E JSR JSR $8EED                    A:10 X:00 Y:02 P:24 SP:D4
# 8EED  8D 00 20 STA STA $2000                    A:10 X:00 Y:02 P:24 SP:D2
# 8EF0  8D 78 07 STA STA $0778                    A:10 X:00 Y:02 P:24 SP:D2
# 8EF3  60       RTS                              A:10 X:00 Y:02 P:24 SP:D2
# 8EAC  68       PLA                              A:10 X:00 Y:02 P:24 SP:D4
# 8EAD  0A       ASL A                            A:1C X:00 Y:02 P:24 SP:D5
# 8EAE  90 03    BCC BCC #$03                     A:38 X:00 Y:02 P:24 SP:D5
# 8EB3  4A       LSR A                            A:38 X:00 Y:02 P:24 SP:D5
<L005> ×2
# sample:
# 8ED4  8D 06 20 STA STA $2006                    A:00 X:00 Y:10 P:26 SP:D5
# 8ED7  8D 06 20 STA STA $2006                    A:00 X:00 Y:10 P:26 SP:D5
# 8EDA  8D 06 20 STA STA $2006                    A:00 X:00 Y:10 P:26 SP:D5
8EE4  D0 AC    BNE BNE #$AC                     A:22 X:00 Y:00 P:24 SP:D5
<L008> ×2
# sample:
# 8E92  8D 06 20 STA STA $2006                    A:22 X:00 Y:00 P:24 SP:D5
# 8E95  C8       INY                              A:22 X:00 Y:00 P:24 SP:D5
# 8E96  B1 00    LDA LDA ($00),Y                  A:22 X:00 Y:01 P:24 SP:D5
8E9E  0A       ASL A                            A:0D X:00 Y:02 P:24 SP:D5
8E9F  48       PHA                              A:1A X:00 Y:02 P:24 SP:D5
<L003> ×9
# sample:
# 8EA0  AD 78 07 LDA LDA $0778                    A:1A X:00 Y:02 P:24 SP:D4
# 8EA3  09 04    ORA ORA #$04                     A:10 X:00 Y:02 P:24 SP:D4
# 8EA5  B0 02    BCS BCS #$02                     A:14 X:00 Y:02 P:24 SP:D4
# 8EA7  29 FB    AND AND #$FB                     A:14 X:00 Y:02 P:24 SP:D4
# 8EA9  20 ED 8E JSR JSR $8EED                    A:10 X:00 Y:02 P:24 SP:D4
# 8EED  8D 00 20 STA STA $2000                    A:10 X:00 Y:02 P:24 SP:D2
# 8EF0  8D 78 07 STA STA $0778                    A:10 X:00 Y:02 P:24 SP:D2
# 8EF3  60       RTS                              A:10 X:00 Y:02 P:24 SP:D2
# 8EAC  68       PLA                              A:10 X:00 Y:02 P:24 SP:D4
# 8EAD  0A       ASL A                            A:1A X:00 Y:02 P:24 SP:D5
# 8EAE  90 03    BCC BCC #$03                     A:34 X:00 Y:02 P:24 SP:D5
# 8EB3  4A       LSR A                            A:34 X:00 Y:02 P:24 SP:D5
8EE4  D0 AC    BNE BNE #$AC                     A:22 X:00 Y:00 P:24 SP:D5
<L008> ×2
# sample:
# 8E92  8D 06 20 STA STA $2006                    A:22 X:00 Y:00 P:24 SP:D5
# 8E95  C8       INY                              A:22 X:00 Y:00 P:24 SP:D5
# 8E96  B1 00    LDA LDA ($00),Y                  A:22 X:00 Y:01 P:24 SP:D5
8E9E  0A       ASL A                            A:0D X:00 Y:02 P:24 SP:D5
8E9F  48       PHA                              A:1A X:00 Y:02 P:24 SP:D5
<L003> ×9
# sample:
# 8EA0  AD 78 07 LDA LDA $0778                    A:1A X:00 Y:02 P:24 SP:D4
# 8EA3  09 04    ORA ORA #$04                     A:10 X:00 Y:02 P:24 SP:D4
# 8EA5  B0 02    BCS BCS #$02                     A:14 X:00 Y:02 P:24 SP:D4
# 8EA7  29 FB    AND AND #$FB                     A:14 X:00 Y:02 P:24 SP:D4
# 8EA9  20 ED 8E JSR JSR $8EED                    A:10 X:00 Y:02 P:24 SP:D4
# 8EED  8D 00 20 STA STA $2000                    A:10 X:00 Y:02 P:24 SP:D2
# 8EF0  8D 78 07 STA STA $0778                    A:10 X:00 Y:02 P:24 SP:D2
# 8EF3  60       RTS                              A:10 X:00 Y:02 P:24 SP:D2
# 8EAC  68       PLA                              A:10 X:00 Y:02 P:24 SP:D4
# 8EAD  0A       ASL A                            A:1A X:00 Y:02 P:24 SP:D5
# 8EAE  90 03    BCC BCC #$03                     A:34 X:00 Y:02 P:24 SP:D5
# 8EB3  4A       LSR A                            A:34 X:00 Y:02 P:24 SP:D5
8EE4  D0 AC    BNE BNE #$AC                     A:22 X:00 Y:00 P:24 SP:D5
<L008> ×2
# sample:
# 8E92  8D 06 20 STA STA $2006                    A:22 X:00 Y:00 P:24 SP:D5
# 8E95  C8       INY                              A:22 X:00 Y:00 P:24 SP:D5
# 8E96  B1 00    LDA LDA ($00),Y                  A:22 X:00 Y:01 P:24 SP:D5
8E9E  0A       ASL A                            A:04 X:00 Y:02 P:24 SP:D5
8E9F  48       PHA                              A:08 X:00 Y:02 P:24 SP:D5
<L003> ×4
# sample:
# 8EA0  AD 78 07 LDA LDA $0778                    A:08 X:00 Y:02 P:24 SP:D4
# 8EA3  09 04    ORA ORA #$04                     A:10 X:00 Y:02 P:24 SP:D4
# 8EA5  B0 02    BCS BCS #$02                     A:14 X:00 Y:02 P:24 SP:D4
# 8EA7  29 FB    AND AND #$FB                     A:14 X:00 Y:02 P:24 SP:D4
# 8EA9  20 ED 8E JSR JSR $8EED                    A:10 X:00 Y:02 P:24 SP:D4
# 8EED  8D 00 20 STA STA $2000                    A:10 X:00 Y:02 P:24 SP:D2
# 8EF0  8D 78 07 STA STA $0778                    A:10 X:00 Y:02 P:24 SP:D2
# 8EF3  60       RTS                              A:10 X:00 Y:02 P:24 SP:D2
# 8EAC  68       PLA                              A:10 X:00 Y:02 P:24 SP:D4
# 8EAD  0A       ASL A                            A:08 X:00 Y:02 P:24 SP:D5
# 8EAE  90 03    BCC BCC #$03                     A:10 X:00 Y:02 P:24 SP:D5
# 8EB3  4A       LSR A                            A:10 X:00 Y:02 P:24 SP:D5
<L005> ×2
# sample:
# 8ED4  8D 06 20 STA STA $2006                    A:00 X:00 Y:06 P:26 SP:D5
# 8ED7  8D 06 20 STA STA $2006                    A:00 X:00 Y:06 P:26 SP:D5
# 8EDA  8D 06 20 STA STA $2006                    A:00 X:00 Y:06 P:26 SP:D5
8EE4  D0 AC    BNE BNE #$AC                     A:22 X:00 Y:00 P:24 SP:D5
<L008> ×2
# sample:
# 8E92  8D 06 20 STA STA $2006                    A:22 X:00 Y:00 P:24 SP:D5
# 8E95  C8       INY                              A:22 X:00 Y:00 P:24 SP:D5
# 8E96  B1 00    LDA LDA ($00),Y                  A:22 X:00 Y:01 P:24 SP:D5
8E9E  0A       ASL A                            A:01 X:00 Y:02 P:24 SP:D5
8E9F  48       PHA                              A:02 X:00 Y:02 P:24 SP:D5
<L003> ×3
# sample:
# 8EA0  AD 78 07 LDA LDA $0778                    A:02 X:00 Y:02 P:24 SP:D4
# 8EA3  09 04    ORA ORA #$04                     A:10 X:00 Y:02 P:24 SP:D4
# 8EA5  B0 02    BCS BCS #$02                     A:14 X:00 Y:02 P:24 SP:D4
# 8EA7  29 FB    AND AND #$FB                     A:14 X:00 Y:02 P:24 SP:D4
# 8EA9  20 ED 8E JSR JSR $8EED                    A:10 X:00 Y:02 P:24 SP:D4
# 8EED  8D 00 20 STA STA $2000                    A:10 X:00 Y:02 P:24 SP:D2
# 8EF0  8D 78 07 STA STA $0778                    A:10 X:00 Y:02 P:24 SP:D2
# 8EF3  60       RTS                              A:10 X:00 Y:02 P:24 SP:D2
# 8EAC  68       PLA                              A:10 X:00 Y:02 P:24 SP:D4
# 8EAD  0A       ASL A                            A:02 X:00 Y:02 P:24 SP:D5
# 8EAE  90 03    BCC BCC #$03                     A:04 X:00 Y:02 P:24 SP:D5
# 8EB3  4A       LSR A                            A:04 X:00 Y:02 P:24 SP:D5
8EE4  D0 AC    BNE BNE #$AC                     A:23 X:00 Y:00 P:24 SP:D5
<L008> ×2
# sample:
# 8E92  8D 06 20 STA STA $2006                    A:23 X:00 Y:00 P:24 SP:D5
# 8E95  C8       INY                              A:23 X:00 Y:00 P:24 SP:D5
# 8E96  B1 00    LDA LDA ($00),Y                  A:23 X:00 Y:01 P:24 SP:D5
8E9E  0A       ASL A                            A:56 X:00 Y:02 P:24 SP:D5
8E9F  48       PHA                              A:AC X:00 Y:02 P:A4 SP:D5
<L031> ×2
# sample:
# 8EA0  AD 78 07 LDA LDA $0778                    A:AC X:00 Y:02 P:A4 SP:D4
# 8EA3  09 04    ORA ORA #$04                     A:10 X:00 Y:02 P:24 SP:D4
# 8EA5  B0 02    BCS BCS #$02                     A:14 X:00 Y:02 P:24 SP:D4
# 8EA7  29 FB    AND AND #$FB                     A:14 X:00 Y:02 P:24 SP:D4
# 8EA9  20 ED 8E JSR JSR $8EED                    A:10 X:00 Y:02 P:24 SP:D4
# 8EED  8D 00 20 STA STA $2000                    A:10 X:00 Y:02 P:24 SP:D2
# 8EF0  8D 78 07 STA STA $0778                    A:10 X:00 Y:02 P:24 SP:D2
# 8EF3  60       RTS                              A:10 X:00 Y:02 P:24 SP:D2
[Repeated block (10 instrs)] ×11
<L003> ×2
# sample:
# 8EB6  B0 01    BCS BCS #$01                     A:16 X:16 Y:03 P:25 SP:D5
# 8EB9  B1 00    LDA LDA ($00),Y                  A:16 X:16 Y:03 P:25 SP:D5
# 8EBB  8D 07 20 STA STA $2007                    A:55 X:16 Y:03 P:25 SP:D5
# 8EBE  CA       DEX                              A:55 X:16 Y:03 P:25 SP:D5
# 8EBF  D0 F5    BNE BNE #$F5                     A:55 X:15 Y:03 P:25 SP:D5
# 8EB6  B0 01    BCS BCS #$01                     A:55 X:15 Y:03 P:25 SP:D5
# 8EB9  B1 00    LDA LDA ($00),Y                  A:55 X:15 Y:03 P:25 SP:D5
# 8EBB  8D 07 20 STA STA $2007                    A:55 X:15 Y:03 P:25 SP:D5
# 8EBE  CA       DEX                              A:55 X:15 Y:03 P:25 SP:D5
# 8EBF  D0 F5    BNE BNE #$F5                     A:55 X:14 Y:03 P:25 SP:D5
# 8EC1  38       SEC                              A:55 X:00 Y:03 P:27 SP:D5
# 8EC2  98       TYA                              A:55 X:00 Y:03 P:27 SP:D5
<L001> ×3
# sample:
# 8EE0  A0 00    LDY LDY #$00                     A:00 X:00 Y:03 P:26 SP:D5
<L008> ×2
# sample:
# 8E92  8D 06 20 STA STA $2006                    A:23 X:00 Y:00 P:24 SP:D5
# 8E95  C8       INY                              A:23 X:00 Y:00 P:24 SP:D5
# 8E96  B1 00    LDA LDA ($00),Y                  A:23 X:00 Y:01 P:24 SP:D5
8E9E  0A       ASL A                            A:04 X:00 Y:02 P:24 SP:D5
8E9F  48       PHA                              A:08 X:00 Y:02 P:24 SP:D5
<L032> ×2
# sample:
# 8EA0  AD 78 07 LDA LDA $0778                    A:08 X:00 Y:02 P:24 SP:D4
# 8EA3  09 04    ORA ORA #$04                     A:10 X:00 Y:02 P:24 SP:D4
# 8EA5  B0 02    BCS BCS #$02                     A:14 X:00 Y:02 P:24 SP:D4
# 8EA7  29 FB    AND AND #$FB                     A:14 X:00 Y:02 P:24 SP:D4
# 8EA9  20 ED 8E JSR JSR $8EED                    A:10 X:00 Y:02 P:24 SP:D4
# 8EED  8D 00 20 STA STA $2000                    A:10 X:00 Y:02 P:24 SP:D2
# 8EF0  8D 78 07 STA STA $0778                    A:10 X:00 Y:02 P:24 SP:D2
# 8EF3  60       RTS                              A:10 X:00 Y:02 P:24 SP:D2
# 8EAC  68       PLA                              A:10 X:00 Y:02 P:24 SP:D4
# 8EAD  0A       ASL A                            A:08 X:00 Y:02 P:24 SP:D5
# 8EAE  90 03    BCC BCC #$03                     A:10 X:00 Y:02 P:24 SP:D5
[Repeated block (6 instrs)] ×2
<L003> ×2
# sample:
# 8EB9  B1 00    LDA LDA ($00),Y                  A:99 X:03 Y:04 P:24 SP:D5
# 8EBB  8D 07 20 STA STA $2007                    A:AA X:03 Y:04 P:A4 SP:D5
# 8EBE  CA       DEX                              A:AA X:03 Y:04 P:A4 SP:D5
# 8EBF  D0 F5    BNE BNE #$F5                     A:AA X:02 Y:04 P:24 SP:D5
# 8EB6  B0 01    BCS BCS #$01                     A:AA X:02 Y:04 P:24 SP:D5
# 8EB8  C8       INY                              A:AA X:02 Y:04 P:24 SP:D5
# 8EB9  B1 00    LDA LDA ($00),Y                  A:AA X:01 Y:06 P:24 SP:D5
# 8EBB  8D 07 20 STA STA $2007                    A:AA X:01 Y:06 P:A4 SP:D5
# 8EBE  CA       DEX                              A:AA X:01 Y:06 P:A4 SP:D5
# 8EBF  D0 F5    BNE BNE #$F5                     A:AA X:00 Y:06 P:26 SP:D5
# 8EC1  38       SEC                              A:AA X:00 Y:06 P:26 SP:D5
# 8EC2  98       TYA                              A:AA X:00 Y:06 P:27 SP:D5
<L001> ×3
# sample:
# 8EE0  A0 00    LDY LDY #$00                     A:00 X:00 Y:06 P:26 SP:D5
<L008> ×2
# sample:
# 8E92  8D 06 20 STA STA $2006                    A:23 X:00 Y:00 P:24 SP:D5
# 8E95  C8       INY                              A:23 X:00 Y:00 P:24 SP:D5
# 8E96  B1 00    LDA LDA ($00),Y                  A:23 X:00 Y:01 P:24 SP:D5
8E9E  0A       ASL A                            A:04 X:00 Y:02 P:24 SP:D5
8E9F  48       PHA                              A:08 X:00 Y:02 P:24 SP:D5
<L032> ×2
# sample:
# 8EA0  AD 78 07 LDA LDA $0778                    A:08 X:00 Y:02 P:24 SP:D4
# 8EA3  09 04    ORA ORA #$04                     A:10 X:00 Y:02 P:24 SP:D4
# 8EA5  B0 02    BCS BCS #$02                     A:14 X:00 Y:02 P:24 SP:D4
# 8EA7  29 FB    AND AND #$FB                     A:14 X:00 Y:02 P:24 SP:D4
# 8EA9  20 ED 8E JSR JSR $8EED                    A:10 X:00 Y:02 P:24 SP:D4
# 8EED  8D 00 20 STA STA $2000                    A:10 X:00 Y:02 P:24 SP:D2
# 8EF0  8D 78 07 STA STA $0778                    A:10 X:00 Y:02 P:24 SP:D2
# 8EF3  60       RTS                              A:10 X:00 Y:02 P:24 SP:D2
# 8EAC  68       PLA                              A:10 X:00 Y:02 P:24 SP:D4
# 8EAD  0A       ASL A                            A:08 X:00 Y:02 P:24 SP:D5
# 8EAE  90 03    BCC BCC #$03                     A:10 X:00 Y:02 P:24 SP:D5
[Repeated block (6 instrs)] ×2
<L003> ×2
# sample:
# 8EB9  B1 00    LDA LDA ($00),Y                  A:99 X:03 Y:04 P:24 SP:D5
# 8EBB  8D 07 20 STA STA $2007                    A:AA X:03 Y:04 P:A4 SP:D5
# 8EBE  CA       DEX                              A:AA X:03 Y:04 P:A4 SP:D5
# 8EBF  D0 F5    BNE BNE #$F5                     A:AA X:02 Y:04 P:24 SP:D5
# 8EB6  B0 01    BCS BCS #$01                     A:AA X:02 Y:04 P:24 SP:D5
# 8EB8  C8       INY                              A:AA X:02 Y:04 P:24 SP:D5
# 8EB9  B1 00    LDA LDA ($00),Y                  A:AA X:01 Y:06 P:24 SP:D5
# 8EBB  8D 07 20 STA STA $2007                    A:AA X:01 Y:06 P:A4 SP:D5
# 8EBE  CA       DEX                              A:AA X:01 Y:06 P:A4 SP:D5
# 8EBF  D0 F5    BNE BNE #$F5                     A:AA X:00 Y:06 P:26 SP:D5
# 8EC1  38       SEC                              A:AA X:00 Y:06 P:26 SP:D5
# 8EC2  98       TYA                              A:AA X:00 Y:06 P:27 SP:D5
<L005> ×2
# sample:
# 8EE0  A0 00    LDY LDY #$00                     A:00 X:00 Y:06 P:26 SP:D5
# 8EE2  B1 00    LDA LDA ($00),Y                  A:00 X:00 Y:00 P:26 SP:D5
# 8EE4  D0 AC    BNE BNE #$AC                     A:00 X:00 Y:00 P:26 SP:D5
80C6  A0 00    LDY LDY #$00                     A:00 X:00 Y:00 P:26 SP:D7
80C8  AE 73 07 LDX LDX $0773                    A:00 X:00 Y:00 P:26 SP:D7
<L001> ×2
# sample:
# 80CB  E0 06    CPX CPX #$06                     A:00 X:05 Y:00 P:24 SP:D7
80D0  BE 80 80 LDX LDX $8080,Y                  A:00 X:05 Y:00 P:A4 SP:D7
80D3  A9 00    LDA LDA #$00                     A:00 X:00 Y:00 P:26 SP:D7
<L022> ×2
# sample:
# 80D5  9D 00 03 STA STA $0300,X                  A:00 X:00 Y:00 P:26 SP:D7
<L001> ×2
# sample:
# 80DB  8D 73 07 STA STA $0773                    A:00 X:00 Y:00 P:26 SP:D7
80E1  8D 01 20 STA STA $2001                    A:00 X:00 Y:00 P:26 SP:D7
80E4  20 D0 F2 JSR JSR $F2D0                    A:00 X:00 Y:00 P:26 SP:D7
F2D0  AD 70 07 LDA LDA $0770                    A:00 X:00 Y:00 P:26 SP:D5
F2D3  D0 04    BNE BNE #$04                     A:00 X:00 Y:00 P:26 SP:D5
F2D5  8D 15 40 STA STA $4015                    A:00 X:00 Y:00 P:26 SP:D5
F2D8  60       RTS                              A:00 X:00 Y:00 P:26 SP:D5
80E7  20 5C 8E JSR JSR $8E5C                    A:00 X:00 Y:00 P:26 SP:D7
8E5C  A9 01    LDA LDA #$01                     A:00 X:00 Y:00 P:26 SP:D5
8E5E  8D 16 40 STA STA $4016                    A:01 X:00 Y:00 P:24 SP:D5
8E61  4A       LSR A                            A:01 X:00 Y:00 P:24 SP:D5
8E62  AA       TAX                              A:00 X:00 Y:00 P:27 SP:D5
8E63  8D 16 40 STA STA $4016                    A:00 X:00 Y:00 P:27 SP:D5
8E66  20 6A 8E JSR JSR $8E6A                    A:00 X:00 Y:00 P:27 SP:D5
8E6A  A0 08    LDY LDY #$08                     A:00 X:00 Y:00 P:27 SP:D3
[Repeated block (10 instrs)] ×8
8E6C  48       PHA                              A:00 X:00 Y:08 P:25 SP:D3
8E6D  BD 16 40 LDA LDA $4016,X                  A:00 X:00 Y:08 P:25 SP:D2
8E70  85 00    STA STA $00                      A:40 X:00 Y:08 P:25 SP:D2
8E72  4A       LSR A                            A:40 X:00 Y:08 P:25 SP:D2
8E73  05 00    ORA ORA $00                      A:20 X:00 Y:08 P:24 SP:D2
8E75  4A       LSR A                            A:60 X:00 Y:08 P:24 SP:D2
8E76  68       PLA                              A:30 X:00 Y:08 P:24 SP:D2
8E77  2A       ROL A                            A:00 X:00 Y:08 P:26 SP:D3
8E78  88       DEY                              A:00 X:00 Y:08 P:26 SP:D3
8E79  D0 F1    BNE BNE #$F1                     A:00 X:00 Y:07 P:24 SP:D3
8E7B  9D FC 06 STA STA $06FC,X                  A:00 X:00 Y:00 P:26 SP:D3
8E7E  48       PHA                              A:00 X:00 Y:00 P:26 SP:D3
8E7F  29 30    AND AND #$30                     A:00 X:00 Y:00 P:26 SP:D2
8E81  3D 4A 07 AND AND $074A,X                  A:00 X:00 Y:00 P:26 SP:D2
8E84  F0 07    BEQ BEQ #$07                     A:00 X:00 Y:00 P:26 SP:D2
8E8D  68       PLA                              A:00 X:00 Y:00 P:26 SP:D2
8E8E  9D 4A 07 STA STA $074A,X                  A:00 X:00 Y:00 P:26 SP:D3
8E91  60       RTS                              A:00 X:00 Y:00 P:26 SP:D3
8E69  E8       INX                              A:00 X:00 Y:00 P:26 SP:D5
8E6A  A0 08    LDY LDY #$08                     A:00 X:01 Y:00 P:24 SP:D5
[Repeated block (10 instrs)] ×8
8E6C  48       PHA                              A:00 X:01 Y:08 P:24 SP:D5
8E6D  BD 16 40 LDA LDA $4016,X                  A:00 X:01 Y:08 P:24 SP:D4
8E70  85 00    STA STA $00                      A:40 X:01 Y:08 P:24 SP:D4
8E72  4A       LSR A                            A:40 X:01 Y:08 P:24 SP:D4
8E73  05 00    ORA ORA $00                      A:20 X:01 Y:08 P:24 SP:D4
8E75  4A       LSR A                            A:60 X:01 Y:08 P:24 SP:D4
8E76  68       PLA                              A:30 X:01 Y:08 P:24 SP:D4
8E77  2A       ROL A                            A:00 X:01 Y:08 P:26 SP:D5
8E78  88       DEY                              A:00 X:01 Y:08 P:26 SP:D5
8E79  D0 F1    BNE BNE #$F1                     A:00 X:01 Y:07 P:24 SP:D5
8E7B  9D FC 06 STA STA $06FC,X                  A:00 X:01 Y:00 P:26 SP:D5
8E7E  48       PHA                              A:00 X:01 Y:00 P:26 SP:D5
8E7F  29 30    AND AND #$30                     A:00 X:01 Y:00 P:26 SP:D4
8E81  3D 4A 07 AND AND $074A,X                  A:00 X:01 Y:00 P:26 SP:D4
8E84  F0 07    BEQ BEQ #$07                     A:00 X:01 Y:00 P:26 SP:D4
8E8D  68       PLA                              A:00 X:01 Y:00 P:26 SP:D4
8E8E  9D 4A 07 STA STA $074A,X                  A:00 X:01 Y:00 P:26 SP:D5
8E91  60       RTS                              A:00 X:01 Y:00 P:26 SP:D5
80EA  20 82 81 JSR JSR $8182                    A:00 X:01 Y:00 P:26 SP:D7
8182  AD 70 07 LDA LDA $0770                    A:00 X:01 Y:00 P:26 SP:D5
8185  C9 02    CMP CMP #$02                     A:00 X:01 Y:00 P:26 SP:D5
8187  F0 0B    BEQ BEQ #$0B                     A:00 X:01 Y:00 P:A4 SP:D5
8189  C9 01    CMP CMP #$01                     A:00 X:01 Y:00 P:A4 SP:D5
818B  D0 38    BNE BNE #$38                     A:00 X:01 Y:00 P:A4 SP:D5
81C5  60       RTS                              A:00 X:01 Y:00 P:A4 SP:D5
80ED  20 97 8F JSR JSR $8F97                    A:00 X:01 Y:00 P:A4 SP:D7
8F97  A2 05    LDX LDX #$05                     A:00 X:01 Y:00 P:A4 SP:D5
8F99  20 9E 8F JSR JSR $8F9E                    A:00 X:05 Y:00 P:24 SP:D5
8F9E  A0 05    LDY LDY #$05                     A:00 X:05 Y:00 P:24 SP:D3
8FA0  38       SEC                              A:00 X:05 Y:05 P:24 SP:D3
[Repeated block (10 instrs)] ×3
<L010> ×2
# sample:
# 8FA1  BD DD 07 LDA LDA $07DD,X                  A:00 X:05 Y:05 P:25 SP:D3
# 8FA4  F9 D7 07 SBC SBC $07D7,Y                  A:00 X:05 Y:05 P:27 SP:D3
# 8FA7  CA       DEX                              A:00 X:05 Y:05 P:27 SP:D3
# 8FA8  88       DEY                              A:00 X:04 Y:05 P:25 SP:D3
# 8FA9  10 F6    BPL BPL #$F6                     A:00 X:04 Y:04 P:25 SP:D3
# 8FA1  BD DD 07 LDA LDA $07DD,X                  A:00 X:04 Y:04 P:25 SP:D3
8FAE  C8       INY                              A:00 X:00 Y:FF P:27 SP:D3
[Repeated block (6 instrs)] ×6
<L005> ×2
# sample:
# 8FAF  BD DD 07 LDA LDA $07DD,X                  A:00 X:00 Y:00 P:27 SP:D3
# 8FB2  99 D7 07 STA STA $07D7,Y                  A:00 X:00 Y:00 P:27 SP:D3
# 8FB5  E8       INX                              A:00 X:00 Y:00 P:27 SP:D3
8FBB  60       RTS                              A:00 X:06 Y:06 P:27 SP:D3
8F9C  A2 0B    LDX LDX #$0B                     A:00 X:06 Y:06 P:27 SP:D5
8F9E  A0 05    LDY LDY #$05                     A:00 X:0B Y:06 P:25 SP:D5
8FA0  38       SEC                              A:00 X:0B Y:05 P:25 SP:D5
[Repeated block (10 instrs)] ×3
<L010> ×2
# sample:
# 8FA1  BD DD 07 LDA LDA $07DD,X                  A:00 X:0B Y:05 P:25 SP:D5
# 8FA4  F9 D7 07 SBC SBC $07D7,Y                  A:00 X:0B Y:05 P:27 SP:D5
# 8FA7  CA       DEX                              A:00 X:0B Y:05 P:27 SP:D5
# 8FA8  88       DEY                              A:00 X:0A Y:05 P:25 SP:D5
# 8FA9  10 F6    BPL BPL #$F6                     A:00 X:0A Y:04 P:25 SP:D5
# 8FA1  BD DD 07 LDA LDA $07DD,X                  A:00 X:0A Y:04 P:25 SP:D5
8FAE  C8       INY                              A:00 X:06 Y:FF P:25 SP:D5
[Repeated block (6 instrs)] ×6
<L005> ×2
# sample:
# 8FAF  BD DD 07 LDA LDA $07DD,X                  A:00 X:06 Y:00 P:27 SP:D5
# 8FB2  99 D7 07 STA STA $07D7,Y                  A:00 X:06 Y:00 P:27 SP:D5
# 8FB5  E8       INX                              A:00 X:06 Y:00 P:27 SP:D5
8FBB  60       RTS                              A:00 X:0C Y:06 P:27 SP:D5
80F0  AD 76 07 LDA LDA $0776                    A:00 X:0C Y:06 P:27 SP:D7
80F3  4A       LSR A                            A:00 X:0C Y:06 P:27 SP:D7
80F4  B0 25    BCS BCS #$25                     A:00 X:0C Y:06 P:26 SP:D7
80F6  AD 47 07 LDA LDA $0747                    A:00 X:0C Y:06 P:26 SP:D7
80F9  F0 05    BEQ BEQ #$05                     A:00 X:0C Y:06 P:26 SP:D7
8100  A2 14    LDX LDX #$14                     A:00 X:0C Y:06 P:26 SP:D7
8102  CE 7F 07 DEC DEC $077F                    A:00 X:14 Y:06 P:24 SP:D7
8105  10 07    BPL BPL #$07                     A:00 X:14 Y:06 P:24 SP:D7
[Repeated block (8 instrs)] ×10
<L016> ×3
# sample:
# 810E  BD 80 07 LDA LDA $0780,X                  A:00 X:14 Y:06 P:24 SP:D7
# 8111  F0 03    BEQ BEQ #$03                     A:00 X:14 Y:06 P:26 SP:D7
# 8116  CA       DEX                              A:00 X:14 Y:06 P:26 SP:D7
# 8117  10 F5    BPL BPL #$F5                     A:00 X:13 Y:06 P:24 SP:D7
8119  E6 09    INC INC $09                      A:00 X:FF Y:06 P:A4 SP:D7
811B  A2 00    LDX LDX #$00                     A:00 X:FF Y:06 P:24 SP:D7
811D  A0 07    LDY LDY #$07                     A:00 X:00 Y:06 P:26 SP:D7
811F  AD A7 07 LDA LDA $07A7                    A:00 X:00 Y:07 P:24 SP:D7
8122  29 02    AND AND #$02                     A:BD X:00 Y:07 P:A4 SP:D7
8124  85 00    STA STA $00                      A:00 X:00 Y:07 P:26 SP:D7
8126  AD A8 07 LDA LDA $07A8                    A:00 X:00 Y:07 P:26 SP:D7
8129  29 02    AND AND #$02                     A:2A X:00 Y:07 P:24 SP:D7
812B  45 00    EOR EOR $00                      A:02 X:00 Y:07 P:24 SP:D7
812D  18       CLC                              A:02 X:00 Y:07 P:24 SP:D7
812E  F0 01    BEQ BEQ #$01                     A:02 X:00 Y:07 P:24 SP:D7
8130  38       SEC                              A:02 X:00 Y:07 P:24 SP:D7
[Repeated block (8 instrs)] ×3
<L015> ×3
# sample:
# 8131  7E A7 07 ROR ROR $07A7,X                  A:02 X:00 Y:07 P:25 SP:D7
# 8134  E8       INX                              A:02 X:00 Y:07 P:A5 SP:D7
# 8135  88       DEY                              A:02 X:01 Y:07 P:25 SP:D7
# 8136  D0 F9    BNE BNE #$F9                     A:02 X:01 Y:06 P:25 SP:D7
8138  AD 22 07 LDA LDA $0722                    A:02 X:07 Y:00 P:26 SP:D7
813B  F0 1F    BEQ BEQ #$1F                     A:00 X:07 Y:00 P:26 SP:D7
<L023> ×2
# sample:
# 815C  AD 3F 07 LDA LDA $073F                    A:00 X:07 Y:00 P:26 SP:D7
# 815F  8D 05 20 STA STA $2005                    A:00 X:07 Y:00 P:26 SP:D7
8168  AD 78 07 LDA LDA $0778                    A:00 X:07 Y:00 P:26 SP:D7
816B  48       PHA                              A:10 X:07 Y:00 P:24 SP:D7
816C  8D 00 20 STA STA $2000                    A:10 X:07 Y:00 P:24 SP:D6
816F  AD 76 07 LDA LDA $0776                    A:10 X:07 Y:00 P:24 SP:D6
8172  4A       LSR A                            A:00 X:07 Y:00 P:26 SP:D6
8173  B0 03    BCS BCS #$03                     A:00 X:07 Y:00 P:26 SP:D6
8175  20 12 82 JSR JSR $8212                    A:00 X:07 Y:00 P:26 SP:D6
8212  AD 70 07 LDA LDA $0770                    A:00 X:07 Y:00 P:26 SP:D4
8215  20 04 8E JSR JSR $8E04                    A:00 X:07 Y:00 P:26 SP:D4
8E04  0A       ASL A                            A:00 X:07 Y:00 P:26 SP:D2
8E05  A8       TAY                              A:00 X:07 Y:00 P:26 SP:D2
<L006> ×2
# sample:
# 8E06  68       PLA                              A:00 X:07 Y:00 P:26 SP:D2
# 8E07  85 04    STA STA $04                      A:17 X:07 Y:00 P:24 SP:D3
<L007> ×2
# sample:
# 8E0C  C8       INY                              A:82 X:07 Y:00 P:A4 SP:D4
# 8E0D  B1 04    LDA LDA ($04),Y                  A:82 X:07 Y:01 P:24 SP:D4
# 8E0F  85 06    STA STA $06                      A:31 X:07 Y:01 P:24 SP:D4
8E16  6C 06 00 JMP JMP ($0006)                  A:82 X:07 Y:02 P:A4 SP:D4
8231  AD 72 07 LDA LDA $0772                    A:82 X:07 Y:02 P:A4 SP:D4
8234  20 04 8E JSR JSR $8E04                    A:01 X:07 Y:02 P:24 SP:D4
8E04  0A       ASL A                            A:01 X:07 Y:02 P:24 SP:D2
8E05  A8       TAY                              A:02 X:07 Y:02 P:24 SP:D2
<L006> ×2
# sample:
# 8E06  68       PLA                              A:02 X:07 Y:02 P:24 SP:D2
# 8E07  85 04    STA STA $04                      A:36 X:07 Y:02 P:24 SP:D3
<L007> ×2
# sample:
# 8E0C  C8       INY                              A:82 X:07 Y:02 P:A4 SP:D4
# 8E0D  B1 04    LDA LDA ($04),Y                  A:82 X:07 Y:03 P:24 SP:D4
# 8E0F  85 06    STA STA $06                      A:67 X:07 Y:03 P:24 SP:D4
8E16  6C 06 00 JMP JMP ($0006)                  A:85 X:07 Y:04 P:A4 SP:D4
8567  AD 3C 07 LDA LDA $073C                    A:85 X:07 Y:04 P:A4 SP:D4
856A  20 04 8E JSR JSR $8E04                    A:0D X:07 Y:04 P:24 SP:D4
8E04  0A       ASL A                            A:0D X:07 Y:04 P:24 SP:D2
8E05  A8       TAY                              A:1A X:07 Y:04 P:24 SP:D2
<L006> ×2
# sample:
# 8E06  68       PLA                              A:1A X:07 Y:1A P:24 SP:D2
# 8E07  85 04    STA STA $04                      A:6C X:07 Y:1A P:24 SP:D3
<L007> ×2
# sample:
# 8E0C  C8       INY                              A:85 X:07 Y:1A P:A4 SP:D4
# 8E0D  B1 04    LDA LDA ($04),Y                  A:85 X:07 Y:1B P:24 SP:D4
# 8E0F  85 06    STA STA $06                      A:32 X:07 Y:1B P:24 SP:D4
8E16  6C 06 00 JMP JMP ($0006)                  A:87 X:07 Y:1C P:A4 SP:D4
8732  AD 70 07 LDA LDA $0770                    A:87 X:07 Y:1C P:A4 SP:D4
8735  D0 17    BNE BNE #$17                     A:00 X:07 Y:1C P:26 SP:D4
8737  A2 00    LDX LDX #$00                     A:00 X:07 Y:1C P:26 SP:D4
[Repeated block (8 instrs)] ×128
<L072> ×2
# sample:
# 8739  9D 00 03 STA STA $0300,X                  A:00 X:00 Y:1C P:26 SP:D4
# 873C  9D 00 04 STA STA $0400,X                  A:00 X:00 Y:1C P:26 SP:D4
# 873F  CA       DEX                              A:00 X:00 Y:1C P:26 SP:D4
# 8740  D0 F7    BNE BNE #$F7                     A:00 X:FF Y:1C P:A4 SP:D4
8742  20 25 83 JSR JSR $8325                    A:00 X:00 Y:1C P:26 SP:D4
8325  A0 07    LDY LDY #$07                     A:00 X:00 Y:1C P:26 SP:D2
8327  B9 1D 83 LDA LDA $831D,Y                  A:00 X:00 Y:07 P:24 SP:D2
832A  99 00 03 STA STA $0300,Y                  A:00 X:00 Y:07 P:26 SP:D2
832D  88       DEY                              A:00 X:00 Y:07 P:26 SP:D2
[Repeated block (4 instrs)] ×2
<L073> ×2
# sample:
# 832E  10 F7    BPL BPL #$F7                     A:00 X:00 Y:06 P:24 SP:D2
# 8327  B9 1D 83 LDA LDA $831D,Y                  A:00 X:00 Y:06 P:24 SP:D2
# 832A  99 00 03 STA STA $0300,Y                  A:24 X:00 Y:06 P:24 SP:D2
# 832D  88       DEY                              A:24 X:00 Y:06 P:24 SP:D2
# 832E  10 F7    BPL BPL #$F7                     A:24 X:00 Y:04 P:24 SP:D2
# 8327  B9 1D 83 LDA LDA $831D,Y                  A:24 X:00 Y:04 P:24 SP:D2
# 832A  99 00 03 STA STA $0300,Y                  A:CE X:00 Y:04 P:A4 SP:D2
# 832D  88       DEY                              A:CE X:00 Y:04 P:A4 SP:D2
# 832E  10 F7    BPL BPL #$F7                     A:CE X:00 Y:03 P:24 SP:D2
# 8327  B9 1D 83 LDA LDA $831D,Y                  A:CE X:00 Y:03 P:24 SP:D2
# 832A  99 00 03 STA STA $0300,Y                  A:83 X:00 Y:03 P:A4 SP:D2
# 832D  88       DEY                              A:83 X:00 Y:03 P:A4 SP:D2
832E  10 F7    BPL BPL #$F7                     A:07 X:00 Y:FF P:A4 SP:D2
8330  AD 7A 07 LDA LDA $077A                    A:07 X:00 Y:FF P:A4 SP:D2
8333  F0 0A    BEQ BEQ #$0A                     A:00 X:00 Y:FF P:26 SP:D2
833F  60       RTS                              A:00 X:00 Y:FF P:26 SP:D2
8745  EE 3C 07 INC INC $073C                    A:00 X:00 Y:FF P:26 SP:D4
8748  60       RTS                              A:00 X:00 Y:FF P:24 SP:D4
8178  AD 02 20 LDA LDA $2002                    A:00 X:00 Y:FF P:24 SP:D6
817B  68       PLA                              A:00 X:00 Y:FF P:26 SP:D6
817C  09 80    ORA ORA #$80                     A:10 X:00 Y:FF P:24 SP:D7
817E  8D 00 20 STA STA $2000                    A:90 X:00 Y:FF P:A4 SP:D7
8181  40       RTI                              A:90 X:00 Y:FF P:A4 SP:D7
[Repeated block (6 instrs)] ×544
<L005> ×2
# sample:
# FFFA  82 80    *NOP *NOP #$80                   A:90 X:00 Y:FF P:26 SP:DA
# FFFC  00       BRK                              A:90 X:00 Y:FF P:26 SP:DA
# FFF0  19 19 1A ORA ORA $1A19,Y                  A:90 X:00 Y:FF P:26 SP:D7
8082  AD 78 07 LDA LDA $0778                    A:90 X:00 Y:FF P:26 SP:77
<L011> ×2
# sample:
# 8085  29 7F    AND AND #$7F                     A:10 X:00 Y:FF P:24 SP:77
# 8087  8D 78 07 STA STA $0778                    A:10 X:00 Y:FF P:24 SP:77
808F  AD 79 07 LDA LDA $0779                    A:10 X:00 Y:FF P:24 SP:77
8092  29 E6    AND AND #$E6                     A:00 X:00 Y:FF P:26 SP:77
8094  AC 74 07 LDY LDY $0774                    A:00 X:00 Y:FF P:26 SP:77
<L011> ×2
# sample:
# 8097  D0 05    BNE BNE #$05                     A:00 X:00 Y:02 P:24 SP:77
# 809E  8D 79 07 STA STA $0779                    A:00 X:00 Y:02 P:24 SP:77
80A6  AE 02 20 LDX LDX $2002                    A:00 X:00 Y:02 P:26 SP:77
80A9  A9 00    LDA LDA #$00                     A:00 X:80 Y:02 P:A4 SP:77
<L002> ×2
# sample:
# 80AB  20 E6 8E JSR JSR $8EE6                    A:00 X:80 Y:02 P:26 SP:77
# 8EE6  8D 05 20 STA STA $2005                    A:00 X:80 Y:02 P:26 SP:75
80AE  8D 03 20 STA STA $2003                    A:00 X:80 Y:02 P:26 SP:77
80B1  A9 02    LDA LDA #$02                     A:00 X:80 Y:02 P:26 SP:77
80B3  8D 14 40 STA STA $4014                    A:02 X:80 Y:02 P:24 SP:77
80B6  AE 73 07 LDX LDX $0773                    A:02 X:80 Y:02 P:24 SP:77
80B9  BD 5A 80 LDA LDA $805A,X                  A:02 X:00 Y:02 P:26 SP:77
<L001> ×2
# sample:
# 80BC  85 00    STA STA $00                      A:01 X:00 Y:02 P:24 SP:77
80C1  85 01    STA STA $01                      A:03 X:00 Y:02 P:24 SP:77
80C3  20 DD 8E JSR JSR $8EDD                    A:03 X:00 Y:02 P:24 SP:77
<L002> ×2
# sample:
# 8EDD  AE 02 20 LDX LDX $2002                    A:03 X:00 Y:02 P:24 SP:75
# 8EE0  A0 00    LDY LDY #$00                     A:03 X:00 Y:02 P:26 SP:75
<L008> ×2
# sample:
# 8E92  8D 06 20 STA STA $2006                    A:22 X:00 Y:00 P:24 SP:75
# 8E95  C8       INY                              A:22 X:00 Y:00 P:24 SP:75
# 8E96  B1 00    LDA LDA ($00),Y                  A:22 X:00 Y:01 P:24 SP:75
8E9E  0A       ASL A                            A:83 X:00 Y:02 P:A4 SP:75
8E9F  48       PHA                              A:06 X:00 Y:02 P:25 SP:75
<L003> ×4
# sample:
# 8EA0  AD 78 07 LDA LDA $0778                    A:06 X:00 Y:02 P:25 SP:74
# 8EA3  09 04    ORA ORA #$04                     A:10 X:00 Y:02 P:25 SP:74
# 8EA5  B0 02    BCS BCS #$02                     A:14 X:00 Y:02 P:25 SP:74
# 8EA9  20 ED 8E JSR JSR $8EED                    A:14 X:00 Y:02 P:25 SP:74
# 8EED  8D 00 20 STA STA $2000                    A:14 X:00 Y:02 P:25 SP:72
# 8EF0  8D 78 07 STA STA $0778                    A:14 X:00 Y:02 P:25 SP:72
# 8EF3  60       RTS                              A:14 X:00 Y:02 P:25 SP:72
# 8EAC  68       PLA                              A:14 X:00 Y:02 P:25 SP:74
# 8EAD  0A       ASL A                            A:06 X:00 Y:02 P:25 SP:75
# 8EAE  90 03    BCC BCC #$03                     A:0C X:00 Y:02 P:24 SP:75
# 8EB3  4A       LSR A                            A:0C X:00 Y:02 P:24 SP:75
# 8EB4  4A       LSR A                            A:06 X:00 Y:02 P:24 SP:75
<L001> ×3
# sample:
# 8EE6  8D 05 20 STA STA $2005                    A:00 X:00 Y:00 P:26 SP:75
80C6  A0 00    LDY LDY #$00                     A:00 X:00 Y:00 P:26 SP:77
80C8  AE 73 07 LDX LDX $0773                    A:00 X:00 Y:00 P:26 SP:77
<L001> ×2
# sample:
# 80CB  E0 06    CPX CPX #$06                     A:00 X:00 Y:00 P:26 SP:77
80D0  BE 80 80 LDX LDX $8080,Y                  A:00 X:00 Y:00 P:A4 SP:77
80D3  A9 00    LDA LDA #$00                     A:00 X:00 Y:00 P:26 SP:77
<L022> ×2
# sample:
# 80D5  9D 00 03 STA STA $0300,X                  A:00 X:00 Y:00 P:26 SP:77
<L001> ×2
# sample:
# 80DB  8D 73 07 STA STA $0773                    A:00 X:00 Y:00 P:26 SP:77
80E1  8D 01 20 STA STA $2001                    A:00 X:00 Y:00 P:26 SP:77
80E4  20 D0 F2 JSR JSR $F2D0                    A:00 X:00 Y:00 P:26 SP:77
F2D0  AD 70 07 LDA LDA $0770                    A:00 X:00 Y:00 P:26 SP:75
F2D3  D0 04    BNE BNE #$04                     A:00 X:00 Y:00 P:26 SP:75
F2D5  8D 15 40 STA STA $4015                    A:00 X:00 Y:00 P:26 SP:75
F2D8  60       RTS                              A:00 X:00 Y:00 P:26 SP:75
80E7  20 5C 8E JSR JSR $8E5C                    A:00 X:00 Y:00 P:26 SP:77
8E5C  A9 01    LDA LDA #$01                     A:00 X:00 Y:00 P:26 SP:75
8E5E  8D 16 40 STA STA $4016                    A:01 X:00 Y:00 P:24 SP:75
8E61  4A       LSR A                            A:01 X:00 Y:00 P:24 SP:75
8E62  AA       TAX                              A:00 X:00 Y:00 P:27 SP:75
8E63  8D 16 40 STA STA $4016                    A:00 X:00 Y:00 P:27 SP:75
8E66  20 6A 8E JSR JSR $8E6A                    A:00 X:00 Y:00 P:27 SP:75
8E6A  A0 08    LDY LDY #$08                     A:00 X:00 Y:00 P:27 SP:73
[Repeated block (10 instrs)] ×8
8E6C  48       PHA                              A:00 X:00 Y:08 P:25 SP:73
8E6D  BD 16 40 LDA LDA $4016,X                  A:00 X:00 Y:08 P:25 SP:72
8E70  85 00    STA STA $00                      A:40 X:00 Y:08 P:25 SP:72
8E72  4A       LSR A                            A:40 X:00 Y:08 P:25 SP:72
8E73  05 00    ORA ORA $00                      A:20 X:00 Y:08 P:24 SP:72
8E75  4A       LSR A                            A:60 X:00 Y:08 P:24 SP:72
8E76  68       PLA                              A:30 X:00 Y:08 P:24 SP:72
8E77  2A       ROL A                            A:00 X:00 Y:08 P:26 SP:73
8E78  88       DEY                              A:00 X:00 Y:08 P:26 SP:73
8E79  D0 F1    BNE BNE #$F1                     A:00 X:00 Y:07 P:24 SP:73
8E7B  9D FC 06 STA STA $06FC,X                  A:00 X:00 Y:00 P:26 SP:73
8E7E  48       PHA                              A:00 X:00 Y:00 P:26 SP:73
8E7F  29 30    AND AND #$30                     A:00 X:00 Y:00 P:26 SP:72
8E81  3D 4A 07 AND AND $074A,X                  A:00 X:00 Y:00 P:26 SP:72
8E84  F0 07    BEQ BEQ #$07                     A:00 X:00 Y:00 P:26 SP:72
8E8D  68       PLA                              A:00 X:00 Y:00 P:26 SP:72
8E8E  9D 4A 07 STA STA $074A,X                  A:00 X:00 Y:00 P:26 SP:73
8E91  60       RTS                              A:00 X:00 Y:00 P:26 SP:73
8E69  E8       INX                              A:00 X:00 Y:00 P:26 SP:75
8E6A  A0 08    LDY LDY #$08                     A:00 X:01 Y:00 P:24 SP:75
[Repeated block (10 instrs)] ×8
8E6C  48       PHA                              A:00 X:01 Y:08 P:24 SP:75
8E6D  BD 16 40 LDA LDA $4016,X                  A:00 X:01 Y:08 P:24 SP:74
8E70  85 00    STA STA $00                      A:40 X:01 Y:08 P:24 SP:74
8E72  4A       LSR A                            A:40 X:01 Y:08 P:24 SP:74
8E73  05 00    ORA ORA $00                      A:20 X:01 Y:08 P:24 SP:74
8E75  4A       LSR A                            A:60 X:01 Y:08 P:24 SP:74
8E76  68       PLA                              A:30 X:01 Y:08 P:24 SP:74
8E77  2A       ROL A                            A:00 X:01 Y:08 P:26 SP:75
8E78  88       DEY                              A:00 X:01 Y:08 P:26 SP:75
8E79  D0 F1    BNE BNE #$F1                     A:00 X:01 Y:07 P:24 SP:75
8E7B  9D FC 06 STA STA $06FC,X                  A:00 X:01 Y:00 P:26 SP:75
8E7E  48       PHA                              A:00 X:01 Y:00 P:26 SP:75
8E7F  29 30    AND AND #$30                     A:00 X:01 Y:00 P:26 SP:74
8E81  3D 4A 07 AND AND $074A,X                  A:00 X:01 Y:00 P:26 SP:74
8E84  F0 07    BEQ BEQ #$07                     A:00 X:01 Y:00 P:26 SP:74
8E8D  68       PLA                              A:00 X:01 Y:00 P:26 SP:74
8E8E  9D 4A 07 STA STA $074A,X                  A:00 X:01 Y:00 P:26 SP:75
8E91  60       RTS                              A:00 X:01 Y:00 P:26 SP:75
80EA  20 82 81 JSR JSR $8182                    A:00 X:01 Y:00 P:26 SP:77
8182  AD 70 07 LDA LDA $0770                    A:00 X:01 Y:00 P:26 SP:75
8185  C9 02    CMP CMP #$02                     A:00 X:01 Y:00 P:26 SP:75
8187  F0 0B    BEQ BEQ #$0B                     A:00 X:01 Y:00 P:A4 SP:75
8189  C9 01    CMP CMP #$01                     A:00 X:01 Y:00 P:A4 SP:75
818B  D0 38    BNE BNE #$38                     A:00 X:01 Y:00 P:A4 SP:75
81C5  60       RTS                              A:00 X:01 Y:00 P:A4 SP:75
80ED  20 97 8F JSR JSR $8F97                    A:00 X:01 Y:00 P:A4 SP:77
8F97  A2 05    LDX LDX #$05                     A:00 X:01 Y:00 P:A4 SP:75
8F99  20 9E 8F JSR JSR $8F9E                    A:00 X:05 Y:00 P:24 SP:75
8F9E  A0 05    LDY LDY #$05                     A:00 X:05 Y:00 P:24 SP:73
8FA0  38       SEC                              A:00 X:05 Y:05 P:24 SP:73
[Repeated block (10 instrs)] ×3
<L010> ×2
# sample:
# 8FA1  BD DD 07 LDA LDA $07DD,X                  A:00 X:05 Y:05 P:25 SP:73
# 8FA4  F9 D7 07 SBC SBC $07D7,Y                  A:00 X:05 Y:05 P:27 SP:73
# 8FA7  CA       DEX                              A:00 X:05 Y:05 P:27 SP:73
# 8FA8  88       DEY                              A:00 X:04 Y:05 P:25 SP:73
# 8FA9  10 F6    BPL BPL #$F6                     A:00 X:04 Y:04 P:25 SP:73
# 8FA1  BD DD 07 LDA LDA $07DD,X                  A:00 X:04 Y:04 P:25 SP:73
8FAE  C8       INY                              A:00 X:00 Y:FF P:27 SP:73
[Repeated block (6 instrs)] ×6
<L005> ×2
# sample:
# 8FAF  BD DD 07 LDA LDA $07DD,X                  A:00 X:00 Y:00 P:27 SP:73
# 8FB2  99 D7 07 STA STA $07D7,Y                  A:00 X:00 Y:00 P:27 SP:73
# 8FB5  E8       INX                              A:00 X:00 Y:00 P:27 SP:73
8FBB  60       RTS                              A:00 X:06 Y:06 P:27 SP:73
8F9C  A2 0B    LDX LDX #$0B                     A:00 X:06 Y:06 P:27 SP:75
8F9E  A0 05    LDY LDY #$05                     A:00 X:0B Y:06 P:25 SP:75
8FA0  38       SEC                              A:00 X:0B Y:05 P:25 SP:75
[Repeated block (10 instrs)] ×3
<L010> ×2
# sample:
# 8FA1  BD DD 07 LDA LDA $07DD,X                  A:00 X:0B Y:05 P:25 SP:75
# 8FA4  F9 D7 07 SBC SBC $07D7,Y                  A:00 X:0B Y:05 P:27 SP:75
# 8FA7  CA       DEX                              A:00 X:0B Y:05 P:27 SP:75
# 8FA8  88       DEY                              A:00 X:0A Y:05 P:25 SP:75
# 8FA9  10 F6    BPL BPL #$F6                     A:00 X:0A Y:04 P:25 SP:75
# 8FA1  BD DD 07 LDA LDA $07DD,X                  A:00 X:0A Y:04 P:25 SP:75
8FAE  C8       INY                              A:00 X:06 Y:FF P:25 SP:75
[Repeated block (6 instrs)] ×6
<L005> ×2
# sample:
# 8FAF  BD DD 07 LDA LDA $07DD,X                  A:00 X:06 Y:00 P:27 SP:75
# 8FB2  99 D7 07 STA STA $07D7,Y                  A:00 X:06 Y:00 P:27 SP:75
# 8FB5  E8       INX                              A:00 X:06 Y:00 P:27 SP:75
8FBB  60       RTS                              A:00 X:0C Y:06 P:27 SP:75
80F0  AD 76 07 LDA LDA $0776                    A:00 X:0C Y:06 P:27 SP:77
80F3  4A       LSR A                            A:00 X:0C Y:06 P:27 SP:77
80F4  B0 25    BCS BCS #$25                     A:00 X:0C Y:06 P:26 SP:77
80F6  AD 47 07 LDA LDA $0747                    A:00 X:0C Y:06 P:26 SP:77
80F9  F0 05    BEQ BEQ #$05                     A:00 X:0C Y:06 P:26 SP:77
8100  A2 14    LDX LDX #$14                     A:00 X:0C Y:06 P:26 SP:77
8102  CE 7F 07 DEC DEC $077F                    A:00 X:14 Y:06 P:24 SP:77
8105  10 07    BPL BPL #$07                     A:00 X:14 Y:06 P:24 SP:77
[Repeated block (8 instrs)] ×10
<L016> ×3
# sample:
# 810E  BD 80 07 LDA LDA $0780,X                  A:00 X:14 Y:06 P:24 SP:77
# 8111  F0 03    BEQ BEQ #$03                     A:00 X:14 Y:06 P:26 SP:77
# 8116  CA       DEX                              A:00 X:14 Y:06 P:26 SP:77
# 8117  10 F5    BPL BPL #$F5                     A:00 X:13 Y:06 P:24 SP:77
8119  E6 09    INC INC $09                      A:00 X:FF Y:06 P:A4 SP:77
811B  A2 00    LDX LDX #$00                     A:00 X:FF Y:06 P:24 SP:77
811D  A0 07    LDY LDY #$07                     A:00 X:00 Y:06 P:26 SP:77
811F  AD A7 07 LDA LDA $07A7                    A:00 X:00 Y:07 P:24 SP:77
8122  29 02    AND AND #$02                     A:DE X:00 Y:07 P:A4 SP:77
8124  85 00    STA STA $00                      A:02 X:00 Y:07 P:24 SP:77
8126  AD A8 07 LDA LDA $07A8                    A:02 X:00 Y:07 P:24 SP:77
8129  29 02    AND AND #$02                     A:95 X:00 Y:07 P:A4 SP:77
812B  45 00    EOR EOR $00                      A:00 X:00 Y:07 P:26 SP:77
812D  18       CLC                              A:02 X:00 Y:07 P:24 SP:77
812E  F0 01    BEQ BEQ #$01                     A:02 X:00 Y:07 P:24 SP:77
8130  38       SEC                              A:02 X:00 Y:07 P:24 SP:77
[Repeated block (8 instrs)] ×3
<L015> ×3
# sample:
# 8131  7E A7 07 ROR ROR $07A7,X                  A:02 X:00 Y:07 P:25 SP:77
# 8134  E8       INX                              A:02 X:00 Y:07 P:A4 SP:77
# 8135  88       DEY                              A:02 X:01 Y:07 P:24 SP:77
# 8136  D0 F9    BNE BNE #$F9                     A:02 X:01 Y:06 P:24 SP:77
8138  AD 22 07 LDA LDA $0722                    A:02 X:07 Y:00 P:26 SP:77
813B  F0 1F    BEQ BEQ #$1F                     A:00 X:07 Y:00 P:26 SP:77
<L023> ×2
# sample:
# 815C  AD 3F 07 LDA LDA $073F                    A:00 X:07 Y:00 P:26 SP:77
# 815F  8D 05 20 STA STA $2005                    A:00 X:07 Y:00 P:26 SP:77
8168  AD 78 07 LDA LDA $0778                    A:00 X:07 Y:00 P:26 SP:77
816B  48       PHA                              A:14 X:07 Y:00 P:24 SP:77
816C  8D 00 20 STA STA $2000                    A:14 X:07 Y:00 P:24 SP:76
816F  AD 76 07 LDA LDA $0776                    A:14 X:07 Y:00 P:24 SP:76
8172  4A       LSR A                            A:00 X:07 Y:00 P:26 SP:76
8173  B0 03    BCS BCS #$03                     A:00 X:07 Y:00 P:26 SP:76
8175  20 12 82 JSR JSR $8212                    A:00 X:07 Y:00 P:26 SP:76
8212  AD 70 07 LDA LDA $0770                    A:00 X:07 Y:00 P:26 SP:74
8215  20 04 8E JSR JSR $8E04                    A:00 X:07 Y:00 P:26 SP:74
8E04  0A       ASL A                            A:00 X:07 Y:00 P:26 SP:72
8E05  A8       TAY                              A:00 X:07 Y:00 P:26 SP:72
<L006> ×2
# sample:
# 8E06  68       PLA                              A:00 X:07 Y:00 P:26 SP:72
# 8E07  85 04    STA STA $04                      A:17 X:07 Y:00 P:24 SP:73
<L007> ×2
# sample:
# 8E0C  C8       INY                              A:82 X:07 Y:00 P:A4 SP:74
# 8E0D  B1 04    LDA LDA ($04),Y                  A:82 X:07 Y:01 P:24 SP:74
# 8E0F  85 06    STA STA $06                      A:31 X:07 Y:01 P:24 SP:74
8E16  6C 06 00 JMP JMP ($0006)                  A:82 X:07 Y:02 P:A4 SP:74
8231  AD 72 07 LDA LDA $0772                    A:82 X:07 Y:02 P:A4 SP:74
8234  20 04 8E JSR JSR $8E04                    A:01 X:07 Y:02 P:24 SP:74
8E04  0A       ASL A                            A:01 X:07 Y:02 P:24 SP:72
8E05  A8       TAY                              A:02 X:07 Y:02 P:24 SP:72
<L006> ×2
# sample:
# 8E06  68       PLA                              A:02 X:07 Y:02 P:24 SP:72
# 8E07  85 04    STA STA $04                      A:36 X:07 Y:02 P:24 SP:73
<L007> ×2
# sample:
# 8E0C  C8       INY                              A:82 X:07 Y:02 P:A4 SP:74
# 8E0D  B1 04    LDA LDA ($04),Y                  A:82 X:07 Y:03 P:24 SP:74
# 8E0F  85 06    STA STA $06                      A:67 X:07 Y:03 P:24 SP:74
8E16  6C 06 00 JMP JMP ($0006)                  A:85 X:07 Y:04 P:A4 SP:74
8567  AD 3C 07 LDA LDA $073C                    A:85 X:07 Y:04 P:A4 SP:74
856A  20 04 8E JSR JSR $8E04                    A:0E X:07 Y:04 P:24 SP:74
8E04  0A       ASL A                            A:0E X:07 Y:04 P:24 SP:72
8E05  A8       TAY                              A:1C X:07 Y:04 P:24 SP:72
<L006> ×2
# sample:
# 8E06  68       PLA                              A:1C X:07 Y:1C P:24 SP:72
# 8E07  85 04    STA STA $04                      A:6C X:07 Y:1C P:24 SP:73
<L007> ×2
# sample:
# 8E0C  C8       INY                              A:85 X:07 Y:1C P:A4 SP:74
# 8E0D  B1 04    LDA LDA ($04),Y                  A:85 X:07 Y:1D P:24 SP:74
# 8E0F  85 06    STA STA $06                      A:49 X:07 Y:1D P:24 SP:74
8E16  6C 06 00 JMP JMP ($0006)                  A:87 X:07 Y:1E P:A4 SP:74
8749  A9 FA    LDA LDA #$FA                     A:87 X:07 Y:1E P:A4 SP:74
874B  20 36 BC JSR JSR $BC36                    A:FA X:07 Y:1E P:A4 SP:74
BC36  20 06 8F JSR JSR $8F06                    A:FA X:07 Y:1E P:A4 SP:72
8F06  85 00    STA STA $00                      A:FA X:07 Y:1E P:A4 SP:70
8F08  20 11 8F JSR JSR $8F11                    A:FA X:07 Y:1E P:A4 SP:70
8F11  18       CLC                              A:FA X:07 Y:1E P:A4 SP:6E
8F12  69 01    ADC ADC #$01                     A:FA X:07 Y:1E P:A4 SP:6E
8F14  29 0F    AND AND #$0F                     A:FB X:07 Y:1E P:A4 SP:6E
8F16  C9 06    CMP CMP #$06                     A:0B X:07 Y:1E P:24 SP:6E
8F18  B0 44    BCS BCS #$44                     A:0B X:07 Y:1E P:25 SP:6E
8F5E  60       RTS                              A:0B X:07 Y:1E P:25 SP:6E
8F0B  A5 00    LDA LDA $00                      A:0B X:07 Y:1E P:25 SP:70
[Repeated block (2 instrs)] ×2
<L024> ×2
# sample:
# 8F0D  4A       LSR A                            A:FA X:07 Y:1E P:A5 SP:70
8F11  18       CLC                              A:0F X:07 Y:1E P:25 SP:70
8F12  69 01    ADC ADC #$01                     A:0F X:07 Y:1E P:24 SP:70
8F14  29 0F    AND AND #$0F                     A:10 X:07 Y:1E P:24 SP:70
8F16  C9 06    CMP CMP #$06                     A:00 X:07 Y:1E P:26 SP:70
8F18  B0 44    BCS BCS #$44                     A:00 X:07 Y:1E P:A4 SP:70
8F1A  48       PHA                              A:00 X:07 Y:1E P:A4 SP:70
8F1B  0A       ASL A                            A:00 X:07 Y:1E P:A4 SP:6F
8F1C  A8       TAY                              A:00 X:07 Y:1E P:26 SP:6F
8F1D  AE 00 03 LDX LDX $0300                    A:00 X:07 Y:00 P:26 SP:6F
8F20  A9 20    LDA LDA #$20                     A:00 X:00 Y:00 P:26 SP:6F
8F22  C0 00    CPY CPY #$00                     A:20 X:00 Y:00 P:24 SP:6F
8F24  D0 02    BNE BNE #$02                     A:20 X:00 Y:00 P:27 SP:6F
8F26  A9 22    LDA LDA #$22                     A:20 X:00 Y:00 P:27 SP:6F
<L054> ×2
# sample:
# 8F28  9D 01 03 STA STA $0301,X                  A:22 X:00 Y:00 P:25 SP:6F
# 8F2B  B9 F4 8E LDA LDA $8EF4,Y                  A:22 X:00 Y:00 P:25 SP:6F
8F34  9D 03 03 STA STA $0303,X                  A:06 X:00 Y:00 P:25 SP:6F
8F37  85 03    STA STA $03                      A:06 X:00 Y:00 P:25 SP:6F
8F39  86 02    STX STX $02                      A:06 X:00 Y:00 P:25 SP:6F
8F3B  68       PLA                              A:06 X:00 Y:00 P:25 SP:6F
8F3C  AA       TAX                              A:00 X:00 Y:00 P:27 SP:70
8F3D  BD 00 8F LDA LDA $8F00,X                  A:00 X:00 Y:00 P:27 SP:70
8F40  38       SEC                              A:06 X:00 Y:00 P:25 SP:70
8F41  F9 F5 8E SBC SBC $8EF5,Y                  A:06 X:00 Y:00 P:25 SP:70
8F44  A8       TAY                              A:00 X:00 Y:00 P:27 SP:70
8F45  A6 02    LDX LDX $02                      A:00 X:00 Y:00 P:27 SP:70
[Repeated block (6 instrs)] ×6
8F47  B9 D7 07 LDA LDA $07D7,Y                  A:00 X:00 Y:00 P:27 SP:70
8F4A  9D 04 03 STA STA $0304,X                  A:00 X:00 Y:00 P:27 SP:70
8F4D  E8       INX                              A:00 X:00 Y:00 P:27 SP:70
8F4E  C8       INY                              A:00 X:01 Y:00 P:25 SP:70
8F4F  C6 03    DEC DEC $03                      A:00 X:01 Y:01 P:25 SP:70
8F51  D0 F4    BNE BNE #$F4                     A:00 X:01 Y:01 P:25 SP:70
8F53  A9 00    LDA LDA #$00                     A:00 X:06 Y:06 P:27 SP:70
8F55  9D 04 03 STA STA $0304,X                  A:00 X:06 Y:06 P:27 SP:70
<L028> ×3
# sample:
# 8F58  E8       INX                              A:00 X:06 Y:06 P:27 SP:70
8F5B  8E 00 03 STX STX $0300                    A:00 X:09 Y:06 P:25 SP:70
8F5E  60       RTS                              A:00 X:09 Y:06 P:25 SP:70
<L005> ×2
# sample:
# BC39  AC 00 03 LDY LDY $0300                    A:00 X:09 Y:06 P:25 SP:72
# BC3C  B9 FB 02 LDA LDA $02FB,Y                  A:00 X:09 Y:09 P:25 SP:72
# BC3F  D0 05    BNE BNE #$05                     A:00 X:09 Y:09 P:27 SP:72
BC48  60       RTS                              A:24 X:00 Y:09 P:27 SP:72
874E  EE 72 07 INC INC $0772                    A:24 X:00 Y:09 P:27 SP:74
8751  60       RTS                              A:24 X:00 Y:09 P:25 SP:74
8178  AD 02 20 LDA LDA $2002                    A:24 X:00 Y:09 P:25 SP:76
817B  68       PLA                              A:00 X:00 Y:09 P:27 SP:76
817C  09 80    ORA ORA #$80                     A:14 X:00 Y:09 P:25 SP:77
817E  8D 00 20 STA STA $2000                    A:94 X:00 Y:09 P:A5 SP:77
8181  40       RTI                              A:94 X:00 Y:09 P:A5 SP:77
[Repeated block (6 instrs)] ×1053
<L026> ×2
# sample:
# FFFA  82 80    *NOP *NOP #$80                   A:94 X:00 Y:09 P:26 SP:7A
# FFFC  00       BRK                              A:94 X:00 Y:09 P:26 SP:7A
# FFF0  19 19 1A ORA ORA $1A19,Y                  A:94 X:00 Y:09 P:26 SP:77
# FFF3  1A       *NOP                             A:94 X:00 Y:09 P:A4 SP:77
# FFF4  1C 1D 1D *NOP *NOP $1D1D,X                A:94 X:00 Y:09 P:A4 SP:77
FFF4  1C 1D 1D *NOP *NOP $1D1D,X                A:94 X:00 Y:09 P:A4 SP:20
8082  AD 78 07 LDA LDA $0778                    A:94 X:00 Y:09 P:A4 SP:1D
<L011> ×2
# sample:
# 8085  29 7F    AND AND #$7F                     A:14 X:00 Y:09 P:24 SP:1D
# 8087  8D 78 07 STA STA $0778                    A:14 X:00 Y:09 P:24 SP:1D
808F  AD 79 07 LDA LDA $0779                    A:14 X:00 Y:09 P:24 SP:1D
8092  29 E6    AND AND #$E6                     A:00 X:00 Y:09 P:26 SP:1D
8094  AC 74 07 LDY LDY $0774                    A:00 X:00 Y:09 P:26 SP:1D
<L011> ×2
# sample:
# 8097  D0 05    BNE BNE #$05                     A:00 X:00 Y:02 P:24 SP:1D
# 809E  8D 79 07 STA STA $0779                    A:00 X:00 Y:02 P:24 SP:1D
80A6  AE 02 20 LDX LDX $2002                    A:00 X:00 Y:02 P:26 SP:1D
80A9  A9 00    LDA LDA #$00                     A:00 X:80 Y:02 P:A4 SP:1D
<L002> ×2
# sample:
# 80AB  20 E6 8E JSR JSR $8EE6                    A:00 X:80 Y:02 P:26 SP:1D
# 8EE6  8D 05 20 STA STA $2005                    A:00 X:80 Y:02 P:26 SP:1B
80AE  8D 03 20 STA STA $2003                    A:00 X:80 Y:02 P:26 SP:1D
80B1  A9 02    LDA LDA #$02                     A:00 X:80 Y:02 P:26 SP:1D
80B3  8D 14 40 STA STA $4014                    A:02 X:80 Y:02 P:24 SP:1D
80B6  AE 73 07 LDX LDX $0773                    A:02 X:80 Y:02 P:24 SP:1D
80B9  BD 5A 80 LDA LDA $805A,X                  A:02 X:00 Y:02 P:26 SP:1D
<L001> ×2
# sample:
# 80BC  85 00    STA STA $00                      A:01 X:00 Y:02 P:24 SP:1D
80C1  85 01    STA STA $01                      A:03 X:00 Y:02 P:24 SP:1D
80C3  20 DD 8E JSR JSR $8EDD                    A:03 X:00 Y:02 P:24 SP:1D
<L002> ×2
# sample:
# 8EDD  AE 02 20 LDX LDX $2002                    A:03 X:00 Y:02 P:24 SP:1B
# 8EE0  A0 00    LDY LDY #$00                     A:03 X:00 Y:02 P:26 SP:1B
<L008> ×2
# sample:
# 8E92  8D 06 20 STA STA $2006                    A:22 X:00 Y:00 P:24 SP:1B
# 8E95  C8       INY                              A:22 X:00 Y:00 P:24 SP:1B
# 8E96  B1 00    LDA LDA ($00),Y                  A:22 X:00 Y:01 P:24 SP:1B
8E9E  0A       ASL A                            A:06 X:00 Y:02 P:24 SP:1B
8E9F  48       PHA                              A:0C X:00 Y:02 P:24 SP:1B
<L032> ×2
# sample:
# 8EA0  AD 78 07 LDA LDA $0778                    A:0C X:00 Y:02 P:24 SP:1A
# 8EA3  09 04    ORA ORA #$04                     A:14 X:00 Y:02 P:24 SP:1A
# 8EA5  B0 02    BCS BCS #$02                     A:14 X:00 Y:02 P:24 SP:1A
# 8EA7  29 FB    AND AND #$FB                     A:14 X:00 Y:02 P:24 SP:1A
# 8EA9  20 ED 8E JSR JSR $8EED                    A:10 X:00 Y:02 P:24 SP:1A
# 8EED  8D 00 20 STA STA $2000                    A:10 X:00 Y:02 P:24 SP:18
# 8EF0  8D 78 07 STA STA $0778                    A:10 X:00 Y:02 P:24 SP:18
# 8EF3  60       RTS                              A:10 X:00 Y:02 P:24 SP:18
# 8EAC  68       PLA                              A:10 X:00 Y:02 P:24 SP:1A
# 8EAD  0A       ASL A                            A:0C X:00 Y:02 P:24 SP:1B
# 8EAE  90 03    BCC BCC #$03                     A:18 X:00 Y:02 P:24 SP:1B
[Repeated block (6 instrs)] ×4
<L003> ×2
# sample:
# 8EB9  B1 00    LDA LDA ($00),Y                  A:24 X:05 Y:04 P:24 SP:1B
# 8EBB  8D 07 20 STA STA $2007                    A:00 X:05 Y:04 P:26 SP:1B
# 8EBE  CA       DEX                              A:00 X:05 Y:04 P:26 SP:1B
# 8EBF  D0 F5    BNE BNE #$F5                     A:00 X:04 Y:04 P:24 SP:1B
# 8EB6  B0 01    BCS BCS #$01                     A:00 X:04 Y:04 P:24 SP:1B
# 8EB8  C8       INY                              A:00 X:04 Y:04 P:24 SP:1B
# 8EB9  B1 00    LDA LDA ($00),Y                  A:00 X:01 Y:08 P:24 SP:1B
# 8EBB  8D 07 20 STA STA $2007                    A:00 X:01 Y:08 P:26 SP:1B
# 8EBE  CA       DEX                              A:00 X:01 Y:08 P:26 SP:1B
# 8EBF  D0 F5    BNE BNE #$F5                     A:00 X:00 Y:08 P:26 SP:1B
# 8EC1  38       SEC                              A:00 X:00 Y:08 P:26 SP:1B
# 8EC2  98       TYA                              A:00 X:00 Y:08 P:27 SP:1B
<L005> ×2
# sample:
# 8EE0  A0 00    LDY LDY #$00                     A:00 X:00 Y:08 P:26 SP:1B
# 8EE2  B1 00    LDA LDA ($00),Y                  A:00 X:00 Y:00 P:26 SP:1B
# 8EE4  D0 AC    BNE BNE #$AC                     A:00 X:00 Y:00 P:26 SP:1B
80C6  A0 00    LDY LDY #$00                     A:00 X:00 Y:00 P:26 SP:1D
80C8  AE 73 07 LDX LDX $0773                    A:00 X:00 Y:00 P:26 SP:1D
<L001> ×2
# sample:
# 80CB  E0 06    CPX CPX #$06                     A:00 X:00 Y:00 P:26 SP:1D
80D0  BE 80 80 LDX LDX $8080,Y                  A:00 X:00 Y:00 P:A4 SP:1D
80D3  A9 00    LDA LDA #$00                     A:00 X:00 Y:00 P:26 SP:1D
<L022> ×2
# sample:
# 80D5  9D 00 03 STA STA $0300,X                  A:00 X:00 Y:00 P:26 SP:1D
<L001> ×2
# sample:
# 80DB  8D 73 07 STA STA $0773                    A:00 X:00 Y:00 P:26 SP:1D
80E1  8D 01 20 STA STA $2001                    A:00 X:00 Y:00 P:26 SP:1D
80E4  20 D0 F2 JSR JSR $F2D0                    A:00 X:00 Y:00 P:26 SP:1D
F2D0  AD 70 07 LDA LDA $0770                    A:00 X:00 Y:00 P:26 SP:1B
F2D3  D0 04    BNE BNE #$04                     A:00 X:00 Y:00 P:26 SP:1B
F2D5  8D 15 40 STA STA $4015                    A:00 X:00 Y:00 P:26 SP:1B
F2D8  60       RTS                              A:00 X:00 Y:00 P:26 SP:1B
80E7  20 5C 8E JSR JSR $8E5C                    A:00 X:00 Y:00 P:26 SP:1D
8E5C  A9 01    LDA LDA #$01                     A:00 X:00 Y:00 P:26 SP:1B
8E5E  8D 16 40 STA STA $4016                    A:01 X:00 Y:00 P:24 SP:1B
8E61  4A       LSR A                            A:01 X:00 Y:00 P:24 SP:1B
8E62  AA       TAX                              A:00 X:00 Y:00 P:27 SP:1B
8E63  8D 16 40 STA STA $4016                    A:00 X:00 Y:00 P:27 SP:1B
8E66  20 6A 8E JSR JSR $8E6A                    A:00 X:00 Y:00 P:27 SP:1B
8E6A  A0 08    LDY LDY #$08                     A:00 X:00 Y:00 P:27 SP:19
[Repeated block (10 instrs)] ×8
8E6C  48       PHA                              A:00 X:00 Y:08 P:25 SP:19
8E6D  BD 16 40 LDA LDA $4016,X                  A:00 X:00 Y:08 P:25 SP:18
8E70  85 00    STA STA $00                      A:40 X:00 Y:08 P:25 SP:18
8E72  4A       LSR A                            A:40 X:00 Y:08 P:25 SP:18
8E73  05 00    ORA ORA $00                      A:20 X:00 Y:08 P:24 SP:18
8E75  4A       LSR A                            A:60 X:00 Y:08 P:24 SP:18
8E76  68       PLA                              A:30 X:00 Y:08 P:24 SP:18
8E77  2A       ROL A                            A:00 X:00 Y:08 P:26 SP:19
8E78  88       DEY                              A:00 X:00 Y:08 P:26 SP:19
8E79  D0 F1    BNE BNE #$F1                     A:00 X:00 Y:07 P:24 SP:19
8E7B  9D FC 06 STA STA $06FC,X                  A:00 X:00 Y:00 P:26 SP:19
8E7E  48       PHA                              A:00 X:00 Y:00 P:26 SP:19
8E7F  29 30    AND AND #$30                     A:00 X:00 Y:00 P:26 SP:18
8E81  3D 4A 07 AND AND $074A,X                  A:00 X:00 Y:00 P:26 SP:18
8E84  F0 07    BEQ BEQ #$07                     A:00 X:00 Y:00 P:26 SP:18
8E8D  68       PLA                              A:00 X:00 Y:00 P:26 SP:18
8E8E  9D 4A 07 STA STA $074A,X                  A:00 X:00 Y:00 P:26 SP:19
8E91  60       RTS                              A:00 X:00 Y:00 P:26 SP:19
8E69  E8       INX                              A:00 X:00 Y:00 P:26 SP:1B
8E6A  A0 08    LDY LDY #$08                     A:00 X:01 Y:00 P:24 SP:1B
[Repeated block (10 instrs)] ×8
8E6C  48       PHA                              A:00 X:01 Y:08 P:24 SP:1B
8E6D  BD 16 40 LDA LDA $4016,X                  A:00 X:01 Y:08 P:24 SP:1A
8E70  85 00    STA STA $00                      A:40 X:01 Y:08 P:24 SP:1A
8E72  4A       LSR A                            A:40 X:01 Y:08 P:24 SP:1A
8E73  05 00    ORA ORA $00                      A:20 X:01 Y:08 P:24 SP:1A
8E75  4A       LSR A                            A:60 X:01 Y:08 P:24 SP:1A
8E76  68       PLA                              A:30 X:01 Y:08 P:24 SP:1A
8E77  2A       ROL A                            A:00 X:01 Y:08 P:26 SP:1B
8E78  88       DEY                              A:00 X:01 Y:08 P:26 SP:1B
8E79  D0 F1    BNE BNE #$F1                     A:00 X:01 Y:07 P:24 SP:1B
8E7B  9D FC 06 STA STA $06FC,X                  A:00 X:01 Y:00 P:26 SP:1B
8E7E  48       PHA                              A:00 X:01 Y:00 P:26 SP:1B
8E7F  29 30    AND AND #$30                     A:00 X:01 Y:00 P:26 SP:1A
8E81  3D 4A 07 AND AND $074A,X                  A:00 X:01 Y:00 P:26 SP:1A
8E84  F0 07    BEQ BEQ #$07                     A:00 X:01 Y:00 P:26 SP:1A
8E8D  68       PLA                              A:00 X:01 Y:00 P:26 SP:1A
8E8E  9D 4A 07 STA STA $074A,X                  A:00 X:01 Y:00 P:26 SP:1B
8E91  60       RTS                              A:00 X:01 Y:00 P:26 SP:1B
80EA  20 82 81 JSR JSR $8182                    A:00 X:01 Y:00 P:26 SP:1D
8182  AD 70 07 LDA LDA $0770                    A:00 X:01 Y:00 P:26 SP:1B
8185  C9 02    CMP CMP #$02                     A:00 X:01 Y:00 P:26 SP:1B
8187  F0 0B    BEQ BEQ #$0B                     A:00 X:01 Y:00 P:A4 SP:1B
8189  C9 01    CMP CMP #$01                     A:00 X:01 Y:00 P:A4 SP:1B
818B  D0 38    BNE BNE #$38                     A:00 X:01 Y:00 P:A4 SP:1B
81C5  60       RTS                              A:00 X:01 Y:00 P:A4 SP:1B
80ED  20 97 8F JSR JSR $8F97                    A:00 X:01 Y:00 P:A4 SP:1D
8F97  A2 05    LDX LDX #$05                     A:00 X:01 Y:00 P:A4 SP:1B
8F99  20 9E 8F JSR JSR $8F9E                    A:00 X:05 Y:00 P:24 SP:1B
8F9E  A0 05    LDY LDY #$05                     A:00 X:05 Y:00 P:24 SP:19
8FA0  38       SEC                              A:00 X:05 Y:05 P:24 SP:19
[Repeated block (10 instrs)] ×3
<L010> ×2
# sample:
# 8FA1  BD DD 07 LDA LDA $07DD,X                  A:00 X:05 Y:05 P:25 SP:19
# 8FA4  F9 D7 07 SBC SBC $07D7,Y                  A:00 X:05 Y:05 P:27 SP:19
# 8FA7  CA       DEX                              A:00 X:05 Y:05 P:27 SP:19
# 8FA8  88       DEY                              A:00 X:04 Y:05 P:25 SP:19
# 8FA9  10 F6    BPL BPL #$F6                     A:00 X:04 Y:04 P:25 SP:19
# 8FA1  BD DD 07 LDA LDA $07DD,X                  A:00 X:04 Y:04 P:25 SP:19
8FAE  C8       INY                              A:00 X:00 Y:FF P:27 SP:19
[Repeated block (6 instrs)] ×6
<L005> ×2
# sample:
# 8FAF  BD DD 07 LDA LDA $07DD,X                  A:00 X:00 Y:00 P:27 SP:19
# 8FB2  99 D7 07 STA STA $07D7,Y                  A:00 X:00 Y:00 P:27 SP:19
# 8FB5  E8       INX                              A:00 X:00 Y:00 P:27 SP:19
8FBB  60       RTS                              A:00 X:06 Y:06 P:27 SP:19
8F9C  A2 0B    LDX LDX #$0B                     A:00 X:06 Y:06 P:27 SP:1B
8F9E  A0 05    LDY LDY #$05                     A:00 X:0B Y:06 P:25 SP:1B
8FA0  38       SEC                              A:00 X:0B Y:05 P:25 SP:1B
[Repeated block (10 instrs)] ×3
<L010> ×2
# sample:
# 8FA1  BD DD 07 LDA LDA $07DD,X                  A:00 X:0B Y:05 P:25 SP:1B
# 8FA4  F9 D7 07 SBC SBC $07D7,Y                  A:00 X:0B Y:05 P:27 SP:1B
# 8FA7  CA       DEX                              A:00 X:0B Y:05 P:27 SP:1B
# 8FA8  88       DEY                              A:00 X:0A Y:05 P:25 SP:1B
# 8FA9  10 F6    BPL BPL #$F6                     A:00 X:0A Y:04 P:25 SP:1B
# 8FA1  BD DD 07 LDA LDA $07DD,X                  A:00 X:0A Y:04 P:25 SP:1B
8FAE  C8       INY                              A:00 X:06 Y:FF P:25 SP:1B
[Repeated block (6 instrs)] ×6
<L005> ×2
# sample:
# 8FAF  BD DD 07 LDA LDA $07DD,X                  A:00 X:06 Y:00 P:27 SP:1B
# 8FB2  99 D7 07 STA STA $07D7,Y                  A:00 X:06 Y:00 P:27 SP:1B
# 8FB5  E8       INX                              A:00 X:06 Y:00 P:27 SP:1B
8FBB  60       RTS                              A:00 X:0C Y:06 P:27 SP:1B
80F0  AD 76 07 LDA LDA $0776                    A:00 X:0C Y:06 P:27 SP:1D
80F3  4A       LSR A                            A:00 X:0C Y:06 P:27 SP:1D
80F4  B0 25    BCS BCS #$25                     A:00 X:0C Y:06 P:26 SP:1D
80F6  AD 47 07 LDA LDA $0747                    A:00 X:0C Y:06 P:26 SP:1D
80F9  F0 05    BEQ BEQ #$05                     A:00 X:0C Y:06 P:26 SP:1D
8100  A2 14    LDX LDX #$14                     A:00 X:0C Y:06 P:26 SP:1D
8102  CE 7F 07 DEC DEC $077F                    A:00 X:14 Y:06 P:24 SP:1D
8105  10 07    BPL BPL #$07                     A:00 X:14 Y:06 P:24 SP:1D
[Repeated block (8 instrs)] ×10
<L016> ×3
# sample:
# 810E  BD 80 07 LDA LDA $0780,X                  A:00 X:14 Y:06 P:24 SP:1D
# 8111  F0 03    BEQ BEQ #$03                     A:00 X:14 Y:06 P:26 SP:1D
# 8116  CA       DEX                              A:00 X:14 Y:06 P:26 SP:1D
# 8117  10 F5    BPL BPL #$F5                     A:00 X:13 Y:06 P:24 SP:1D
8119  E6 09    INC INC $09                      A:00 X:FF Y:06 P:A4 SP:1D
811B  A2 00    LDX LDX #$00                     A:00 X:FF Y:06 P:24 SP:1D
811D  A0 07    LDY LDY #$07                     A:00 X:00 Y:06 P:26 SP:1D
811F  AD A7 07 LDA LDA $07A7                    A:00 X:00 Y:07 P:24 SP:1D
8122  29 02    AND AND #$02                     A:EF X:00 Y:07 P:A4 SP:1D
8124  85 00    STA STA $00                      A:02 X:00 Y:07 P:24 SP:1D
8126  AD A8 07 LDA LDA $07A8                    A:02 X:00 Y:07 P:24 SP:1D
8129  29 02    AND AND #$02                     A:4A X:00 Y:07 P:24 SP:1D
812B  45 00    EOR EOR $00                      A:02 X:00 Y:07 P:24 SP:1D
812D  18       CLC                              A:00 X:00 Y:07 P:26 SP:1D
812E  F0 01    BEQ BEQ #$01                     A:00 X:00 Y:07 P:26 SP:1D
[Repeated block (8 instrs)] ×3
<L015> ×3
# sample:
# 8131  7E A7 07 ROR ROR $07A7,X                  A:00 X:00 Y:07 P:26 SP:1D
# 8134  E8       INX                              A:00 X:00 Y:07 P:25 SP:1D
# 8135  88       DEY                              A:00 X:01 Y:07 P:25 SP:1D
# 8136  D0 F9    BNE BNE #$F9                     A:00 X:01 Y:06 P:25 SP:1D
8138  AD 22 07 LDA LDA $0722                    A:00 X:07 Y:00 P:26 SP:1D
813B  F0 1F    BEQ BEQ #$1F                     A:00 X:07 Y:00 P:26 SP:1D
<L023> ×2
# sample:
# 815C  AD 3F 07 LDA LDA $073F                    A:00 X:07 Y:00 P:26 SP:1D
# 815F  8D 05 20 STA STA $2005                    A:00 X:07 Y:00 P:26 SP:1D
8168  AD 78 07 LDA LDA $0778                    A:00 X:07 Y:00 P:26 SP:1D
816B  48       PHA                              A:10 X:07 Y:00 P:24 SP:1D
816C  8D 00 20 STA STA $2000                    A:10 X:07 Y:00 P:24 SP:1C
816F  AD 76 07 LDA LDA $0776                    A:10 X:07 Y:00 P:24 SP:1C
8172  4A       LSR A                            A:00 X:07 Y:00 P:26 SP:1C
8173  B0 03    BCS BCS #$03                     A:00 X:07 Y:00 P:26 SP:1C
8175  20 12 82 JSR JSR $8212                    A:00 X:07 Y:00 P:26 SP:1C
8212  AD 70 07 LDA LDA $0770                    A:00 X:07 Y:00 P:26 SP:1A
8215  20 04 8E JSR JSR $8E04                    A:00 X:07 Y:00 P:26 SP:1A
8E04  0A       ASL A                            A:00 X:07 Y:00 P:26 SP:18
8E05  A8       TAY                              A:00 X:07 Y:00 P:26 SP:18
<L006> ×2
# sample:
# 8E06  68       PLA                              A:00 X:07 Y:00 P:26 SP:18
# 8E07  85 04    STA STA $04                      A:17 X:07 Y:00 P:24 SP:19
<L007> ×2
# sample:
# 8E0C  C8       INY                              A:82 X:07 Y:00 P:A4 SP:1A
# 8E0D  B1 04    LDA LDA ($04),Y                  A:82 X:07 Y:01 P:24 SP:1A
# 8E0F  85 06    STA STA $06                      A:31 X:07 Y:01 P:24 SP:1A
8E16  6C 06 00 JMP JMP ($0006)                  A:82 X:07 Y:02 P:A4 SP:1A
8231  AD 72 07 LDA LDA $0772                    A:82 X:07 Y:02 P:A4 SP:1A
8234  20 04 8E JSR JSR $8E04                    A:02 X:07 Y:02 P:24 SP:1A
8E04  0A       ASL A                            A:02 X:07 Y:02 P:24 SP:18
8E05  A8       TAY                              A:04 X:07 Y:02 P:24 SP:18
<L006> ×2
# sample:
# 8E06  68       PLA                              A:04 X:07 Y:04 P:24 SP:18
# 8E07  85 04    STA STA $04                      A:36 X:07 Y:04 P:24 SP:19
<L007> ×2
# sample:
# 8E0C  C8       INY                              A:82 X:07 Y:04 P:A4 SP:1A
# 8E0D  B1 04    LDA LDA ($04),Y                  A:82 X:07 Y:05 P:24 SP:1A
# 8E0F  85 06    STA STA $06                      A:61 X:07 Y:05 P:24 SP:1A
8E16  6C 06 00 JMP JMP ($0006)                  A:90 X:07 Y:06 P:A4 SP:1A
<L074> ×2
# sample:
# 9061  A9 01    LDA LDA #$01                     A:90 X:07 Y:06 P:A4 SP:1A
# 9063  8D 57 07 STA STA $0757                    A:01 X:07 Y:06 P:24 SP:1A
# 9066  8D 54 07 STA STA $0754                    A:01 X:07 Y:06 P:24 SP:1A
9071  A9 00    LDA LDA #$00                     A:02 X:07 Y:06 P:24 SP:1A
9073  8D 74 07 STA STA $0774                    A:00 X:07 Y:06 P:26 SP:1A
9076  A8       TAY                              A:00 X:07 Y:06 P:26 SP:1A
[Repeated block (9 instrs)] ×85
<L075> ×2
# sample:
# 9077  99 00 03 STA STA $0300,Y                  A:00 X:07 Y:00 P:26 SP:1A
# 907A  C8       INY                              A:00 X:07 Y:00 P:26 SP:1A
# 907B  D0 FA    BNE BNE #$FA                     A:00 X:07 Y:01 P:24 SP:1A
# 9077  99 00 03 STA STA $0300,Y                  A:00 X:07 Y:01 P:24 SP:1A
# 907A  C8       INY                              A:00 X:07 Y:01 P:24 SP:1A
# 907B  D0 FA    BNE BNE #$FA                     A:00 X:07 Y:02 P:24 SP:1A
<L027> ×3
# sample:
# 907D  8D 59 07 STA STA $0759                    A:00 X:07 Y:00 P:26 SP:1A
9086  A9 FF    LDA LDA #$FF                     A:00 X:07 Y:00 P:26 SP:1A
9088  8D A0 03 STA STA $03A0                    A:FF X:07 Y:00 P:A4 SP:1A
908B  AD 1A 07 LDA LDA $071A                    A:FF X:07 Y:00 P:A4 SP:1A
908E  4E 78 07 LSR LSR $0778                    A:00 X:07 Y:00 P:26 SP:1A
9091  29 01    AND AND #$01                     A:00 X:07 Y:00 P:24 SP:1A
9093  6A       ROR A                            A:00 X:07 Y:00 P:26 SP:1A
9094  2E 78 07 ROL ROL $0778                    A:00 X:07 Y:00 P:26 SP:1A
9097  20 ED 90 JSR JSR $90ED                    A:00 X:07 Y:00 P:24 SP:1A
90ED  AD 70 07 LDA LDA $0770                    A:00 X:07 Y:00 P:24 SP:18
90F0  F0 23    BEQ BEQ #$23                     A:00 X:07 Y:00 P:26 SP:18
9115  60       RTS                              A:00 X:07 Y:00 P:26 SP:18
<L046> ×3
# sample:
# 909A  A9 38    LDA LDA #$38                     A:00 X:07 Y:00 P:26 SP:1A
# 909C  8D E3 06 STA STA $06E3                    A:38 X:07 Y:00 P:24 SP:1A
90A9  A2 0E    LDX LDX #$0E                     A:58 X:07 Y:00 P:24 SP:1A
<L056> ×5
# sample:
# 90AB  BD BC 8F LDA LDA $8FBC,X                  A:58 X:0E Y:00 P:24 SP:1A
# 90AE  9D E4 06 STA STA $06E4,X                  A:2C X:0E Y:00 P:24 SP:1A
# 90B1  CA       DEX                              A:2C X:0E Y:00 P:24 SP:1A
# 90B2  10 F7    BPL BPL #$F7                     A:2C X:0D Y:00 P:24 SP:1A
# 90AB  BD BC 8F LDA LDA $8FBC,X                  A:2C X:0D Y:00 P:24 SP:1A
# 90AE  9D E4 06 STA STA $06E4,X                  A:28 X:0D Y:00 P:24 SP:1A
# 90B1  CA       DEX                              A:28 X:0D Y:00 P:24 SP:1A
# 90B2  10 F7    BPL BPL #$F7                     A:28 X:0C Y:00 P:24 SP:1A
# 90AB  BD BC 8F LDA LDA $8FBC,X                  A:28 X:0C Y:00 P:24 SP:1A
# 90AE  9D E4 06 STA STA $06E4,X                  A:FC X:0C Y:00 P:A4 SP:1A
# 90B1  CA       DEX                              A:FC X:0C Y:00 P:A4 SP:1A
# 90B2  10 F7    BPL BPL #$F7                     A:FC X:0B Y:00 P:24 SP:1A
90B4  A0 03    LDY LDY #$03                     A:04 X:FF Y:00 P:A4 SP:1A
<L076> ×2
# sample:
# 90B6  B9 CB 8F LDA LDA $8FCB,Y                  A:04 X:FF Y:03 P:24 SP:1A
# 90B9  99 00 02 STA STA $0200,Y                  A:58 X:FF Y:03 P:24 SP:1A
# 90BC  88       DEY                              A:58 X:FF Y:03 P:24 SP:1A
# 90BD  10 F7    BPL BPL #$F7                     A:58 X:FF Y:02 P:24 SP:1A
# 90B6  B9 CB 8F LDA LDA $8FCB,Y                  A:58 X:FF Y:02 P:24 SP:1A
# 90B9  99 00 02 STA STA $0200,Y                  A:23 X:FF Y:02 P:24 SP:1A
# 90BC  88       DEY                              A:23 X:FF Y:02 P:24 SP:1A
# 90BD  10 F7    BPL BPL #$F7                     A:23 X:FF Y:01 P:24 SP:1A
<L001> ×2
# sample:
# 90BF  20 AF 92 JSR JSR $92AF                    A:18 X:FF Y:FF P:A4 SP:1A
90C2  20 AA 92 JSR JSR $92AA                    A:18 X:FF Y:FF P:A4 SP:1A
<L001> ×3
# sample:
# 92AA  A9 FF    LDA LDA #$FF                     A:18 X:FF Y:FF P:A4 SP:18
<L047> ×2
# sample:
# 90C5  EE 22 07 INC INC $0722                    A:FF X:FF Y:FF P:A4 SP:1A
90CB  60       RTS                              A:FF X:FF Y:FF P:24 SP:1A
8178  AD 02 20 LDA LDA $2002                    A:FF X:FF Y:FF P:24 SP:1C
817B  68       PLA                              A:00 X:FF Y:FF P:26 SP:1C
817C  09 80    ORA ORA #$80                     A:10 X:FF Y:FF P:24 SP:1D
817E  8D 00 20 STA STA $2000                    A:90 X:FF Y:FF P:A4 SP:1D
8181  40       RTI                              A:90 X:FF Y:FF P:A4 SP:1D
[Repeated block (6 instrs)] ×951
<L005> ×2
# sample:
# FFF7  1E 1E 1F ASL ASL $1F1E,X                  A:90 X:FF Y:FF P:A4 SP:20
# FFFA  82 80    *NOP *NOP #$80                   A:90 X:FF Y:FF P:26 SP:20
# FFFC  00       BRK                              A:90 X:FF Y:FF P:26 SP:20
FFF7  1E 1E 1F ASL ASL $1F1E,X                  A:90 X:FF Y:FF P:A4 SP:FB
8082  AD 78 07 LDA LDA $0778                    A:90 X:FF Y:FF P:26 SP:F8
<L011> ×2
# sample:
# 8085  29 7F    AND AND #$7F                     A:10 X:FF Y:FF P:24 SP:F8
# 8087  8D 78 07 STA STA $0778                    A:10 X:FF Y:FF P:24 SP:F8
808F  AD 79 07 LDA LDA $0779                    A:10 X:FF Y:FF P:24 SP:F8
8092  29 E6    AND AND #$E6                     A:00 X:FF Y:FF P:26 SP:F8
8094  AC 74 07 LDY LDY $0774                    A:00 X:FF Y:FF P:26 SP:F8
8097  D0 05    BNE BNE #$05                     A:00 X:FF Y:00 P:26 SP:F8
8099  AD 79 07 LDA LDA $0779                    A:00 X:FF Y:00 P:26 SP:F8
809C  09 1E    ORA ORA #$1E                     A:00 X:FF Y:00 P:26 SP:F8
809E  8D 79 07 STA STA $0779                    A:1E X:FF Y:00 P:24 SP:F8
80A1  29 E7    AND AND #$E7                     A:1E X:FF Y:00 P:24 SP:F8
80A3  8D 01 20 STA STA $2001                    A:06 X:FF Y:00 P:24 SP:F8
80A6  AE 02 20 LDX LDX $2002                    A:06 X:FF Y:00 P:24 SP:F8
80A9  A9 00    LDA LDA #$00                     A:06 X:80 Y:00 P:A4 SP:F8
<L002> ×2
# sample:
# 80AB  20 E6 8E JSR JSR $8EE6                    A:00 X:80 Y:00 P:26 SP:F8
# 8EE6  8D 05 20 STA STA $2005                    A:00 X:80 Y:00 P:26 SP:F6
80AE  8D 03 20 STA STA $2003                    A:00 X:80 Y:00 P:26 SP:F8
80B1  A9 02    LDA LDA #$02                     A:00 X:80 Y:00 P:26 SP:F8
80B3  8D 14 40 STA STA $4014                    A:02 X:80 Y:00 P:24 SP:F8
80B6  AE 73 07 LDX LDX $0773                    A:02 X:80 Y:00 P:24 SP:F8
80B9  BD 5A 80 LDA LDA $805A,X                  A:02 X:00 Y:00 P:26 SP:F8
<L001> ×2
# sample:
# 80BC  85 00    STA STA $00                      A:01 X:00 Y:00 P:24 SP:F8
80C1  85 01    STA STA $01                      A:03 X:00 Y:00 P:24 SP:F8
80C3  20 DD 8E JSR JSR $8EDD                    A:03 X:00 Y:00 P:24 SP:F8
<L005> ×2
# sample:
# 8EDD  AE 02 20 LDX LDX $2002                    A:03 X:00 Y:00 P:24 SP:F6
# 8EE0  A0 00    LDY LDY #$00                     A:03 X:00 Y:00 P:26 SP:F6
# 8EE2  B1 00    LDA LDA ($00),Y                  A:03 X:00 Y:00 P:26 SP:F6
8EEC  60       RTS                              A:00 X:00 Y:00 P:26 SP:F6
80C6  A0 00    LDY LDY #$00                     A:00 X:00 Y:00 P:26 SP:F8
80C8  AE 73 07 LDX LDX $0773                    A:00 X:00 Y:00 P:26 SP:F8
<L001> ×2
# sample:
# 80CB  E0 06    CPX CPX #$06                     A:00 X:00 Y:00 P:26 SP:F8
80D0  BE 80 80 LDX LDX $8080,Y                  A:00 X:00 Y:00 P:A4 SP:F8
80D3  A9 00    LDA LDA #$00                     A:00 X:00 Y:00 P:26 SP:F8
<L022> ×2
# sample:
# 80D5  9D 00 03 STA STA $0300,X                  A:00 X:00 Y:00 P:26 SP:F8
<L001> ×2
# sample:
# 80DB  8D 73 07 STA STA $0773                    A:00 X:00 Y:00 P:26 SP:F8
80E1  8D 01 20 STA STA $2001                    A:1E X:00 Y:00 P:24 SP:F8
80E4  20 D0 F2 JSR JSR $F2D0                    A:1E X:00 Y:00 P:24 SP:F8
F2D0  AD 70 07 LDA LDA $0770                    A:1E X:00 Y:00 P:24 SP:F6
F2D3  D0 04    BNE BNE #$04                     A:00 X:00 Y:00 P:26 SP:F6
F2D5  8D 15 40 STA STA $4015                    A:00 X:00 Y:00 P:26 SP:F6
F2D8  60       RTS                              A:00 X:00 Y:00 P:26 SP:F6
80E7  20 5C 8E JSR JSR $8E5C                    A:00 X:00 Y:00 P:26 SP:F8
8E5C  A9 01    LDA LDA #$01                     A:00 X:00 Y:00 P:26 SP:F6
8E5E  8D 16 40 STA STA $4016                    A:01 X:00 Y:00 P:24 SP:F6
8E61  4A       LSR A                            A:01 X:00 Y:00 P:24 SP:F6
8E62  AA       TAX                              A:00 X:00 Y:00 P:27 SP:F6
8E63  8D 16 40 STA STA $4016                    A:00 X:00 Y:00 P:27 SP:F6
8E66  20 6A 8E JSR JSR $8E6A                    A:00 X:00 Y:00 P:27 SP:F6
8E6A  A0 08    LDY LDY #$08                     A:00 X:00 Y:00 P:27 SP:F4
[Repeated block (10 instrs)] ×8
8E6C  48       PHA                              A:00 X:00 Y:08 P:25 SP:F4
8E6D  BD 16 40 LDA LDA $4016,X                  A:00 X:00 Y:08 P:25 SP:F3
8E70  85 00    STA STA $00                      A:40 X:00 Y:08 P:25 SP:F3
8E72  4A       LSR A                            A:40 X:00 Y:08 P:25 SP:F3
8E73  05 00    ORA ORA $00                      A:20 X:00 Y:08 P:24 SP:F3
8E75  4A       LSR A                            A:60 X:00 Y:08 P:24 SP:F3
8E76  68       PLA                              A:30 X:00 Y:08 P:24 SP:F3
8E77  2A       ROL A                            A:00 X:00 Y:08 P:26 SP:F4
8E78  88       DEY                              A:00 X:00 Y:08 P:26 SP:F4
8E79  D0 F1    BNE BNE #$F1                     A:00 X:00 Y:07 P:24 SP:F4
8E7B  9D FC 06 STA STA $06FC,X                  A:00 X:00 Y:00 P:26 SP:F4
8E7E  48       PHA                              A:00 X:00 Y:00 P:26 SP:F4
8E7F  29 30    AND AND #$30                     A:00 X:00 Y:00 P:26 SP:F3
8E81  3D 4A 07 AND AND $074A,X                  A:00 X:00 Y:00 P:26 SP:F3
8E84  F0 07    BEQ BEQ #$07                     A:00 X:00 Y:00 P:26 SP:F3
8E8D  68       PLA                              A:00 X:00 Y:00 P:26 SP:F3
8E8E  9D 4A 07 STA STA $074A,X                  A:00 X:00 Y:00 P:26 SP:F4
8E91  60       RTS                              A:00 X:00 Y:00 P:26 SP:F4
8E69  E8       INX                              A:00 X:00 Y:00 P:26 SP:F6
8E6A  A0 08    LDY LDY #$08                     A:00 X:01 Y:00 P:24 SP:F6
[Repeated block (10 instrs)] ×8
8E6C  48       PHA                              A:00 X:01 Y:08 P:24 SP:F6
8E6D  BD 16 40 LDA LDA $4016,X                  A:00 X:01 Y:08 P:24 SP:F5
8E70  85 00    STA STA $00                      A:40 X:01 Y:08 P:24 SP:F5
8E72  4A       LSR A                            A:40 X:01 Y:08 P:24 SP:F5
8E73  05 00    ORA ORA $00                      A:20 X:01 Y:08 P:24 SP:F5
8E75  4A       LSR A                            A:60 X:01 Y:08 P:24 SP:F5
8E76  68       PLA                              A:30 X:01 Y:08 P:24 SP:F5
8E77  2A       ROL A                            A:00 X:01 Y:08 P:26 SP:F6
8E78  88       DEY                              A:00 X:01 Y:08 P:26 SP:F6
8E79  D0 F1    BNE BNE #$F1                     A:00 X:01 Y:07 P:24 SP:F6
8E7B  9D FC 06 STA STA $06FC,X                  A:00 X:01 Y:00 P:26 SP:F6
8E7E  48       PHA                              A:00 X:01 Y:00 P:26 SP:F6
8E7F  29 30    AND AND #$30                     A:00 X:01 Y:00 P:26 SP:F5
8E81  3D 4A 07 AND AND $074A,X                  A:00 X:01 Y:00 P:26 SP:F5
8E84  F0 07    BEQ BEQ #$07                     A:00 X:01 Y:00 P:26 SP:F5
8E8D  68       PLA                              A:00 X:01 Y:00 P:26 SP:F5
8E8E  9D 4A 07 STA STA $074A,X                  A:00 X:01 Y:00 P:26 SP:F6
8E91  60       RTS                              A:00 X:01 Y:00 P:26 SP:F6
80EA  20 82 81 JSR JSR $8182                    A:00 X:01 Y:00 P:26 SP:F8
8182  AD 70 07 LDA LDA $0770                    A:00 X:01 Y:00 P:26 SP:F6
8185  C9 02    CMP CMP #$02                     A:00 X:01 Y:00 P:26 SP:F6
8187  F0 0B    BEQ BEQ #$0B                     A:00 X:01 Y:00 P:A4 SP:F6
8189  C9 01    CMP CMP #$01                     A:00 X:01 Y:00 P:A4 SP:F6
818B  D0 38    BNE BNE #$38                     A:00 X:01 Y:00 P:A4 SP:F6
81C5  60       RTS                              A:00 X:01 Y:00 P:A4 SP:F6
80ED  20 97 8F JSR JSR $8F97                    A:00 X:01 Y:00 P:A4 SP:F8
8F97  A2 05    LDX LDX #$05                     A:00 X:01 Y:00 P:A4 SP:F6
8F99  20 9E 8F JSR JSR $8F9E                    A:00 X:05 Y:00 P:24 SP:F6
8F9E  A0 05    LDY LDY #$05                     A:00 X:05 Y:00 P:24 SP:F4
8FA0  38       SEC                              A:00 X:05 Y:05 P:24 SP:F4
[Repeated block (10 instrs)] ×3
<L010> ×2
# sample:
# 8FA1  BD DD 07 LDA LDA $07DD,X                  A:00 X:05 Y:05 P:25 SP:F4
# 8FA4  F9 D7 07 SBC SBC $07D7,Y                  A:00 X:05 Y:05 P:27 SP:F4
# 8FA7  CA       DEX                              A:00 X:05 Y:05 P:27 SP:F4
# 8FA8  88       DEY                              A:00 X:04 Y:05 P:25 SP:F4
# 8FA9  10 F6    BPL BPL #$F6                     A:00 X:04 Y:04 P:25 SP:F4
# 8FA1  BD DD 07 LDA LDA $07DD,X                  A:00 X:04 Y:04 P:25 SP:F4
8FAE  C8       INY                              A:00 X:00 Y:FF P:27 SP:F4
[Repeated block (6 instrs)] ×6
<L005> ×2
# sample:
# 8FAF  BD DD 07 LDA LDA $07DD,X                  A:00 X:00 Y:00 P:27 SP:F4
# 8FB2  99 D7 07 STA STA $07D7,Y                  A:00 X:00 Y:00 P:27 SP:F4
# 8FB5  E8       INX                              A:00 X:00 Y:00 P:27 SP:F4
8FBB  60       RTS                              A:00 X:06 Y:06 P:27 SP:F4
8F9C  A2 0B    LDX LDX #$0B                     A:00 X:06 Y:06 P:27 SP:F6
8F9E  A0 05    LDY LDY #$05                     A:00 X:0B Y:06 P:25 SP:F6
8FA0  38       SEC                              A:00 X:0B Y:05 P:25 SP:F6
[Repeated block (10 instrs)] ×3
<L010> ×2
# sample:
# 8FA1  BD DD 07 LDA LDA $07DD,X                  A:00 X:0B Y:05 P:25 SP:F6
# 8FA4  F9 D7 07 SBC SBC $07D7,Y                  A:00 X:0B Y:05 P:27 SP:F6
# 8FA7  CA       DEX                              A:00 X:0B Y:05 P:27 SP:F6
# 8FA8  88       DEY                              A:00 X:0A Y:05 P:25 SP:F6
# 8FA9  10 F6    BPL BPL #$F6                     A:00 X:0A Y:04 P:25 SP:F6
# 8FA1  BD DD 07 LDA LDA $07DD,X                  A:00 X:0A Y:04 P:25 SP:F6
8FAE  C8       INY                              A:00 X:06 Y:FF P:25 SP:F6
[Repeated block (6 instrs)] ×6
<L005> ×2
# sample:
# 8FAF  BD DD 07 LDA LDA $07DD,X                  A:00 X:06 Y:00 P:27 SP:F6
# 8FB2  99 D7 07 STA STA $07D7,Y                  A:00 X:06 Y:00 P:27 SP:F6
# 8FB5  E8       INX                              A:00 X:06 Y:00 P:27 SP:F6
8FBB  60       RTS                              A:00 X:0C Y:06 P:27 SP:F6
80F0  AD 76 07 LDA LDA $0776                    A:00 X:0C Y:06 P:27 SP:F8
80F3  4A       LSR A                            A:00 X:0C Y:06 P:27 SP:F8
80F4  B0 25    BCS BCS #$25                     A:00 X:0C Y:06 P:26 SP:F8
80F6  AD 47 07 LDA LDA $0747                    A:00 X:0C Y:06 P:26 SP:F8
80F9  F0 05    BEQ BEQ #$05                     A:00 X:0C Y:06 P:26 SP:F8
8100  A2 14    LDX LDX #$14                     A:00 X:0C Y:06 P:26 SP:F8
8102  CE 7F 07 DEC DEC $077F                    A:00 X:14 Y:06 P:24 SP:F8
8105  10 07    BPL BPL #$07                     A:00 X:14 Y:06 P:24 SP:F8
[Repeated block (8 instrs)] ×10
<L016> ×3
# sample:
# 810E  BD 80 07 LDA LDA $0780,X                  A:00 X:14 Y:06 P:24 SP:F8
# 8111  F0 03    BEQ BEQ #$03                     A:00 X:14 Y:06 P:26 SP:F8
# 8116  CA       DEX                              A:00 X:14 Y:06 P:26 SP:F8
# 8117  10 F5    BPL BPL #$F5                     A:00 X:13 Y:06 P:24 SP:F8
8119  E6 09    INC INC $09                      A:00 X:FF Y:06 P:A4 SP:F8
811B  A2 00    LDX LDX #$00                     A:00 X:FF Y:06 P:24 SP:F8
811D  A0 07    LDY LDY #$07                     A:00 X:00 Y:06 P:26 SP:F8
811F  AD A7 07 LDA LDA $07A7                    A:00 X:00 Y:07 P:24 SP:F8
8122  29 02    AND AND #$02                     A:77 X:00 Y:07 P:24 SP:F8
8124  85 00    STA STA $00                      A:02 X:00 Y:07 P:24 SP:F8
8126  AD A8 07 LDA LDA $07A8                    A:02 X:00 Y:07 P:24 SP:F8
8129  29 02    AND AND #$02                     A:A5 X:00 Y:07 P:A4 SP:F8
812B  45 00    EOR EOR $00                      A:00 X:00 Y:07 P:26 SP:F8
812D  18       CLC                              A:02 X:00 Y:07 P:24 SP:F8
812E  F0 01    BEQ BEQ #$01                     A:02 X:00 Y:07 P:24 SP:F8
8130  38       SEC                              A:02 X:00 Y:07 P:24 SP:F8
[Repeated block (8 instrs)] ×3
<L015> ×3
# sample:
# 8131  7E A7 07 ROR ROR $07A7,X                  A:02 X:00 Y:07 P:25 SP:F8
# 8134  E8       INX                              A:02 X:00 Y:07 P:A5 SP:F8
# 8135  88       DEY                              A:02 X:01 Y:07 P:25 SP:F8
# 8136  D0 F9    BNE BNE #$F9                     A:02 X:01 Y:06 P:25 SP:F8
8138  AD 22 07 LDA LDA $0722                    A:02 X:07 Y:00 P:26 SP:F8
813B  F0 1F    BEQ BEQ #$1F                     A:01 X:07 Y:00 P:24 SP:F8
813D  AD 02 20 LDA LDA $2002                    A:01 X:07 Y:00 P:24 SP:F8
<L017> ×2
# sample:
# 8140  29 40    AND AND #$40                     A:00 X:07 Y:00 P:26 SP:F8
8144  AD 76 07 LDA LDA $0776                    A:00 X:07 Y:00 P:26 SP:F8
8147  4A       LSR A                            A:00 X:07 Y:00 P:26 SP:F8
8148  B0 06    BCS BCS #$06                     A:00 X:07 Y:00 P:26 SP:F8
814A  20 23 82 JSR JSR $8223                    A:00 X:07 Y:00 P:26 SP:F8
8223  A0 04    LDY LDY #$04                     A:00 X:07 Y:00 P:26 SP:F6
8225  A9 F8    LDA LDA #$F8                     A:00 X:07 Y:04 P:24 SP:F6
[Repeated block (6 instrs)] ×63
8227  99 00 02 STA STA $0200,Y                  A:F8 X:07 Y:04 P:A4 SP:F6
<L048> ×2
# sample:
# 822A  C8       INY                              A:F8 X:07 Y:04 P:A4 SP:F6
# 822B  C8       INY                              A:F8 X:07 Y:05 P:24 SP:F6
822E  D0 F7    BNE BNE #$F7                     A:F8 X:07 Y:08 P:24 SP:F6
8230  60       RTS                              A:F8 X:07 Y:00 P:26 SP:F6
814D  20 C6 81 JSR JSR $81C6                    A:F8 X:07 Y:00 P:26 SP:F8
81C6  AC 4E 07 LDY LDY $074E                    A:F8 X:07 Y:00 P:26 SP:F6
81C9  A9 28    LDA LDA #$28                     A:F8 X:07 Y:01 P:24 SP:F6
<L001> ×3
# sample:
# 81CB  85 00    STA STA $00                      A:28 X:07 Y:01 P:24 SP:F6
<L055> ×2
# sample:
# 81D2  C5 00    CMP CMP $00                      A:2C X:0E Y:01 P:24 SP:F6
# 81D4  90 0F    BCC BCC #$0F                     A:2C X:0E Y:01 P:25 SP:F6
# 81D6  AC E0 06 LDY LDY $06E0                    A:2C X:0E Y:01 P:25 SP:F6
# 81D9  18       CLC                              A:2C X:0E Y:00 P:27 SP:F6
# 81DA  79 E1 06 ADC ADC $06E1,Y                  A:2C X:0E Y:00 P:26 SP:F6
# 81DD  90 03    BCC BCC #$03                     A:84 X:0E Y:00 P:E4 SP:F6
# 81E2  9D E4 06 STA STA $06E4,X                  A:84 X:0E Y:00 P:E4 SP:F6
# 81E5  CA       DEX                              A:84 X:0E Y:00 P:E4 SP:F6
# 81E6  10 E7    BPL BPL #$E7                     A:84 X:0D Y:00 P:64 SP:F6
# 81CF  BD E4 06 LDA LDA $06E4,X                  A:84 X:0D Y:00 P:64 SP:F6
<L077> ×2
# sample:
# 81D2  C5 00    CMP CMP $00                      A:FC X:0C Y:00 P:E4 SP:F6
# 81D4  90 0F    BCC BCC #$0F                     A:FC X:0C Y:00 P:E5 SP:F6
# 81D6  AC E0 06 LDY LDY $06E0                    A:FC X:0C Y:00 P:E5 SP:F6
# 81D9  18       CLC                              A:FC X:0C Y:00 P:67 SP:F6
# 81DA  79 E1 06 ADC ADC $06E1,Y                  A:FC X:0C Y:00 P:66 SP:F6
# 81DD  90 03    BCC BCC #$03                     A:54 X:0C Y:00 P:25 SP:F6
# 81DF  18       CLC                              A:54 X:0C Y:00 P:25 SP:F6
# 81E0  65 00    ADC ADC $00                      A:54 X:0C Y:00 P:24 SP:F6
# 81E2  9D E4 06 STA STA $06E4,X                  A:7C X:0C Y:00 P:24 SP:F6
# 81E5  CA       DEX                              A:7C X:0C Y:00 P:24 SP:F6
# 81E6  10 E7    BPL BPL #$E7                     A:7C X:0B Y:00 P:24 SP:F6
# 81CF  BD E4 06 LDA LDA $06E4,X                  A:7C X:0B Y:00 P:24 SP:F6
81D2  C5 00    CMP CMP $00                      A:24 X:0A Y:00 P:24 SP:F6
81D4  90 0F    BCC BCC #$0F                     A:24 X:0A Y:00 P:A4 SP:F6
<L051> ×4
# sample:
# 81E5  CA       DEX                              A:24 X:0A Y:00 P:A4 SP:F6
# 81E6  10 E7    BPL BPL #$E7                     A:24 X:09 Y:00 P:24 SP:F6
# 81CF  BD E4 06 LDA LDA $06E4,X                  A:24 X:09 Y:00 P:24 SP:F6
# 81D2  C5 00    CMP CMP $00                      A:E8 X:09 Y:00 P:A4 SP:F6
# 81D4  90 0F    BCC BCC #$0F                     A:E8 X:09 Y:00 P:A5 SP:F6
# 81D6  AC E0 06 LDY LDY $06E0                    A:E8 X:09 Y:00 P:A5 SP:F6
# 81D9  18       CLC                              A:E8 X:09 Y:00 P:27 SP:F6
# 81DA  79 E1 06 ADC ADC $06E1,Y                  A:E8 X:09 Y:00 P:26 SP:F6
# 81DD  90 03    BCC BCC #$03                     A:40 X:09 Y:00 P:25 SP:F6
# 81DF  18       CLC                              A:40 X:09 Y:00 P:25 SP:F6
# 81E0  65 00    ADC ADC $00                      A:40 X:09 Y:00 P:24 SP:F6
# 81E2  9D E4 06 STA STA $06E4,X                  A:68 X:09 Y:00 P:24 SP:F6
<L045> ×5
# sample:
# 81E5  CA       DEX                              A:28 X:06 Y:00 P:24 SP:F6
# 81E6  10 E7    BPL BPL #$E7                     A:28 X:05 Y:00 P:24 SP:F6
# 81CF  BD E4 06 LDA LDA $06E4,X                  A:28 X:05 Y:00 P:24 SP:F6
# 81D2  C5 00    CMP CMP $00                      A:90 X:05 Y:00 P:A4 SP:F6
# 81D4  90 0F    BCC BCC #$0F                     A:90 X:05 Y:00 P:25 SP:F6
# 81D6  AC E0 06 LDY LDY $06E0                    A:90 X:05 Y:00 P:25 SP:F6
# 81D9  18       CLC                              A:90 X:05 Y:00 P:27 SP:F6
# 81DA  79 E1 06 ADC ADC $06E1,Y                  A:90 X:05 Y:00 P:26 SP:F6
# 81DD  90 03    BCC BCC #$03                     A:E8 X:05 Y:00 P:A4 SP:F6
# 81E2  9D E4 06 STA STA $06E4,X                  A:E8 X:05 Y:00 P:A4 SP:F6
81E5  CA       DEX                              A:88 X:01 Y:00 P:E4 SP:F6
81E6  10 E7    BPL BPL #$E7                     A:88 X:00 Y:00 P:66 SP:F6
81CF  BD E4 06 LDA LDA $06E4,X                  A:88 X:00 Y:00 P:66 SP:F6
81D2  C5 00    CMP CMP $00                      A:04 X:00 Y:00 P:64 SP:F6
81D4  90 0F    BCC BCC #$0F                     A:04 X:00 Y:00 P:E4 SP:F6
81E5  CA       DEX                              A:04 X:00 Y:00 P:E4 SP:F6
81E6  10 E7    BPL BPL #$E7                     A:04 X:FF Y:00 P:E4 SP:F6
81E8  AE E0 06 LDX LDX $06E0                    A:04 X:FF Y:00 P:E4 SP:F6
<L001> ×3
# sample:
# 81EB  E8       INX                              A:04 X:00 Y:00 P:66 SP:F6
81F2  8E E0 06 STX STX $06E0                    A:04 X:01 Y:00 P:E4 SP:F6
81F5  A2 08    LDX LDX #$08                     A:04 X:01 Y:00 P:E4 SP:F6
81F7  A0 02    LDY LDY #$02                     A:04 X:08 Y:00 P:64 SP:F6
81F9  B9 E9 06 LDA LDA $06E9,Y                  A:04 X:08 Y:02 P:64 SP:F6
<L001> ×2
# sample:
# 81FC  9D F1 06 STA STA $06F1,X                  A:40 X:08 Y:02 P:64 SP:F6
8200  69 08    ADC ADC #$08                     A:40 X:08 Y:02 P:64 SP:F6
8202  9D F2 06 STA STA $06F2,X                  A:48 X:08 Y:02 P:24 SP:F6
8205  18       CLC                              A:48 X:08 Y:02 P:24 SP:F6
8206  69 08    ADC ADC #$08                     A:48 X:08 Y:02 P:24 SP:F6
8208  9D F3 06 STA STA $06F3,X                  A:50 X:08 Y:02 P:24 SP:F6
<L001> ×3
# sample:
# 820B  CA       DEX                              A:50 X:08 Y:02 P:24 SP:F6
820E  88       DEY                              A:50 X:05 Y:02 P:24 SP:F6
820F  10 E8    BPL BPL #$E8                     A:50 X:05 Y:01 P:24 SP:F6
81F9  B9 E9 06 LDA LDA $06E9,Y                  A:50 X:05 Y:01 P:24 SP:F6
<L001> ×2
# sample:
# 81FC  9D F1 06 STA STA $06F1,X                  A:28 X:05 Y:01 P:24 SP:F6
8200  69 08    ADC ADC #$08                     A:28 X:05 Y:01 P:24 SP:F6
8202  9D F2 06 STA STA $06F2,X                  A:30 X:05 Y:01 P:24 SP:F6
8205  18       CLC                              A:30 X:05 Y:01 P:24 SP:F6
8206  69 08    ADC ADC #$08                     A:30 X:05 Y:01 P:24 SP:F6
8208  9D F3 06 STA STA $06F3,X                  A:38 X:05 Y:01 P:24 SP:F6
<L001> ×3
# sample:
# 820B  CA       DEX                              A:38 X:05 Y:01 P:24 SP:F6
820E  88       DEY                              A:38 X:02 Y:01 P:24 SP:F6
820F  10 E8    BPL BPL #$E8                     A:38 X:02 Y:00 P:26 SP:F6
81F9  B9 E9 06 LDA LDA $06E9,Y                  A:38 X:02 Y:00 P:26 SP:F6
<L001> ×2
# sample:
# 81FC  9D F1 06 STA STA $06F1,X                  A:E8 X:02 Y:00 P:A4 SP:F6
8200  69 08    ADC ADC #$08                     A:E8 X:02 Y:00 P:A4 SP:F6
8202  9D F2 06 STA STA $06F2,X                  A:F0 X:02 Y:00 P:A4 SP:F6
8205  18       CLC                              A:F0 X:02 Y:00 P:A4 SP:F6
8206  69 08    ADC ADC #$08                     A:F0 X:02 Y:00 P:A4 SP:F6
8208  9D F3 06 STA STA $06F3,X                  A:F8 X:02 Y:00 P:A4 SP:F6
<L001> ×3
# sample:
# 820B  CA       DEX                              A:F8 X:02 Y:00 P:A4 SP:F6
820E  88       DEY                              A:F8 X:FF Y:00 P:A4 SP:F6
820F  10 E8    BPL BPL #$E8                     A:F8 X:FF Y:FF P:A4 SP:F6
8211  60       RTS                              A:F8 X:FF Y:FF P:A4 SP:F6
8150  AD 02 20 LDA LDA $2002                    A:F8 X:FF Y:FF P:A4 SP:F8
<L017> ×3
# sample:
# [8153  29 40    AND AND #$40                     A:00 X:FF Y:FF P:26 SP:F8 ; 8155  F0 F9    BEQ BEQ #$F9                     A:00 X:FF Y:FF P:26 SP:F8 ; 8150  AD 02 20 LDA LDA $2002                    A:00 X:FF Y:FF P:26 SP:F8 ; 8153  29 40    AND AND #$40                     A:00 X:FF Y:FF P:26 SP:F8 ; 8155  F0 F9    BEQ BEQ #$F9                     A:00 X:FF Y:FF P:26 SP:F8 ; 8150  AD 02 20 LDA LDA $2002                    A:00 X:FF Y:FF P:26 SP:F8 ; 8153  29 40    AND AND #$40                     A:00 X:FF Y:FF P:26 SP:F8 ; 8155  F0 F9    BEQ BEQ #$F9                     A:00 X:FF Y:FF P:26 SP:F8 ; 8150  AD 02 20 LDA LDA $2002                    A:00 X:FF Y:FF P:26 SP:F8] ×66
8155  F0 F9    BEQ BEQ #$F9                     A:40 X:FF Y:FF P:24 SP:F8
8157  A0 14    LDY LDY #$14                     A:40 X:FF Y:FF P:24 SP:F8
[Repeated block (10 instrs)] ×4
<L059> ×2
# sample:
# 8159  88       DEY                              A:40 X:FF Y:14 P:24 SP:F8
# 815A  D0 FD    BNE BNE #$FD                     A:40 X:FF Y:13 P:24 SP:F8
# 8159  88       DEY                              A:40 X:FF Y:13 P:24 SP:F8
# 815A  D0 FD    BNE BNE #$FD                     A:40 X:FF Y:12 P:24 SP:F8
8159  88       DEY                              A:40 X:FF Y:10 P:24 SP:F8
815A  D0 FD    BNE BNE #$FD                     A:40 X:FF Y:0F P:24 SP:F8
<L023> ×2
# sample:
# 815C  AD 3F 07 LDA LDA $073F                    A:40 X:FF Y:00 P:26 SP:F8
# 815F  8D 05 20 STA STA $2005                    A:00 X:FF Y:00 P:26 SP:F8
8168  AD 78 07 LDA LDA $0778                    A:00 X:FF Y:00 P:26 SP:F8
816B  48       PHA                              A:10 X:FF Y:00 P:24 SP:F8
816C  8D 00 20 STA STA $2000                    A:10 X:FF Y:00 P:24 SP:F7
816F  AD 76 07 LDA LDA $0776                    A:10 X:FF Y:00 P:24 SP:F7
8172  4A       LSR A                            A:00 X:FF Y:00 P:26 SP:F7
8173  B0 03    BCS BCS #$03                     A:00 X:FF Y:00 P:26 SP:F7
8175  20 12 82 JSR JSR $8212                    A:00 X:FF Y:00 P:26 SP:F7
8212  AD 70 07 LDA LDA $0770                    A:00 X:FF Y:00 P:26 SP:F5
8215  20 04 8E JSR JSR $8E04                    A:00 X:FF Y:00 P:26 SP:F5
8E04  0A       ASL A                            A:00 X:FF Y:00 P:26 SP:F3
8E05  A8       TAY                              A:00 X:FF Y:00 P:26 SP:F3
<L006> ×2
# sample:
# 8E06  68       PLA                              A:00 X:FF Y:00 P:26 SP:F3
# 8E07  85 04    STA STA $04                      A:17 X:FF Y:00 P:24 SP:F4
<L007> ×2
# sample:
# 8E0C  C8       INY                              A:82 X:FF Y:00 P:A4 SP:F5
# 8E0D  B1 04    LDA LDA ($04),Y                  A:82 X:FF Y:01 P:24 SP:F5
# 8E0F  85 06    STA STA $06                      A:31 X:FF Y:01 P:24 SP:F5
8E16  6C 06 00 JMP JMP ($0006)                  A:82 X:FF Y:02 P:A4 SP:F5
8231  AD 72 07 LDA LDA $0772                    A:82 X:FF Y:02 P:A4 SP:F5
8234  20 04 8E JSR JSR $8E04                    A:03 X:FF Y:02 P:24 SP:F5
8E04  0A       ASL A                            A:03 X:FF Y:02 P:24 SP:F3
8E05  A8       TAY                              A:06 X:FF Y:02 P:24 SP:F3
<L006> ×2
# sample:
# 8E06  68       PLA                              A:06 X:FF Y:06 P:24 SP:F3
# 8E07  85 04    STA STA $04                      A:36 X:FF Y:06 P:24 SP:F4
<L007> ×2
# sample:
# 8E0C  C8       INY                              A:82 X:FF Y:06 P:A4 SP:F5
# 8E0D  B1 04    LDA LDA ($04),Y                  A:82 X:FF Y:07 P:24 SP:F5
# 8E0F  85 06    STA STA $06                      A:45 X:FF Y:07 P:24 SP:F5
8E16  6C 06 00 JMP JMP ($0006)                  A:82 X:FF Y:08 P:A4 SP:F5
8245  A0 00    LDY LDY #$00                     A:82 X:FF Y:08 P:A4 SP:F5
8247  AD FC 06 LDA LDA $06FC                    A:82 X:FF Y:00 P:26 SP:F5
824A  0D FD 06 ORA ORA $06FD                    A:00 X:FF Y:00 P:26 SP:F5
824D  C9 10    CMP CMP #$10                     A:00 X:FF Y:00 P:26 SP:F5
824F  F0 04    BEQ BEQ #$04                     A:00 X:FF Y:00 P:A4 SP:F5
8251  C9 90    CMP CMP #$90                     A:00 X:FF Y:00 P:A4 SP:F5
8253  D0 03    BNE BNE #$03                     A:00 X:FF Y:00 P:24 SP:F5
8258  C9 20    CMP CMP #$20                     A:00 X:FF Y:00 P:24 SP:F5
825A  F0 1A    BEQ BEQ #$1A                     A:00 X:FF Y:00 P:A4 SP:F5
825C  AE A2 07 LDX LDX $07A2                    A:00 X:FF Y:00 P:A4 SP:F5
825F  D0 0B    BNE BNE #$0B                     A:00 X:18 Y:00 P:24 SP:F5
826C  AE FC 07 LDX LDX $07FC                    A:00 X:18 Y:00 P:24 SP:F5
826F  F0 4A    BEQ BEQ #$4A                     A:00 X:00 Y:00 P:26 SP:F5
<L001> ×2
# sample:
# 82BB  A9 00    LDA LDA #$00                     A:00 X:00 Y:00 P:26 SP:F5
82C0  20 EA AE JSR JSR $AEEA                    A:00 X:00 Y:00 P:26 SP:F5
<L002> ×2
# sample:
# AEEA  AE 53 07 LDX LDX $0753                    A:00 X:00 Y:00 P:26 SP:F3
# AEED  BD FC 06 LDA LDA $06FC,X                  A:00 X:00 Y:00 P:26 SP:F3
B04A  A5 0E    LDA LDA $0E                      A:00 X:00 Y:00 P:26 SP:F1
B04C  20 04 8E JSR JSR $8E04                    A:00 X:00 Y:00 P:26 SP:F1
8E04  0A       ASL A                            A:00 X:00 Y:00 P:26 SP:EF
8E05  A8       TAY                              A:00 X:00 Y:00 P:26 SP:EF
<L006> ×2
# sample:
# 8E06  68       PLA                              A:00 X:00 Y:00 P:26 SP:EF
# 8E07  85 04    STA STA $04                      A:4E X:00 Y:00 P:24 SP:F0
<L007> ×2
# sample:
# 8E0C  C8       INY                              A:B0 X:00 Y:00 P:A4 SP:F1
# 8E0D  B1 04    LDA LDA ($04),Y                  A:B0 X:00 Y:01 P:24 SP:F1
# 8E0F  85 06    STA STA $06                      A:31 X:00 Y:01 P:24 SP:F1
8E16  6C 06 00 JMP JMP ($0006)                  A:91 X:00 Y:02 P:A4 SP:F1
9131  AD 1A 07 LDA LDA $071A                    A:91 X:00 Y:02 P:A4 SP:F1
9134  85 6D    STA STA $6D                      A:00 X:00 Y:02 P:26 SP:F1
9136  A9 28    LDA LDA #$28                     A:00 X:00 Y:02 P:26 SP:F1
9138  8D 0A 07 STA STA $070A                    A:28 X:00 Y:02 P:24 SP:F1
913B  A9 01    LDA LDA #$01                     A:28 X:00 Y:02 P:24 SP:F1
<L078> ×2
# sample:
# 913D  85 33    STA STA $33                      A:01 X:00 Y:02 P:24 SP:F1
9141  A9 00    LDA LDA #$00                     A:01 X:00 Y:02 P:24 SP:F1
9143  85 1D    STA STA $1D                      A:00 X:00 Y:02 P:26 SP:F1
9145  CE 90 04 DEC DEC $0490                    A:00 X:00 Y:02 P:26 SP:F1
9148  A0 00    LDY LDY #$00                     A:00 X:00 Y:02 P:A4 SP:F1
914A  8C 5B 07 STY STY $075B                    A:00 X:00 Y:00 P:26 SP:F1
914D  AD 4E 07 LDA LDA $074E                    A:00 X:00 Y:00 P:26 SP:F1
9150  D0 01    BNE BNE #$01                     A:01 X:00 Y:00 P:24 SP:F1
9153  8C 04 07 STY STY $0704                    A:01 X:00 Y:00 P:24 SP:F1
9156  AE 10 07 LDX LDX $0710                    A:01 X:00 Y:00 P:24 SP:F1
9159  AC 52 07 LDY LDY $0752                    A:01 X:02 Y:00 P:24 SP:F1
915C  F0 07    BEQ BEQ #$07                     A:01 X:02 Y:00 P:26 SP:F1
9165  B9 16 91 LDA LDA $9116,Y                  A:01 X:02 Y:00 P:26 SP:F1
9168  85 86    STA STA $86                      A:28 X:02 Y:00 P:24 SP:F1
916A  BD 1C 91 LDA LDA $911C,X                  A:28 X:02 Y:00 P:24 SP:F1
916D  85 CE    STA STA $CE                      A:B0 X:02 Y:00 P:A4 SP:F1
916F  BD 25 91 LDA LDA $9125,X                  A:B0 X:02 Y:00 P:A4 SP:F1
9172  8D C4 03 STA STA $03C4                    A:00 X:02 Y:00 P:26 SP:F1
9175  20 F1 85 JSR JSR $85F1                    A:00 X:02 Y:00 P:26 SP:F1
85F1  AE 00 03 LDX LDX $0300                    A:00 X:02 Y:00 P:26 SP:EF
85F4  A0 00    LDY LDY #$00                     A:00 X:00 Y:00 P:26 SP:EF
85F6  AD 53 07 LDA LDA $0753                    A:00 X:00 Y:00 P:26 SP:EF
85F9  F0 02    BEQ BEQ #$02                     A:00 X:00 Y:00 P:26 SP:EF
85FD  AD 56 07 LDA LDA $0756                    A:00 X:00 Y:00 P:26 SP:EF
8600  C9 02    CMP CMP #$02                     A:00 X:00 Y:00 P:26 SP:EF
8602  D0 02    BNE BNE #$02                     A:00 X:00 Y:00 P:A4 SP:EF
8606  A9 03    LDA LDA #$03                     A:00 X:00 Y:00 P:A4 SP:EF
8608  85 00    STA STA $00                      A:03 X:00 Y:00 P:24 SP:EF
<L049> ×2
# sample:
# 860A  B9 D7 85 LDA LDA $85D7,Y                  A:03 X:00 Y:00 P:24 SP:EF
# 860D  9D 04 03 STA STA $0304,X                  A:22 X:00 Y:00 P:24 SP:EF
# 8610  C8       INY                              A:22 X:00 Y:00 P:24 SP:EF
# 8611  E8       INX                              A:22 X:00 Y:01 P:24 SP:EF
# 8612  C6 00    DEC DEC $00                      A:22 X:01 Y:01 P:24 SP:EF
# 8614  10 F4    BPL BPL #$F4                     A:22 X:01 Y:01 P:24 SP:EF
# 860A  B9 D7 85 LDA LDA $85D7,Y                  A:22 X:01 Y:01 P:24 SP:EF
# 860D  9D 04 03 STA STA $0304,X                  A:16 X:01 Y:01 P:24 SP:EF
# 8610  C8       INY                              A:16 X:01 Y:01 P:24 SP:EF
# 8611  E8       INX                              A:16 X:01 Y:02 P:24 SP:EF
# 8612  C6 00    DEC DEC $00                      A:16 X:02 Y:02 P:24 SP:EF
# 8614  10 F4    BPL BPL #$F4                     A:16 X:02 Y:02 P:24 SP:EF
8616  AE 00 03 LDX LDX $0300                    A:18 X:04 Y:04 P:A4 SP:EF
8619  AC 44 07 LDY LDY $0744                    A:18 X:00 Y:04 P:26 SP:EF
861C  D0 03    BNE BNE #$03                     A:18 X:00 Y:00 P:26 SP:EF
861E  AC 4E 07 LDY LDY $074E                    A:18 X:00 Y:00 P:26 SP:EF
8621  B9 CF 85 LDA LDA $85CF,Y                  A:18 X:00 Y:01 P:24 SP:EF
<L053> ×2
# sample:
# 8624  9D 04 03 STA STA $0304,X                  A:22 X:00 Y:01 P:24 SP:EF
# 8627  A9 3F    LDA LDA #$3F                     A:22 X:00 Y:01 P:24 SP:EF
# 8629  9D 01 03 STA STA $0301,X                  A:3F X:00 Y:01 P:24 SP:EF
# 862C  A9 10    LDA LDA #$10                     A:3F X:00 Y:01 P:24 SP:EF
8638  9D 08 03 STA STA $0308,X                  A:00 X:00 Y:01 P:26 SP:EF
863B  8A       TXA                              A:00 X:00 Y:01 P:26 SP:EF
863C  18       CLC                              A:00 X:00 Y:01 P:26 SP:EF
863D  69 07    ADC ADC #$07                     A:00 X:00 Y:01 P:26 SP:EF
863F  8D 00 03 STA STA $0300                    A:07 X:00 Y:01 P:24 SP:EF
8642  60       RTS                              A:07 X:00 Y:01 P:24 SP:EF
9178  AC 15 07 LDY LDY $0715                    A:07 X:00 Y:01 P:24 SP:F1
917B  F0 1A    BEQ BEQ #$1A                     A:07 X:00 Y:01 P:24 SP:F1
917D  AD 57 07 LDA LDA $0757                    A:07 X:00 Y:01 P:24 SP:F1
9180  F0 15    BEQ BEQ #$15                     A:01 X:00 Y:01 P:24 SP:F1
9182  B9 2D 91 LDA LDA $912D,Y                  A:01 X:00 Y:01 P:24 SP:F1
9185  8D F8 07 STA STA $07F8                    A:04 X:00 Y:01 P:24 SP:F1
9188  A9 01    LDA LDA #$01                     A:04 X:00 Y:01 P:24 SP:F1
918A  8D FA 07 STA STA $07FA                    A:01 X:00 Y:01 P:24 SP:F1
918D  4A       LSR A                            A:01 X:00 Y:01 P:24 SP:F1
<L027> ×3
# sample:
# 918E  8D F9 07 STA STA $07F9                    A:00 X:00 Y:01 P:27 SP:F1
9197  AC 58 07 LDY LDY $0758                    A:00 X:00 Y:01 P:27 SP:F1
919A  F0 14    BEQ BEQ #$14                     A:00 X:00 Y:00 P:27 SP:F1
91B0  AC 4E 07 LDY LDY $074E                    A:00 X:00 Y:00 P:27 SP:F1
91B3  D0 03    BNE BNE #$03                     A:00 X:00 Y:01 P:25 SP:F1
91B8  A9 07    LDA LDA #$07                     A:00 X:00 Y:01 P:25 SP:F1
<L005> ×2
# sample:
# 91BA  85 0E    STA STA $0E                      A:07 X:00 Y:01 P:25 SP:F1
# 91BC  60       RTS                              A:07 X:00 Y:01 P:25 SP:F1
# AEF6  AD 72 07 LDA LDA $0772                    A:07 X:00 Y:01 P:25 SP:F3
B624  AD 56 07 LDA LDA $0756                    A:03 X:00 Y:01 P:27 SP:F1
B627  C9 02    CMP CMP #$02                     A:00 X:00 Y:01 P:27 SP:F1
B629  90 43    BCC BCC #$43                     A:00 X:00 Y:01 P:A4 SP:F1
B66E  AD 4E 07 LDA LDA $074E                    A:00 X:00 Y:01 P:A4 SP:F1
B671  D0 13    BNE BNE #$13                     A:01 X:00 Y:01 P:24 SP:F1
B686  60       RTS                              A:01 X:00 Y:01 P:24 SP:F1
<L001> ×3
# sample:
# AF01  A2 00    LDX LDX #$00                     A:01 X:00 Y:01 P:24 SP:F3
C047  B5 0F    LDA LDA $0F,X                    A:01 X:00 Y:01 P:26 SP:F1
C049  48       PHA                              A:00 X:00 Y:01 P:26 SP:F1
C04A  0A       ASL A                            A:00 X:00 Y:01 P:26 SP:F0
C04B  B0 12    BCS BCS #$12                     A:00 X:00 Y:01 P:26 SP:F0
C04D  68       PLA                              A:00 X:00 Y:01 P:26 SP:F0
C04E  F0 03    BEQ BEQ #$03                     A:00 X:00 Y:01 P:26 SP:F1
C053  AD 1F 07 LDA LDA $071F                    A:00 X:00 Y:01 P:26 SP:F1
C056  29 07    AND AND #$07                     A:00 X:00 Y:01 P:26 SP:F1
C058  C9 07    CMP CMP #$07                     A:00 X:00 Y:01 P:26 SP:F1
C05A  F0 0E    BEQ BEQ #$0E                     A:00 X:00 Y:01 P:A4 SP:F1
C05C  4C CC C0 JMP JMP $C0CC                    A:00 X:00 Y:01 P:A4 SP:F1
<L001> ×2
# sample:
# C0CC  AD 45 07 LDA LDA $0745                    A:00 X:00 Y:01 P:A4 SP:F1
C12F  AD CD 06 LDA LDA $06CD                    A:00 X:00 Y:01 P:26 SP:F1
C132  F0 10    BEQ BEQ #$10                     A:00 X:00 Y:01 P:26 SP:F1
C144  AC 39 07 LDY LDY $0739                    A:00 X:00 Y:01 P:26 SP:F1
C147  B1 E9    LDA LDA ($E9),Y                  A:00 X:00 Y:00 P:26 SP:F1
C149  C9 FF    CMP CMP #$FF                     A:1E X:00 Y:00 P:24 SP:F1
<L017> ×2
# sample:
# C14B  D0 03    BNE BNE #$03                     A:1E X:00 Y:00 P:24 SP:F1
C152  C9 0E    CMP CMP #$0E                     A:0E X:00 Y:00 P:24 SP:F1
C154  F0 0E    BEQ BEQ #$0E                     A:0E X:00 Y:00 P:27 SP:F1
C164  AD 1D 07 LDA LDA $071D                    A:0E X:00 Y:00 P:27 SP:F1
C167  18       CLC                              A:FF X:00 Y:00 P:A5 SP:F1
C168  69 30    ADC ADC #$30                     A:FF X:00 Y:00 P:A4 SP:F1
C16A  29 F0    AND AND #$F0                     A:2F X:00 Y:00 P:25 SP:F1
C16C  85 07    STA STA $07                      A:20 X:00 Y:00 P:25 SP:F1
C16E  AD 1B 07 LDA LDA $071B                    A:20 X:00 Y:00 P:25 SP:F1
C171  69 00    ADC ADC #$00                     A:00 X:00 Y:00 P:27 SP:F1
C173  85 06    STA STA $06                      A:01 X:00 Y:00 P:24 SP:F1
C175  AC 39 07 LDY LDY $0739                    A:01 X:00 Y:00 P:24 SP:F1
C178  C8       INY                              A:01 X:00 Y:00 P:26 SP:F1
C179  B1 E9    LDA LDA ($E9),Y                  A:01 X:00 Y:01 P:24 SP:F1
C17B  0A       ASL A                            A:C2 X:00 Y:01 P:A4 SP:F1
C17C  90 0B    BCC BCC #$0B                     A:84 X:00 Y:01 P:A5 SP:F1
C17E  AD 3B 07 LDA LDA $073B                    A:84 X:00 Y:01 P:A5 SP:F1
C181  D0 06    BNE BNE #$06                     A:00 X:00 Y:01 P:27 SP:F1
<L047> ×2
# sample:
# C183  EE 3B 07 INC INC $073B                    A:00 X:00 Y:01 P:27 SP:F1
C189  88       DEY                              A:00 X:00 Y:01 P:25 SP:F1
C18A  B1 E9    LDA LDA ($E9),Y                  A:00 X:00 Y:00 P:27 SP:F1
C18C  29 0F    AND AND #$0F                     A:1E X:00 Y:00 P:25 SP:F1
C18E  C9 0F    CMP CMP #$0F                     A:0E X:00 Y:00 P:25 SP:F1
C190  D0 19    BNE BNE #$19                     A:0E X:00 Y:00 P:A4 SP:F1
<L001> ×2
# sample:
# C1AB  AD 3A 07 LDA LDA $073A                    A:0E X:00 Y:00 P:A4 SP:F1
C1B0  B1 E9    LDA LDA ($E9),Y                  A:01 X:00 Y:00 P:24 SP:F1
C1B2  29 F0    AND AND #$F0                     A:1E X:00 Y:00 P:24 SP:F1
C1B4  95 87    STA STA $87,X                    A:10 X:00 Y:00 P:24 SP:F1
C1B6  CD 1D 07 CMP CMP $071D                    A:10 X:00 Y:00 P:24 SP:F1
C1B9  B5 6E    LDA LDA $6E,X                    A:10 X:00 Y:00 P:24 SP:F1
<L002> ×2
# sample:
# C1BB  ED 1B 07 SBC SBC $071B                    A:01 X:00 Y:00 P:24 SP:F1
# C1BE  B0 0B    BCS BCS #$0B                     A:00 X:00 Y:00 P:27 SP:F1
C1CF  A5 06    LDA LDA $06                      A:20 X:00 Y:00 P:25 SP:F1
C1D1  F5 6E    SBC SBC $6E,X                    A:01 X:00 Y:00 P:25 SP:F1
C1D3  90 41    BCC BCC #$41                     A:00 X:00 Y:00 P:27 SP:F1
C1D5  A9 01    LDA LDA #$01                     A:00 X:00 Y:00 P:27 SP:F1
C1D7  95 B6    STA STA $B6,X                    A:01 X:00 Y:00 P:25 SP:F1
C1D9  B1 E9    LDA LDA ($E9),Y                  A:01 X:00 Y:00 P:25 SP:F1
[Repeated block (2 instrs)] ×2
<L001> ×3
# sample:
# C1DB  0A       ASL A                            A:1E X:00 Y:00 P:25 SP:F1
C1E1  C9 E0    CMP CMP #$E0                     A:E0 X:00 Y:00 P:A5 SP:F1
C1E3  F0 4C    BEQ BEQ #$4C                     A:E0 X:00 Y:00 P:27 SP:F1
<L038> ×2
# sample:
# C231  C8       INY                              A:E0 X:00 Y:00 P:27 SP:F1
C233  B1 E9    LDA LDA ($E9),Y                  A:E0 X:00 Y:02 P:25 SP:F1
[Repeated block (2 instrs)] ×2
<L024> ×3
# sample:
# C235  4A       LSR A                            A:00 X:00 Y:02 P:27 SP:F1
C23A  CD 5F 07 CMP CMP $075F                    A:00 X:00 Y:02 P:26 SP:F1
C23D  D0 0E    BNE BNE #$0E                     A:00 X:00 Y:02 P:27 SP:F1
C23F  88       DEY                              A:00 X:00 Y:02 P:27 SP:F1
C240  B1 E9    LDA LDA ($E9),Y                  A:00 X:00 Y:01 P:25 SP:F1
C242  8D 50 07 STA STA $0750                    A:C2 X:00 Y:01 P:A5 SP:F1
C245  C8       INY                              A:C2 X:00 Y:01 P:A5 SP:F1
C246  B1 E9    LDA LDA ($E9),Y                  A:C2 X:00 Y:02 P:25 SP:F1
C248  29 1F    AND AND #$1F                     A:00 X:00 Y:02 P:27 SP:F1
C24A  8D 51 07 STA STA $0751                    A:00 X:00 Y:02 P:27 SP:F1
C24D  4C 5B C2 JMP JMP $C25B                    A:00 X:00 Y:02 P:27 SP:F1
<L047> ×3
# sample:
# C25B  EE 39 07 INC INC $0739                    A:00 X:00 Y:02 P:27 SP:F1
C264  A9 00    LDA LDA #$00                     A:00 X:00 Y:02 P:25 SP:F1
C266  8D 3B 07 STA STA $073B                    A:00 X:00 Y:02 P:27 SP:F1
C269  A6 08    LDX LDX $08                      A:00 X:00 Y:02 P:27 SP:F1
C26B  60       RTS                              A:00 X:00 Y:02 P:27 SP:F1
AF08  20 C3 84 JSR JSR $84C3                    A:00 X:00 Y:02 P:27 SP:F3
84C3  BD 10 01 LDA LDA $0110,X                  A:00 X:00 Y:02 P:27 SP:F1
84C6  F0 BE    BEQ BEQ #$BE                     A:FF X:00 Y:02 P:A5 SP:F1
84C8  C9 0B    CMP CMP #$0B                     A:FF X:00 Y:02 P:A5 SP:F1
<L001> ×3
# sample:
# 84CA  90 05    BCC BCC #$05                     A:FF X:00 Y:02 P:A5 SP:F1
84D1  A8       TAY                              A:0B X:00 Y:02 P:25 SP:F1
84D2  BD 2C 01 LDA LDA $012C,X                  A:0B X:00 Y:0B P:25 SP:F1
84D5  D0 04    BNE BNE #$04                     A:36 X:00 Y:0B P:25 SP:F1
<L001> ×2
# sample:
# 84DB  DE 2C 01 DEC DEC $012C,X                  A:36 X:00 Y:0B P:25 SP:F1
84E0  D0 1E    BNE BNE #$1E                     A:36 X:00 Y:0B P:25 SP:F1
8500  BC E5 06 LDY LDY $06E5,X                  A:36 X:00 Y:0B P:25 SP:F1
8503  B5 16    LDA LDA $16,X                    A:36 X:00 Y:88 P:A5 SP:F1
<L029> ×2
# sample:
# 8505  C9 12    CMP CMP #$12                     A:00 X:00 Y:88 P:27 SP:F1
# 8507  F0 22    BEQ BEQ #$22                     A:00 X:00 Y:88 P:A4 SP:F1
# 8509  C9 0D    CMP CMP #$0D                     A:00 X:00 Y:88 P:A4 SP:F1
# 850B  F0 1E    BEQ BEQ #$1E                     A:00 X:00 Y:88 P:A4 SP:F1
8515  C9 0B    CMP CMP #$0B                     A:00 X:00 Y:88 P:A4 SP:F1
8517  F0 12    BEQ BEQ #$12                     A:00 X:00 Y:88 P:A4 SP:F1
8519  C9 09    CMP CMP #$09                     A:00 X:00 Y:88 P:A4 SP:F1
851B  B0 06    BCS BCS #$06                     A:00 X:00 Y:88 P:A4 SP:F1
851D  B5 1E    LDA LDA $1E,X                    A:00 X:00 Y:88 P:A4 SP:F1
851F  C9 02    CMP CMP #$02                     A:00 X:00 Y:88 P:26 SP:F1
8521  B0 08    BCS BCS #$08                     A:00 X:00 Y:88 P:A4 SP:F1
8523  AE EE 03 LDX LDX $03EE                    A:00 X:00 Y:88 P:A4 SP:F1
8526  BC EC 06 LDY LDY $06EC,X                  A:00 X:00 Y:88 P:26 SP:F1
8529  A6 08    LDX LDX $08                      A:00 X:00 Y:58 P:24 SP:F1
852B  BD 1E 01 LDA LDA $011E,X                  A:00 X:00 Y:58 P:26 SP:F1
852E  C9 18    CMP CMP #$18                     A:FE X:00 Y:58 P:A4 SP:F1
8530  90 05    BCC BCC #$05                     A:FE X:00 Y:58 P:A5 SP:F1
8532  E9 01    SBC SBC #$01                     A:FE X:00 Y:58 P:A5 SP:F1
8534  9D 1E 01 STA STA $011E,X                  A:FD X:00 Y:58 P:A5 SP:F1
8537  BD 1E 01 LDA LDA $011E,X                  A:FD X:00 Y:58 P:A5 SP:F1
853A  E9 08    SBC SBC #$08                     A:FD X:00 Y:58 P:A5 SP:F1
853C  20 C1 E5 JSR JSR $E5C1                    A:F5 X:00 Y:58 P:A5 SP:F1
<L013> ×2
# sample:
# E5C1  99 04 02 STA STA $0204,Y                  A:F5 X:00 Y:58 P:A5 SP:EF
E5C7  60       RTS                              A:F5 X:00 Y:58 P:A5 SP:EF
853F  BD 17 01 LDA LDA $0117,X                  A:F5 X:00 Y:58 P:A5 SP:F1
8542  99 03 02 STA STA $0203,Y                  A:36 X:00 Y:58 P:25 SP:F1
8545  18       CLC                              A:36 X:00 Y:58 P:25 SP:F1
8546  69 08    ADC ADC #$08                     A:36 X:00 Y:58 P:24 SP:F1
8548  99 07 02 STA STA $0207,Y                  A:3E X:00 Y:58 P:24 SP:F1
854B  A9 02    LDA LDA #$02                     A:3E X:00 Y:58 P:24 SP:F1
<L013> ×2
# sample:
# 854D  99 02 02 STA STA $0202,Y                  A:02 X:00 Y:58 P:24 SP:F1
8553  BD 10 01 LDA LDA $0110,X                  A:02 X:00 Y:58 P:24 SP:F1
8556  0A       ASL A                            A:0B X:00 Y:58 P:24 SP:F1
8557  AA       TAX                              A:16 X:00 Y:58 P:24 SP:F1
<L030> ×2
# sample:
# 8558  BD 9F 84 LDA LDA $849F,X                  A:16 X:16 Y:58 P:24 SP:F1
# 855B  99 01 02 STA STA $0201,Y                  A:FD X:16 Y:58 P:A4 SP:F1
8564  A6 08    LDX LDX $08                      A:FE X:16 Y:58 P:A4 SP:F1
8566  60       RTS                              A:FE X:00 Y:58 P:26 SP:F1
<L002> ×2
# sample:
# AF0B  E8       INX                              A:FE X:00 Y:58 P:26 SP:F3
# AF0C  E0 06    CPX CPX #$06                     A:FE X:01 Y:58 P:24 SP:F3
AF05  20 47 C0 JSR JSR $C047                    A:FE X:01 Y:58 P:A4 SP:F3
C047  B5 0F    LDA LDA $0F,X                    A:FE X:01 Y:58 P:A4 SP:F1
C049  48       PHA                              A:00 X:01 Y:58 P:26 SP:F1
C04A  0A       ASL A                            A:00 X:01 Y:58 P:26 SP:F0
C04B  B0 12    BCS BCS #$12                     A:00 X:01 Y:58 P:26 SP:F0
C04D  68       PLA                              A:00 X:01 Y:58 P:26 SP:F0
C04E  F0 03    BEQ BEQ #$03                     A:00 X:01 Y:58 P:26 SP:F1
C053  AD 1F 07 LDA LDA $071F                    A:00 X:01 Y:58 P:26 SP:F1
C056  29 07    AND AND #$07                     A:00 X:01 Y:58 P:26 SP:F1
C058  C9 07    CMP CMP #$07                     A:00 X:01 Y:58 P:26 SP:F1
C05A  F0 0E    BEQ BEQ #$0E                     A:00 X:01 Y:58 P:A4 SP:F1
C05C  4C CC C0 JMP JMP $C0CC                    A:00 X:01 Y:58 P:A4 SP:F1
<L001> ×2
# sample:
# C0CC  AD 45 07 LDA LDA $0745                    A:00 X:01 Y:58 P:A4 SP:F1
C12F  AD CD 06 LDA LDA $06CD                    A:00 X:01 Y:58 P:26 SP:F1
C132  F0 10    BEQ BEQ #$10                     A:00 X:01 Y:58 P:26 SP:F1
C144  AC 39 07 LDY LDY $0739                    A:00 X:01 Y:58 P:26 SP:F1
C147  B1 E9    LDA LDA ($E9),Y                  A:00 X:01 Y:03 P:24 SP:F1
C149  C9 FF    CMP CMP #$FF                     A:6B X:01 Y:03 P:24 SP:F1
<L017> ×2
# sample:
# C14B  D0 03    BNE BNE #$03                     A:6B X:01 Y:03 P:24 SP:F1
C152  C9 0E    CMP CMP #$0E                     A:0B X:01 Y:03 P:24 SP:F1
C154  F0 0E    BEQ BEQ #$0E                     A:0B X:01 Y:03 P:A4 SP:F1
C156  E0 05    CPX CPX #$05                     A:0B X:01 Y:03 P:A4 SP:F1
C158  90 0A    BCC BCC #$0A                     A:0B X:01 Y:03 P:A4 SP:F1
C164  AD 1D 07 LDA LDA $071D                    A:0B X:01 Y:03 P:A4 SP:F1
C167  18       CLC                              A:FF X:01 Y:03 P:A4 SP:F1
C168  69 30    ADC ADC #$30                     A:FF X:01 Y:03 P:A4 SP:F1
C16A  29 F0    AND AND #$F0                     A:2F X:01 Y:03 P:25 SP:F1
C16C  85 07    STA STA $07                      A:20 X:01 Y:03 P:25 SP:F1
C16E  AD 1B 07 LDA LDA $071B                    A:20 X:01 Y:03 P:25 SP:F1
C171  69 00    ADC ADC #$00                     A:00 X:01 Y:03 P:27 SP:F1
C173  85 06    STA STA $06                      A:01 X:01 Y:03 P:24 SP:F1
C175  AC 39 07 LDY LDY $0739                    A:01 X:01 Y:03 P:24 SP:F1
C178  C8       INY                              A:01 X:01 Y:03 P:24 SP:F1
C179  B1 E9    LDA LDA ($E9),Y                  A:01 X:01 Y:04 P:24 SP:F1
C17B  0A       ASL A                            A:06 X:01 Y:04 P:24 SP:F1
C17C  90 0B    BCC BCC #$0B                     A:0C X:01 Y:04 P:24 SP:F1
C189  88       DEY                              A:0C X:01 Y:04 P:24 SP:F1
C18A  B1 E9    LDA LDA ($E9),Y                  A:0C X:01 Y:03 P:24 SP:F1
C18C  29 0F    AND AND #$0F                     A:6B X:01 Y:03 P:24 SP:F1
C18E  C9 0F    CMP CMP #$0F                     A:0B X:01 Y:03 P:24 SP:F1
C190  D0 19    BNE BNE #$19                     A:0B X:01 Y:03 P:A4 SP:F1
<L001> ×2
# sample:
# C1AB  AD 3A 07 LDA LDA $073A                    A:0B X:01 Y:03 P:A4 SP:F1
C1B0  B1 E9    LDA LDA ($E9),Y                  A:01 X:01 Y:03 P:24 SP:F1
C1B2  29 F0    AND AND #$F0                     A:6B X:01 Y:03 P:24 SP:F1
C1B4  95 87    STA STA $87,X                    A:60 X:01 Y:03 P:24 SP:F1
C1B6  CD 1D 07 CMP CMP $071D                    A:60 X:01 Y:03 P:24 SP:F1
C1B9  B5 6E    LDA LDA $6E,X                    A:60 X:01 Y:03 P:24 SP:F1
<L002> ×2
# sample:
# C1BB  ED 1B 07 SBC SBC $071B                    A:01 X:01 Y:03 P:24 SP:F1
# C1BE  B0 0B    BCS BCS #$0B                     A:00 X:01 Y:03 P:27 SP:F1
C1CF  A5 06    LDA LDA $06                      A:20 X:01 Y:03 P:A4 SP:F1
C1D1  F5 6E    SBC SBC $6E,X                    A:01 X:01 Y:03 P:24 SP:F1
C1D3  90 41    BCC BCC #$41                     A:FF X:01 Y:03 P:A4 SP:F1
C216  AD CB 06 LDA LDA $06CB                    A:FF X:01 Y:03 P:A4 SP:F1
C219  D0 09    BNE BNE #$09                     A:00 X:01 Y:03 P:26 SP:F1
C21B  AD 98 03 LDA LDA $0398                    A:00 X:01 Y:03 P:26 SP:F1
C21E  C9 01    CMP CMP #$01                     A:00 X:01 Y:03 P:26 SP:F1
C220  D0 0B    BNE BNE #$0B                     A:00 X:01 Y:03 P:A4 SP:F1
C22D  60       RTS                              A:00 X:01 Y:03 P:A4 SP:F1
AF08  20 C3 84 JSR JSR $84C3                    A:00 X:01 Y:03 P:A4 SP:F3
84C3  BD 10 01 LDA LDA $0110,X                  A:00 X:01 Y:03 P:A4 SP:F1
84C6  F0 BE    BEQ BEQ #$BE                     A:36 X:01 Y:03 P:24 SP:F1
84C8  C9 0B    CMP CMP #$0B                     A:36 X:01 Y:03 P:24 SP:F1
<L001> ×3
# sample:
# 84CA  90 05    BCC BCC #$05                     A:36 X:01 Y:03 P:25 SP:F1
84D1  A8       TAY                              A:0B X:01 Y:03 P:25 SP:F1
84D2  BD 2C 01 LDA LDA $012C,X                  A:0B X:01 Y:0B P:25 SP:F1
84D5  D0 04    BNE BNE #$04                     A:FE X:01 Y:0B P:A5 SP:F1
<L001> ×2
# sample:
# 84DB  DE 2C 01 DEC DEC $012C,X                  A:FE X:01 Y:0B P:A5 SP:F1
84E0  D0 1E    BNE BNE #$1E                     A:FE X:01 Y:0B P:A5 SP:F1
8500  BC E5 06 LDY LDY $06E5,X                  A:FE X:01 Y:0B P:A5 SP:F1
8503  B5 16    LDA LDA $16,X                    A:FE X:01 Y:A0 P:A5 SP:F1
<L029> ×2
# sample:
# 8505  C9 12    CMP CMP #$12                     A:00 X:01 Y:A0 P:27 SP:F1
# 8507  F0 22    BEQ BEQ #$22                     A:00 X:01 Y:A0 P:A4 SP:F1
# 8509  C9 0D    CMP CMP #$0D                     A:00 X:01 Y:A0 P:A4 SP:F1
# 850B  F0 1E    BEQ BEQ #$1E                     A:00 X:01 Y:A0 P:A4 SP:F1
8515  C9 0B    CMP CMP #$0B                     A:00 X:01 Y:A0 P:A4 SP:F1
8517  F0 12    BEQ BEQ #$12                     A:00 X:01 Y:A0 P:A4 SP:F1
8519  C9 09    CMP CMP #$09                     A:00 X:01 Y:A0 P:A4 SP:F1
851B  B0 06    BCS BCS #$06                     A:00 X:01 Y:A0 P:A4 SP:F1
851D  B5 1E    LDA LDA $1E,X                    A:00 X:01 Y:A0 P:A4 SP:F1
851F  C9 02    CMP CMP #$02                     A:00 X:01 Y:A0 P:26 SP:F1
8521  B0 08    BCS BCS #$08                     A:00 X:01 Y:A0 P:A4 SP:F1
8523  AE EE 03 LDX LDX $03EE                    A:00 X:01 Y:A0 P:A4 SP:F1
8526  BC EC 06 LDY LDY $06EC,X                  A:00 X:00 Y:A0 P:26 SP:F1
8529  A6 08    LDX LDX $08                      A:00 X:00 Y:58 P:24 SP:F1
852B  BD 1E 01 LDA LDA $011E,X                  A:00 X:01 Y:58 P:24 SP:F1
852E  C9 18    CMP CMP #$18                     A:FF X:01 Y:58 P:A4 SP:F1
8530  90 05    BCC BCC #$05                     A:FF X:01 Y:58 P:A5 SP:F1
8532  E9 01    SBC SBC #$01                     A:FF X:01 Y:58 P:A5 SP:F1
8534  9D 1E 01 STA STA $011E,X                  A:FE X:01 Y:58 P:A5 SP:F1
8537  BD 1E 01 LDA LDA $011E,X                  A:FE X:01 Y:58 P:A5 SP:F1
853A  E9 08    SBC SBC #$08                     A:FE X:01 Y:58 P:A5 SP:F1
853C  20 C1 E5 JSR JSR $E5C1                    A:F6 X:01 Y:58 P:A5 SP:F1
<L013> ×2
# sample:
# E5C1  99 04 02 STA STA $0204,Y                  A:F6 X:01 Y:58 P:A5 SP:EF
E5C7  60       RTS                              A:F6 X:01 Y:58 P:A5 SP:EF
853F  BD 17 01 LDA LDA $0117,X                  A:F6 X:01 Y:58 P:A5 SP:F1
8542  99 03 02 STA STA $0203,Y                  A:FE X:01 Y:58 P:A5 SP:F1
8545  18       CLC                              A:FE X:01 Y:58 P:A5 SP:F1
8546  69 08    ADC ADC #$08                     A:FE X:01 Y:58 P:A4 SP:F1
8548  99 07 02 STA STA $0207,Y                  A:06 X:01 Y:58 P:25 SP:F1
854B  A9 02    LDA LDA #$02                     A:06 X:01 Y:58 P:25 SP:F1
<L013> ×2
# sample:
# 854D  99 02 02 STA STA $0202,Y                  A:02 X:01 Y:58 P:25 SP:F1
8553  BD 10 01 LDA LDA $0110,X                  A:02 X:01 Y:58 P:25 SP:F1
8556  0A       ASL A                            A:0B X:01 Y:58 P:25 SP:F1
8557  AA       TAX                              A:16 X:01 Y:58 P:24 SP:F1
<L030> ×2
# sample:
# 8558  BD 9F 84 LDA LDA $849F,X                  A:16 X:16 Y:58 P:24 SP:F1
# 855B  99 01 02 STA STA $0201,Y                  A:FD X:16 Y:58 P:A4 SP:F1
8564  A6 08    LDX LDX $08                      A:FE X:16 Y:58 P:A4 SP:F1
8566  60       RTS                              A:FE X:01 Y:58 P:24 SP:F1
<L002> ×2
# sample:
# AF0B  E8       INX                              A:FE X:01 Y:58 P:24 SP:F3
# AF0C  E0 06    CPX CPX #$06                     A:FE X:02 Y:58 P:24 SP:F3
AF05  20 47 C0 JSR JSR $C047                    A:FE X:02 Y:58 P:A4 SP:F3
C047  B5 0F    LDA LDA $0F,X                    A:FE X:02 Y:58 P:A4 SP:F1
C049  48       PHA                              A:00 X:02 Y:58 P:26 SP:F1
C04A  0A       ASL A                            A:00 X:02 Y:58 P:26 SP:F0
C04B  B0 12    BCS BCS #$12                     A:00 X:02 Y:58 P:26 SP:F0
C04D  68       PLA                              A:00 X:02 Y:58 P:26 SP:F0
C04E  F0 03    BEQ BEQ #$03                     A:00 X:02 Y:58 P:26 SP:F1
C053  AD 1F 07 LDA LDA $071F                    A:00 X:02 Y:58 P:26 SP:F1
C056  29 07    AND AND #$07                     A:00 X:02 Y:58 P:26 SP:F1
C058  C9 07    CMP CMP #$07                     A:00 X:02 Y:58 P:26 SP:F1
C05A  F0 0E    BEQ BEQ #$0E                     A:00 X:02 Y:58 P:A4 SP:F1
C05C  4C CC C0 JMP JMP $C0CC                    A:00 X:02 Y:58 P:A4 SP:F1
<L001> ×2
# sample:
# C0CC  AD 45 07 LDA LDA $0745                    A:00 X:02 Y:58 P:A4 SP:F1
C12F  AD CD 06 LDA LDA $06CD                    A:00 X:02 Y:58 P:26 SP:F1
C132  F0 10    BEQ BEQ #$10                     A:00 X:02 Y:58 P:26 SP:F1
C144  AC 39 07 LDY LDY $0739                    A:00 X:02 Y:58 P:26 SP:F1
C147  B1 E9    LDA LDA ($E9),Y                  A:00 X:02 Y:03 P:24 SP:F1
C149  C9 FF    CMP CMP #$FF                     A:6B X:02 Y:03 P:24 SP:F1
<L017> ×2
# sample:
# C14B  D0 03    BNE BNE #$03                     A:6B X:02 Y:03 P:24 SP:F1
C152  C9 0E    CMP CMP #$0E                     A:0B X:02 Y:03 P:24 SP:F1
C154  F0 0E    BEQ BEQ #$0E                     A:0B X:02 Y:03 P:A4 SP:F1
C156  E0 05    CPX CPX #$05                     A:0B X:02 Y:03 P:A4 SP:F1
C158  90 0A    BCC BCC #$0A                     A:0B X:02 Y:03 P:A4 SP:F1
C164  AD 1D 07 LDA LDA $071D                    A:0B X:02 Y:03 P:A4 SP:F1
C167  18       CLC                              A:FF X:02 Y:03 P:A4 SP:F1
C168  69 30    ADC ADC #$30                     A:FF X:02 Y:03 P:A4 SP:F1
C16A  29 F0    AND AND #$F0                     A:2F X:02 Y:03 P:25 SP:F1
C16C  85 07    STA STA $07                      A:20 X:02 Y:03 P:25 SP:F1
C16E  AD 1B 07 LDA LDA $071B                    A:20 X:02 Y:03 P:25 SP:F1
C171  69 00    ADC ADC #$00                     A:00 X:02 Y:03 P:27 SP:F1
C173  85 06    STA STA $06                      A:01 X:02 Y:03 P:24 SP:F1
C175  AC 39 07 LDY LDY $0739                    A:01 X:02 Y:03 P:24 SP:F1
C178  C8       INY                              A:01 X:02 Y:03 P:24 SP:F1
C179  B1 E9    LDA LDA ($E9),Y                  A:01 X:02 Y:04 P:24 SP:F1
C17B  0A       ASL A                            A:06 X:02 Y:04 P:24 SP:F1
C17C  90 0B    BCC BCC #$0B                     A:0C X:02 Y:04 P:24 SP:F1
C189  88       DEY                              A:0C X:02 Y:04 P:24 SP:F1
C18A  B1 E9    LDA LDA ($E9),Y                  A:0C X:02 Y:03 P:24 SP:F1
C18C  29 0F    AND AND #$0F                     A:6B X:02 Y:03 P:24 SP:F1
C18E  C9 0F    CMP CMP #$0F                     A:0B X:02 Y:03 P:24 SP:F1
C190  D0 19    BNE BNE #$19                     A:0B X:02 Y:03 P:A4 SP:F1
<L001> ×2
# sample:
# C1AB  AD 3A 07 LDA LDA $073A                    A:0B X:02 Y:03 P:A4 SP:F1
C1B0  B1 E9    LDA LDA ($E9),Y                  A:01 X:02 Y:03 P:24 SP:F1
C1B2  29 F0    AND AND #$F0                     A:6B X:02 Y:03 P:24 SP:F1
C1B4  95 87    STA STA $87,X                    A:60 X:02 Y:03 P:24 SP:F1
C1B6  CD 1D 07 CMP CMP $071D                    A:60 X:02 Y:03 P:24 SP:F1
C1B9  B5 6E    LDA LDA $6E,X                    A:60 X:02 Y:03 P:24 SP:F1
<L002> ×2
# sample:
# C1BB  ED 1B 07 SBC SBC $071B                    A:01 X:02 Y:03 P:24 SP:F1
# C1BE  B0 0B    BCS BCS #$0B                     A:00 X:02 Y:03 P:27 SP:F1
C1CF  A5 06    LDA LDA $06                      A:20 X:02 Y:03 P:A4 SP:F1
C1D1  F5 6E    SBC SBC $6E,X                    A:01 X:02 Y:03 P:24 SP:F1
C1D3  90 41    BCC BCC #$41                     A:FF X:02 Y:03 P:A4 SP:F1
C216  AD CB 06 LDA LDA $06CB                    A:FF X:02 Y:03 P:A4 SP:F1
C219  D0 09    BNE BNE #$09                     A:00 X:02 Y:03 P:26 SP:F1
C21B  AD 98 03 LDA LDA $0398                    A:00 X:02 Y:03 P:26 SP:F1
C21E  C9 01    CMP CMP #$01                     A:00 X:02 Y:03 P:26 SP:F1
C220  D0 0B    BNE BNE #$0B                     A:00 X:02 Y:03 P:A4 SP:F1
C22D  60       RTS                              A:00 X:02 Y:03 P:A4 SP:F1
AF08  20 C3 84 JSR JSR $84C3                    A:00 X:02 Y:03 P:A4 SP:F3
84C3  BD 10 01 LDA LDA $0110,X                  A:00 X:02 Y:03 P:A4 SP:F1
84C6  F0 BE    BEQ BEQ #$BE                     A:FE X:02 Y:03 P:A4 SP:F1
84C8  C9 0B    CMP CMP #$0B                     A:FE X:02 Y:03 P:A4 SP:F1
<L001> ×3
# sample:
# 84CA  90 05    BCC BCC #$05                     A:FE X:02 Y:03 P:A5 SP:F1
84D1  A8       TAY                              A:0B X:02 Y:03 P:25 SP:F1
84D2  BD 2C 01 LDA LDA $012C,X                  A:0B X:02 Y:0B P:25 SP:F1
84D5  D0 04    BNE BNE #$04                     A:FF X:02 Y:0B P:A5 SP:F1
<L001> ×2
# sample:
# 84DB  DE 2C 01 DEC DEC $012C,X                  A:FF X:02 Y:0B P:A5 SP:F1
84E0  D0 1E    BNE BNE #$1E                     A:FF X:02 Y:0B P:A5 SP:F1
8500  BC E5 06 LDY LDY $06E5,X                  A:FF X:02 Y:0B P:A5 SP:F1
8503  B5 16    LDA LDA $16,X                    A:FF X:02 Y:B8 P:A5 SP:F1
<L029> ×2
# sample:
# 8505  C9 12    CMP CMP #$12                     A:00 X:02 Y:B8 P:27 SP:F1
# 8507  F0 22    BEQ BEQ #$22                     A:00 X:02 Y:B8 P:A4 SP:F1
# 8509  C9 0D    CMP CMP #$0D                     A:00 X:02 Y:B8 P:A4 SP:F1
# 850B  F0 1E    BEQ BEQ #$1E                     A:00 X:02 Y:B8 P:A4 SP:F1
8515  C9 0B    CMP CMP #$0B                     A:00 X:02 Y:B8 P:A4 SP:F1
8517  F0 12    BEQ BEQ #$12                     A:00 X:02 Y:B8 P:A4 SP:F1
8519  C9 09    CMP CMP #$09                     A:00 X:02 Y:B8 P:A4 SP:F1
851B  B0 06    BCS BCS #$06                     A:00 X:02 Y:B8 P:A4 SP:F1
851D  B5 1E    LDA LDA $1E,X                    A:00 X:02 Y:B8 P:A4 SP:F1
851F  C9 02    CMP CMP #$02                     A:00 X:02 Y:B8 P:26 SP:F1
8521  B0 08    BCS BCS #$08                     A:00 X:02 Y:B8 P:A4 SP:F1
8523  AE EE 03 LDX LDX $03EE                    A:00 X:02 Y:B8 P:A4 SP:F1
8526  BC EC 06 LDY LDY $06EC,X                  A:00 X:00 Y:B8 P:26 SP:F1
8529  A6 08    LDX LDX $08                      A:00 X:00 Y:58 P:24 SP:F1
852B  BD 1E 01 LDA LDA $011E,X                  A:00 X:02 Y:58 P:24 SP:F1
852E  C9 18    CMP CMP #$18                     A:36 X:02 Y:58 P:24 SP:F1
8530  90 05    BCC BCC #$05                     A:36 X:02 Y:58 P:25 SP:F1
8532  E9 01    SBC SBC #$01                     A:36 X:02 Y:58 P:25 SP:F1
8534  9D 1E 01 STA STA $011E,X                  A:35 X:02 Y:58 P:25 SP:F1
8537  BD 1E 01 LDA LDA $011E,X                  A:35 X:02 Y:58 P:25 SP:F1
853A  E9 08    SBC SBC #$08                     A:35 X:02 Y:58 P:25 SP:F1
853C  20 C1 E5 JSR JSR $E5C1                    A:2D X:02 Y:58 P:25 SP:F1
<L013> ×2
# sample:
# E5C1  99 04 02 STA STA $0204,Y                  A:2D X:02 Y:58 P:25 SP:EF
E5C7  60       RTS                              A:2D X:02 Y:58 P:25 SP:EF
853F  BD 17 01 LDA LDA $0117,X                  A:2D X:02 Y:58 P:25 SP:F1
8542  99 03 02 STA STA $0203,Y                  A:FF X:02 Y:58 P:A5 SP:F1
8545  18       CLC                              A:FF X:02 Y:58 P:A5 SP:F1
8546  69 08    ADC ADC #$08                     A:FF X:02 Y:58 P:A4 SP:F1
8548  99 07 02 STA STA $0207,Y                  A:07 X:02 Y:58 P:25 SP:F1
854B  A9 02    LDA LDA #$02                     A:07 X:02 Y:58 P:25 SP:F1
<L013> ×2
# sample:
# 854D  99 02 02 STA STA $0202,Y                  A:02 X:02 Y:58 P:25 SP:F1
8553  BD 10 01 LDA LDA $0110,X                  A:02 X:02 Y:58 P:25 SP:F1
8556  0A       ASL A                            A:0B X:02 Y:58 P:25 SP:F1
8557  AA       TAX                              A:16 X:02 Y:58 P:24 SP:F1
<L030> ×2
# sample:
# 8558  BD 9F 84 LDA LDA $849F,X                  A:16 X:16 Y:58 P:24 SP:F1
# 855B  99 01 02 STA STA $0201,Y                  A:FD X:16 Y:58 P:A4 SP:F1
8564  A6 08    LDX LDX $08                      A:FE X:16 Y:58 P:A4 SP:F1
8566  60       RTS                              A:FE X:02 Y:58 P:24 SP:F1
<L002> ×2
# sample:
# AF0B  E8       INX                              A:FE X:02 Y:58 P:24 SP:F3
# AF0C  E0 06    CPX CPX #$06                     A:FE X:03 Y:58 P:24 SP:F3
AF05  20 47 C0 JSR JSR $C047                    A:FE X:03 Y:58 P:A4 SP:F3
C047  B5 0F    LDA LDA $0F,X                    A:FE X:03 Y:58 P:A4 SP:F1
C049  48       PHA                              A:00 X:03 Y:58 P:26 SP:F1
C04A  0A       ASL A                            A:00 X:03 Y:58 P:26 SP:F0
C04B  B0 12    BCS BCS #$12                     A:00 X:03 Y:58 P:26 SP:F0
C04D  68       PLA                              A:00 X:03 Y:58 P:26 SP:F0
C04E  F0 03    BEQ BEQ #$03                     A:00 X:03 Y:58 P:26 SP:F1
C053  AD 1F 07 LDA LDA $071F                    A:00 X:03 Y:58 P:26 SP:F1
C056  29 07    AND AND #$07                     A:00 X:03 Y:58 P:26 SP:F1
C058  C9 07    CMP CMP #$07                     A:00 X:03 Y:58 P:26 SP:F1
C05A  F0 0E    BEQ BEQ #$0E                     A:00 X:03 Y:58 P:A4 SP:F1
C05C  4C CC C0 JMP JMP $C0CC                    A:00 X:03 Y:58 P:A4 SP:F1
<L001> ×2
# sample:
# C0CC  AD 45 07 LDA LDA $0745                    A:00 X:03 Y:58 P:A4 SP:F1
C12F  AD CD 06 LDA LDA $06CD                    A:00 X:03 Y:58 P:26 SP:F1
C132  F0 10    BEQ BEQ #$10                     A:00 X:03 Y:58 P:26 SP:F1
C144  AC 39 07 LDY LDY $0739                    A:00 X:03 Y:58 P:26 SP:F1
C147  B1 E9    LDA LDA ($E9),Y                  A:00 X:03 Y:03 P:24 SP:F1
C149  C9 FF    CMP CMP #$FF                     A:6B X:03 Y:03 P:24 SP:F1
<L017> ×2
# sample:
# C14B  D0 03    BNE BNE #$03                     A:6B X:03 Y:03 P:24 SP:F1
C152  C9 0E    CMP CMP #$0E                     A:0B X:03 Y:03 P:24 SP:F1
C154  F0 0E    BEQ BEQ #$0E                     A:0B X:03 Y:03 P:A4 SP:F1
C156  E0 05    CPX CPX #$05                     A:0B X:03 Y:03 P:A4 SP:F1
C158  90 0A    BCC BCC #$0A                     A:0B X:03 Y:03 P:A4 SP:F1
C164  AD 1D 07 LDA LDA $071D                    A:0B X:03 Y:03 P:A4 SP:F1
C167  18       CLC                              A:FF X:03 Y:03 P:A4 SP:F1
C168  69 30    ADC ADC #$30                     A:FF X:03 Y:03 P:A4 SP:F1
C16A  29 F0    AND AND #$F0                     A:2F X:03 Y:03 P:25 SP:F1
C16C  85 07    STA STA $07                      A:20 X:03 Y:03 P:25 SP:F1
C16E  AD 1B 07 LDA LDA $071B                    A:20 X:03 Y:03 P:25 SP:F1
C171  69 00    ADC ADC #$00                     A:00 X:03 Y:03 P:27 SP:F1
C173  85 06    STA STA $06                      A:01 X:03 Y:03 P:24 SP:F1
C175  AC 39 07 LDY LDY $0739                    A:01 X:03 Y:03 P:24 SP:F1
C178  C8       INY                              A:01 X:03 Y:03 P:24 SP:F1
C179  B1 E9    LDA LDA ($E9),Y                  A:01 X:03 Y:04 P:24 SP:F1
C17B  0A       ASL A                            A:06 X:03 Y:04 P:24 SP:F1
C17C  90 0B    BCC BCC #$0B                     A:0C X:03 Y:04 P:24 SP:F1
C189  88       DEY                              A:0C X:03 Y:04 P:24 SP:F1
C18A  B1 E9    LDA LDA ($E9),Y                  A:0C X:03 Y:03 P:24 SP:F1
C18C  29 0F    AND AND #$0F                     A:6B X:03 Y:03 P:24 SP:F1
C18E  C9 0F    CMP CMP #$0F                     A:0B X:03 Y:03 P:24 SP:F1
C190  D0 19    BNE BNE #$19                     A:0B X:03 Y:03 P:A4 SP:F1
<L001> ×2
# sample:
# C1AB  AD 3A 07 LDA LDA $073A                    A:0B X:03 Y:03 P:A4 SP:F1
C1B0  B1 E9    LDA LDA ($E9),Y                  A:01 X:03 Y:03 P:24 SP:F1
C1B2  29 F0    AND AND #$F0                     A:6B X:03 Y:03 P:24 SP:F1
C1B4  95 87    STA STA $87,X                    A:60 X:03 Y:03 P:24 SP:F1
C1B6  CD 1D 07 CMP CMP $071D                    A:60 X:03 Y:03 P:24 SP:F1
C1B9  B5 6E    LDA LDA $6E,X                    A:60 X:03 Y:03 P:24 SP:F1
<L002> ×2
# sample:
# C1BB  ED 1B 07 SBC SBC $071B                    A:01 X:03 Y:03 P:24 SP:F1
# C1BE  B0 0B    BCS BCS #$0B                     A:00 X:03 Y:03 P:27 SP:F1
C1CF  A5 06    LDA LDA $06                      A:20 X:03 Y:03 P:A4 SP:F1
C1D1  F5 6E    SBC SBC $6E,X                    A:01 X:03 Y:03 P:24 SP:F1
C1D3  90 41    BCC BCC #$41                     A:FF X:03 Y:03 P:A4 SP:F1
C216  AD CB 06 LDA LDA $06CB                    A:FF X:03 Y:03 P:A4 SP:F1
C219  D0 09    BNE BNE #$09                     A:00 X:03 Y:03 P:26 SP:F1
C21B  AD 98 03 LDA LDA $0398                    A:00 X:03 Y:03 P:26 SP:F1
C21E  C9 01    CMP CMP #$01                     A:00 X:03 Y:03 P:26 SP:F1
C220  D0 0B    BNE BNE #$0B                     A:00 X:03 Y:03 P:A4 SP:F1
C22D  60       RTS                              A:00 X:03 Y:03 P:A4 SP:F1
AF08  20 C3 84 JSR JSR $84C3                    A:00 X:03 Y:03 P:A4 SP:F3
84C3  BD 10 01 LDA LDA $0110,X                  A:00 X:03 Y:03 P:A4 SP:F1
84C6  F0 BE    BEQ BEQ #$BE                     A:FF X:03 Y:03 P:A4 SP:F1
84C8  C9 0B    CMP CMP #$0B                     A:FF X:03 Y:03 P:A4 SP:F1
<L001> ×3
# sample:
# 84CA  90 05    BCC BCC #$05                     A:FF X:03 Y:03 P:A5 SP:F1
84D1  A8       TAY                              A:0B X:03 Y:03 P:25 SP:F1
84D2  BD 2C 01 LDA LDA $012C,X                  A:0B X:03 Y:0B P:25 SP:F1
84D5  D0 04    BNE BNE #$04                     A:36 X:03 Y:0B P:25 SP:F1
<L001> ×2
# sample:
# 84DB  DE 2C 01 DEC DEC $012C,X                  A:36 X:03 Y:0B P:25 SP:F1
84E0  D0 1E    BNE BNE #$1E                     A:36 X:03 Y:0B P:25 SP:F1
8500  BC E5 06 LDY LDY $06E5,X                  A:36 X:03 Y:0B P:25 SP:F1
8503  B5 16    LDA LDA $16,X                    A:36 X:03 Y:D0 P:A5 SP:F1
<L029> ×2
# sample:
# 8505  C9 12    CMP CMP #$12                     A:00 X:03 Y:D0 P:27 SP:F1
# 8507  F0 22    BEQ BEQ #$22                     A:00 X:03 Y:D0 P:A4 SP:F1
# 8509  C9 0D    CMP CMP #$0D                     A:00 X:03 Y:D0 P:A4 SP:F1
# 850B  F0 1E    BEQ BEQ #$1E                     A:00 X:03 Y:D0 P:A4 SP:F1
8515  C9 0B    CMP CMP #$0B                     A:00 X:03 Y:D0 P:A4 SP:F1
8517  F0 12    BEQ BEQ #$12                     A:00 X:03 Y:D0 P:A4 SP:F1
8519  C9 09    CMP CMP #$09                     A:00 X:03 Y:D0 P:A4 SP:F1
851B  B0 06    BCS BCS #$06                     A:00 X:03 Y:D0 P:A4 SP:F1
851D  B5 1E    LDA LDA $1E,X                    A:00 X:03 Y:D0 P:A4 SP:F1
851F  C9 02    CMP CMP #$02                     A:00 X:03 Y:D0 P:26 SP:F1
8521  B0 08    BCS BCS #$08                     A:00 X:03 Y:D0 P:A4 SP:F1
8523  AE EE 03 LDX LDX $03EE                    A:00 X:03 Y:D0 P:A4 SP:F1
8526  BC EC 06 LDY LDY $06EC,X                  A:00 X:00 Y:D0 P:26 SP:F1
8529  A6 08    LDX LDX $08                      A:00 X:00 Y:58 P:24 SP:F1
852B  BD 1E 01 LDA LDA $011E,X                  A:00 X:03 Y:58 P:24 SP:F1
852E  C9 18    CMP CMP #$18                     A:FE X:03 Y:58 P:A4 SP:F1
8530  90 05    BCC BCC #$05                     A:FE X:03 Y:58 P:A5 SP:F1
8532  E9 01    SBC SBC #$01                     A:FE X:03 Y:58 P:A5 SP:F1
8534  9D 1E 01 STA STA $011E,X                  A:FD X:03 Y:58 P:A5 SP:F1
8537  BD 1E 01 LDA LDA $011E,X                  A:FD X:03 Y:58 P:A5 SP:F1
853A  E9 08    SBC SBC #$08                     A:FD X:03 Y:58 P:A5 SP:F1
853C  20 C1 E5 JSR JSR $E5C1                    A:F5 X:03 Y:58 P:A5 SP:F1
<L013> ×2
# sample:
# E5C1  99 04 02 STA STA $0204,Y                  A:F5 X:03 Y:58 P:A5 SP:EF
E5C7  60       RTS                              A:F5 X:03 Y:58 P:A5 SP:EF
853F  BD 17 01 LDA LDA $0117,X                  A:F5 X:03 Y:58 P:A5 SP:F1
8542  99 03 02 STA STA $0203,Y                  A:36 X:03 Y:58 P:25 SP:F1
8545  18       CLC                              A:36 X:03 Y:58 P:25 SP:F1
8546  69 08    ADC ADC #$08                     A:36 X:03 Y:58 P:24 SP:F1
8548  99 07 02 STA STA $0207,Y                  A:3E X:03 Y:58 P:24 SP:F1
854B  A9 02    LDA LDA #$02                     A:3E X:03 Y:58 P:24 SP:F1
<L013> ×2
# sample:
# 854D  99 02 02 STA STA $0202,Y                  A:02 X:03 Y:58 P:24 SP:F1
8553  BD 10 01 LDA LDA $0110,X                  A:02 X:03 Y:58 P:24 SP:F1
8556  0A       ASL A                            A:0B X:03 Y:58 P:24 SP:F1
8557  AA       TAX                              A:16 X:03 Y:58 P:24 SP:F1
<L030> ×2
# sample:
# 8558  BD 9F 84 LDA LDA $849F,X                  A:16 X:16 Y:58 P:24 SP:F1
# 855B  99 01 02 STA STA $0201,Y                  A:FD X:16 Y:58 P:A4 SP:F1
8564  A6 08    LDX LDX $08                      A:FE X:16 Y:58 P:A4 SP:F1
8566  60       RTS                              A:FE X:03 Y:58 P:24 SP:F1
<L002> ×2
# sample:
# AF0B  E8       INX                              A:FE X:03 Y:58 P:24 SP:F3
# AF0C  E0 06    CPX CPX #$06                     A:FE X:04 Y:58 P:24 SP:F3
AF05  20 47 C0 JSR JSR $C047                    A:FE X:04 Y:58 P:A4 SP:F3
C047  B5 0F    LDA LDA $0F,X                    A:FE X:04 Y:58 P:A4 SP:F1
C049  48       PHA                              A:00 X:04 Y:58 P:26 SP:F1
C04A  0A       ASL A                            A:00 X:04 Y:58 P:26 SP:F0
C04B  B0 12    BCS BCS #$12                     A:00 X:04 Y:58 P:26 SP:F0
C04D  68       PLA                              A:00 X:04 Y:58 P:26 SP:F0
C04E  F0 03    BEQ BEQ #$03                     A:00 X:04 Y:58 P:26 SP:F1
C053  AD 1F 07 LDA LDA $071F                    A:00 X:04 Y:58 P:26 SP:F1
C056  29 07    AND AND #$07                     A:00 X:04 Y:58 P:26 SP:F1
C058  C9 07    CMP CMP #$07                     A:00 X:04 Y:58 P:26 SP:F1
C05A  F0 0E    BEQ BEQ #$0E                     A:00 X:04 Y:58 P:A4 SP:F1
C05C  4C CC C0 JMP JMP $C0CC                    A:00 X:04 Y:58 P:A4 SP:F1
<L001> ×2
# sample:
# C0CC  AD 45 07 LDA LDA $0745                    A:00 X:04 Y:58 P:A4 SP:F1
C12F  AD CD 06 LDA LDA $06CD                    A:00 X:04 Y:58 P:26 SP:F1
C132  F0 10    BEQ BEQ #$10                     A:00 X:04 Y:58 P:26 SP:F1
C144  AC 39 07 LDY LDY $0739                    A:00 X:04 Y:58 P:26 SP:F1
C147  B1 E9    LDA LDA ($E9),Y                  A:00 X:04 Y:03 P:24 SP:F1
C149  C9 FF    CMP CMP #$FF                     A:6B X:04 Y:03 P:24 SP:F1
<L017> ×2
# sample:
# C14B  D0 03    BNE BNE #$03                     A:6B X:04 Y:03 P:24 SP:F1
C152  C9 0E    CMP CMP #$0E                     A:0B X:04 Y:03 P:24 SP:F1
C154  F0 0E    BEQ BEQ #$0E                     A:0B X:04 Y:03 P:A4 SP:F1
C156  E0 05    CPX CPX #$05                     A:0B X:04 Y:03 P:A4 SP:F1
C158  90 0A    BCC BCC #$0A                     A:0B X:04 Y:03 P:A4 SP:F1
C164  AD 1D 07 LDA LDA $071D                    A:0B X:04 Y:03 P:A4 SP:F1
C167  18       CLC                              A:FF X:04 Y:03 P:A4 SP:F1
C168  69 30    ADC ADC #$30                     A:FF X:04 Y:03 P:A4 SP:F1
C16A  29 F0    AND AND #$F0                     A:2F X:04 Y:03 P:25 SP:F1
C16C  85 07    STA STA $07                      A:20 X:04 Y:03 P:25 SP:F1
C16E  AD 1B 07 LDA LDA $071B                    A:20 X:04 Y:03 P:25 SP:F1
C171  69 00    ADC ADC #$00                     A:00 X:04 Y:03 P:27 SP:F1
C173  85 06    STA STA $06                      A:01 X:04 Y:03 P:24 SP:F1
C175  AC 39 07 LDY LDY $0739                    A:01 X:04 Y:03 P:24 SP:F1
C178  C8       INY                              A:01 X:04 Y:03 P:24 SP:F1
C179  B1 E9    LDA LDA ($E9),Y                  A:01 X:04 Y:04 P:24 SP:F1
C17B  0A       ASL A                            A:06 X:04 Y:04 P:24 SP:F1
C17C  90 0B    BCC BCC #$0B                     A:0C X:04 Y:04 P:24 SP:F1
C189  88       DEY                              A:0C X:04 Y:04 P:24 SP:F1
C18A  B1 E9    LDA LDA ($E9),Y                  A:0C X:04 Y:03 P:24 SP:F1
C18C  29 0F    AND AND #$0F                     A:6B X:04 Y:03 P:24 SP:F1
C18E  C9 0F    CMP CMP #$0F                     A:0B X:04 Y:03 P:24 SP:F1
C190  D0 19    BNE BNE #$19                     A:0B X:04 Y:03 P:A4 SP:F1
<L001> ×2
# sample:
# C1AB  AD 3A 07 LDA LDA $073A                    A:0B X:04 Y:03 P:A4 SP:F1
C1B0  B1 E9    LDA LDA ($E9),Y                  A:01 X:04 Y:03 P:24 SP:F1
C1B2  29 F0    AND AND #$F0                     A:6B X:04 Y:03 P:24 SP:F1
C1B4  95 87    STA STA $87,X                    A:60 X:04 Y:03 P:24 SP:F1
C1B6  CD 1D 07 CMP CMP $071D                    A:60 X:04 Y:03 P:24 SP:F1
C1B9  B5 6E    LDA LDA $6E,X                    A:60 X:04 Y:03 P:24 SP:F1
<L002> ×2
# sample:
# C1BB  ED 1B 07 SBC SBC $071B                    A:01 X:04 Y:03 P:24 SP:F1
# C1BE  B0 0B    BCS BCS #$0B                     A:00 X:04 Y:03 P:27 SP:F1
C1CF  A5 06    LDA LDA $06                      A:20 X:04 Y:03 P:A4 SP:F1
C1D1  F5 6E    SBC SBC $6E,X                    A:01 X:04 Y:03 P:24 SP:F1
C1D3  90 41    BCC BCC #$41                     A:FF X:04 Y:03 P:A4 SP:F1
C216  AD CB 06 LDA LDA $06CB                    A:FF X:04 Y:03 P:A4 SP:F1
C219  D0 09    BNE BNE #$09                     A:00 X:04 Y:03 P:26 SP:F1
C21B  AD 98 03 LDA LDA $0398                    A:00 X:04 Y:03 P:26 SP:F1
C21E  C9 01    CMP CMP #$01                     A:00 X:04 Y:03 P:26 SP:F1
C220  D0 0B    BNE BNE #$0B                     A:00 X:04 Y:03 P:A4 SP:F1
C22D  60       RTS                              A:00 X:04 Y:03 P:A4 SP:F1
AF08  20 C3 84 JSR JSR $84C3                    A:00 X:04 Y:03 P:A4 SP:F3
84C3  BD 10 01 LDA LDA $0110,X                  A:00 X:04 Y:03 P:A4 SP:F1
84C6  F0 BE    BEQ BEQ #$BE                     A:36 X:04 Y:03 P:24 SP:F1
84C8  C9 0B    CMP CMP #$0B                     A:36 X:04 Y:03 P:24 SP:F1
<L001> ×3
# sample:
# 84CA  90 05    BCC BCC #$05                     A:36 X:04 Y:03 P:25 SP:F1
84D1  A8       TAY                              A:0B X:04 Y:03 P:25 SP:F1
84D2  BD 2C 01 LDA LDA $012C,X                  A:0B X:04 Y:0B P:25 SP:F1
84D5  D0 04    BNE BNE #$04                     A:FE X:04 Y:0B P:A5 SP:F1
<L001> ×2
# sample:
# 84DB  DE 2C 01 DEC DEC $012C,X                  A:FE X:04 Y:0B P:A5 SP:F1
84E0  D0 1E    BNE BNE #$1E                     A:FE X:04 Y:0B P:A5 SP:F1
8500  BC E5 06 LDY LDY $06E5,X                  A:FE X:04 Y:0B P:A5 SP:F1
8503  B5 16    LDA LDA $16,X                    A:FE X:04 Y:E8 P:A5 SP:F1
<L029> ×2
# sample:
# 8505  C9 12    CMP CMP #$12                     A:00 X:04 Y:E8 P:27 SP:F1
# 8507  F0 22    BEQ BEQ #$22                     A:00 X:04 Y:E8 P:A4 SP:F1
# 8509  C9 0D    CMP CMP #$0D                     A:00 X:04 Y:E8 P:A4 SP:F1
# 850B  F0 1E    BEQ BEQ #$1E                     A:00 X:04 Y:E8 P:A4 SP:F1
8515  C9 0B    CMP CMP #$0B                     A:00 X:04 Y:E8 P:A4 SP:F1
8517  F0 12    BEQ BEQ #$12                     A:00 X:04 Y:E8 P:A4 SP:F1
8519  C9 09    CMP CMP #$09                     A:00 X:04 Y:E8 P:A4 SP:F1
851B  B0 06    BCS BCS #$06                     A:00 X:04 Y:E8 P:A4 SP:F1
851D  B5 1E    LDA LDA $1E,X                    A:00 X:04 Y:E8 P:A4 SP:F1
851F  C9 02    CMP CMP #$02                     A:00 X:04 Y:E8 P:26 SP:F1
8521  B0 08    BCS BCS #$08                     A:00 X:04 Y:E8 P:A4 SP:F1
8523  AE EE 03 LDX LDX $03EE                    A:00 X:04 Y:E8 P:A4 SP:F1
8526  BC EC 06 LDY LDY $06EC,X                  A:00 X:00 Y:E8 P:26 SP:F1
8529  A6 08    LDX LDX $08                      A:00 X:00 Y:58 P:24 SP:F1
852B  BD 1E 01 LDA LDA $011E,X                  A:00 X:04 Y:58 P:24 SP:F1
852E  C9 18    CMP CMP #$18                     A:FF X:04 Y:58 P:A4 SP:F1
8530  90 05    BCC BCC #$05                     A:FF X:04 Y:58 P:A5 SP:F1
8532  E9 01    SBC SBC #$01                     A:FF X:04 Y:58 P:A5 SP:F1
8534  9D 1E 01 STA STA $011E,X                  A:FE X:04 Y:58 P:A5 SP:F1
8537  BD 1E 01 LDA LDA $011E,X                  A:FE X:04 Y:58 P:A5 SP:F1
853A  E9 08    SBC SBC #$08                     A:FE X:04 Y:58 P:A5 SP:F1
853C  20 C1 E5 JSR JSR $E5C1                    A:F6 X:04 Y:58 P:A5 SP:F1
<L013> ×2
# sample:
# E5C1  99 04 02 STA STA $0204,Y                  A:F6 X:04 Y:58 P:A5 SP:EF
E5C7  60       RTS                              A:F6 X:04 Y:58 P:A5 SP:EF
853F  BD 17 01 LDA LDA $0117,X                  A:F6 X:04 Y:58 P:A5 SP:F1
8542  99 03 02 STA STA $0203,Y                  A:FE X:04 Y:58 P:A5 SP:F1
8545  18       CLC                              A:FE X:04 Y:58 P:A5 SP:F1
8546  69 08    ADC ADC #$08                     A:FE X:04 Y:58 P:A4 SP:F1
8548  99 07 02 STA STA $0207,Y                  A:06 X:04 Y:58 P:25 SP:F1
854B  A9 02    LDA LDA #$02                     A:06 X:04 Y:58 P:25 SP:F1
<L013> ×2
# sample:
# 854D  99 02 02 STA STA $0202,Y                  A:02 X:04 Y:58 P:25 SP:F1
8553  BD 10 01 LDA LDA $0110,X                  A:02 X:04 Y:58 P:25 SP:F1
8556  0A       ASL A                            A:0B X:04 Y:58 P:25 SP:F1
8557  AA       TAX                              A:16 X:04 Y:58 P:24 SP:F1
<L030> ×2
# sample:
# 8558  BD 9F 84 LDA LDA $849F,X                  A:16 X:16 Y:58 P:24 SP:F1
# 855B  99 01 02 STA STA $0201,Y                  A:FD X:16 Y:58 P:A4 SP:F1
8564  A6 08    LDX LDX $08                      A:FE X:16 Y:58 P:A4 SP:F1
8566  60       RTS                              A:FE X:04 Y:58 P:24 SP:F1
<L002> ×2
# sample:
# AF0B  E8       INX                              A:FE X:04 Y:58 P:24 SP:F3
# AF0C  E0 06    CPX CPX #$06                     A:FE X:05 Y:58 P:24 SP:F3
AF05  20 47 C0 JSR JSR $C047                    A:FE X:05 Y:58 P:A4 SP:F3
C047  B5 0F    LDA LDA $0F,X                    A:FE X:05 Y:58 P:A4 SP:F1
C049  48       PHA                              A:00 X:05 Y:58 P:26 SP:F1
C04A  0A       ASL A                            A:00 X:05 Y:58 P:26 SP:F0
C04B  B0 12    BCS BCS #$12                     A:00 X:05 Y:58 P:26 SP:F0
C04D  68       PLA                              A:00 X:05 Y:58 P:26 SP:F0
C04E  F0 03    BEQ BEQ #$03                     A:00 X:05 Y:58 P:26 SP:F1
C053  AD 1F 07 LDA LDA $071F                    A:00 X:05 Y:58 P:26 SP:F1
C056  29 07    AND AND #$07                     A:00 X:05 Y:58 P:26 SP:F1
C058  C9 07    CMP CMP #$07                     A:00 X:05 Y:58 P:26 SP:F1
C05A  F0 0E    BEQ BEQ #$0E                     A:00 X:05 Y:58 P:A4 SP:F1
C05C  4C CC C0 JMP JMP $C0CC                    A:00 X:05 Y:58 P:A4 SP:F1
<L001> ×2
# sample:
# C0CC  AD 45 07 LDA LDA $0745                    A:00 X:05 Y:58 P:A4 SP:F1
C12F  AD CD 06 LDA LDA $06CD                    A:00 X:05 Y:58 P:26 SP:F1
C132  F0 10    BEQ BEQ #$10                     A:00 X:05 Y:58 P:26 SP:F1
C144  AC 39 07 LDY LDY $0739                    A:00 X:05 Y:58 P:26 SP:F1
C147  B1 E9    LDA LDA ($E9),Y                  A:00 X:05 Y:03 P:24 SP:F1
C149  C9 FF    CMP CMP #$FF                     A:6B X:05 Y:03 P:24 SP:F1
<L017> ×2
# sample:
# C14B  D0 03    BNE BNE #$03                     A:6B X:05 Y:03 P:24 SP:F1
C152  C9 0E    CMP CMP #$0E                     A:0B X:05 Y:03 P:24 SP:F1
C154  F0 0E    BEQ BEQ #$0E                     A:0B X:05 Y:03 P:A4 SP:F1
C156  E0 05    CPX CPX #$05                     A:0B X:05 Y:03 P:A4 SP:F1
C158  90 0A    BCC BCC #$0A                     A:0B X:05 Y:03 P:27 SP:F1
C15A  C8       INY                              A:0B X:05 Y:03 P:27 SP:F1
C15B  B1 E9    LDA LDA ($E9),Y                  A:0B X:05 Y:04 P:25 SP:F1
C15D  29 3F    AND AND #$3F                     A:06 X:05 Y:04 P:25 SP:F1
C15F  C9 2E    CMP CMP #$2E                     A:06 X:05 Y:04 P:25 SP:F1
C161  F0 01    BEQ BEQ #$01                     A:06 X:05 Y:04 P:A4 SP:F1
C163  60       RTS                              A:06 X:05 Y:04 P:A4 SP:F1
AF08  20 C3 84 JSR JSR $84C3                    A:06 X:05 Y:04 P:A4 SP:F3
84C3  BD 10 01 LDA LDA $0110,X                  A:06 X:05 Y:04 P:A4 SP:F1
84C6  F0 BE    BEQ BEQ #$BE                     A:FE X:05 Y:04 P:A4 SP:F1
84C8  C9 0B    CMP CMP #$0B                     A:FE X:05 Y:04 P:A4 SP:F1
<L001> ×3
# sample:
# 84CA  90 05    BCC BCC #$05                     A:FE X:05 Y:04 P:A5 SP:F1
84D1  A8       TAY                              A:0B X:05 Y:04 P:25 SP:F1
84D2  BD 2C 01 LDA LDA $012C,X                  A:0B X:05 Y:0B P:25 SP:F1
84D5  D0 04    BNE BNE #$04                     A:FF X:05 Y:0B P:A5 SP:F1
<L001> ×2
# sample:
# 84DB  DE 2C 01 DEC DEC $012C,X                  A:FF X:05 Y:0B P:A5 SP:F1
84E0  D0 1E    BNE BNE #$1E                     A:FF X:05 Y:0B P:A5 SP:F1
8500  BC E5 06 LDY LDY $06E5,X                  A:FF X:05 Y:0B P:A5 SP:F1
8503  B5 16    LDA LDA $16,X                    A:FF X:05 Y:28 P:25 SP:F1
<L029> ×2
# sample:
# 8505  C9 12    CMP CMP #$12                     A:00 X:05 Y:28 P:27 SP:F1
# 8507  F0 22    BEQ BEQ #$22                     A:00 X:05 Y:28 P:A4 SP:F1
# 8509  C9 0D    CMP CMP #$0D                     A:00 X:05 Y:28 P:A4 SP:F1
# 850B  F0 1E    BEQ BEQ #$1E                     A:00 X:05 Y:28 P:A4 SP:F1
8515  C9 0B    CMP CMP #$0B                     A:00 X:05 Y:28 P:A4 SP:F1
8517  F0 12    BEQ BEQ #$12                     A:00 X:05 Y:28 P:A4 SP:F1
8519  C9 09    CMP CMP #$09                     A:00 X:05 Y:28 P:A4 SP:F1
851B  B0 06    BCS BCS #$06                     A:00 X:05 Y:28 P:A4 SP:F1
851D  B5 1E    LDA LDA $1E,X                    A:00 X:05 Y:28 P:A4 SP:F1
851F  C9 02    CMP CMP #$02                     A:00 X:05 Y:28 P:26 SP:F1
8521  B0 08    BCS BCS #$08                     A:00 X:05 Y:28 P:A4 SP:F1
8523  AE EE 03 LDX LDX $03EE                    A:00 X:05 Y:28 P:A4 SP:F1
8526  BC EC 06 LDY LDY $06EC,X                  A:00 X:00 Y:28 P:26 SP:F1
8529  A6 08    LDX LDX $08                      A:00 X:00 Y:58 P:24 SP:F1
852B  BD 1E 01 LDA LDA $011E,X                  A:00 X:05 Y:58 P:24 SP:F1
852E  C9 18    CMP CMP #$18                     A:36 X:05 Y:58 P:24 SP:F1
8530  90 05    BCC BCC #$05                     A:36 X:05 Y:58 P:25 SP:F1
8532  E9 01    SBC SBC #$01                     A:36 X:05 Y:58 P:25 SP:F1
8534  9D 1E 01 STA STA $011E,X                  A:35 X:05 Y:58 P:25 SP:F1
8537  BD 1E 01 LDA LDA $011E,X                  A:35 X:05 Y:58 P:25 SP:F1
853A  E9 08    SBC SBC #$08                     A:35 X:05 Y:58 P:25 SP:F1
853C  20 C1 E5 JSR JSR $E5C1                    A:2D X:05 Y:58 P:25 SP:F1
<L013> ×2
# sample:
# E5C1  99 04 02 STA STA $0204,Y                  A:2D X:05 Y:58 P:25 SP:EF
E5C7  60       RTS                              A:2D X:05 Y:58 P:25 SP:EF
853F  BD 17 01 LDA LDA $0117,X                  A:2D X:05 Y:58 P:25 SP:F1
8542  99 03 02 STA STA $0203,Y                  A:FF X:05 Y:58 P:A5 SP:F1
8545  18       CLC                              A:FF X:05 Y:58 P:A5 SP:F1
8546  69 08    ADC ADC #$08                     A:FF X:05 Y:58 P:A4 SP:F1
8548  99 07 02 STA STA $0207,Y                  A:07 X:05 Y:58 P:25 SP:F1
854B  A9 02    LDA LDA #$02                     A:07 X:05 Y:58 P:25 SP:F1
<L013> ×2
# sample:
# 854D  99 02 02 STA STA $0202,Y                  A:02 X:05 Y:58 P:25 SP:F1
8553  BD 10 01 LDA LDA $0110,X                  A:02 X:05 Y:58 P:25 SP:F1
8556  0A       ASL A                            A:0B X:05 Y:58 P:25 SP:F1
8557  AA       TAX                              A:16 X:05 Y:58 P:24 SP:F1
<L030> ×2
# sample:
# 8558  BD 9F 84 LDA LDA $849F,X                  A:16 X:16 Y:58 P:24 SP:F1
# 855B  99 01 02 STA STA $0201,Y                  A:FD X:16 Y:58 P:A4 SP:F1
8564  A6 08    LDX LDX $08                      A:FE X:16 Y:58 P:A4 SP:F1
8566  60       RTS                              A:FE X:05 Y:58 P:24 SP:F1
<L002> ×2
# sample:
# AF0B  E8       INX                              A:FE X:05 Y:58 P:24 SP:F3
# AF0C  E0 06    CPX CPX #$06                     A:FE X:06 Y:58 P:24 SP:F3
F180  A2 00    LDX LDX #$00                     A:FE X:06 Y:58 P:27 SP:F1
F182  A0 00    LDY LDY #$00                     A:FE X:00 Y:58 P:27 SP:F1
F184  4C C0 F1 JMP JMP $F1C0                    A:FE X:00 Y:00 P:27 SP:F1
F1C0  98       TYA                              A:FE X:00 Y:00 P:27 SP:F1
F1C1  48       PHA                              A:00 X:00 Y:00 P:27 SP:F1
<L060> ×2
# sample:
# F1C2  20 D7 F1 JSR JSR $F1D7                    A:00 X:00 Y:00 P:27 SP:F0
F1F6  86 04    STX STX $04                      A:00 X:00 Y:00 P:27 SP:EC
F1F8  A0 01    LDY LDY #$01                     A:00 X:00 Y:00 P:27 SP:EC
<L001> ×3
# sample:
# F1FA  B9 1C 07 LDA LDA $071C,Y                  A:00 X:00 Y:01 P:25 SP:EC
F200  85 07    STA STA $07                      A:D7 X:00 Y:01 P:A5 SP:EC
F202  B9 1A 07 LDA LDA $071A,Y                  A:D7 X:00 Y:01 P:A5 SP:EC
F205  F5 6D    SBC SBC $6D,X                    A:00 X:00 Y:01 P:27 SP:EC
F207  BE F3 F1 LDX LDX $F1F3,Y                  A:00 X:00 Y:01 P:27 SP:EC
F20A  C9 00    CMP CMP #$00                     A:00 X:0F Y:01 P:25 SP:EC
F20C  30 10    BMI BMI #$10                     A:00 X:0F Y:01 P:27 SP:EC
F20E  BE F4 F1 LDX LDX $F1F4,Y                  A:00 X:0F Y:01 P:27 SP:EC
F211  C9 01    CMP CMP #$01                     A:00 X:07 Y:01 P:25 SP:EC
F213  10 09    BPL BPL #$09                     A:00 X:07 Y:01 P:A4 SP:EC
F215  A9 38    LDA LDA #$38                     A:00 X:07 Y:01 P:A4 SP:EC
F217  85 06    STA STA $06                      A:38 X:07 Y:01 P:24 SP:EC
F219  A9 08    LDA LDA #$08                     A:38 X:07 Y:01 P:24 SP:EC
F21B  20 6D F2 JSR JSR $F26D                    A:08 X:07 Y:01 P:24 SP:EC
F26D  85 05    STA STA $05                      A:08 X:07 Y:01 P:24 SP:EA
F26F  A5 07    LDA LDA $07                      A:08 X:07 Y:01 P:24 SP:EA
F271  C5 06    CMP CMP $06                      A:D7 X:07 Y:01 P:A4 SP:EA
F273  B0 0C    BCS BCS #$0C                     A:D7 X:07 Y:01 P:A5 SP:EA
F281  60       RTS                              A:D7 X:07 Y:01 P:A5 SP:EA
F21E  BD E3 F1 LDA LDA $F1E3,X                  A:D7 X:07 Y:01 P:A5 SP:EC
F221  A6 04    LDX LDX $04                      A:00 X:07 Y:01 P:27 SP:EC
F223  C9 00    CMP CMP #$00                     A:00 X:00 Y:01 P:27 SP:EC
F225  D0 03    BNE BNE #$03                     A:00 X:00 Y:01 P:27 SP:EC
F227  88       DEY                              A:00 X:00 Y:01 P:27 SP:EC
F228  10 D0    BPL BPL #$D0                     A:00 X:00 Y:00 P:27 SP:EC
<L001> ×3
# sample:
# F1FA  B9 1C 07 LDA LDA $071C,Y                  A:00 X:00 Y:00 P:27 SP:EC
F200  85 07    STA STA $07                      A:D8 X:00 Y:00 P:A4 SP:EC
F202  B9 1A 07 LDA LDA $071A,Y                  A:D8 X:00 Y:00 P:A4 SP:EC
F205  F5 6D    SBC SBC $6D,X                    A:00 X:00 Y:00 P:26 SP:EC
F207  BE F3 F1 LDX LDX $F1F3,Y                  A:FF X:00 Y:00 P:A4 SP:EC
F20A  C9 00    CMP CMP #$00                     A:FF X:07 Y:00 P:24 SP:EC
F20C  30 10    BMI BMI #$10                     A:FF X:07 Y:00 P:A5 SP:EC
F21E  BD E3 F1 LDA LDA $F1E3,X                  A:FF X:07 Y:00 P:A5 SP:EC
F221  A6 04    LDX LDX $04                      A:00 X:07 Y:00 P:27 SP:EC
F223  C9 00    CMP CMP #$00                     A:00 X:00 Y:00 P:27 SP:EC
F225  D0 03    BNE BNE #$03                     A:00 X:00 Y:00 P:27 SP:EC
F227  88       DEY                              A:00 X:00 Y:00 P:27 SP:EC
F228  10 D0    BPL BPL #$D0                     A:00 X:00 Y:FF P:A5 SP:EC
F22A  60       RTS                              A:00 X:00 Y:FF P:A5 SP:EC
[Repeated block (2 instrs)] ×2
<L001> ×3
# sample:
# F1DA  4A       LSR A                            A:00 X:00 Y:FF P:A5 SP:EE
F1E0  4C 39 F2 JMP JMP $F239                    A:00 X:00 Y:FF P:26 SP:EE
F239  86 04    STX STX $04                      A:00 X:00 Y:FF P:26 SP:EE
F23B  A0 01    LDY LDY #$01                     A:00 X:00 Y:FF P:26 SP:EE
F23D  B9 37 F2 LDA LDA $F237,Y                  A:00 X:00 Y:01 P:24 SP:EE
F240  38       SEC                              A:00 X:00 Y:01 P:26 SP:EE
F241  F5 CE    SBC SBC $CE,X                    A:00 X:00 Y:01 P:27 SP:EE
F243  85 07    STA STA $07                      A:50 X:00 Y:01 P:24 SP:EE
F245  A9 01    LDA LDA #$01                     A:50 X:00 Y:01 P:24 SP:EE
F247  F5 B5    SBC SBC $B5,X                    A:01 X:00 Y:01 P:24 SP:EE
F249  BE 34 F2 LDX LDX $F234,Y                  A:FF X:00 Y:01 P:A4 SP:EE
F24C  C9 00    CMP CMP #$00                     A:FF X:00 Y:01 P:26 SP:EE
F24E  30 10    BMI BMI #$10                     A:FF X:00 Y:01 P:A5 SP:EE
F260  BD 2B F2 LDA LDA $F22B,X                  A:FF X:00 Y:01 P:A5 SP:EE
F263  A6 04    LDX LDX $04                      A:00 X:00 Y:01 P:27 SP:EE
F265  C9 00    CMP CMP #$00                     A:00 X:00 Y:01 P:27 SP:EE
F267  D0 03    BNE BNE #$03                     A:00 X:00 Y:01 P:27 SP:EE
F269  88       DEY                              A:00 X:00 Y:01 P:27 SP:EE
F26A  10 D1    BPL BPL #$D1                     A:00 X:00 Y:00 P:27 SP:EE
F23D  B9 37 F2 LDA LDA $F237,Y                  A:00 X:00 Y:00 P:27 SP:EE
F240  38       SEC                              A:FF X:00 Y:00 P:A5 SP:EE
F241  F5 CE    SBC SBC $CE,X                    A:FF X:00 Y:00 P:A5 SP:EE
F243  85 07    STA STA $07                      A:4F X:00 Y:00 P:25 SP:EE
F245  A9 01    LDA LDA #$01                     A:4F X:00 Y:00 P:25 SP:EE
F247  F5 B5    SBC SBC $B5,X                    A:01 X:00 Y:00 P:25 SP:EE
F249  BE 34 F2 LDX LDX $F234,Y                  A:00 X:00 Y:00 P:27 SP:EE
F24C  C9 00    CMP CMP #$00                     A:00 X:04 Y:00 P:25 SP:EE
F24E  30 10    BMI BMI #$10                     A:00 X:04 Y:00 P:27 SP:EE
F250  BE 35 F2 LDX LDX $F235,Y                  A:00 X:04 Y:00 P:27 SP:EE
F253  C9 01    CMP CMP #$01                     A:00 X:00 Y:00 P:27 SP:EE
F255  10 09    BPL BPL #$09                     A:00 X:00 Y:00 P:A4 SP:EE
F257  A9 20    LDA LDA #$20                     A:00 X:00 Y:00 P:A4 SP:EE
F259  85 06    STA STA $06                      A:20 X:00 Y:00 P:24 SP:EE
F25B  A9 04    LDA LDA #$04                     A:20 X:00 Y:00 P:24 SP:EE
F25D  20 6D F2 JSR JSR $F26D                    A:04 X:00 Y:00 P:24 SP:EE
F26D  85 05    STA STA $05                      A:04 X:00 Y:00 P:24 SP:EC
F26F  A5 07    LDA LDA $07                      A:04 X:00 Y:00 P:24 SP:EC
F271  C5 06    CMP CMP $06                      A:4F X:00 Y:00 P:24 SP:EC
F273  B0 0C    BCS BCS #$0C                     A:4F X:00 Y:00 P:25 SP:EC
F281  60       RTS                              A:4F X:00 Y:00 P:25 SP:EC
F260  BD 2B F2 LDA LDA $F22B,X                  A:4F X:00 Y:00 P:25 SP:EE
F263  A6 04    LDX LDX $04                      A:00 X:00 Y:00 P:27 SP:EE
F265  C9 00    CMP CMP #$00                     A:00 X:00 Y:00 P:27 SP:EE
F267  D0 03    BNE BNE #$03                     A:00 X:00 Y:00 P:27 SP:EE
F269  88       DEY                              A:00 X:00 Y:00 P:27 SP:EE
F26A  10 D1    BPL BPL #$D1                     A:00 X:00 Y:FF P:A5 SP:EE
F26C  60       RTS                              A:00 X:00 Y:FF P:A5 SP:EE
[Repeated block (2 instrs)] ×2
<L041> ×2
# sample:
# F1C5  0A       ASL A                            A:00 X:00 Y:FF P:A5 SP:F0
F1C9  05 00    ORA ORA $00                      A:00 X:00 Y:FF P:26 SP:F0
<L002> ×2
# sample:
# F1CB  85 00    STA STA $00                      A:00 X:00 Y:FF P:26 SP:F0
# F1CD  68       PLA                              A:00 X:00 Y:FF P:26 SP:F0
F1D1  99 D0 03 STA STA $03D0,Y                  A:00 X:00 Y:00 P:26 SP:F1
F1D4  A6 08    LDX LDX $08                      A:00 X:00 Y:00 P:26 SP:F1
F1D6  60       RTS                              A:00 X:05 Y:00 P:24 SP:F1
AF13  20 2A F1 JSR JSR $F12A                    A:00 X:05 Y:00 P:24 SP:F3
F12A  A2 00    LDX LDX #$00                     A:00 X:05 Y:00 P:24 SP:F1
F12C  A0 00    LDY LDY #$00                     A:00 X:00 Y:00 P:26 SP:F1
F12E  4C 42 F1 JMP JMP $F142                    A:00 X:00 Y:00 P:26 SP:F1
F142  20 71 F1 JSR JSR $F171                    A:00 X:00 Y:00 P:26 SP:F1
F171  B5 CE    LDA LDA $CE,X                    A:00 X:00 Y:00 P:26 SP:EF
F173  99 B8 03 STA STA $03B8,Y                  A:B0 X:00 Y:00 P:A4 SP:EF
F176  B5 86    LDA LDA $86,X                    A:B0 X:00 Y:00 P:A4 SP:EF
F178  38       SEC                              A:28 X:00 Y:00 P:24 SP:EF
F179  ED 1C 07 SBC SBC $071C                    A:28 X:00 Y:00 P:25 SP:EF
F17C  99 AD 03 STA STA $03AD,Y                  A:28 X:00 Y:00 P:25 SP:EF
F17F  60       RTS                              A:28 X:00 Y:00 P:25 SP:EF
F145  A6 08    LDX LDX $08                      A:28 X:00 Y:00 P:25 SP:F1
F147  60       RTS                              A:28 X:05 Y:00 P:25 SP:F1
<L039> ×2
# sample:
# AF16  20 E9 EE JSR JSR $EEE9                    A:28 X:05 Y:00 P:25 SP:F3
# EEE9  AD 9E 07 LDA LDA $079E                    A:28 X:05 Y:00 P:25 SP:F1
# EEEC  F0 05    BEQ BEQ #$05                     A:00 X:05 Y:00 P:27 SP:F1
# EEF3  A5 0E    LDA LDA $0E                      A:00 X:05 Y:00 P:27 SP:F1
# EEF5  C9 0B    CMP CMP #$0B                     A:07 X:05 Y:00 P:25 SP:F1
# EEF7  F0 47    BEQ BEQ #$47                     A:07 X:05 Y:00 P:A4 SP:F1
# EEF9  AD 0B 07 LDA LDA $070B                    A:07 X:05 Y:00 P:A4 SP:F1
# EEFC  D0 3C    BNE BNE #$3C                     A:00 X:05 Y:00 P:26 SP:F1
# EEFE  AC 04 07 LDY LDY $0704                    A:00 X:05 Y:00 P:26 SP:F1
F00B  A0 06    LDY LDY #$06                     A:00 X:05 Y:00 P:A4 SP:EF
F00D  AD 14 07 LDA LDA $0714                    A:00 X:05 Y:06 P:24 SP:EF
F010  D0 16    BNE BNE #$16                     A:00 X:05 Y:06 P:26 SP:EF
F012  A0 02    LDY LDY #$02                     A:00 X:05 Y:06 P:26 SP:EF
F014  A5 57    LDA LDA $57                      A:00 X:05 Y:02 P:24 SP:EF
F016  05 0C    ORA ORA $0C                      A:00 X:05 Y:02 P:26 SP:EF
F018  F0 0E    BEQ BEQ #$0E                     A:00 X:05 Y:02 P:26 SP:EF
F028  20 91 F0 JSR JSR $F091                    A:00 X:05 Y:02 P:26 SP:EF
F091  AD 54 07 LDA LDA $0754                    A:00 X:05 Y:02 P:26 SP:ED
F094  F0 05    BEQ BEQ #$05                     A:01 X:05 Y:02 P:24 SP:ED
F096  98       TYA                              A:01 X:05 Y:02 P:24 SP:ED
F097  18       CLC                              A:02 X:05 Y:02 P:24 SP:ED
F098  69 08    ADC ADC #$08                     A:02 X:05 Y:02 P:24 SP:ED
F09A  A8       TAY                              A:0A X:05 Y:02 P:24 SP:ED
F09B  60       RTS                              A:0A X:05 Y:0A P:24 SP:ED
F02B  A9 00    LDA LDA #$00                     A:0A X:05 Y:0A P:24 SP:EF
F02D  8D 0D 07 STA STA $070D                    A:00 X:05 Y:0A P:26 SP:EF
F030  B9 07 EE LDA LDA $EE07,Y                  A:00 X:05 Y:0A P:26 SP:EF
F033  60       RTS                              A:B8 X:05 Y:0A P:A4 SP:EF
<L032> ×2
# sample:
# EF37  4C 45 EF JMP JMP $EF45                    A:B8 X:05 Y:0A P:A4 SP:F1
# EF45  8D D5 06 STA STA $06D5                    A:B8 X:05 Y:0A P:A4 SP:F1
# EF48  A9 04    LDA LDA #$04                     A:B8 X:05 Y:0A P:A4 SP:F1
# EF4A  20 BE EF JSR JSR $EFBE                    A:04 X:05 Y:0A P:24 SP:F1
# EFBE  85 07    STA STA $07                      A:04 X:05 Y:0A P:24 SP:EF
# EFC0  AD AD 03 LDA LDA $03AD                    A:04 X:05 Y:0A P:24 SP:EF
# EFC3  8D 55 07 STA STA $0755                    A:28 X:05 Y:0A P:24 SP:EF
# EFC6  85 05    STA STA $05                      A:28 X:05 Y:0A P:24 SP:EF
# EFC8  AD B8 03 LDA LDA $03B8                    A:28 X:05 Y:0A P:24 SP:EF
# EFCB  85 02    STA STA $02                      A:B0 X:05 Y:0A P:A4 SP:EF
# EFCD  A5 33    LDA LDA $33                      A:B0 X:05 Y:0A P:A4 SP:EF
F282  A5 03    LDA LDA $03                      A:FC X:B8 Y:04 P:A4 SP:ED
<L024> ×2
# sample:
# F284  4A       LSR A                            A:01 X:B8 Y:04 P:24 SP:ED
F286  A5 00    LDA LDA $00                      A:00 X:B8 Y:04 P:26 SP:ED
F288  90 0C    BCC BCC #$0C                     A:FC X:B8 Y:04 P:A4 SP:ED
<L036> ×2
# sample:
# F296  99 01 02 STA STA $0201,Y                  A:FC X:B8 Y:04 P:A4 SP:ED
# F299  A5 01    LDA LDA $01                      A:FC X:B8 Y:04 P:A4 SP:ED
F2A0  05 04    ORA ORA $04                      A:00 X:B8 Y:04 P:26 SP:ED
<L013> ×2
# sample:
# F2A2  99 02 02 STA STA $0202,Y                  A:00 X:B8 Y:04 P:26 SP:ED
F2A8  A5 02    LDA LDA $02                      A:00 X:B8 Y:04 P:26 SP:ED
<L001> ×2
# sample:
# F2AA  99 00 02 STA STA $0200,Y                  A:B0 X:B8 Y:04 P:A4 SP:ED
F2B0  A5 05    LDA LDA $05                      A:B0 X:B8 Y:04 P:A4 SP:ED
F2B2  99 03 02 STA STA $0203,Y                  A:28 X:B8 Y:04 P:24 SP:ED
F2B5  18       CLC                              A:28 X:B8 Y:04 P:24 SP:ED
F2B6  69 08    ADC ADC #$08                     A:28 X:B8 Y:04 P:24 SP:ED
F2B8  99 07 02 STA STA $0207,Y                  A:30 X:B8 Y:04 P:24 SP:ED
<L001> ×3
# sample:
# F2BB  A5 02    LDA LDA $02                      A:30 X:B8 Y:04 P:24 SP:ED
F2C0  85 02    STA STA $02                      A:B8 X:B8 Y:04 P:A4 SP:ED
F2C2  98       TYA                              A:B8 X:B8 Y:04 P:A4 SP:ED
F2C3  18       CLC                              A:04 X:B8 Y:04 P:24 SP:ED
F2C4  69 08    ADC ADC #$08                     A:04 X:B8 Y:04 P:24 SP:ED
F2C6  A8       TAY                              A:0C X:B8 Y:04 P:24 SP:ED
<L028> ×2
# sample:
# F2C7  E8       INX                              A:0C X:B8 Y:0C P:24 SP:ED
F2C9  60       RTS                              A:0C X:BA Y:0C P:A4 SP:ED
<L018> ×2
# sample:
# EFE7  C6 07    DEC DEC $07                      A:0C X:BA Y:0C P:A4 SP:EF
# EFE9  D0 F1    BNE BNE #$F1                     A:0C X:BA Y:0C P:24 SP:EF
# EFDC  BD 17 EE LDA LDA $EE17,X                  A:0C X:BA Y:0C P:24 SP:EF
# EFDF  85 00    STA STA $00                      A:FC X:BA Y:0C P:A4 SP:EF
F282  A5 03    LDA LDA $03                      A:FC X:BA Y:0C P:A4 SP:ED
<L024> ×2
# sample:
# F284  4A       LSR A                            A:01 X:BA Y:0C P:24 SP:ED
F286  A5 00    LDA LDA $00                      A:00 X:BA Y:0C P:26 SP:ED
F288  90 0C    BCC BCC #$0C                     A:FC X:BA Y:0C P:A4 SP:ED
<L036> ×2
# sample:
# F296  99 01 02 STA STA $0201,Y                  A:FC X:BA Y:0C P:A4 SP:ED
# F299  A5 01    LDA LDA $01                      A:FC X:BA Y:0C P:A4 SP:ED
F2A0  05 04    ORA ORA $04                      A:00 X:BA Y:0C P:26 SP:ED
<L013> ×2
# sample:
# F2A2  99 02 02 STA STA $0202,Y                  A:00 X:BA Y:0C P:26 SP:ED
F2A8  A5 02    LDA LDA $02                      A:00 X:BA Y:0C P:26 SP:ED
<L001> ×2
# sample:
# F2AA  99 00 02 STA STA $0200,Y                  A:B8 X:BA Y:0C P:A4 SP:ED
F2B0  A5 05    LDA LDA $05                      A:B8 X:BA Y:0C P:A4 SP:ED
F2B2  99 03 02 STA STA $0203,Y                  A:28 X:BA Y:0C P:24 SP:ED
F2B5  18       CLC                              A:28 X:BA Y:0C P:24 SP:ED
F2B6  69 08    ADC ADC #$08                     A:28 X:BA Y:0C P:24 SP:ED
F2B8  99 07 02 STA STA $0207,Y                  A:30 X:BA Y:0C P:24 SP:ED
<L001> ×3
# sample:
# F2BB  A5 02    LDA LDA $02                      A:30 X:BA Y:0C P:24 SP:ED
F2C0  85 02    STA STA $02                      A:C0 X:BA Y:0C P:A4 SP:ED
F2C2  98       TYA                              A:C0 X:BA Y:0C P:A4 SP:ED
F2C3  18       CLC                              A:0C X:BA Y:0C P:24 SP:ED
F2C4  69 08    ADC ADC #$08                     A:0C X:BA Y:0C P:24 SP:ED
F2C6  A8       TAY                              A:14 X:BA Y:0C P:24 SP:ED
<L028> ×2
# sample:
# F2C7  E8       INX                              A:14 X:BA Y:14 P:24 SP:ED
F2C9  60       RTS                              A:14 X:BC Y:14 P:A4 SP:ED
<L018> ×2
# sample:
# EFE7  C6 07    DEC DEC $07                      A:14 X:BC Y:14 P:A4 SP:EF
# EFE9  D0 F1    BNE BNE #$F1                     A:14 X:BC Y:14 P:24 SP:EF
# EFDC  BD 17 EE LDA LDA $EE17,X                  A:14 X:BC Y:14 P:24 SP:EF
# EFDF  85 00    STA STA $00                      A:3A X:BC Y:14 P:24 SP:EF
F282  A5 03    LDA LDA $03                      A:37 X:BC Y:14 P:24 SP:ED
<L024> ×2
# sample:
# F284  4A       LSR A                            A:01 X:BC Y:14 P:24 SP:ED
F286  A5 00    LDA LDA $00                      A:00 X:BC Y:14 P:26 SP:ED
F288  90 0C    BCC BCC #$0C                     A:3A X:BC Y:14 P:24 SP:ED
<L036> ×2
# sample:
# F296  99 01 02 STA STA $0201,Y                  A:3A X:BC Y:14 P:24 SP:ED
# F299  A5 01    LDA LDA $01                      A:3A X:BC Y:14 P:24 SP:ED
F2A0  05 04    ORA ORA $04                      A:00 X:BC Y:14 P:26 SP:ED
<L013> ×2
# sample:
# F2A2  99 02 02 STA STA $0202,Y                  A:00 X:BC Y:14 P:26 SP:ED
F2A8  A5 02    LDA LDA $02                      A:00 X:BC Y:14 P:26 SP:ED
<L001> ×2
# sample:
# F2AA  99 00 02 STA STA $0200,Y                  A:C0 X:BC Y:14 P:A4 SP:ED
F2B0  A5 05    LDA LDA $05                      A:C0 X:BC Y:14 P:A4 SP:ED
F2B2  99 03 02 STA STA $0203,Y                  A:28 X:BC Y:14 P:24 SP:ED
F2B5  18       CLC                              A:28 X:BC Y:14 P:24 SP:ED
F2B6  69 08    ADC ADC #$08                     A:28 X:BC Y:14 P:24 SP:ED
F2B8  99 07 02 STA STA $0207,Y                  A:30 X:BC Y:14 P:24 SP:ED
<L001> ×3
# sample:
# F2BB  A5 02    LDA LDA $02                      A:30 X:BC Y:14 P:24 SP:ED
F2C0  85 02    STA STA $02                      A:C8 X:BC Y:14 P:A4 SP:ED
F2C2  98       TYA                              A:C8 X:BC Y:14 P:A4 SP:ED
F2C3  18       CLC                              A:14 X:BC Y:14 P:24 SP:ED
F2C4  69 08    ADC ADC #$08                     A:14 X:BC Y:14 P:24 SP:ED
F2C6  A8       TAY                              A:1C X:BC Y:14 P:24 SP:ED
<L028> ×2
# sample:
# F2C7  E8       INX                              A:1C X:BC Y:1C P:24 SP:ED
F2C9  60       RTS                              A:1C X:BE Y:1C P:A4 SP:ED
<L018> ×2
# sample:
# EFE7  C6 07    DEC DEC $07                      A:1C X:BE Y:1C P:A4 SP:EF
# EFE9  D0 F1    BNE BNE #$F1                     A:1C X:BE Y:1C P:24 SP:EF
# EFDC  BD 17 EE LDA LDA $EE17,X                  A:1C X:BE Y:1C P:24 SP:EF
# EFDF  85 00    STA STA $00                      A:4F X:BE Y:1C P:24 SP:EF
F282  A5 03    LDA LDA $03                      A:4F X:BE Y:1C P:24 SP:ED
<L024> ×2
# sample:
# F284  4A       LSR A                            A:01 X:BE Y:1C P:24 SP:ED
F286  A5 00    LDA LDA $00                      A:00 X:BE Y:1C P:26 SP:ED
F288  90 0C    BCC BCC #$0C                     A:4F X:BE Y:1C P:24 SP:ED
<L036> ×2
# sample:
# F296  99 01 02 STA STA $0201,Y                  A:4F X:BE Y:1C P:24 SP:ED
# F299  A5 01    LDA LDA $01                      A:4F X:BE Y:1C P:24 SP:ED
F2A0  05 04    ORA ORA $04                      A:00 X:BE Y:1C P:26 SP:ED
<L013> ×2
# sample:
# F2A2  99 02 02 STA STA $0202,Y                  A:00 X:BE Y:1C P:26 SP:ED
F2A8  A5 02    LDA LDA $02                      A:00 X:BE Y:1C P:26 SP:ED
<L001> ×2
# sample:
# F2AA  99 00 02 STA STA $0200,Y                  A:C8 X:BE Y:1C P:A4 SP:ED
F2B0  A5 05    LDA LDA $05                      A:C8 X:BE Y:1C P:A4 SP:ED
F2B2  99 03 02 STA STA $0203,Y                  A:28 X:BE Y:1C P:24 SP:ED
F2B5  18       CLC                              A:28 X:BE Y:1C P:24 SP:ED
F2B6  69 08    ADC ADC #$08                     A:28 X:BE Y:1C P:24 SP:ED
F2B8  99 07 02 STA STA $0207,Y                  A:30 X:BE Y:1C P:24 SP:ED
<L001> ×3
# sample:
# F2BB  A5 02    LDA LDA $02                      A:30 X:BE Y:1C P:24 SP:ED
F2C0  85 02    STA STA $02                      A:D0 X:BE Y:1C P:A4 SP:ED
F2C2  98       TYA                              A:D0 X:BE Y:1C P:A4 SP:ED
F2C3  18       CLC                              A:1C X:BE Y:1C P:24 SP:ED
F2C4  69 08    ADC ADC #$08                     A:1C X:BE Y:1C P:24 SP:ED
F2C6  A8       TAY                              A:24 X:BE Y:1C P:24 SP:ED
<L028> ×2
# sample:
# F2C7  E8       INX                              A:24 X:BE Y:24 P:24 SP:ED
F2C9  60       RTS                              A:24 X:C0 Y:24 P:A4 SP:ED
<L002> ×2
# sample:
# EFE7  C6 07    DEC DEC $07                      A:24 X:C0 Y:24 P:A4 SP:EF
# EFE9  D0 F1    BNE BNE #$F1                     A:24 X:C0 Y:24 P:26 SP:EF
F0E9  AC E4 06 LDY LDY $06E4                    A:24 X:C0 Y:24 P:26 SP:EF
<L001> ×2
# sample:
# F0EC  A5 0E    LDA LDA $0E                      A:24 X:C0 Y:04 P:24 SP:EF
F0F0  F0 13    BEQ BEQ #$13                     A:07 X:C0 Y:04 P:A4 SP:EF
F0F2  AD D5 06 LDA LDA $06D5                    A:07 X:C0 Y:04 P:A4 SP:EF
F0F5  C9 50    CMP CMP #$50                     A:B8 X:C0 Y:04 P:A4 SP:EF
F0F7  F0 1E    BEQ BEQ #$1E                     A:B8 X:C0 Y:04 P:25 SP:EF
F0F9  C9 B8    CMP CMP #$B8                     A:B8 X:C0 Y:04 P:25 SP:EF
F0FB  F0 1A    BEQ BEQ #$1A                     A:B8 X:C0 Y:04 P:27 SP:EF
F117  B9 1A 02 LDA LDA $021A,Y                  A:B8 X:C0 Y:04 P:27 SP:EF
F11A  29 3F    AND AND #$3F                     A:00 X:C0 Y:04 P:27 SP:EF
F11C  99 1A 02 STA STA $021A,Y                  A:00 X:C0 Y:04 P:27 SP:EF
F11F  B9 1E 02 LDA LDA $021E,Y                  A:00 X:C0 Y:04 P:27 SP:EF
F122  29 3F    AND AND #$3F                     A:00 X:C0 Y:04 P:27 SP:EF
F124  09 40    ORA ORA #$40                     A:00 X:C0 Y:04 P:27 SP:EF
F126  99 1E 02 STA STA $021E,Y                  A:40 X:C0 Y:04 P:25 SP:EF
F129  60       RTS                              A:40 X:C0 Y:04 P:25 SP:EF
<L001> ×3
# sample:
# EF50  AD 11 07 LDA LDA $0711                    A:40 X:C0 Y:04 P:25 SP:F1
[Repeated block (2 instrs)] ×2
<L003> ×3
# sample:
# EF7D  4A       LSR A                            A:00 X:C0 Y:04 P:27 SP:F1
# EF7E  4A       LSR A                            A:00 X:C0 Y:04 P:26 SP:F1
# EF81  85 00    STA STA $00                      A:00 X:C0 Y:04 P:26 SP:F1
# EF83  A2 03    LDX LDX #$03                     A:00 X:C0 Y:04 P:26 SP:F1
# EF85  AD E4 06 LDA LDA $06E4                    A:00 X:03 Y:04 P:24 SP:F1
# EF88  18       CLC                              A:04 X:03 Y:04 P:24 SP:F1
# EF89  69 18    ADC ADC #$18                     A:04 X:03 Y:04 P:24 SP:F1
# EF8B  A8       TAY                              A:1C X:03 Y:04 P:24 SP:F1
# EF8C  A9 F8    LDA LDA #$F8                     A:1C X:03 Y:1C P:24 SP:F1
# EF8E  46 00    LSR LSR $00                      A:F8 X:03 Y:1C P:A4 SP:F1
# EF90  90 03    BCC BCC #$03                     A:F8 X:03 Y:1C P:26 SP:F1
# EF95  98       TYA                              A:F8 X:03 Y:1C P:26 SP:F1
<L026> ×2
# sample:
# EF8E  46 00    LSR LSR $00                      A:F8 X:00 Y:04 P:A5 SP:F1
# EF90  90 03    BCC BCC #$03                     A:F8 X:00 Y:04 P:26 SP:F1
# EF95  98       TYA                              A:F8 X:00 Y:04 P:26 SP:F1
# EF96  38       SEC                              A:04 X:00 Y:04 P:24 SP:F1
# EF97  E9 08    SBC SBC #$08                     A:04 X:00 Y:04 P:25 SP:F1
BED4  A2 01    LDX LDX #$01                     A:FC X:FF Y:FC P:A4 SP:F1
[Repeated block (5 instrs)] ×2
<L032> ×2
# sample:
# BED6  86 08    STX STX $08                      A:FC X:01 Y:FC P:24 SP:F1
# BED8  AD 01 03 LDA LDA $0301                    A:FC X:01 Y:FC P:24 SP:F1
# BEDB  D0 21    BNE BNE #$21                     A:3F X:01 Y:FC P:24 SP:F1
# BEFE  CA       DEX                              A:3F X:01 Y:FC P:24 SP:F1
# BEFF  10 D5    BPL BPL #$D5                     A:3F X:00 Y:FC P:26 SP:F1
# BF01  60       RTS                              A:3F X:FF Y:FC P:A4 SP:F1
# AF1C  A2 01    LDX LDX #$01                     A:3F X:FF Y:FC P:A4 SP:F3
# AF1E  86 08    STX STX $08                      A:3F X:01 Y:FC P:24 SP:F3
# AF20  20 70 BE JSR JSR $BE70                    A:3F X:01 Y:FC P:24 SP:F3
# BE70  B5 26    LDA LDA $26,X                    A:3F X:01 Y:FC P:24 SP:F1
# BE72  F0 5D    BEQ BEQ #$5D                     A:00 X:01 Y:FC P:26 SP:F1
[Repeated block (10 instrs)] ×4
<L039> ×2
# sample:
# BB98  86 08    STX STX $08                      A:00 X:08 Y:FC P:24 SP:F1
# BB9A  B5 2A    LDA LDA $2A,X                    A:00 X:08 Y:FC P:24 SP:F1
# BB9C  F0 56    BEQ BEQ #$56                     A:00 X:08 Y:FC P:26 SP:F1
# BBF4  CA       DEX                              A:00 X:08 Y:FC P:26 SP:F1
# BBF5  10 A1    BPL BPL #$A1                     A:00 X:07 Y:FC P:24 SP:F1
# BB98  86 08    STX STX $08                      A:00 X:07 Y:FC P:24 SP:F1
# BB9A  B5 2A    LDA LDA $2A,X                    A:00 X:07 Y:FC P:24 SP:F1
# BB9C  F0 56    BEQ BEQ #$56                     A:00 X:07 Y:FC P:26 SP:F1
# BBF4  CA       DEX                              A:00 X:07 Y:FC P:26 SP:F1
B9BF  F0 6F    BEQ BEQ #$6F                     A:01 X:FF Y:FC P:24 SP:F1
B9C1  A2 02    LDX LDX #$02                     A:01 X:FF Y:FC P:24 SP:F1
B9C3  86 08    STX STX $08                      A:01 X:02 Y:FC P:24 SP:F1
B9C5  B5 0F    LDA LDA $0F,X                    A:01 X:02 Y:FC P:24 SP:F1
B9C7  D0 51    BNE BNE #$51                     A:00 X:02 Y:FC P:26 SP:F1
B9C9  BD A8 07 LDA LDA $07A8,X                  A:00 X:02 Y:FC P:26 SP:F1
<L001> ×2
# sample:
# B9CC  AC CC 06 LDY LDY $06CC                    A:00 X:02 Y:FC P:26 SP:F1
B9D2  C9 06    CMP CMP #$06                     A:00 X:02 Y:00 P:26 SP:F1
B9D4  B0 44    BCS BCS #$44                     A:00 X:02 Y:00 P:A4 SP:F1
B9D6  A8       TAY                              A:00 X:02 Y:00 P:A4 SP:F1
B9D7  B9 6B 04 LDA LDA $046B,Y                  A:00 X:02 Y:00 P:26 SP:F1
<L005> ×2
# sample:
# B9DA  F0 3E    BEQ BEQ #$3E                     A:00 X:02 Y:00 P:26 SP:F1
# BA1A  B5 16    LDA LDA $16,X                    A:00 X:02 Y:00 P:26 SP:F1
# BA1C  C9 33    CMP CMP #$33                     A:00 X:02 Y:00 P:26 SP:F1
B9C3  86 08    STX STX $08                      A:00 X:01 Y:00 P:24 SP:F1
B9C5  B5 0F    LDA LDA $0F,X                    A:00 X:01 Y:00 P:24 SP:F1
B9C7  D0 51    BNE BNE #$51                     A:00 X:01 Y:00 P:26 SP:F1
B9C9  BD A8 07 LDA LDA $07A8,X                  A:00 X:01 Y:00 P:26 SP:F1
<L001> ×2
# sample:
# B9CC  AC CC 06 LDY LDY $06CC                    A:A5 X:01 Y:00 P:A4 SP:F1
B9D2  C9 06    CMP CMP #$06                     A:05 X:01 Y:00 P:24 SP:F1
B9D4  B0 44    BCS BCS #$44                     A:05 X:01 Y:00 P:A4 SP:F1
B9D6  A8       TAY                              A:05 X:01 Y:00 P:A4 SP:F1
B9D7  B9 6B 04 LDA LDA $046B,Y                  A:05 X:01 Y:05 P:24 SP:F1
<L005> ×2
# sample:
# B9DA  F0 3E    BEQ BEQ #$3E                     A:00 X:01 Y:05 P:26 SP:F1
# BA1A  B5 16    LDA LDA $16,X                    A:00 X:01 Y:05 P:26 SP:F1
# BA1C  C9 33    CMP CMP #$33                     A:00 X:01 Y:05 P:26 SP:F1
B9C3  86 08    STX STX $08                      A:00 X:00 Y:05 P:26 SP:F1
B9C5  B5 0F    LDA LDA $0F,X                    A:00 X:00 Y:05 P:26 SP:F1
B9C7  D0 51    BNE BNE #$51                     A:00 X:00 Y:05 P:26 SP:F1
B9C9  BD A8 07 LDA LDA $07A8,X                  A:00 X:00 Y:05 P:26 SP:F1
<L001> ×2
# sample:
# B9CC  AC CC 06 LDY LDY $06CC                    A:D2 X:00 Y:05 P:A4 SP:F1
B9D2  C9 06    CMP CMP #$06                     A:02 X:00 Y:00 P:24 SP:F1
B9D4  B0 44    BCS BCS #$44                     A:02 X:00 Y:00 P:A4 SP:F1
B9D6  A8       TAY                              A:02 X:00 Y:00 P:A4 SP:F1
B9D7  B9 6B 04 LDA LDA $046B,Y                  A:02 X:00 Y:02 P:24 SP:F1
<L018> ×2
# sample:
# B9DA  F0 3E    BEQ BEQ #$3E                     A:00 X:00 Y:02 P:26 SP:F1
# BA1A  B5 16    LDA LDA $16,X                    A:00 X:00 Y:02 P:26 SP:F1
# BA1C  C9 33    CMP CMP #$33                     A:00 X:00 Y:02 P:26 SP:F1
# BA1E  D0 0D    BNE BNE #$0D                     A:00 X:00 Y:02 P:A4 SP:F1
B7B8  AD 4E 07 LDA LDA $074E                    A:00 X:FF Y:02 P:A4 SP:F1
B7BB  D0 37    BNE BNE #$37                     A:01 X:FF Y:02 P:24 SP:F1
B7F4  60       RTS                              A:01 X:FF Y:02 P:24 SP:F1
AF32  20 55 B8 JSR JSR $B855                    A:01 X:FF Y:02 P:24 SP:F3
B855  A2 05    LDX LDX #$05                     A:01 X:FF Y:02 P:24 SP:F1
B857  86 08    STX STX $08                      A:01 X:05 Y:02 P:24 SP:F1
B859  B5 16    LDA LDA $16,X                    A:01 X:05 Y:02 P:24 SP:F1
B85B  C9 30    CMP CMP #$30                     A:00 X:05 Y:02 P:26 SP:F1
B85D  D0 56    BNE BNE #$56                     A:00 X:05 Y:02 P:A4 SP:F1
B8B5  60       RTS                              A:00 X:05 Y:02 P:A4 SP:F1
AF35  20 4F B7 JSR JSR $B74F                    A:00 X:05 Y:02 P:A4 SP:F3
B74F  AD 70 07 LDA LDA $0770                    A:00 X:05 Y:02 P:A4 SP:F1
B752  F0 4F    BEQ BEQ #$4F                     A:00 X:05 Y:02 P:26 SP:F1
B7A3  60       RTS                              A:00 X:05 Y:02 P:26 SP:F1
AF38  20 E1 89 JSR JSR $89E1                    A:00 X:05 Y:02 P:26 SP:F3
89E1  A5 09    LDA LDA $09                      A:00 X:05 Y:02 P:26 SP:F1
<L017> ×2
# sample:
# 89E3  29 07    AND AND #$07                     A:0F X:05 Y:02 P:24 SP:F1
8A38  60       RTS                              A:07 X:05 Y:02 P:24 SP:F1
<L005> ×2
# sample:
# AF3B  A5 B5    LDA LDA $B5                      A:07 X:05 Y:02 P:24 SP:F3
# AF3D  C9 02    CMP CMP #$02                     A:01 X:05 Y:02 P:24 SP:F3
# AF3F  10 11    BPL BPL #$11                     A:01 X:05 Y:02 P:A4 SP:F3
B29A  AD C4 03 LDA LDA $03C4                    A:00 X:05 Y:02 P:26 SP:F1
B29D  29 FC    AND AND #$FC                     A:00 X:05 Y:02 P:26 SP:F1
B29F  8D C4 03 STA STA $03C4                    A:00 X:05 Y:02 P:26 SP:F1
B2A2  60       RTS                              A:00 X:05 Y:02 P:26 SP:F1
<L010> ×2
# sample:
# AF67  A5 0A    LDA LDA $0A                      A:00 X:05 Y:02 P:26 SP:F3
# AF69  85 0D    STA STA $0D                      A:00 X:05 Y:02 P:26 SP:F3
# AF6B  A9 00    LDA LDA #$00                     A:00 X:05 Y:02 P:26 SP:F3
# AF6D  85 0C    STA STA $0C                      A:00 X:05 Y:02 P:26 SP:F3
# AF6F  AD 73 07 LDA LDA $0773                    A:00 X:05 Y:02 P:26 SP:F3
# AF72  C9 06    CMP CMP #$06                     A:00 X:05 Y:02 P:26 SP:F3
AF92  60       RTS                              A:00 X:05 Y:02 P:A4 SP:F3
82C3  A5 0E    LDA LDA $0E                      A:00 X:05 Y:02 P:A4 SP:F5
82C5  C9 06    CMP CMP #$06                     A:07 X:05 Y:02 P:24 SP:F5
82C7  D0 44    BNE BNE #$44                     A:07 X:05 Y:02 P:25 SP:F5
830D  60       RTS                              A:07 X:05 Y:02 P:25 SP:F5
8178  AD 02 20 LDA LDA $2002                    A:07 X:05 Y:02 P:25 SP:F7
817B  68       PLA                              A:40 X:05 Y:02 P:25 SP:F7
817C  09 80    ORA ORA #$80                     A:10 X:05 Y:02 P:25 SP:F8
817E  8D 00 20 STA STA $2000                    A:90 X:05 Y:02 P:A5 SP:F8
8181  40       RTI                              A:90 X:05 Y:02 P:A5 SP:F8
<L001> ×2
# sample:
# FFFA  82 80    *NOP *NOP #$80                   A:90 X:05 Y:02 P:26 SP:FB
[Repeated block (6 instrs)] ×749
<L005> ×2
# sample:
# FFF0  19 19 1A ORA ORA $1A19,Y                  A:90 X:05 Y:02 P:26 SP:F8
# FFF3  1A       *NOP                             A:B0 X:05 Y:02 P:A4 SP:F8
# FFF4  1C 1D 1D *NOP *NOP $1D1D,X                A:B0 X:05 Y:02 P:A4 SP:F8
8082  AD 78 07 LDA LDA $0778                    A:B0 X:05 Y:02 P:26 SP:2E
<L011> ×2
# sample:
# 8085  29 7F    AND AND #$7F                     A:10 X:05 Y:02 P:24 SP:2E
# 8087  8D 78 07 STA STA $0778                    A:10 X:05 Y:02 P:24 SP:2E
808F  AD 79 07 LDA LDA $0779                    A:10 X:05 Y:02 P:24 SP:2E
8092  29 E6    AND AND #$E6                     A:1E X:05 Y:02 P:24 SP:2E
8094  AC 74 07 LDY LDY $0774                    A:06 X:05 Y:02 P:24 SP:2E
8097  D0 05    BNE BNE #$05                     A:06 X:05 Y:00 P:26 SP:2E
8099  AD 79 07 LDA LDA $0779                    A:06 X:05 Y:00 P:26 SP:2E
809C  09 1E    ORA ORA #$1E                     A:1E X:05 Y:00 P:24 SP:2E
809E  8D 79 07 STA STA $0779                    A:1E X:05 Y:00 P:24 SP:2E
80A1  29 E7    AND AND #$E7                     A:1E X:05 Y:00 P:24 SP:2E
80A3  8D 01 20 STA STA $2001                    A:06 X:05 Y:00 P:24 SP:2E
80A6  AE 02 20 LDX LDX $2002                    A:06 X:05 Y:00 P:24 SP:2E
80A9  A9 00    LDA LDA #$00                     A:06 X:C0 Y:00 P:A4 SP:2E
<L002> ×2
# sample:
# 80AB  20 E6 8E JSR JSR $8EE6                    A:00 X:C0 Y:00 P:26 SP:2E
# 8EE6  8D 05 20 STA STA $2005                    A:00 X:C0 Y:00 P:26 SP:2C
80AE  8D 03 20 STA STA $2003                    A:00 X:C0 Y:00 P:26 SP:2E
80B1  A9 02    LDA LDA #$02                     A:00 X:C0 Y:00 P:26 SP:2E
80B3  8D 14 40 STA STA $4014                    A:02 X:C0 Y:00 P:24 SP:2E
80B6  AE 73 07 LDX LDX $0773                    A:02 X:C0 Y:00 P:24 SP:2E
80B9  BD 5A 80 LDA LDA $805A,X                  A:02 X:00 Y:00 P:26 SP:2E
<L001> ×2
# sample:
# 80BC  85 00    STA STA $00                      A:01 X:00 Y:00 P:24 SP:2E
80C1  85 01    STA STA $01                      A:03 X:00 Y:00 P:24 SP:2E
80C3  20 DD 8E JSR JSR $8EDD                    A:03 X:00 Y:00 P:24 SP:2E
<L002> ×2
# sample:
# 8EDD  AE 02 20 LDX LDX $2002                    A:03 X:00 Y:00 P:24 SP:2C
# 8EE0  A0 00    LDY LDY #$00                     A:03 X:40 Y:00 P:24 SP:2C
<L008> ×2
# sample:
# 8E92  8D 06 20 STA STA $2006                    A:3F X:40 Y:00 P:24 SP:2C
# 8E95  C8       INY                              A:3F X:40 Y:00 P:24 SP:2C
# 8E96  B1 00    LDA LDA ($00),Y                  A:3F X:40 Y:01 P:24 SP:2C
8E9E  0A       ASL A                            A:04 X:40 Y:02 P:24 SP:2C
8E9F  48       PHA                              A:08 X:40 Y:02 P:24 SP:2C
<L003> ×4
# sample:
# 8EA0  AD 78 07 LDA LDA $0778                    A:08 X:40 Y:02 P:24 SP:2B
# 8EA3  09 04    ORA ORA #$04                     A:10 X:40 Y:02 P:24 SP:2B
# 8EA5  B0 02    BCS BCS #$02                     A:14 X:40 Y:02 P:24 SP:2B
# 8EA7  29 FB    AND AND #$FB                     A:14 X:40 Y:02 P:24 SP:2B
# 8EA9  20 ED 8E JSR JSR $8EED                    A:10 X:40 Y:02 P:24 SP:2B
# 8EED  8D 00 20 STA STA $2000                    A:10 X:40 Y:02 P:24 SP:29
# 8EF0  8D 78 07 STA STA $0778                    A:10 X:40 Y:02 P:24 SP:29
# 8EF3  60       RTS                              A:10 X:40 Y:02 P:24 SP:29
# 8EAC  68       PLA                              A:10 X:40 Y:02 P:24 SP:2B
# 8EAD  0A       ASL A                            A:08 X:40 Y:02 P:24 SP:2C
# 8EAE  90 03    BCC BCC #$03                     A:10 X:40 Y:02 P:24 SP:2C
# 8EB3  4A       LSR A                            A:10 X:40 Y:02 P:24 SP:2C
<L026> ×2
# sample:
# 8ED4  8D 06 20 STA STA $2006                    A:00 X:00 Y:06 P:26 SP:2C
# 8ED7  8D 06 20 STA STA $2006                    A:00 X:00 Y:06 P:26 SP:2C
# 8EDA  8D 06 20 STA STA $2006                    A:00 X:00 Y:06 P:26 SP:2C
# 8EDD  AE 02 20 LDX LDX $2002                    A:00 X:00 Y:06 P:26 SP:2C
# 8EE0  A0 00    LDY LDY #$00                     A:00 X:40 Y:06 P:24 SP:2C
80C6  A0 00    LDY LDY #$00                     A:00 X:40 Y:00 P:26 SP:2E
80C8  AE 73 07 LDX LDX $0773                    A:00 X:40 Y:00 P:26 SP:2E
<L001> ×2
# sample:
# 80CB  E0 06    CPX CPX #$06                     A:00 X:00 Y:00 P:26 SP:2E
80D0  BE 80 80 LDX LDX $8080,Y                  A:00 X:00 Y:00 P:A4 SP:2E
80D3  A9 00    LDA LDA #$00                     A:00 X:00 Y:00 P:26 SP:2E
<L022> ×2
# sample:
# 80D5  9D 00 03 STA STA $0300,X                  A:00 X:00 Y:00 P:26 SP:2E
<L001> ×2
# sample:
# 80DB  8D 73 07 STA STA $0773                    A:00 X:00 Y:00 P:26 SP:2E
80E1  8D 01 20 STA STA $2001                    A:1E X:00 Y:00 P:24 SP:2E
80E4  20 D0 F2 JSR JSR $F2D0                    A:1E X:00 Y:00 P:24 SP:2E
F2D0  AD 70 07 LDA LDA $0770                    A:1E X:00 Y:00 P:24 SP:2C
F2D3  D0 04    BNE BNE #$04                     A:00 X:00 Y:00 P:26 SP:2C
F2D5  8D 15 40 STA STA $4015                    A:00 X:00 Y:00 P:26 SP:2C
F2D8  60       RTS                              A:00 X:00 Y:00 P:26 SP:2C
80E7  20 5C 8E JSR JSR $8E5C                    A:00 X:00 Y:00 P:26 SP:2E
8E5C  A9 01    LDA LDA #$01                     A:00 X:00 Y:00 P:26 SP:2C
8E5E  8D 16 40 STA STA $4016                    A:01 X:00 Y:00 P:24 SP:2C
8E61  4A       LSR A                            A:01 X:00 Y:00 P:24 SP:2C
8E62  AA       TAX                              A:00 X:00 Y:00 P:27 SP:2C
8E63  8D 16 40 STA STA $4016                    A:00 X:00 Y:00 P:27 SP:2C
8E66  20 6A 8E JSR JSR $8E6A                    A:00 X:00 Y:00 P:27 SP:2C
8E6A  A0 08    LDY LDY #$08                     A:00 X:00 Y:00 P:27 SP:2A
[Repeated block (10 instrs)] ×8
8E6C  48       PHA                              A:00 X:00 Y:08 P:25 SP:2A
8E6D  BD 16 40 LDA LDA $4016,X                  A:00 X:00 Y:08 P:25 SP:29
8E70  85 00    STA STA $00                      A:40 X:00 Y:08 P:25 SP:29
8E72  4A       LSR A                            A:40 X:00 Y:08 P:25 SP:29
8E73  05 00    ORA ORA $00                      A:20 X:00 Y:08 P:24 SP:29
8E75  4A       LSR A                            A:60 X:00 Y:08 P:24 SP:29
8E76  68       PLA                              A:30 X:00 Y:08 P:24 SP:29
8E77  2A       ROL A                            A:00 X:00 Y:08 P:26 SP:2A
8E78  88       DEY                              A:00 X:00 Y:08 P:26 SP:2A
8E79  D0 F1    BNE BNE #$F1                     A:00 X:00 Y:07 P:24 SP:2A
8E7B  9D FC 06 STA STA $06FC,X                  A:00 X:00 Y:00 P:26 SP:2A
8E7E  48       PHA                              A:00 X:00 Y:00 P:26 SP:2A
8E7F  29 30    AND AND #$30                     A:00 X:00 Y:00 P:26 SP:29
8E81  3D 4A 07 AND AND $074A,X                  A:00 X:00 Y:00 P:26 SP:29
8E84  F0 07    BEQ BEQ #$07                     A:00 X:00 Y:00 P:26 SP:29
8E8D  68       PLA                              A:00 X:00 Y:00 P:26 SP:29
8E8E  9D 4A 07 STA STA $074A,X                  A:00 X:00 Y:00 P:26 SP:2A
8E91  60       RTS                              A:00 X:00 Y:00 P:26 SP:2A
8E69  E8       INX                              A:00 X:00 Y:00 P:26 SP:2C
8E6A  A0 08    LDY LDY #$08                     A:00 X:01 Y:00 P:24 SP:2C
[Repeated block (10 instrs)] ×8
8E6C  48       PHA                              A:00 X:01 Y:08 P:24 SP:2C
8E6D  BD 16 40 LDA LDA $4016,X                  A:00 X:01 Y:08 P:24 SP:2B
8E70  85 00    STA STA $00                      A:40 X:01 Y:08 P:24 SP:2B
8E72  4A       LSR A                            A:40 X:01 Y:08 P:24 SP:2B
8E73  05 00    ORA ORA $00                      A:20 X:01 Y:08 P:24 SP:2B
8E75  4A       LSR A                            A:60 X:01 Y:08 P:24 SP:2B
8E76  68       PLA                              A:30 X:01 Y:08 P:24 SP:2B
8E77  2A       ROL A                            A:00 X:01 Y:08 P:26 SP:2C
8E78  88       DEY                              A:00 X:01 Y:08 P:26 SP:2C
8E79  D0 F1    BNE BNE #$F1                     A:00 X:01 Y:07 P:24 SP:2C
8E7B  9D FC 06 STA STA $06FC,X                  A:00 X:01 Y:00 P:26 SP:2C
8E7E  48       PHA                              A:00 X:01 Y:00 P:26 SP:2C
8E7F  29 30    AND AND #$30                     A:00 X:01 Y:00 P:26 SP:2B
8E81  3D 4A 07 AND AND $074A,X                  A:00 X:01 Y:00 P:26 SP:2B
8E84  F0 07    BEQ BEQ #$07                     A:00 X:01 Y:00 P:26 SP:2B
8E8D  68       PLA                              A:00 X:01 Y:00 P:26 SP:2B
8E8E  9D 4A 07 STA STA $074A,X                  A:00 X:01 Y:00 P:26 SP:2C
8E91  60       RTS                              A:00 X:01 Y:00 P:26 SP:2C
80EA  20 82 81 JSR JSR $8182                    A:00 X:01 Y:00 P:26 SP:2E
8182  AD 70 07 LDA LDA $0770                    A:00 X:01 Y:00 P:26 SP:2C
8185  C9 02    CMP CMP #$02                     A:00 X:01 Y:00 P:26 SP:2C
8187  F0 0B    BEQ BEQ #$0B                     A:00 X:01 Y:00 P:A4 SP:2C
8189  C9 01    CMP CMP #$01                     A:00 X:01 Y:00 P:A4 SP:2C
818B  D0 38    BNE BNE #$38                     A:00 X:01 Y:00 P:A4 SP:2C
81C5  60       RTS                              A:00 X:01 Y:00 P:A4 SP:2C
80ED  20 97 8F JSR JSR $8F97                    A:00 X:01 Y:00 P:A4 SP:2E
8F97  A2 05    LDX LDX #$05                     A:00 X:01 Y:00 P:A4 SP:2C
8F99  20 9E 8F JSR JSR $8F9E                    A:00 X:05 Y:00 P:24 SP:2C
8F9E  A0 05    LDY LDY #$05                     A:00 X:05 Y:00 P:24 SP:2A
8FA0  38       SEC                              A:00 X:05 Y:05 P:24 SP:2A
[Repeated block (10 instrs)] ×3
<L010> ×2
# sample:
# 8FA1  BD DD 07 LDA LDA $07DD,X                  A:00 X:05 Y:05 P:25 SP:2A
# 8FA4  F9 D7 07 SBC SBC $07D7,Y                  A:00 X:05 Y:05 P:27 SP:2A
# 8FA7  CA       DEX                              A:00 X:05 Y:05 P:27 SP:2A
# 8FA8  88       DEY                              A:00 X:04 Y:05 P:25 SP:2A
# 8FA9  10 F6    BPL BPL #$F6                     A:00 X:04 Y:04 P:25 SP:2A
# 8FA1  BD DD 07 LDA LDA $07DD,X                  A:00 X:04 Y:04 P:25 SP:2A
8FAE  C8       INY                              A:00 X:00 Y:FF P:27 SP:2A
[Repeated block (6 instrs)] ×6
<L005> ×2
# sample:
# 8FAF  BD DD 07 LDA LDA $07DD,X                  A:00 X:00 Y:00 P:27 SP:2A
# 8FB2  99 D7 07 STA STA $07D7,Y                  A:00 X:00 Y:00 P:27 SP:2A
# 8FB5  E8       INX                              A:00 X:00 Y:00 P:27 SP:2A
8FBB  60       RTS                              A:00 X:06 Y:06 P:27 SP:2A
8F9C  A2 0B    LDX LDX #$0B                     A:00 X:06 Y:06 P:27 SP:2C
8F9E  A0 05    LDY LDY #$05                     A:00 X:0B Y:06 P:25 SP:2C
8FA0  38       SEC                              A:00 X:0B Y:05 P:25 SP:2C
[Repeated block (10 instrs)] ×3
<L010> ×2
# sample:
# 8FA1  BD DD 07 LDA LDA $07DD,X                  A:00 X:0B Y:05 P:25 SP:2C
# 8FA4  F9 D7 07 SBC SBC $07D7,Y                  A:00 X:0B Y:05 P:27 SP:2C
# 8FA7  CA       DEX                              A:00 X:0B Y:05 P:27 SP:2C
# 8FA8  88       DEY                              A:00 X:0A Y:05 P:25 SP:2C
# 8FA9  10 F6    BPL BPL #$F6                     A:00 X:0A Y:04 P:25 SP:2C
# 8FA1  BD DD 07 LDA LDA $07DD,X                  A:00 X:0A Y:04 P:25 SP:2C
8FAE  C8       INY                              A:00 X:06 Y:FF P:25 SP:2C
[Repeated block (6 instrs)] ×6
<L005> ×2
# sample:
# 8FAF  BD DD 07 LDA LDA $07DD,X                  A:00 X:06 Y:00 P:27 SP:2C
# 8FB2  99 D7 07 STA STA $07D7,Y                  A:00 X:06 Y:00 P:27 SP:2C
# 8FB5  E8       INX                              A:00 X:06 Y:00 P:27 SP:2C
8FBB  60       RTS                              A:00 X:0C Y:06 P:27 SP:2C
80F0  AD 76 07 LDA LDA $0776                    A:00 X:0C Y:06 P:27 SP:2E
80F3  4A       LSR A                            A:00 X:0C Y:06 P:27 SP:2E
80F4  B0 25    BCS BCS #$25                     A:00 X:0C Y:06 P:26 SP:2E
80F6  AD 47 07 LDA LDA $0747                    A:00 X:0C Y:06 P:26 SP:2E
80F9  F0 05    BEQ BEQ #$05                     A:00 X:0C Y:06 P:26 SP:2E
8100  A2 14    LDX LDX #$14                     A:00 X:0C Y:06 P:26 SP:2E
8102  CE 7F 07 DEC DEC $077F                    A:00 X:14 Y:06 P:24 SP:2E
8105  10 07    BPL BPL #$07                     A:00 X:14 Y:06 P:24 SP:2E
[Repeated block (8 instrs)] ×10
<L016> ×3
# sample:
# 810E  BD 80 07 LDA LDA $0780,X                  A:00 X:14 Y:06 P:24 SP:2E
# 8111  F0 03    BEQ BEQ #$03                     A:00 X:14 Y:06 P:26 SP:2E
# 8116  CA       DEX                              A:00 X:14 Y:06 P:26 SP:2E
# 8117  10 F5    BPL BPL #$F5                     A:00 X:13 Y:06 P:24 SP:2E
8119  E6 09    INC INC $09                      A:00 X:FF Y:06 P:A4 SP:2E
811B  A2 00    LDX LDX #$00                     A:00 X:FF Y:06 P:24 SP:2E
811D  A0 07    LDY LDY #$07                     A:00 X:00 Y:06 P:26 SP:2E
811F  AD A7 07 LDA LDA $07A7                    A:00 X:00 Y:07 P:24 SP:2E
8122  29 02    AND AND #$02                     A:BB X:00 Y:07 P:A4 SP:2E
8124  85 00    STA STA $00                      A:02 X:00 Y:07 P:24 SP:2E
8126  AD A8 07 LDA LDA $07A8                    A:02 X:00 Y:07 P:24 SP:2E
8129  29 02    AND AND #$02                     A:D2 X:00 Y:07 P:A4 SP:2E
812B  45 00    EOR EOR $00                      A:02 X:00 Y:07 P:24 SP:2E
812D  18       CLC                              A:00 X:00 Y:07 P:26 SP:2E
812E  F0 01    BEQ BEQ #$01                     A:00 X:00 Y:07 P:26 SP:2E
[Repeated block (8 instrs)] ×3
<L015> ×3
# sample:
# 8131  7E A7 07 ROR ROR $07A7,X                  A:00 X:00 Y:07 P:26 SP:2E
# 8134  E8       INX                              A:00 X:00 Y:07 P:25 SP:2E
# 8135  88       DEY                              A:00 X:01 Y:07 P:25 SP:2E
# 8136  D0 F9    BNE BNE #$F9                     A:00 X:01 Y:06 P:25 SP:2E
8138  AD 22 07 LDA LDA $0722                    A:00 X:07 Y:00 P:26 SP:2E
813B  F0 1F    BEQ BEQ #$1F                     A:01 X:07 Y:00 P:24 SP:2E
813D  AD 02 20 LDA LDA $2002                    A:01 X:07 Y:00 P:24 SP:2E
<L017> ×3
# sample:
# [8140  29 40    AND AND #$40                     A:40 X:07 Y:00 P:24 SP:2E ; 8142  D0 F9    BNE BNE #$F9                     A:40 X:07 Y:00 P:24 SP:2E ; 813D  AD 02 20 LDA LDA $2002                    A:40 X:07 Y:00 P:24 SP:2E ; 8140  29 40    AND AND #$40                     A:40 X:07 Y:00 P:24 SP:2E ; 8142  D0 F9    BNE BNE #$F9                     A:40 X:07 Y:00 P:24 SP:2E ; 813D  AD 02 20 LDA LDA $2002                    A:40 X:07 Y:00 P:24 SP:2E ; 8140  29 40    AND AND #$40                     A:40 X:07 Y:00 P:24 SP:2E ; 8142  D0 F9    BNE BNE #$F9                     A:40 X:07 Y:00 P:24 SP:2E ; 813D  AD 02 20 LDA LDA $2002                    A:40 X:07 Y:00 P:24 SP:2E] ×19
8144  AD 76 07 LDA LDA $0776                    A:00 X:07 Y:00 P:26 SP:2E
8147  4A       LSR A                            A:00 X:07 Y:00 P:26 SP:2E
8148  B0 06    BCS BCS #$06                     A:00 X:07 Y:00 P:26 SP:2E
814A  20 23 82 JSR JSR $8223                    A:00 X:07 Y:00 P:26 SP:2E
8223  A0 04    LDY LDY #$04                     A:00 X:07 Y:00 P:26 SP:2C
8225  A9 F8    LDA LDA #$F8                     A:00 X:07 Y:04 P:24 SP:2C
[Repeated block (6 instrs)] ×63
8227  99 00 02 STA STA $0200,Y                  A:F8 X:07 Y:04 P:A4 SP:2C
<L048> ×2
# sample:
# 822A  C8       INY                              A:F8 X:07 Y:04 P:A4 SP:2C
# 822B  C8       INY                              A:F8 X:07 Y:05 P:24 SP:2C
822E  D0 F7    BNE BNE #$F7                     A:F8 X:07 Y:08 P:24 SP:2C
8230  60       RTS                              A:F8 X:07 Y:00 P:26 SP:2C
814D  20 C6 81 JSR JSR $81C6                    A:F8 X:07 Y:00 P:26 SP:2E
81C6  AC 4E 07 LDY LDY $074E                    A:F8 X:07 Y:00 P:26 SP:2C
81C9  A9 28    LDA LDA #$28                     A:F8 X:07 Y:01 P:24 SP:2C
<L001> ×3
# sample:
# 81CB  85 00    STA STA $00                      A:28 X:07 Y:01 P:24 SP:2C
<L055> ×4
# sample:
# 81D2  C5 00    CMP CMP $00                      A:84 X:0E Y:01 P:A4 SP:2C
# 81D4  90 0F    BCC BCC #$0F                     A:84 X:0E Y:01 P:25 SP:2C
# 81D6  AC E0 06 LDY LDY $06E0                    A:84 X:0E Y:01 P:25 SP:2C
# 81D9  18       CLC                              A:84 X:0E Y:01 P:25 SP:2C
# 81DA  79 E1 06 ADC ADC $06E1,Y                  A:84 X:0E Y:01 P:24 SP:2C
# 81DD  90 03    BCC BCC #$03                     A:CC X:0E Y:01 P:A4 SP:2C
# 81E2  9D E4 06 STA STA $06E4,X                  A:CC X:0E Y:01 P:A4 SP:2C
# 81E5  CA       DEX                              A:CC X:0E Y:01 P:A4 SP:2C
# 81E6  10 E7    BPL BPL #$E7                     A:CC X:0D Y:01 P:24 SP:2C
# 81CF  BD E4 06 LDA LDA $06E4,X                  A:CC X:0D Y:01 P:24 SP:2C
81D2  C5 00    CMP CMP $00                      A:24 X:0A Y:01 P:64 SP:2C
81D4  90 0F    BCC BCC #$0F                     A:24 X:0A Y:01 P:E4 SP:2C
<L045> ×4
# sample:
# 81E5  CA       DEX                              A:24 X:0A Y:01 P:E4 SP:2C
# 81E6  10 E7    BPL BPL #$E7                     A:24 X:09 Y:01 P:64 SP:2C
# 81CF  BD E4 06 LDA LDA $06E4,X                  A:24 X:09 Y:01 P:64 SP:2C
# 81D2  C5 00    CMP CMP $00                      A:68 X:09 Y:01 P:64 SP:2C
# 81D4  90 0F    BCC BCC #$0F                     A:68 X:09 Y:01 P:65 SP:2C
# 81D6  AC E0 06 LDY LDY $06E0                    A:68 X:09 Y:01 P:65 SP:2C
# 81D9  18       CLC                              A:68 X:09 Y:01 P:65 SP:2C
# 81DA  79 E1 06 ADC ADC $06E1,Y                  A:68 X:09 Y:01 P:64 SP:2C
# 81DD  90 03    BCC BCC #$03                     A:B0 X:09 Y:01 P:E4 SP:2C
# 81E2  9D E4 06 STA STA $06E4,X                  A:B0 X:09 Y:01 P:E4 SP:2C
<L051> ×3
# sample:
# 81E5  CA       DEX                              A:70 X:06 Y:01 P:24 SP:2C
# 81E6  10 E7    BPL BPL #$E7                     A:70 X:05 Y:01 P:24 SP:2C
# 81CF  BD E4 06 LDA LDA $06E4,X                  A:70 X:05 Y:01 P:24 SP:2C
# 81D2  C5 00    CMP CMP $00                      A:E8 X:05 Y:01 P:A4 SP:2C
# 81D4  90 0F    BCC BCC #$0F                     A:E8 X:05 Y:01 P:A5 SP:2C
# 81D6  AC E0 06 LDY LDY $06E0                    A:E8 X:05 Y:01 P:A5 SP:2C
# 81D9  18       CLC                              A:E8 X:05 Y:01 P:25 SP:2C
# 81DA  79 E1 06 ADC ADC $06E1,Y                  A:E8 X:05 Y:01 P:24 SP:2C
# 81DD  90 03    BCC BCC #$03                     A:30 X:05 Y:01 P:25 SP:2C
# 81DF  18       CLC                              A:30 X:05 Y:01 P:25 SP:2C
# 81E0  65 00    ADC ADC $00                      A:30 X:05 Y:01 P:24 SP:2C
# 81E2  9D E4 06 STA STA $06E4,X                  A:58 X:05 Y:01 P:24 SP:2C
<L045> ×2
# sample:
# 81E5  CA       DEX                              A:28 X:03 Y:01 P:24 SP:2C
# 81E6  10 E7    BPL BPL #$E7                     A:28 X:02 Y:01 P:24 SP:2C
# 81CF  BD E4 06 LDA LDA $06E4,X                  A:28 X:02 Y:01 P:24 SP:2C
# 81D2  C5 00    CMP CMP $00                      A:A0 X:02 Y:01 P:A4 SP:2C
# 81D4  90 0F    BCC BCC #$0F                     A:A0 X:02 Y:01 P:25 SP:2C
# 81D6  AC E0 06 LDY LDY $06E0                    A:A0 X:02 Y:01 P:25 SP:2C
# 81D9  18       CLC                              A:A0 X:02 Y:01 P:25 SP:2C
# 81DA  79 E1 06 ADC ADC $06E1,Y                  A:A0 X:02 Y:01 P:24 SP:2C
# 81DD  90 03    BCC BCC #$03                     A:E8 X:02 Y:01 P:A4 SP:2C
# 81E2  9D E4 06 STA STA $06E4,X                  A:E8 X:02 Y:01 P:A4 SP:2C
81E5  CA       DEX                              A:D0 X:01 Y:01 P:A4 SP:2C
81E6  10 E7    BPL BPL #$E7                     A:D0 X:00 Y:01 P:26 SP:2C
81CF  BD E4 06 LDA LDA $06E4,X                  A:D0 X:00 Y:01 P:26 SP:2C
81D2  C5 00    CMP CMP $00                      A:04 X:00 Y:01 P:24 SP:2C
81D4  90 0F    BCC BCC #$0F                     A:04 X:00 Y:01 P:A4 SP:2C
81E5  CA       DEX                              A:04 X:00 Y:01 P:A4 SP:2C
81E6  10 E7    BPL BPL #$E7                     A:04 X:FF Y:01 P:A4 SP:2C
81E8  AE E0 06 LDX LDX $06E0                    A:04 X:FF Y:01 P:A4 SP:2C
<L001> ×3
# sample:
# 81EB  E8       INX                              A:04 X:01 Y:01 P:24 SP:2C
81F2  8E E0 06 STX STX $06E0                    A:04 X:02 Y:01 P:A4 SP:2C
81F5  A2 08    LDX LDX #$08                     A:04 X:02 Y:01 P:A4 SP:2C
81F7  A0 02    LDY LDY #$02                     A:04 X:08 Y:01 P:24 SP:2C
81F9  B9 E9 06 LDA LDA $06E9,Y                  A:04 X:08 Y:02 P:24 SP:2C
<L001> ×2
# sample:
# 81FC  9D F1 06 STA STA $06F1,X                  A:88 X:08 Y:02 P:A4 SP:2C
8200  69 08    ADC ADC #$08                     A:88 X:08 Y:02 P:A4 SP:2C
8202  9D F2 06 STA STA $06F2,X                  A:90 X:08 Y:02 P:A4 SP:2C
8205  18       CLC                              A:90 X:08 Y:02 P:A4 SP:2C
8206  69 08    ADC ADC #$08                     A:90 X:08 Y:02 P:A4 SP:2C
8208  9D F3 06 STA STA $06F3,X                  A:98 X:08 Y:02 P:A4 SP:2C
<L001> ×3
# sample:
# 820B  CA       DEX                              A:98 X:08 Y:02 P:A4 SP:2C
820E  88       DEY                              A:98 X:05 Y:02 P:24 SP:2C
820F  10 E8    BPL BPL #$E8                     A:98 X:05 Y:01 P:24 SP:2C
81F9  B9 E9 06 LDA LDA $06E9,Y                  A:98 X:05 Y:01 P:24 SP:2C
<L001> ×2
# sample:
# 81FC  9D F1 06 STA STA $06F1,X                  A:70 X:05 Y:01 P:24 SP:2C
8200  69 08    ADC ADC #$08                     A:70 X:05 Y:01 P:24 SP:2C
8202  9D F2 06 STA STA $06F2,X                  A:78 X:05 Y:01 P:24 SP:2C
8205  18       CLC                              A:78 X:05 Y:01 P:24 SP:2C
8206  69 08    ADC ADC #$08                     A:78 X:05 Y:01 P:24 SP:2C
8208  9D F3 06 STA STA $06F3,X                  A:80 X:05 Y:01 P:E4 SP:2C
<L001> ×3
# sample:
# 820B  CA       DEX                              A:80 X:05 Y:01 P:E4 SP:2C
820E  88       DEY                              A:80 X:02 Y:01 P:64 SP:2C
820F  10 E8    BPL BPL #$E8                     A:80 X:02 Y:00 P:66 SP:2C
81F9  B9 E9 06 LDA LDA $06E9,Y                  A:80 X:02 Y:00 P:66 SP:2C
<L001> ×2
# sample:
# 81FC  9D F1 06 STA STA $06F1,X                  A:58 X:02 Y:00 P:64 SP:2C
8200  69 08    ADC ADC #$08                     A:58 X:02 Y:00 P:64 SP:2C
8202  9D F2 06 STA STA $06F2,X                  A:60 X:02 Y:00 P:24 SP:2C
8205  18       CLC                              A:60 X:02 Y:00 P:24 SP:2C
8206  69 08    ADC ADC #$08                     A:60 X:02 Y:00 P:24 SP:2C
8208  9D F3 06 STA STA $06F3,X                  A:68 X:02 Y:00 P:24 SP:2C
<L001> ×3
# sample:
# 820B  CA       DEX                              A:68 X:02 Y:00 P:24 SP:2C
820E  88       DEY                              A:68 X:FF Y:00 P:A4 SP:2C
820F  10 E8    BPL BPL #$E8                     A:68 X:FF Y:FF P:A4 SP:2C
8211  60       RTS                              A:68 X:FF Y:FF P:A4 SP:2C
8150  AD 02 20 LDA LDA $2002                    A:68 X:FF Y:FF P:A4 SP:2E
<L017> ×2
# sample:
# [8153  29 40    AND AND #$40                     A:00 X:FF Y:FF P:26 SP:2E ; 8155  F0 F9    BEQ BEQ #$F9                     A:00 X:FF Y:FF P:26 SP:2E ; 8150  AD 02 20 LDA LDA $2002                    A:00 X:FF Y:FF P:26 SP:2E ; 8153  29 40    AND AND #$40                     A:00 X:FF Y:FF P:26 SP:2E ; 8155  F0 F9    BEQ BEQ #$F9                     A:00 X:FF Y:FF P:26 SP:2E ; 8150  AD 02 20 LDA LDA $2002                    A:00 X:FF Y:FF P:26 SP:2E ; 8153  29 40    AND AND #$40                     A:00 X:FF Y:FF P:26 SP:2E ; 8155  F0 F9    BEQ BEQ #$F9                     A:00 X:FF Y:FF P:26 SP:2E ; 8150  AD 02 20 LDA LDA $2002                    A:00 X:FF Y:FF P:26 SP:2E] ×953
[Repeated block (10 instrs)] ×2
<L079> ×2
# sample:
# 8155  F0 F9    BEQ BEQ #$F9                     A:00 X:FF Y:FF P:26 SP:2E
# 8150  AD 02 20 LDA LDA $2002                    A:00 X:FF Y:FF P:26 SP:2E
# 8153  29 40    AND AND #$40                     A:80 X:FF Y:FF P:A4 SP:2E
# [8155  F0 F9    BEQ BEQ #$F9                     A:00 X:FF Y:FF P:26 SP:2E ; 8150  AD 02 20 LDA LDA $2002                    A:00 X:FF Y:FF P:26 SP:2E ; 8153  29 40    AND AND #$40                     A:00 X:FF Y:FF P:26 SP:2E ; 8155  F0 F9    BEQ BEQ #$F9                     A:00 X:FF Y:FF P:26 SP:2E ; 8150  AD 02 20 LDA LDA $2002                    A:00 X:FF Y:FF P:26 SP:2E ; 8153  29 40    AND AND #$40                     A:00 X:FF Y:FF P:26 SP:2E ; 8155  F0 F9    BEQ BEQ #$F9                     A:00 X:FF Y:FF P:26 SP:2E ; 8150  AD 02 20 LDA LDA $2002                    A:00 X:FF Y:FF P:26 SP:2E ; 8153  29 40    AND AND #$40                     A:00 X:FF Y:FF P:26 SP:2E] ×1102
# [8155  F0 F9    BEQ BEQ #$F9                     A:00 X:FF Y:FF P:26 SP:2E ; 8150  AD 02 20 LDA LDA $2002                    A:00 X:FF Y:FF P:26 SP:2E ; 8153  29 40    AND AND #$40                     A:00 X:FF Y:FF P:26 SP:2E] ×2
8150  AD 02 20 LDA LDA $2002                    A:00 X:FF Y:FF P:26 SP:2E
8153  29 40    AND AND #$40                     A:40 X:FF Y:FF P:24 SP:2E
8155  F0 F9    BEQ BEQ #$F9                     A:40 X:FF Y:FF P:24 SP:2E
8157  A0 14    LDY LDY #$14                     A:40 X:FF Y:FF P:24 SP:2E
[Repeated block (10 instrs)] ×4
<L059> ×2
# sample:
# 8159  88       DEY                              A:40 X:FF Y:14 P:24 SP:2E
# 815A  D0 FD    BNE BNE #$FD                     A:40 X:FF Y:13 P:24 SP:2E
# 8159  88       DEY                              A:40 X:FF Y:13 P:24 SP:2E
# 815A  D0 FD    BNE BNE #$FD                     A:40 X:FF Y:12 P:24 SP:2E
8159  88       DEY                              A:40 X:FF Y:10 P:24 SP:2E
815A  D0 FD    BNE BNE #$FD                     A:40 X:FF Y:0F P:24 SP:2E
<L023> ×2
# sample:
# 815C  AD 3F 07 LDA LDA $073F                    A:40 X:FF Y:00 P:26 SP:2E
# 815F  8D 05 20 STA STA $2005                    A:00 X:FF Y:00 P:26 SP:2E
8168  AD 78 07 LDA LDA $0778                    A:00 X:FF Y:00 P:26 SP:2E
816B  48       PHA                              A:10 X:FF Y:00 P:24 SP:2E
816C  8D 00 20 STA STA $2000                    A:10 X:FF Y:00 P:24 SP:2D
816F  AD 76 07 LDA LDA $0776                    A:10 X:FF Y:00 P:24 SP:2D
8172  4A       LSR A                            A:00 X:FF Y:00 P:26 SP:2D
8173  B0 03    BCS BCS #$03                     A:00 X:FF Y:00 P:26 SP:2D
8175  20 12 82 JSR JSR $8212                    A:00 X:FF Y:00 P:26 SP:2D
8212  AD 70 07 LDA LDA $0770                    A:00 X:FF Y:00 P:26 SP:2B
8215  20 04 8E JSR JSR $8E04                    A:00 X:FF Y:00 P:26 SP:2B
8E04  0A       ASL A                            A:00 X:FF Y:00 P:26 SP:29
8E05  A8       TAY                              A:00 X:FF Y:00 P:26 SP:29
<L006> ×2
# sample:
# 8E06  68       PLA                              A:00 X:FF Y:00 P:26 SP:29
# 8E07  85 04    STA STA $04                      A:17 X:FF Y:00 P:24 SP:2A
<L007> ×2
# sample:
# 8E0C  C8       INY                              A:82 X:FF Y:00 P:A4 SP:2B
# 8E0D  B1 04    LDA LDA ($04),Y                  A:82 X:FF Y:01 P:24 SP:2B
# 8E0F  85 06    STA STA $06                      A:31 X:FF Y:01 P:24 SP:2B
8E16  6C 06 00 JMP JMP ($0006)                  A:82 X:FF Y:02 P:A4 SP:2B
8231  AD 72 07 LDA LDA $0772                    A:82 X:FF Y:02 P:A4 SP:2B
8234  20 04 8E JSR JSR $8E04                    A:03 X:FF Y:02 P:24 SP:2B
8E04  0A       ASL A                            A:03 X:FF Y:02 P:24 SP:29
8E05  A8       TAY                              A:06 X:FF Y:02 P:24 SP:29
<L006> ×2
# sample:
# 8E06  68       PLA                              A:06 X:FF Y:06 P:24 SP:29
# 8E07  85 04    STA STA $04                      A:36 X:FF Y:06 P:24 SP:2A
<L007> ×2
# sample:
# 8E0C  C8       INY                              A:82 X:FF Y:06 P:A4 SP:2B
# 8E0D  B1 04    LDA LDA ($04),Y                  A:82 X:FF Y:07 P:24 SP:2B
# 8E0F  85 06    STA STA $06                      A:45 X:FF Y:07 P:24 SP:2B
8E16  6C 06 00 JMP JMP ($0006)                  A:82 X:FF Y:08 P:A4 SP:2B
8245  A0 00    LDY LDY #$00                     A:82 X:FF Y:08 P:A4 SP:2B
8247  AD FC 06 LDA LDA $06FC                    A:82 X:FF Y:00 P:26 SP:2B
824A  0D FD 06 ORA ORA $06FD                    A:00 X:FF Y:00 P:26 SP:2B
824D  C9 10    CMP CMP #$10                     A:00 X:FF Y:00 P:26 SP:2B
824F  F0 04    BEQ BEQ #$04                     A:00 X:FF Y:00 P:A4 SP:2B
8251  C9 90    CMP CMP #$90                     A:00 X:FF Y:00 P:A4 SP:2B
8253  D0 03    BNE BNE #$03                     A:00 X:FF Y:00 P:24 SP:2B
8258  C9 20    CMP CMP #$20                     A:00 X:FF Y:00 P:24 SP:2B
825A  F0 1A    BEQ BEQ #$1A                     A:00 X:FF Y:00 P:A4 SP:2B
825C  AE A2 07 LDX LDX $07A2                    A:00 X:FF Y:00 P:A4 SP:2B
825F  D0 0B    BNE BNE #$0B                     A:00 X:18 Y:00 P:24 SP:2B
826C  AE FC 07 LDX LDX $07FC                    A:00 X:18 Y:00 P:24 SP:2B
826F  F0 4A    BEQ BEQ #$4A                     A:00 X:00 Y:00 P:26 SP:2B
<L001> ×2
# sample:
# 82BB  A9 00    LDA LDA #$00                     A:00 X:00 Y:00 P:26 SP:2B
82C0  20 EA AE JSR JSR $AEEA                    A:00 X:00 Y:00 P:26 SP:2B
<L002> ×2
# sample:
# AEEA  AE 53 07 LDX LDX $0753                    A:00 X:00 Y:00 P:26 SP:29
# AEED  BD FC 06 LDA LDA $06FC,X                  A:00 X:00 Y:00 P:26 SP:29
B04A  A5 0E    LDA LDA $0E                      A:00 X:00 Y:00 P:26 SP:27
B04C  20 04 8E JSR JSR $8E04                    A:07 X:00 Y:00 P:24 SP:27
8E04  0A       ASL A                            A:07 X:00 Y:00 P:24 SP:25
8E05  A8       TAY                              A:0E X:00 Y:00 P:24 SP:25
<L006> ×2
# sample:
# 8E06  68       PLA                              A:0E X:00 Y:0E P:24 SP:25
# 8E07  85 04    STA STA $04                      A:4E X:00 Y:0E P:24 SP:26
<L007> ×2
# sample:
# 8E0C  C8       INY                              A:B0 X:00 Y:0E P:A4 SP:27
# 8E0D  B1 04    LDA LDA ($04),Y                  A:B0 X:00 Y:0F P:24 SP:27
# 8E0F  85 06    STA STA $06                      A:69 X:00 Y:0F P:24 SP:27
8E16  6C 06 00 JMP JMP ($0006)                  A:B0 X:00 Y:10 P:A4 SP:27
B069  AD 52 07 LDA LDA $0752                    A:B0 X:00 Y:10 P:A4 SP:27
B06C  C9 02    CMP CMP #$02                     A:00 X:00 Y:10 P:26 SP:27
B06E  F0 2B    BEQ BEQ #$2B                     A:00 X:00 Y:10 P:A4 SP:27
B070  A9 00    LDA LDA #$00                     A:00 X:00 Y:10 P:A4 SP:27
B072  A4 CE    LDY LDY $CE                      A:00 X:00 Y:10 P:26 SP:27
B074  C0 30    CPY CPY #$30                     A:00 X:00 Y:B0 P:A4 SP:27
B076  90 6E    BCC BCC #$6E                     A:00 X:00 Y:B0 P:A5 SP:27
B078  AD 10 07 LDA LDA $0710                    A:00 X:00 Y:B0 P:A5 SP:27
B07B  C9 06    CMP CMP #$06                     A:02 X:00 Y:B0 P:25 SP:27
B07D  F0 04    BEQ BEQ #$04                     A:02 X:00 Y:B0 P:A4 SP:27
B07F  C9 07    CMP CMP #$07                     A:02 X:00 Y:B0 P:A4 SP:27
B081  D0 50    BNE BNE #$50                     A:02 X:00 Y:B0 P:A4 SP:27
<L080> ×2
# sample:
# B0D3  A9 08    LDA LDA #$08                     A:02 X:00 Y:B0 P:A4 SP:27
# B0D5  85 0E    STA STA $0E                      A:08 X:00 Y:B0 P:24 SP:27
<L001> ×3
# sample:
# B0DB  4A       LSR A                            A:01 X:00 Y:B0 P:24 SP:27
B0E2  8D 58 07 STA STA $0758                    A:00 X:00 Y:B0 P:27 SP:27
B0E5  60       RTS                              A:00 X:00 Y:B0 P:27 SP:27
<L002> ×2
# sample:
# AEF6  AD 72 07 LDA LDA $0772                    A:00 X:00 Y:B0 P:27 SP:29
# AEF9  C9 03    CMP CMP #$03                     A:03 X:00 Y:B0 P:25 SP:29
B624  AD 56 07 LDA LDA $0756                    A:03 X:00 Y:B0 P:27 SP:27
B627  C9 02    CMP CMP #$02                     A:00 X:00 Y:B0 P:27 SP:27
B629  90 43    BCC BCC #$43                     A:00 X:00 Y:B0 P:A4 SP:27
B66E  AD 4E 07 LDA LDA $074E                    A:00 X:00 Y:B0 P:A4 SP:27
B671  D0 13    BNE BNE #$13                     A:01 X:00 Y:B0 P:24 SP:27
B686  60       RTS                              A:01 X:00 Y:B0 P:24 SP:27
<L001> ×3
# sample:
# AF01  A2 00    LDX LDX #$00                     A:01 X:00 Y:B0 P:24 SP:29
C047  B5 0F    LDA LDA $0F,X                    A:01 X:00 Y:B0 P:26 SP:27
C049  48       PHA                              A:00 X:00 Y:B0 P:26 SP:27
C04A  0A       ASL A                            A:00 X:00 Y:B0 P:26 SP:26
C04B  B0 12    BCS BCS #$12                     A:00 X:00 Y:B0 P:26 SP:26
C04D  68       PLA                              A:00 X:00 Y:B0 P:26 SP:26
C04E  F0 03    BEQ BEQ #$03                     A:00 X:00 Y:B0 P:26 SP:27
C053  AD 1F 07 LDA LDA $071F                    A:00 X:00 Y:B0 P:26 SP:27
C056  29 07    AND AND #$07                     A:00 X:00 Y:B0 P:26 SP:27
C058  C9 07    CMP CMP #$07                     A:00 X:00 Y:B0 P:26 SP:27
C05A  F0 0E    BEQ BEQ #$0E                     A:00 X:00 Y:B0 P:A4 SP:27
C05C  4C CC C0 JMP JMP $C0CC                    A:00 X:00 Y:B0 P:A4 SP:27
<L001> ×2
# sample:
# C0CC  AD 45 07 LDA LDA $0745                    A:00 X:00 Y:B0 P:A4 SP:27
C12F  AD CD 06 LDA LDA $06CD                    A:00 X:00 Y:B0 P:26 SP:27
C132  F0 10    BEQ BEQ #$10                     A:00 X:00 Y:B0 P:26 SP:27
C144  AC 39 07 LDY LDY $0739                    A:00 X:00 Y:B0 P:26 SP:27
C147  B1 E9    LDA LDA ($E9),Y                  A:00 X:00 Y:03 P:24 SP:27
C149  C9 FF    CMP CMP #$FF                     A:6B X:00 Y:03 P:24 SP:27
<L017> ×2
# sample:
# C14B  D0 03    BNE BNE #$03                     A:6B X:00 Y:03 P:24 SP:27
C152  C9 0E    CMP CMP #$0E                     A:0B X:00 Y:03 P:24 SP:27
C154  F0 0E    BEQ BEQ #$0E                     A:0B X:00 Y:03 P:A4 SP:27
C156  E0 05    CPX CPX #$05                     A:0B X:00 Y:03 P:A4 SP:27
C158  90 0A    BCC BCC #$0A                     A:0B X:00 Y:03 P:A4 SP:27
C164  AD 1D 07 LDA LDA $071D                    A:0B X:00 Y:03 P:A4 SP:27
C167  18       CLC                              A:FF X:00 Y:03 P:A4 SP:27
C168  69 30    ADC ADC #$30                     A:FF X:00 Y:03 P:A4 SP:27
C16A  29 F0    AND AND #$F0                     A:2F X:00 Y:03 P:25 SP:27
C16C  85 07    STA STA $07                      A:20 X:00 Y:03 P:25 SP:27
C16E  AD 1B 07 LDA LDA $071B                    A:20 X:00 Y:03 P:25 SP:27
C171  69 00    ADC ADC #$00                     A:00 X:00 Y:03 P:27 SP:27
C173  85 06    STA STA $06                      A:01 X:00 Y:03 P:24 SP:27
C175  AC 39 07 LDY LDY $0739                    A:01 X:00 Y:03 P:24 SP:27
C178  C8       INY                              A:01 X:00 Y:03 P:24 SP:27
C179  B1 E9    LDA LDA ($E9),Y                  A:01 X:00 Y:04 P:24 SP:27
C17B  0A       ASL A                            A:06 X:00 Y:04 P:24 SP:27
C17C  90 0B    BCC BCC #$0B                     A:0C X:00 Y:04 P:24 SP:27
C189  88       DEY                              A:0C X:00 Y:04 P:24 SP:27
C18A  B1 E9    LDA LDA ($E9),Y                  A:0C X:00 Y:03 P:24 SP:27
C18C  29 0F    AND AND #$0F                     A:6B X:00 Y:03 P:24 SP:27
C18E  C9 0F    CMP CMP #$0F                     A:0B X:00 Y:03 P:24 SP:27
C190  D0 19    BNE BNE #$19                     A:0B X:00 Y:03 P:A4 SP:27
<L001> ×2
# sample:
# C1AB  AD 3A 07 LDA LDA $073A                    A:0B X:00 Y:03 P:A4 SP:27
C1B0  B1 E9    LDA LDA ($E9),Y                  A:01 X:00 Y:03 P:24 SP:27
C1B2  29 F0    AND AND #$F0                     A:6B X:00 Y:03 P:24 SP:27
C1B4  95 87    STA STA $87,X                    A:60 X:00 Y:03 P:24 SP:27
C1B6  CD 1D 07 CMP CMP $071D                    A:60 X:00 Y:03 P:24 SP:27
C1B9  B5 6E    LDA LDA $6E,X                    A:60 X:00 Y:03 P:24 SP:27
<L002> ×2
# sample:
# C1BB  ED 1B 07 SBC SBC $071B                    A:01 X:00 Y:03 P:24 SP:27
# C1BE  B0 0B    BCS BCS #$0B                     A:00 X:00 Y:03 P:27 SP:27
C1CF  A5 06    LDA LDA $06                      A:20 X:00 Y:03 P:A4 SP:27
C1D1  F5 6E    SBC SBC $6E,X                    A:01 X:00 Y:03 P:24 SP:27
C1D3  90 41    BCC BCC #$41                     A:FF X:00 Y:03 P:A4 SP:27
C216  AD CB 06 LDA LDA $06CB                    A:FF X:00 Y:03 P:A4 SP:27
C219  D0 09    BNE BNE #$09                     A:00 X:00 Y:03 P:26 SP:27
C21B  AD 98 03 LDA LDA $0398                    A:00 X:00 Y:03 P:26 SP:27
C21E  C9 01    CMP CMP #$01                     A:00 X:00 Y:03 P:26 SP:27
C220  D0 0B    BNE BNE #$0B                     A:00 X:00 Y:03 P:A4 SP:27
C22D  60       RTS                              A:00 X:00 Y:03 P:A4 SP:27
AF08  20 C3 84 JSR JSR $84C3                    A:00 X:00 Y:03 P:A4 SP:29
84C3  BD 10 01 LDA LDA $0110,X                  A:00 X:00 Y:03 P:A4 SP:27
84C6  F0 BE    BEQ BEQ #$BE                     A:36 X:00 Y:03 P:24 SP:27
84C8  C9 0B    CMP CMP #$0B                     A:36 X:00 Y:03 P:24 SP:27
<L001> ×3
# sample:
# 84CA  90 05    BCC BCC #$05                     A:36 X:00 Y:03 P:25 SP:27
84D1  A8       TAY                              A:0B X:00 Y:03 P:25 SP:27
84D2  BD 2C 01 LDA LDA $012C,X                  A:0B X:00 Y:0B P:25 SP:27
84D5  D0 04    BNE BNE #$04                     A:77 X:00 Y:0B P:25 SP:27
<L001> ×2
# sample:
# 84DB  DE 2C 01 DEC DEC $012C,X                  A:77 X:00 Y:0B P:25 SP:27
84E0  D0 1E    BNE BNE #$1E                     A:77 X:00 Y:0B P:25 SP:27
8500  BC E5 06 LDY LDY $06E5,X                  A:77 X:00 Y:0B P:25 SP:27
8503  B5 16    LDA LDA $16,X                    A:77 X:00 Y:D0 P:A5 SP:27
<L029> ×2
# sample:
# 8505  C9 12    CMP CMP #$12                     A:00 X:00 Y:D0 P:27 SP:27
# 8507  F0 22    BEQ BEQ #$22                     A:00 X:00 Y:D0 P:A4 SP:27
# 8509  C9 0D    CMP CMP #$0D                     A:00 X:00 Y:D0 P:A4 SP:27
# 850B  F0 1E    BEQ BEQ #$1E                     A:00 X:00 Y:D0 P:A4 SP:27
8515  C9 0B    CMP CMP #$0B                     A:00 X:00 Y:D0 P:A4 SP:27
8517  F0 12    BEQ BEQ #$12                     A:00 X:00 Y:D0 P:A4 SP:27
8519  C9 09    CMP CMP #$09                     A:00 X:00 Y:D0 P:A4 SP:27
851B  B0 06    BCS BCS #$06                     A:00 X:00 Y:D0 P:A4 SP:27
851D  B5 1E    LDA LDA $1E,X                    A:00 X:00 Y:D0 P:A4 SP:27
851F  C9 02    CMP CMP #$02                     A:00 X:00 Y:D0 P:26 SP:27
8521  B0 08    BCS BCS #$08                     A:00 X:00 Y:D0 P:A4 SP:27
8523  AE EE 03 LDX LDX $03EE                    A:00 X:00 Y:D0 P:A4 SP:27
8526  BC EC 06 LDY LDY $06EC,X                  A:00 X:00 Y:D0 P:26 SP:27
8529  A6 08    LDX LDX $08                      A:00 X:00 Y:A0 P:A4 SP:27
852B  BD 1E 01 LDA LDA $011E,X                  A:00 X:00 Y:A0 P:26 SP:27
852E  C9 18    CMP CMP #$18                     A:FF X:00 Y:A0 P:A4 SP:27
8530  90 05    BCC BCC #$05                     A:FF X:00 Y:A0 P:A5 SP:27
8532  E9 01    SBC SBC #$01                     A:FF X:00 Y:A0 P:A5 SP:27
8534  9D 1E 01 STA STA $011E,X                  A:FE X:00 Y:A0 P:A5 SP:27
8537  BD 1E 01 LDA LDA $011E,X                  A:FE X:00 Y:A0 P:A5 SP:27
853A  E9 08    SBC SBC #$08                     A:FE X:00 Y:A0 P:A5 SP:27
853C  20 C1 E5 JSR JSR $E5C1                    A:F6 X:00 Y:A0 P:A5 SP:27
<L013> ×2
# sample:
# E5C1  99 04 02 STA STA $0204,Y                  A:F6 X:00 Y:A0 P:A5 SP:25
E5C7  60       RTS                              A:F6 X:00 Y:A0 P:A5 SP:25
853F  BD 17 01 LDA LDA $0117,X                  A:F6 X:00 Y:A0 P:A5 SP:27
8542  99 03 02 STA STA $0203,Y                  A:FE X:00 Y:A0 P:A5 SP:27
8545  18       CLC                              A:FE X:00 Y:A0 P:A5 SP:27
8546  69 08    ADC ADC #$08                     A:FE X:00 Y:A0 P:A4 SP:27
8548  99 07 02 STA STA $0207,Y                  A:06 X:00 Y:A0 P:25 SP:27
854B  A9 02    LDA LDA #$02                     A:06 X:00 Y:A0 P:25 SP:27
<L013> ×2
# sample:
# 854D  99 02 02 STA STA $0202,Y                  A:02 X:00 Y:A0 P:25 SP:27
8553  BD 10 01 LDA LDA $0110,X                  A:02 X:00 Y:A0 P:25 SP:27
8556  0A       ASL A                            A:0B X:00 Y:A0 P:25 SP:27
8557  AA       TAX                              A:16 X:00 Y:A0 P:24 SP:27
<L030> ×2
# sample:
# 8558  BD 9F 84 LDA LDA $849F,X                  A:16 X:16 Y:A0 P:24 SP:27
# 855B  99 01 02 STA STA $0201,Y                  A:FD X:16 Y:A0 P:A4 SP:27
8564  A6 08    LDX LDX $08                      A:FE X:16 Y:A0 P:A4 SP:27
8566  60       RTS                              A:FE X:00 Y:A0 P:26 SP:27
<L002> ×2
# sample:
# AF0B  E8       INX                              A:FE X:00 Y:A0 P:26 SP:29
# AF0C  E0 06    CPX CPX #$06                     A:FE X:01 Y:A0 P:24 SP:29
AF05  20 47 C0 JSR JSR $C047                    A:FE X:01 Y:A0 P:A4 SP:29
C047  B5 0F    LDA LDA $0F,X                    A:FE X:01 Y:A0 P:A4 SP:27
C049  48       PHA                              A:00 X:01 Y:A0 P:26 SP:27
C04A  0A       ASL A                            A:00 X:01 Y:A0 P:26 SP:26
C04B  B0 12    BCS BCS #$12                     A:00 X:01 Y:A0 P:26 SP:26
C04D  68       PLA                              A:00 X:01 Y:A0 P:26 SP:26
C04E  F0 03    BEQ BEQ #$03                     A:00 X:01 Y:A0 P:26 SP:27
C053  AD 1F 07 LDA LDA $071F                    A:00 X:01 Y:A0 P:26 SP:27
C056  29 07    AND AND #$07                     A:00 X:01 Y:A0 P:26 SP:27
C058  C9 07    CMP CMP #$07                     A:00 X:01 Y:A0 P:26 SP:27
C05A  F0 0E    BEQ BEQ #$0E                     A:00 X:01 Y:A0 P:A4 SP:27
C05C  4C CC C0 JMP JMP $C0CC                    A:00 X:01 Y:A0 P:A4 SP:27
<L001> ×2
# sample:
# C0CC  AD 45 07 LDA LDA $0745                    A:00 X:01 Y:A0 P:A4 SP:27
C12F  AD CD 06 LDA LDA $06CD                    A:00 X:01 Y:A0 P:26 SP:27
C132  F0 10    BEQ BEQ #$10                     A:00 X:01 Y:A0 P:26 SP:27
C144  AC 39 07 LDY LDY $0739                    A:00 X:01 Y:A0 P:26 SP:27
C147  B1 E9    LDA LDA ($E9),Y                  A:00 X:01 Y:03 P:24 SP:27
C149  C9 FF    CMP CMP #$FF                     A:6B X:01 Y:03 P:24 SP:27
<L017> ×2
# sample:
# C14B  D0 03    BNE BNE #$03                     A:6B X:01 Y:03 P:24 SP:27
C152  C9 0E    CMP CMP #$0E                     A:0B X:01 Y:03 P:24 SP:27
C154  F0 0E    BEQ BEQ #$0E                     A:0B X:01 Y:03 P:A4 SP:27
C156  E0 05    CPX CPX #$05                     A:0B X:01 Y:03 P:A4 SP:27
C158  90 0A    BCC BCC #$0A                     A:0B X:01 Y:03 P:A4 SP:27
C164  AD 1D 07 LDA LDA $071D                    A:0B X:01 Y:03 P:A4 SP:27
C167  18       CLC                              A:FF X:01 Y:03 P:A4 SP:27
C168  69 30    ADC ADC #$30                     A:FF X:01 Y:03 P:A4 SP:27
C16A  29 F0    AND AND #$F0                     A:2F X:01 Y:03 P:25 SP:27
C16C  85 07    STA STA $07                      A:20 X:01 Y:03 P:25 SP:27
C16E  AD 1B 07 LDA LDA $071B                    A:20 X:01 Y:03 P:25 SP:27
C171  69 00    ADC ADC #$00                     A:00 X:01 Y:03 P:27 SP:27
C173  85 06    STA STA $06                      A:01 X:01 Y:03 P:24 SP:27
C175  AC 39 07 LDY LDY $0739                    A:01 X:01 Y:03 P:24 SP:27
C178  C8       INY                              A:01 X:01 Y:03 P:24 SP:27
C179  B1 E9    LDA LDA ($E9),Y                  A:01 X:01 Y:04 P:24 SP:27
C17B  0A       ASL A                            A:06 X:01 Y:04 P:24 SP:27
C17C  90 0B    BCC BCC #$0B                     A:0C X:01 Y:04 P:24 SP:27
C189  88       DEY                              A:0C X:01 Y:04 P:24 SP:27
C18A  B1 E9    LDA LDA ($E9),Y                  A:0C X:01 Y:03 P:24 SP:27
C18C  29 0F    AND AND #$0F                     A:6B X:01 Y:03 P:24 SP:27
C18E  C9 0F    CMP CMP #$0F                     A:0B X:01 Y:03 P:24 SP:27
C190  D0 19    BNE BNE #$19                     A:0B X:01 Y:03 P:A4 SP:27
<L001> ×2
# sample:
# C1AB  AD 3A 07 LDA LDA $073A                    A:0B X:01 Y:03 P:A4 SP:27
C1B0  B1 E9    LDA LDA ($E9),Y                  A:01 X:01 Y:03 P:24 SP:27
C1B2  29 F0    AND AND #$F0                     A:6B X:01 Y:03 P:24 SP:27
C1B4  95 87    STA STA $87,X                    A:60 X:01 Y:03 P:24 SP:27
C1B6  CD 1D 07 CMP CMP $071D                    A:60 X:01 Y:03 P:24 SP:27
C1B9  B5 6E    LDA LDA $6E,X                    A:60 X:01 Y:03 P:24 SP:27
<L002> ×2
# sample:
# C1BB  ED 1B 07 SBC SBC $071B                    A:01 X:01 Y:03 P:24 SP:27
# C1BE  B0 0B    BCS BCS #$0B                     A:00 X:01 Y:03 P:27 SP:27
C1CF  A5 06    LDA LDA $06                      A:20 X:01 Y:03 P:A4 SP:27
C1D1  F5 6E    SBC SBC $6E,X                    A:01 X:01 Y:03 P:24 SP:27
C1D3  90 41    BCC BCC #$41                     A:FF X:01 Y:03 P:A4 SP:27
C216  AD CB 06 LDA LDA $06CB                    A:FF X:01 Y:03 P:A4 SP:27
C219  D0 09    BNE BNE #$09                     A:00 X:01 Y:03 P:26 SP:27
C21B  AD 98 03 LDA LDA $0398                    A:00 X:01 Y:03 P:26 SP:27
C21E  C9 01    CMP CMP #$01                     A:00 X:01 Y:03 P:26 SP:27
C220  D0 0B    BNE BNE #$0B                     A:00 X:01 Y:03 P:A4 SP:27
C22D  60       RTS                              A:00 X:01 Y:03 P:A4 SP:27
AF08  20 C3 84 JSR JSR $84C3                    A:00 X:01 Y:03 P:A4 SP:29
84C3  BD 10 01 LDA LDA $0110,X                  A:00 X:01 Y:03 P:A4 SP:27
84C6  F0 BE    BEQ BEQ #$BE                     A:FE X:01 Y:03 P:A4 SP:27
84C8  C9 0B    CMP CMP #$0B                     A:FE X:01 Y:03 P:A4 SP:27
<L001> ×3
# sample:
# 84CA  90 05    BCC BCC #$05                     A:FE X:01 Y:03 P:A5 SP:27
84D1  A8       TAY                              A:0B X:01 Y:03 P:25 SP:27
84D2  BD 2C 01 LDA LDA $012C,X                  A:0B X:01 Y:0B P:25 SP:27
84D5  D0 04    BNE BNE #$04                     A:81 X:01 Y:0B P:A5 SP:27
<L001> ×2
# sample:
# 84DB  DE 2C 01 DEC DEC $012C,X                  A:81 X:01 Y:0B P:A5 SP:27
84E0  D0 1E    BNE BNE #$1E                     A:81 X:01 Y:0B P:25 SP:27
8500  BC E5 06 LDY LDY $06E5,X                  A:81 X:01 Y:0B P:25 SP:27
8503  B5 16    LDA LDA $16,X                    A:81 X:01 Y:E8 P:A5 SP:27
<L029> ×2
# sample:
# 8505  C9 12    CMP CMP #$12                     A:00 X:01 Y:E8 P:27 SP:27
# 8507  F0 22    BEQ BEQ #$22                     A:00 X:01 Y:E8 P:A4 SP:27
# 8509  C9 0D    CMP CMP #$0D                     A:00 X:01 Y:E8 P:A4 SP:27
# 850B  F0 1E    BEQ BEQ #$1E                     A:00 X:01 Y:E8 P:A4 SP:27
8515  C9 0B    CMP CMP #$0B                     A:00 X:01 Y:E8 P:A4 SP:27
8517  F0 12    BEQ BEQ #$12                     A:00 X:01 Y:E8 P:A4 SP:27
8519  C9 09    CMP CMP #$09                     A:00 X:01 Y:E8 P:A4 SP:27
851B  B0 06    BCS BCS #$06                     A:00 X:01 Y:E8 P:A4 SP:27
851D  B5 1E    LDA LDA $1E,X                    A:00 X:01 Y:E8 P:A4 SP:27
851F  C9 02    CMP CMP #$02                     A:00 X:01 Y:E8 P:26 SP:27
8521  B0 08    BCS BCS #$08                     A:00 X:01 Y:E8 P:A4 SP:27
8523  AE EE 03 LDX LDX $03EE                    A:00 X:01 Y:E8 P:A4 SP:27
8526  BC EC 06 LDY LDY $06EC,X                  A:00 X:00 Y:E8 P:26 SP:27
8529  A6 08    LDX LDX $08                      A:00 X:00 Y:A0 P:A4 SP:27
852B  BD 1E 01 LDA LDA $011E,X                  A:00 X:01 Y:A0 P:24 SP:27
852E  C9 18    CMP CMP #$18                     A:36 X:01 Y:A0 P:24 SP:27
8530  90 05    BCC BCC #$05                     A:36 X:01 Y:A0 P:25 SP:27
8532  E9 01    SBC SBC #$01                     A:36 X:01 Y:A0 P:25 SP:27
8534  9D 1E 01 STA STA $011E,X                  A:35 X:01 Y:A0 P:25 SP:27
8537  BD 1E 01 LDA LDA $011E,X                  A:35 X:01 Y:A0 P:25 SP:27
853A  E9 08    SBC SBC #$08                     A:35 X:01 Y:A0 P:25 SP:27
853C  20 C1 E5 JSR JSR $E5C1                    A:2D X:01 Y:A0 P:25 SP:27
<L013> ×2
# sample:
# E5C1  99 04 02 STA STA $0204,Y                  A:2D X:01 Y:A0 P:25 SP:25
E5C7  60       RTS                              A:2D X:01 Y:A0 P:25 SP:25
853F  BD 17 01 LDA LDA $0117,X                  A:2D X:01 Y:A0 P:25 SP:27
8542  99 03 02 STA STA $0203,Y                  A:FF X:01 Y:A0 P:A5 SP:27
8545  18       CLC                              A:FF X:01 Y:A0 P:A5 SP:27
8546  69 08    ADC ADC #$08                     A:FF X:01 Y:A0 P:A4 SP:27
8548  99 07 02 STA STA $0207,Y                  A:07 X:01 Y:A0 P:25 SP:27
854B  A9 02    LDA LDA #$02                     A:07 X:01 Y:A0 P:25 SP:27
<L013> ×2
# sample:
# 854D  99 02 02 STA STA $0202,Y                  A:02 X:01 Y:A0 P:25 SP:27
8553  BD 10 01 LDA LDA $0110,X                  A:02 X:01 Y:A0 P:25 SP:27
8556  0A       ASL A                            A:0B X:01 Y:A0 P:25 SP:27
8557  AA       TAX                              A:16 X:01 Y:A0 P:24 SP:27
<L030> ×2
# sample:
# 8558  BD 9F 84 LDA LDA $849F,X                  A:16 X:16 Y:A0 P:24 SP:27
# 855B  99 01 02 STA STA $0201,Y                  A:FD X:16 Y:A0 P:A4 SP:27
8564  A6 08    LDX LDX $08                      A:FE X:16 Y:A0 P:A4 SP:27
8566  60       RTS                              A:FE X:01 Y:A0 P:24 SP:27
<L002> ×2
# sample:
# AF0B  E8       INX                              A:FE X:01 Y:A0 P:24 SP:29
# AF0C  E0 06    CPX CPX #$06                     A:FE X:02 Y:A0 P:24 SP:29
AF05  20 47 C0 JSR JSR $C047                    A:FE X:02 Y:A0 P:A4 SP:29
C047  B5 0F    LDA LDA $0F,X                    A:FE X:02 Y:A0 P:A4 SP:27
C049  48       PHA                              A:00 X:02 Y:A0 P:26 SP:27
C04A  0A       ASL A                            A:00 X:02 Y:A0 P:26 SP:26
C04B  B0 12    BCS BCS #$12                     A:00 X:02 Y:A0 P:26 SP:26
C04D  68       PLA                              A:00 X:02 Y:A0 P:26 SP:26
C04E  F0 03    BEQ BEQ #$03                     A:00 X:02 Y:A0 P:26 SP:27
C053  AD 1F 07 LDA LDA $071F                    A:00 X:02 Y:A0 P:26 SP:27
C056  29 07    AND AND #$07                     A:00 X:02 Y:A0 P:26 SP:27
C058  C9 07    CMP CMP #$07                     A:00 X:02 Y:A0 P:26 SP:27
C05A  F0 0E    BEQ BEQ #$0E                     A:00 X:02 Y:A0 P:A4 SP:27
C05C  4C CC C0 JMP JMP $C0CC                    A:00 X:02 Y:A0 P:A4 SP:27
<L001> ×2
# sample:
# C0CC  AD 45 07 LDA LDA $0745                    A:00 X:02 Y:A0 P:A4 SP:27
C12F  AD CD 06 LDA LDA $06CD                    A:00 X:02 Y:A0 P:26 SP:27
C132  F0 10    BEQ BEQ #$10                     A:00 X:02 Y:A0 P:26 SP:27
C144  AC 39 07 LDY LDY $0739                    A:00 X:02 Y:A0 P:26 SP:27
C147  B1 E9    LDA LDA ($E9),Y                  A:00 X:02 Y:03 P:24 SP:27
C149  C9 FF    CMP CMP #$FF                     A:6B X:02 Y:03 P:24 SP:27
<L017> ×2
# sample:
# C14B  D0 03    BNE BNE #$03                     A:6B X:02 Y:03 P:24 SP:27
C152  C9 0E    CMP CMP #$0E                     A:0B X:02 Y:03 P:24 SP:27
C154  F0 0E    BEQ BEQ #$0E                     A:0B X:02 Y:03 P:A4 SP:27
C156  E0 05    CPX CPX #$05                     A:0B X:02 Y:03 P:A4 SP:27
C158  90 0A    BCC BCC #$0A                     A:0B X:02 Y:03 P:A4 SP:27
C164  AD 1D 07 LDA LDA $071D                    A:0B X:02 Y:03 P:A4 SP:27
C167  18       CLC                              A:FF X:02 Y:03 P:A4 SP:27
C168  69 30    ADC ADC #$30                     A:FF X:02 Y:03 P:A4 SP:27
C16A  29 F0    AND AND #$F0                     A:2F X:02 Y:03 P:25 SP:27
C16C  85 07    STA STA $07                      A:20 X:02 Y:03 P:25 SP:27
C16E  AD 1B 07 LDA LDA $071B                    A:20 X:02 Y:03 P:25 SP:27
C171  69 00    ADC ADC #$00                     A:00 X:02 Y:03 P:27 SP:27
C173  85 06    STA STA $06                      A:01 X:02 Y:03 P:24 SP:27
C175  AC 39 07 LDY LDY $0739                    A:01 X:02 Y:03 P:24 SP:27
C178  C8       INY                              A:01 X:02 Y:03 P:24 SP:27
C179  B1 E9    LDA LDA ($E9),Y                  A:01 X:02 Y:04 P:24 SP:27
C17B  0A       ASL A                            A:06 X:02 Y:04 P:24 SP:27
C17C  90 0B    BCC BCC #$0B                     A:0C X:02 Y:04 P:24 SP:27
C189  88       DEY                              A:0C X:02 Y:04 P:24 SP:27
C18A  B1 E9    LDA LDA ($E9),Y                  A:0C X:02 Y:03 P:24 SP:27
C18C  29 0F    AND AND #$0F                     A:6B X:02 Y:03 P:24 SP:27
C18E  C9 0F    CMP CMP #$0F                     A:0B X:02 Y:03 P:24 SP:27
C190  D0 19    BNE BNE #$19                     A:0B X:02 Y:03 P:A4 SP:27
<L001> ×2
# sample:
# C1AB  AD 3A 07 LDA LDA $073A                    A:0B X:02 Y:03 P:A4 SP:27
C1B0  B1 E9    LDA LDA ($E9),Y                  A:01 X:02 Y:03 P:24 SP:27
C1B2  29 F0    AND AND #$F0                     A:6B X:02 Y:03 P:24 SP:27
C1B4  95 87    STA STA $87,X                    A:60 X:02 Y:03 P:24 SP:27
C1B6  CD 1D 07 CMP CMP $071D                    A:60 X:02 Y:03 P:24 SP:27
C1B9  B5 6E    LDA LDA $6E,X                    A:60 X:02 Y:03 P:24 SP:27
<L002> ×2
# sample:
# C1BB  ED 1B 07 SBC SBC $071B                    A:01 X:02 Y:03 P:24 SP:27
# C1BE  B0 0B    BCS BCS #$0B                     A:00 X:02 Y:03 P:27 SP:27
C1CF  A5 06    LDA LDA $06                      A:20 X:02 Y:03 P:A4 SP:27
C1D1  F5 6E    SBC SBC $6E,X                    A:01 X:02 Y:03 P:24 SP:27
C1D3  90 41    BCC BCC #$41                     A:FF X:02 Y:03 P:A4 SP:27
C216  AD CB 06 LDA LDA $06CB                    A:FF X:02 Y:03 P:A4 SP:27
C219  D0 09    BNE BNE #$09                     A:00 X:02 Y:03 P:26 SP:27
C21B  AD 98 03 LDA LDA $0398                    A:00 X:02 Y:03 P:26 SP:27
C21E  C9 01    CMP CMP #$01                     A:00 X:02 Y:03 P:26 SP:27
C220  D0 0B    BNE BNE #$0B                     A:00 X:02 Y:03 P:A4 SP:27
C22D  60       RTS                              A:00 X:02 Y:03 P:A4 SP:27
AF08  20 C3 84 JSR JSR $84C3                    A:00 X:02 Y:03 P:A4 SP:29
84C3  BD 10 01 LDA LDA $0110,X                  A:00 X:02 Y:03 P:A4 SP:27
84C6  F0 BE    BEQ BEQ #$BE                     A:FF X:02 Y:03 P:A4 SP:27
84C8  C9 0B    CMP CMP #$0B                     A:FF X:02 Y:03 P:A4 SP:27
<L001> ×3
# sample:
# 84CA  90 05    BCC BCC #$05                     A:FF X:02 Y:03 P:A5 SP:27
84D1  A8       TAY                              A:0B X:02 Y:03 P:25 SP:27
84D2  BD 2C 01 LDA LDA $012C,X                  A:0B X:02 Y:0B P:25 SP:27
84D5  D0 04    BNE BNE #$04                     A:10 X:02 Y:0B P:25 SP:27
<L001> ×2
# sample:
# 84DB  DE 2C 01 DEC DEC $012C,X                  A:10 X:02 Y:0B P:25 SP:27
84E0  D0 1E    BNE BNE #$1E                     A:10 X:02 Y:0B P:A4 SP:27
8500  BC E5 06 LDY LDY $06E5,X                  A:10 X:02 Y:0B P:A4 SP:27
8503  B5 16    LDA LDA $16,X                    A:10 X:02 Y:28 P:24 SP:27
<L029> ×2
# sample:
# 8505  C9 12    CMP CMP #$12                     A:00 X:02 Y:28 P:26 SP:27
# 8507  F0 22    BEQ BEQ #$22                     A:00 X:02 Y:28 P:A4 SP:27
# 8509  C9 0D    CMP CMP #$0D                     A:00 X:02 Y:28 P:A4 SP:27
# 850B  F0 1E    BEQ BEQ #$1E                     A:00 X:02 Y:28 P:A4 SP:27
8515  C9 0B    CMP CMP #$0B                     A:00 X:02 Y:28 P:A4 SP:27
8517  F0 12    BEQ BEQ #$12                     A:00 X:02 Y:28 P:A4 SP:27
8519  C9 09    CMP CMP #$09                     A:00 X:02 Y:28 P:A4 SP:27
851B  B0 06    BCS BCS #$06                     A:00 X:02 Y:28 P:A4 SP:27
851D  B5 1E    LDA LDA $1E,X                    A:00 X:02 Y:28 P:A4 SP:27
851F  C9 02    CMP CMP #$02                     A:00 X:02 Y:28 P:26 SP:27
8521  B0 08    BCS BCS #$08                     A:00 X:02 Y:28 P:A4 SP:27
8523  AE EE 03 LDX LDX $03EE                    A:00 X:02 Y:28 P:A4 SP:27
8526  BC EC 06 LDY LDY $06EC,X                  A:00 X:00 Y:28 P:26 SP:27
8529  A6 08    LDX LDX $08                      A:00 X:00 Y:A0 P:A4 SP:27
852B  BD 1E 01 LDA LDA $011E,X                  A:00 X:02 Y:A0 P:24 SP:27
852E  C9 18    CMP CMP #$18                     A:FE X:02 Y:A0 P:A4 SP:27
8530  90 05    BCC BCC #$05                     A:FE X:02 Y:A0 P:A5 SP:27
8532  E9 01    SBC SBC #$01                     A:FE X:02 Y:A0 P:A5 SP:27
8534  9D 1E 01 STA STA $011E,X                  A:FD X:02 Y:A0 P:A5 SP:27
8537  BD 1E 01 LDA LDA $011E,X                  A:FD X:02 Y:A0 P:A5 SP:27
853A  E9 08    SBC SBC #$08                     A:FD X:02 Y:A0 P:A5 SP:27
853C  20 C1 E5 JSR JSR $E5C1                    A:F5 X:02 Y:A0 P:A5 SP:27
<L013> ×2
# sample:
# E5C1  99 04 02 STA STA $0204,Y                  A:F5 X:02 Y:A0 P:A5 SP:25
E5C7  60       RTS                              A:F5 X:02 Y:A0 P:A5 SP:25
853F  BD 17 01 LDA LDA $0117,X                  A:F5 X:02 Y:A0 P:A5 SP:27
8542  99 03 02 STA STA $0203,Y                  A:36 X:02 Y:A0 P:25 SP:27
8545  18       CLC                              A:36 X:02 Y:A0 P:25 SP:27
8546  69 08    ADC ADC #$08                     A:36 X:02 Y:A0 P:24 SP:27
8548  99 07 02 STA STA $0207,Y                  A:3E X:02 Y:A0 P:24 SP:27
854B  A9 02    LDA LDA #$02                     A:3E X:02 Y:A0 P:24 SP:27
<L013> ×2
# sample:
# 854D  99 02 02 STA STA $0202,Y                  A:02 X:02 Y:A0 P:24 SP:27
8553  BD 10 01 LDA LDA $0110,X                  A:02 X:02 Y:A0 P:24 SP:27
8556  0A       ASL A                            A:0B X:02 Y:A0 P:24 SP:27
8557  AA       TAX                              A:16 X:02 Y:A0 P:24 SP:27
<L030> ×2
# sample:
# 8558  BD 9F 84 LDA LDA $849F,X                  A:16 X:16 Y:A0 P:24 SP:27
# 855B  99 01 02 STA STA $0201,Y                  A:FD X:16 Y:A0 P:A4 SP:27
8564  A6 08    LDX LDX $08                      A:FE X:16 Y:A0 P:A4 SP:27
8566  60       RTS                              A:FE X:02 Y:A0 P:24 SP:27
<L002> ×2
# sample:
# AF0B  E8       INX                              A:FE X:02 Y:A0 P:24 SP:29
# AF0C  E0 06    CPX CPX #$06                     A:FE X:03 Y:A0 P:24 SP:29
AF05  20 47 C0 JSR JSR $C047                    A:FE X:03 Y:A0 P:A4 SP:29
C047  B5 0F    LDA LDA $0F,X                    A:FE X:03 Y:A0 P:A4 SP:27
C049  48       PHA                              A:00 X:03 Y:A0 P:26 SP:27
C04A  0A       ASL A                            A:00 X:03 Y:A0 P:26 SP:26
C04B  B0 12    BCS BCS #$12                     A:00 X:03 Y:A0 P:26 SP:26
C04D  68       PLA                              A:00 X:03 Y:A0 P:26 SP:26
C04E  F0 03    BEQ BEQ #$03                     A:00 X:03 Y:A0 P:26 SP:27
C053  AD 1F 07 LDA LDA $071F                    A:00 X:03 Y:A0 P:26 SP:27
C056  29 07    AND AND #$07                     A:00 X:03 Y:A0 P:26 SP:27
C058  C9 07    CMP CMP #$07                     A:00 X:03 Y:A0 P:26 SP:27
C05A  F0 0E    BEQ BEQ #$0E                     A:00 X:03 Y:A0 P:A4 SP:27
C05C  4C CC C0 JMP JMP $C0CC                    A:00 X:03 Y:A0 P:A4 SP:27
<L001> ×2
# sample:
# C0CC  AD 45 07 LDA LDA $0745                    A:00 X:03 Y:A0 P:A4 SP:27
C12F  AD CD 06 LDA LDA $06CD                    A:00 X:03 Y:A0 P:26 SP:27
C132  F0 10    BEQ BEQ #$10                     A:00 X:03 Y:A0 P:26 SP:27
C144  AC 39 07 LDY LDY $0739                    A:00 X:03 Y:A0 P:26 SP:27
C147  B1 E9    LDA LDA ($E9),Y                  A:00 X:03 Y:03 P:24 SP:27
C149  C9 FF    CMP CMP #$FF                     A:6B X:03 Y:03 P:24 SP:27
<L017> ×2
# sample:
# C14B  D0 03    BNE BNE #$03                     A:6B X:03 Y:03 P:24 SP:27
C152  C9 0E    CMP CMP #$0E                     A:0B X:03 Y:03 P:24 SP:27
C154  F0 0E    BEQ BEQ #$0E                     A:0B X:03 Y:03 P:A4 SP:27
C156  E0 05    CPX CPX #$05                     A:0B X:03 Y:03 P:A4 SP:27
C158  90 0A    BCC BCC #$0A                     A:0B X:03 Y:03 P:A4 SP:27
C164  AD 1D 07 LDA LDA $071D                    A:0B X:03 Y:03 P:A4 SP:27
C167  18       CLC                              A:FF X:03 Y:03 P:A4 SP:27
C168  69 30    ADC ADC #$30                     A:FF X:03 Y:03 P:A4 SP:27
C16A  29 F0    AND AND #$F0                     A:2F X:03 Y:03 P:25 SP:27
C16C  85 07    STA STA $07                      A:20 X:03 Y:03 P:25 SP:27
C16E  AD 1B 07 LDA LDA $071B                    A:20 X:03 Y:03 P:25 SP:27
C171  69 00    ADC ADC #$00                     A:00 X:03 Y:03 P:27 SP:27
C173  85 06    STA STA $06                      A:01 X:03 Y:03 P:24 SP:27
C175  AC 39 07 LDY LDY $0739                    A:01 X:03 Y:03 P:24 SP:27
C178  C8       INY                              A:01 X:03 Y:03 P:24 SP:27
C179  B1 E9    LDA LDA ($E9),Y                  A:01 X:03 Y:04 P:24 SP:27
C17B  0A       ASL A                            A:06 X:03 Y:04 P:24 SP:27
C17C  90 0B    BCC BCC #$0B                     A:0C X:03 Y:04 P:24 SP:27
C189  88       DEY                              A:0C X:03 Y:04 P:24 SP:27
C18A  B1 E9    LDA LDA ($E9),Y                  A:0C X:03 Y:03 P:24 SP:27
C18C  29 0F    AND AND #$0F                     A:6B X:03 Y:03 P:24 SP:27
C18E  C9 0F    CMP CMP #$0F                     A:0B X:03 Y:03 P:24 SP:27
C190  D0 19    BNE BNE #$19                     A:0B X:03 Y:03 P:A4 SP:27
<L001> ×2
# sample:
# C1AB  AD 3A 07 LDA LDA $073A                    A:0B X:03 Y:03 P:A4 SP:27
C1B0  B1 E9    LDA LDA ($E9),Y                  A:01 X:03 Y:03 P:24 SP:27
C1B2  29 F0    AND AND #$F0                     A:6B X:03 Y:03 P:24 SP:27
C1B4  95 87    STA STA $87,X                    A:60 X:03 Y:03 P:24 SP:27
C1B6  CD 1D 07 CMP CMP $071D                    A:60 X:03 Y:03 P:24 SP:27
C1B9  B5 6E    LDA LDA $6E,X                    A:60 X:03 Y:03 P:24 SP:27
<L002> ×2
# sample:
# C1BB  ED 1B 07 SBC SBC $071B                    A:01 X:03 Y:03 P:24 SP:27
# C1BE  B0 0B    BCS BCS #$0B                     A:00 X:03 Y:03 P:27 SP:27
C1CF  A5 06    LDA LDA $06                      A:20 X:03 Y:03 P:A4 SP:27
C1D1  F5 6E    SBC SBC $6E,X                    A:01 X:03 Y:03 P:24 SP:27
C1D3  90 41    BCC BCC #$41                     A:FF X:03 Y:03 P:A4 SP:27
C216  AD CB 06 LDA LDA $06CB                    A:FF X:03 Y:03 P:A4 SP:27
C219  D0 09    BNE BNE #$09                     A:00 X:03 Y:03 P:26 SP:27
C21B  AD 98 03 LDA LDA $0398                    A:00 X:03 Y:03 P:26 SP:27
C21E  C9 01    CMP CMP #$01                     A:00 X:03 Y:03 P:26 SP:27
C220  D0 0B    BNE BNE #$0B                     A:00 X:03 Y:03 P:A4 SP:27
C22D  60       RTS                              A:00 X:03 Y:03 P:A4 SP:27
AF08  20 C3 84 JSR JSR $84C3                    A:00 X:03 Y:03 P:A4 SP:29
84C3  BD 10 01 LDA LDA $0110,X                  A:00 X:03 Y:03 P:A4 SP:27
84C6  F0 BE    BEQ BEQ #$BE                     A:36 X:03 Y:03 P:24 SP:27
84C8  C9 0B    CMP CMP #$0B                     A:36 X:03 Y:03 P:24 SP:27
<L001> ×3
# sample:
# 84CA  90 05    BCC BCC #$05                     A:36 X:03 Y:03 P:25 SP:27
84D1  A8       TAY                              A:0B X:03 Y:03 P:25 SP:27
84D2  BD 2C 01 LDA LDA $012C,X                  A:0B X:03 Y:0B P:25 SP:27
84D5  D0 04    BNE BNE #$04                     A:26 X:03 Y:0B P:25 SP:27
<L001> ×2
# sample:
# 84DB  DE 2C 01 DEC DEC $012C,X                  A:26 X:03 Y:0B P:25 SP:27
84E0  D0 1E    BNE BNE #$1E                     A:26 X:03 Y:0B P:A4 SP:27
8500  BC E5 06 LDY LDY $06E5,X                  A:26 X:03 Y:0B P:A4 SP:27
8503  B5 16    LDA LDA $16,X                    A:26 X:03 Y:40 P:24 SP:27
<L029> ×2
# sample:
# 8505  C9 12    CMP CMP #$12                     A:00 X:03 Y:40 P:26 SP:27
# 8507  F0 22    BEQ BEQ #$22                     A:00 X:03 Y:40 P:A4 SP:27
# 8509  C9 0D    CMP CMP #$0D                     A:00 X:03 Y:40 P:A4 SP:27
# 850B  F0 1E    BEQ BEQ #$1E                     A:00 X:03 Y:40 P:A4 SP:27
8515  C9 0B    CMP CMP #$0B                     A:00 X:03 Y:40 P:A4 SP:27
8517  F0 12    BEQ BEQ #$12                     A:00 X:03 Y:40 P:A4 SP:27
8519  C9 09    CMP CMP #$09                     A:00 X:03 Y:40 P:A4 SP:27
851B  B0 06    BCS BCS #$06                     A:00 X:03 Y:40 P:A4 SP:27
851D  B5 1E    LDA LDA $1E,X                    A:00 X:03 Y:40 P:A4 SP:27
851F  C9 02    CMP CMP #$02                     A:00 X:03 Y:40 P:26 SP:27
8521  B0 08    BCS BCS #$08                     A:00 X:03 Y:40 P:A4 SP:27
8523  AE EE 03 LDX LDX $03EE                    A:00 X:03 Y:40 P:A4 SP:27
8526  BC EC 06 LDY LDY $06EC,X                  A:00 X:00 Y:40 P:26 SP:27
8529  A6 08    LDX LDX $08                      A:00 X:00 Y:A0 P:A4 SP:27
852B  BD 1E 01 LDA LDA $011E,X                  A:00 X:03 Y:A0 P:24 SP:27
852E  C9 18    CMP CMP #$18                     A:FF X:03 Y:A0 P:A4 SP:27
8530  90 05    BCC BCC #$05                     A:FF X:03 Y:A0 P:A5 SP:27
8532  E9 01    SBC SBC #$01                     A:FF X:03 Y:A0 P:A5 SP:27
8534  9D 1E 01 STA STA $011E,X                  A:FE X:03 Y:A0 P:A5 SP:27
8537  BD 1E 01 LDA LDA $011E,X                  A:FE X:03 Y:A0 P:A5 SP:27
853A  E9 08    SBC SBC #$08                     A:FE X:03 Y:A0 P:A5 SP:27
853C  20 C1 E5 JSR JSR $E5C1                    A:F6 X:03 Y:A0 P:A5 SP:27
<L013> ×2
# sample:
# E5C1  99 04 02 STA STA $0204,Y                  A:F6 X:03 Y:A0 P:A5 SP:25
E5C7  60       RTS                              A:F6 X:03 Y:A0 P:A5 SP:25
853F  BD 17 01 LDA LDA $0117,X                  A:F6 X:03 Y:A0 P:A5 SP:27
8542  99 03 02 STA STA $0203,Y                  A:FE X:03 Y:A0 P:A5 SP:27
8545  18       CLC                              A:FE X:03 Y:A0 P:A5 SP:27
8546  69 08    ADC ADC #$08                     A:FE X:03 Y:A0 P:A4 SP:27
8548  99 07 02 STA STA $0207,Y                  A:06 X:03 Y:A0 P:25 SP:27
854B  A9 02    LDA LDA #$02                     A:06 X:03 Y:A0 P:25 SP:27
<L013> ×2
# sample:
# 854D  99 02 02 STA STA $0202,Y                  A:02 X:03 Y:A0 P:25 SP:27
8553  BD 10 01 LDA LDA $0110,X                  A:02 X:03 Y:A0 P:25 SP:27
8556  0A       ASL A                            A:0B X:03 Y:A0 P:25 SP:27
8557  AA       TAX                              A:16 X:03 Y:A0 P:24 SP:27
<L030> ×2
# sample:
# 8558  BD 9F 84 LDA LDA $849F,X                  A:16 X:16 Y:A0 P:24 SP:27
# 855B  99 01 02 STA STA $0201,Y                  A:FD X:16 Y:A0 P:A4 SP:27
8564  A6 08    LDX LDX $08                      A:FE X:16 Y:A0 P:A4 SP:27
8566  60       RTS                              A:FE X:03 Y:A0 P:24 SP:27
<L002> ×2
# sample:
# AF0B  E8       INX                              A:FE X:03 Y:A0 P:24 SP:29
# AF0C  E0 06    CPX CPX #$06                     A:FE X:04 Y:A0 P:24 SP:29
AF05  20 47 C0 JSR JSR $C047                    A:FE X:04 Y:A0 P:A4 SP:29
C047  B5 0F    LDA LDA $0F,X                    A:FE X:04 Y:A0 P:A4 SP:27
C049  48       PHA                              A:00 X:04 Y:A0 P:26 SP:27
C04A  0A       ASL A                            A:00 X:04 Y:A0 P:26 SP:26
C04B  B0 12    BCS BCS #$12                     A:00 X:04 Y:A0 P:26 SP:26
C04D  68       PLA                              A:00 X:04 Y:A0 P:26 SP:26
C04E  F0 03    BEQ BEQ #$03                     A:00 X:04 Y:A0 P:26 SP:27
C053  AD 1F 07 LDA LDA $071F                    A:00 X:04 Y:A0 P:26 SP:27
C056  29 07    AND AND #$07                     A:00 X:04 Y:A0 P:26 SP:27
C058  C9 07    CMP CMP #$07                     A:00 X:04 Y:A0 P:26 SP:27
C05A  F0 0E    BEQ BEQ #$0E                     A:00 X:04 Y:A0 P:A4 SP:27
C05C  4C CC C0 JMP JMP $C0CC                    A:00 X:04 Y:A0 P:A4 SP:27
<L001> ×2
# sample:
# C0CC  AD 45 07 LDA LDA $0745                    A:00 X:04 Y:A0 P:A4 SP:27
C12F  AD CD 06 LDA LDA $06CD                    A:00 X:04 Y:A0 P:26 SP:27
C132  F0 10    BEQ BEQ #$10                     A:00 X:04 Y:A0 P:26 SP:27
C144  AC 39 07 LDY LDY $0739                    A:00 X:04 Y:A0 P:26 SP:27
C147  B1 E9    LDA LDA ($E9),Y                  A:00 X:04 Y:03 P:24 SP:27
C149  C9 FF    CMP CMP #$FF                     A:6B X:04 Y:03 P:24 SP:27
<L017> ×2
# sample:
# C14B  D0 03    BNE BNE #$03                     A:6B X:04 Y:03 P:24 SP:27
C152  C9 0E    CMP CMP #$0E                     A:0B X:04 Y:03 P:24 SP:27
C154  F0 0E    BEQ BEQ #$0E                     A:0B X:04 Y:03 P:A4 SP:27
C156  E0 05    CPX CPX #$05                     A:0B X:04 Y:03 P:A4 SP:27
C158  90 0A    BCC BCC #$0A                     A:0B X:04 Y:03 P:A4 SP:27
C164  AD 1D 07 LDA LDA $071D                    A:0B X:04 Y:03 P:A4 SP:27
C167  18       CLC                              A:FF X:04 Y:03 P:A4 SP:27
C168  69 30    ADC ADC #$30                     A:FF X:04 Y:03 P:A4 SP:27
C16A  29 F0    AND AND #$F0                     A:2F X:04 Y:03 P:25 SP:27
C16C  85 07    STA STA $07                      A:20 X:04 Y:03 P:25 SP:27
C16E  AD 1B 07 LDA LDA $071B                    A:20 X:04 Y:03 P:25 SP:27
C171  69 00    ADC ADC #$00                     A:00 X:04 Y:03 P:27 SP:27
C173  85 06    STA STA $06                      A:01 X:04 Y:03 P:24 SP:27
C175  AC 39 07 LDY LDY $0739                    A:01 X:04 Y:03 P:24 SP:27
C178  C8       INY                              A:01 X:04 Y:03 P:24 SP:27
C179  B1 E9    LDA LDA ($E9),Y                  A:01 X:04 Y:04 P:24 SP:27
C17B  0A       ASL A                            A:06 X:04 Y:04 P:24 SP:27
C17C  90 0B    BCC BCC #$0B                     A:0C X:04 Y:04 P:24 SP:27
C189  88       DEY                              A:0C X:04 Y:04 P:24 SP:27
C18A  B1 E9    LDA LDA ($E9),Y                  A:0C X:04 Y:03 P:24 SP:27
C18C  29 0F    AND AND #$0F                     A:6B X:04 Y:03 P:24 SP:27
C18E  C9 0F    CMP CMP #$0F                     A:0B X:04 Y:03 P:24 SP:27
C190  D0 19    BNE BNE #$19                     A:0B X:04 Y:03 P:A4 SP:27
<L001> ×2
# sample:
# C1AB  AD 3A 07 LDA LDA $073A                    A:0B X:04 Y:03 P:A4 SP:27
C1B0  B1 E9    LDA LDA ($E9),Y                  A:01 X:04 Y:03 P:24 SP:27
C1B2  29 F0    AND AND #$F0                     A:6B X:04 Y:03 P:24 SP:27
C1B4  95 87    STA STA $87,X                    A:60 X:04 Y:03 P:24 SP:27
C1B6  CD 1D 07 CMP CMP $071D                    A:60 X:04 Y:03 P:24 SP:27
C1B9  B5 6E    LDA LDA $6E,X                    A:60 X:04 Y:03 P:24 SP:27
<L002> ×2
# sample:
# C1BB  ED 1B 07 SBC SBC $071B                    A:01 X:04 Y:03 P:24 SP:27
# C1BE  B0 0B    BCS BCS #$0B                     A:00 X:04 Y:03 P:27 SP:27
C1CF  A5 06    LDA LDA $06                      A:20 X:04 Y:03 P:A4 SP:27
C1D1  F5 6E    SBC SBC $6E,X                    A:01 X:04 Y:03 P:24 SP:27
C1D3  90 41    BCC BCC #$41                     A:FF X:04 Y:03 P:A4 SP:27
C216  AD CB 06 LDA LDA $06CB                    A:FF X:04 Y:03 P:A4 SP:27
C219  D0 09    BNE BNE #$09                     A:00 X:04 Y:03 P:26 SP:27
C21B  AD 98 03 LDA LDA $0398                    A:00 X:04 Y:03 P:26 SP:27
C21E  C9 01    CMP CMP #$01                     A:00 X:04 Y:03 P:26 SP:27
C220  D0 0B    BNE BNE #$0B                     A:00 X:04 Y:03 P:A4 SP:27
C22D  60       RTS                              A:00 X:04 Y:03 P:A4 SP:27
AF08  20 C3 84 JSR JSR $84C3                    A:00 X:04 Y:03 P:A4 SP:29
84C3  BD 10 01 LDA LDA $0110,X                  A:00 X:04 Y:03 P:A4 SP:27
84C6  F0 BE    BEQ BEQ #$BE                     A:FE X:04 Y:03 P:A4 SP:27
84C8  C9 0B    CMP CMP #$0B                     A:FE X:04 Y:03 P:A4 SP:27
<L001> ×3
# sample:
# 84CA  90 05    BCC BCC #$05                     A:FE X:04 Y:03 P:A5 SP:27
84D1  A8       TAY                              A:0B X:04 Y:03 P:25 SP:27
84D2  BD 2C 01 LDA LDA $012C,X                  A:0B X:04 Y:0B P:25 SP:27
84D5  D0 04    BNE BNE #$04                     A:F0 X:04 Y:0B P:A5 SP:27
<L001> ×2
# sample:
# 84DB  DE 2C 01 DEC DEC $012C,X                  A:F0 X:04 Y:0B P:A5 SP:27
84E0  D0 1E    BNE BNE #$1E                     A:F0 X:04 Y:0B P:A5 SP:27
8500  BC E5 06 LDY LDY $06E5,X                  A:F0 X:04 Y:0B P:A5 SP:27
8503  B5 16    LDA LDA $16,X                    A:F0 X:04 Y:58 P:25 SP:27
<L029> ×2
# sample:
# 8505  C9 12    CMP CMP #$12                     A:00 X:04 Y:58 P:27 SP:27
# 8507  F0 22    BEQ BEQ #$22                     A:00 X:04 Y:58 P:A4 SP:27
# 8509  C9 0D    CMP CMP #$0D                     A:00 X:04 Y:58 P:A4 SP:27
# 850B  F0 1E    BEQ BEQ #$1E                     A:00 X:04 Y:58 P:A4 SP:27
8515  C9 0B    CMP CMP #$0B                     A:00 X:04 Y:58 P:A4 SP:27
8517  F0 12    BEQ BEQ #$12                     A:00 X:04 Y:58 P:A4 SP:27
8519  C9 09    CMP CMP #$09                     A:00 X:04 Y:58 P:A4 SP:27
851B  B0 06    BCS BCS #$06                     A:00 X:04 Y:58 P:A4 SP:27
851D  B5 1E    LDA LDA $1E,X                    A:00 X:04 Y:58 P:A4 SP:27
851F  C9 02    CMP CMP #$02                     A:00 X:04 Y:58 P:26 SP:27
8521  B0 08    BCS BCS #$08                     A:00 X:04 Y:58 P:A4 SP:27
8523  AE EE 03 LDX LDX $03EE                    A:00 X:04 Y:58 P:A4 SP:27
8526  BC EC 06 LDY LDY $06EC,X                  A:00 X:00 Y:58 P:26 SP:27
8529  A6 08    LDX LDX $08                      A:00 X:00 Y:A0 P:A4 SP:27
852B  BD 1E 01 LDA LDA $011E,X                  A:00 X:04 Y:A0 P:24 SP:27
852E  C9 18    CMP CMP #$18                     A:36 X:04 Y:A0 P:24 SP:27
8530  90 05    BCC BCC #$05                     A:36 X:04 Y:A0 P:25 SP:27
8532  E9 01    SBC SBC #$01                     A:36 X:04 Y:A0 P:25 SP:27
8534  9D 1E 01 STA STA $011E,X                  A:35 X:04 Y:A0 P:25 SP:27
8537  BD 1E 01 LDA LDA $011E,X                  A:35 X:04 Y:A0 P:25 SP:27
853A  E9 08    SBC SBC #$08                     A:35 X:04 Y:A0 P:25 SP:27
853C  20 C1 E5 JSR JSR $E5C1                    A:2D X:04 Y:A0 P:25 SP:27
<L013> ×2
# sample:
# E5C1  99 04 02 STA STA $0204,Y                  A:2D X:04 Y:A0 P:25 SP:25
E5C7  60       RTS                              A:2D X:04 Y:A0 P:25 SP:25
853F  BD 17 01 LDA LDA $0117,X                  A:2D X:04 Y:A0 P:25 SP:27
8542  99 03 02 STA STA $0203,Y                  A:FF X:04 Y:A0 P:A5 SP:27
8545  18       CLC                              A:FF X:04 Y:A0 P:A5 SP:27
8546  69 08    ADC ADC #$08                     A:FF X:04 Y:A0 P:A4 SP:27
8548  99 07 02 STA STA $0207,Y                  A:07 X:04 Y:A0 P:25 SP:27
854B  A9 02    LDA LDA #$02                     A:07 X:04 Y:A0 P:25 SP:27
<L013> ×2
# sample:
# 854D  99 02 02 STA STA $0202,Y                  A:02 X:04 Y:A0 P:25 SP:27
8553  BD 10 01 LDA LDA $0110,X                  A:02 X:04 Y:A0 P:25 SP:27
8556  0A       ASL A                            A:0B X:04 Y:A0 P:25 SP:27
8557  AA       TAX                              A:16 X:04 Y:A0 P:24 SP:27
<L030> ×2
# sample:
# 8558  BD 9F 84 LDA LDA $849F,X                  A:16 X:16 Y:A0 P:24 SP:27
# 855B  99 01 02 STA STA $0201,Y                  A:FD X:16 Y:A0 P:A4 SP:27
8564  A6 08    LDX LDX $08                      A:FE X:16 Y:A0 P:A4 SP:27
8566  60       RTS                              A:FE X:04 Y:A0 P:24 SP:27
<L002> ×2
# sample:
# AF0B  E8       INX                              A:FE X:04 Y:A0 P:24 SP:29
# AF0C  E0 06    CPX CPX #$06                     A:FE X:05 Y:A0 P:24 SP:29
AF05  20 47 C0 JSR JSR $C047                    A:FE X:05 Y:A0 P:A4 SP:29
C047  B5 0F    LDA LDA $0F,X                    A:FE X:05 Y:A0 P:A4 SP:27
C049  48       PHA                              A:00 X:05 Y:A0 P:26 SP:27
C04A  0A       ASL A                            A:00 X:05 Y:A0 P:26 SP:26
C04B  B0 12    BCS BCS #$12                     A:00 X:05 Y:A0 P:26 SP:26
C04D  68       PLA                              A:00 X:05 Y:A0 P:26 SP:26
C04E  F0 03    BEQ BEQ #$03                     A:00 X:05 Y:A0 P:26 SP:27
C053  AD 1F 07 LDA LDA $071F                    A:00 X:05 Y:A0 P:26 SP:27
C056  29 07    AND AND #$07                     A:00 X:05 Y:A0 P:26 SP:27
C058  C9 07    CMP CMP #$07                     A:00 X:05 Y:A0 P:26 SP:27
C05A  F0 0E    BEQ BEQ #$0E                     A:00 X:05 Y:A0 P:A4 SP:27
C05C  4C CC C0 JMP JMP $C0CC                    A:00 X:05 Y:A0 P:A4 SP:27
<L001> ×2
# sample:
# C0CC  AD 45 07 LDA LDA $0745                    A:00 X:05 Y:A0 P:A4 SP:27
C12F  AD CD 06 LDA LDA $06CD                    A:00 X:05 Y:A0 P:26 SP:27
C132  F0 10    BEQ BEQ #$10                     A:00 X:05 Y:A0 P:26 SP:27
C144  AC 39 07 LDY LDY $0739                    A:00 X:05 Y:A0 P:26 SP:27
C147  B1 E9    LDA LDA ($E9),Y                  A:00 X:05 Y:03 P:24 SP:27
C149  C9 FF    CMP CMP #$FF                     A:6B X:05 Y:03 P:24 SP:27
<L017> ×2
# sample:
# C14B  D0 03    BNE BNE #$03                     A:6B X:05 Y:03 P:24 SP:27
C152  C9 0E    CMP CMP #$0E                     A:0B X:05 Y:03 P:24 SP:27
C154  F0 0E    BEQ BEQ #$0E                     A:0B X:05 Y:03 P:A4 SP:27
C156  E0 05    CPX CPX #$05                     A:0B X:05 Y:03 P:A4 SP:27
C158  90 0A    BCC BCC #$0A                     A:0B X:05 Y:03 P:27 SP:27
C15A  C8       INY                              A:0B X:05 Y:03 P:27 SP:27
C15B  B1 E9    LDA LDA ($E9),Y                  A:0B X:05 Y:04 P:25 SP:27
C15D  29 3F    AND AND #$3F                     A:06 X:05 Y:04 P:25 SP:27
C15F  C9 2E    CMP CMP #$2E                     A:06 X:05 Y:04 P:25 SP:27
C161  F0 01    BEQ BEQ #$01                     A:06 X:05 Y:04 P:A4 SP:27
C163  60       RTS                              A:06 X:05 Y:04 P:A4 SP:27
AF08  20 C3 84 JSR JSR $84C3                    A:06 X:05 Y:04 P:A4 SP:29
84C3  BD 10 01 LDA LDA $0110,X                  A:06 X:05 Y:04 P:A4 SP:27
84C6  F0 BE    BEQ BEQ #$BE                     A:FF X:05 Y:04 P:A4 SP:27
84C8  C9 0B    CMP CMP #$0B                     A:FF X:05 Y:04 P:A4 SP:27
<L001> ×3
# sample:
# 84CA  90 05    BCC BCC #$05                     A:FF X:05 Y:04 P:A5 SP:27
84D1  A8       TAY                              A:0B X:05 Y:04 P:25 SP:27
84D2  BD 2C 01 LDA LDA $012C,X                  A:0B X:05 Y:0B P:25 SP:27
84D5  D0 04    BNE BNE #$04                     A:FF X:05 Y:0B P:A5 SP:27
<L001> ×2
# sample:
# 84DB  DE 2C 01 DEC DEC $012C,X                  A:FF X:05 Y:0B P:A5 SP:27
84E0  D0 1E    BNE BNE #$1E                     A:FF X:05 Y:0B P:A5 SP:27
8500  BC E5 06 LDY LDY $06E5,X                  A:FF X:05 Y:0B P:A5 SP:27
8503  B5 16    LDA LDA $16,X                    A:FF X:05 Y:70 P:25 SP:27
<L029> ×2
# sample:
# 8505  C9 12    CMP CMP #$12                     A:00 X:05 Y:70 P:27 SP:27
# 8507  F0 22    BEQ BEQ #$22                     A:00 X:05 Y:70 P:A4 SP:27
# 8509  C9 0D    CMP CMP #$0D                     A:00 X:05 Y:70 P:A4 SP:27
# 850B  F0 1E    BEQ BEQ #$1E                     A:00 X:05 Y:70 P:A4 SP:27
8515  C9 0B    CMP CMP #$0B                     A:00 X:05 Y:70 P:A4 SP:27
8517  F0 12    BEQ BEQ #$12                     A:00 X:05 Y:70 P:A4 SP:27
8519  C9 09    CMP CMP #$09                     A:00 X:05 Y:70 P:A4 SP:27
851B  B0 06    BCS BCS #$06                     A:00 X:05 Y:70 P:A4 SP:27
851D  B5 1E    LDA LDA $1E,X                    A:00 X:05 Y:70 P:A4 SP:27
851F  C9 02    CMP CMP #$02                     A:00 X:05 Y:70 P:26 SP:27
8521  B0 08    BCS BCS #$08                     A:00 X:05 Y:70 P:A4 SP:27
8523  AE EE 03 LDX LDX $03EE                    A:00 X:05 Y:70 P:A4 SP:27
8526  BC EC 06 LDY LDY $06EC,X                  A:00 X:00 Y:70 P:26 SP:27
8529  A6 08    LDX LDX $08                      A:00 X:00 Y:A0 P:A4 SP:27
852B  BD 1E 01 LDA LDA $011E,X                  A:00 X:05 Y:A0 P:24 SP:27
852E  C9 18    CMP CMP #$18                     A:FE X:05 Y:A0 P:A4 SP:27
8530  90 05    BCC BCC #$05                     A:FE X:05 Y:A0 P:A5 SP:27
8532  E9 01    SBC SBC #$01                     A:FE X:05 Y:A0 P:A5 SP:27
8534  9D 1E 01 STA STA $011E,X                  A:FD X:05 Y:A0 P:A5 SP:27
8537  BD 1E 01 LDA LDA $011E,X                  A:FD X:05 Y:A0 P:A5 SP:27
853A  E9 08    SBC SBC #$08                     A:FD X:05 Y:A0 P:A5 SP:27
853C  20 C1 E5 JSR JSR $E5C1                    A:F5 X:05 Y:A0 P:A5 SP:27
<L013> ×2
# sample:
# E5C1  99 04 02 STA STA $0204,Y                  A:F5 X:05 Y:A0 P:A5 SP:25
E5C7  60       RTS                              A:F5 X:05 Y:A0 P:A5 SP:25
853F  BD 17 01 LDA LDA $0117,X                  A:F5 X:05 Y:A0 P:A5 SP:27
8542  99 03 02 STA STA $0203,Y                  A:36 X:05 Y:A0 P:25 SP:27
8545  18       CLC                              A:36 X:05 Y:A0 P:25 SP:27
8546  69 08    ADC ADC #$08                     A:36 X:05 Y:A0 P:24 SP:27
8548  99 07 02 STA STA $0207,Y                  A:3E X:05 Y:A0 P:24 SP:27
854B  A9 02    LDA LDA #$02                     A:3E X:05 Y:A0 P:24 SP:27
<L013> ×2
# sample:
# 854D  99 02 02 STA STA $0202,Y                  A:02 X:05 Y:A0 P:24 SP:27
8553  BD 10 01 LDA LDA $0110,X                  A:02 X:05 Y:A0 P:24 SP:27
8556  0A       ASL A                            A:0B X:05 Y:A0 P:24 SP:27
8557  AA       TAX                              A:16 X:05 Y:A0 P:24 SP:27
<L030> ×2
# sample:
# 8558  BD 9F 84 LDA LDA $849F,X                  A:16 X:16 Y:A0 P:24 SP:27
# 855B  99 01 02 STA STA $0201,Y                  A:FD X:16 Y:A0 P:A4 SP:27
8564  A6 08    LDX LDX $08                      A:FE X:16 Y:A0 P:A4 SP:27
8566  60       RTS                              A:FE X:05 Y:A0 P:24 SP:27
<L002> ×2
# sample:
# AF0B  E8       INX                              A:FE X:05 Y:A0 P:24 SP:29
# AF0C  E0 06    CPX CPX #$06                     A:FE X:06 Y:A0 P:24 SP:29
F180  A2 00    LDX LDX #$00                     A:FE X:06 Y:A0 P:27 SP:27
F182  A0 00    LDY LDY #$00                     A:FE X:00 Y:A0 P:27 SP:27
F184  4C C0 F1 JMP JMP $F1C0                    A:FE X:00 Y:00 P:27 SP:27
F1C0  98       TYA                              A:FE X:00 Y:00 P:27 SP:27
F1C1  48       PHA                              A:00 X:00 Y:00 P:27 SP:27
<L060> ×2
# sample:
# F1C2  20 D7 F1 JSR JSR $F1D7                    A:00 X:00 Y:00 P:27 SP:26
F1F6  86 04    STX STX $04                      A:00 X:00 Y:00 P:27 SP:22
F1F8  A0 01    LDY LDY #$01                     A:00 X:00 Y:00 P:27 SP:22
<L001> ×3
# sample:
# F1FA  B9 1C 07 LDA LDA $071C,Y                  A:00 X:00 Y:01 P:25 SP:22
F200  85 07    STA STA $07                      A:D7 X:00 Y:01 P:A5 SP:22
F202  B9 1A 07 LDA LDA $071A,Y                  A:D7 X:00 Y:01 P:A5 SP:22
F205  F5 6D    SBC SBC $6D,X                    A:00 X:00 Y:01 P:27 SP:22
F207  BE F3 F1 LDX LDX $F1F3,Y                  A:00 X:00 Y:01 P:27 SP:22
F20A  C9 00    CMP CMP #$00                     A:00 X:0F Y:01 P:25 SP:22
F20C  30 10    BMI BMI #$10                     A:00 X:0F Y:01 P:27 SP:22
F20E  BE F4 F1 LDX LDX $F1F4,Y                  A:00 X:0F Y:01 P:27 SP:22
F211  C9 01    CMP CMP #$01                     A:00 X:07 Y:01 P:25 SP:22
F213  10 09    BPL BPL #$09                     A:00 X:07 Y:01 P:A4 SP:22
F215  A9 38    LDA LDA #$38                     A:00 X:07 Y:01 P:A4 SP:22
F217  85 06    STA STA $06                      A:38 X:07 Y:01 P:24 SP:22
F219  A9 08    LDA LDA #$08                     A:38 X:07 Y:01 P:24 SP:22
F21B  20 6D F2 JSR JSR $F26D                    A:08 X:07 Y:01 P:24 SP:22
F26D  85 05    STA STA $05                      A:08 X:07 Y:01 P:24 SP:20
F26F  A5 07    LDA LDA $07                      A:08 X:07 Y:01 P:24 SP:20
F271  C5 06    CMP CMP $06                      A:D7 X:07 Y:01 P:A4 SP:20
F273  B0 0C    BCS BCS #$0C                     A:D7 X:07 Y:01 P:A5 SP:20
F281  60       RTS                              A:D7 X:07 Y:01 P:A5 SP:20
F21E  BD E3 F1 LDA LDA $F1E3,X                  A:D7 X:07 Y:01 P:A5 SP:22
F221  A6 04    LDX LDX $04                      A:00 X:07 Y:01 P:27 SP:22
F223  C9 00    CMP CMP #$00                     A:00 X:00 Y:01 P:27 SP:22
F225  D0 03    BNE BNE #$03                     A:00 X:00 Y:01 P:27 SP:22
F227  88       DEY                              A:00 X:00 Y:01 P:27 SP:22
F228  10 D0    BPL BPL #$D0                     A:00 X:00 Y:00 P:27 SP:22
<L001> ×3
# sample:
# F1FA  B9 1C 07 LDA LDA $071C,Y                  A:00 X:00 Y:00 P:27 SP:22
F200  85 07    STA STA $07                      A:D8 X:00 Y:00 P:A4 SP:22
F202  B9 1A 07 LDA LDA $071A,Y                  A:D8 X:00 Y:00 P:A4 SP:22
F205  F5 6D    SBC SBC $6D,X                    A:00 X:00 Y:00 P:26 SP:22
F207  BE F3 F1 LDX LDX $F1F3,Y                  A:FF X:00 Y:00 P:A4 SP:22
F20A  C9 00    CMP CMP #$00                     A:FF X:07 Y:00 P:24 SP:22
F20C  30 10    BMI BMI #$10                     A:FF X:07 Y:00 P:A5 SP:22
F21E  BD E3 F1 LDA LDA $F1E3,X                  A:FF X:07 Y:00 P:A5 SP:22
F221  A6 04    LDX LDX $04                      A:00 X:07 Y:00 P:27 SP:22
F223  C9 00    CMP CMP #$00                     A:00 X:00 Y:00 P:27 SP:22
F225  D0 03    BNE BNE #$03                     A:00 X:00 Y:00 P:27 SP:22
F227  88       DEY                              A:00 X:00 Y:00 P:27 SP:22
F228  10 D0    BPL BPL #$D0                     A:00 X:00 Y:FF P:A5 SP:22
F22A  60       RTS                              A:00 X:00 Y:FF P:A5 SP:22
[Repeated block (2 instrs)] ×2
<L001> ×3
# sample:
# F1DA  4A       LSR A                            A:00 X:00 Y:FF P:A5 SP:24
F1E0  4C 39 F2 JMP JMP $F239                    A:00 X:00 Y:FF P:26 SP:24
F239  86 04    STX STX $04                      A:00 X:00 Y:FF P:26 SP:24
F23B  A0 01    LDY LDY #$01                     A:00 X:00 Y:FF P:26 SP:24
F23D  B9 37 F2 LDA LDA $F237,Y                  A:00 X:00 Y:01 P:24 SP:24
F240  38       SEC                              A:00 X:00 Y:01 P:26 SP:24
F241  F5 CE    SBC SBC $CE,X                    A:00 X:00 Y:01 P:27 SP:24
F243  85 07    STA STA $07                      A:50 X:00 Y:01 P:24 SP:24
F245  A9 01    LDA LDA #$01                     A:50 X:00 Y:01 P:24 SP:24
F247  F5 B5    SBC SBC $B5,X                    A:01 X:00 Y:01 P:24 SP:24
F249  BE 34 F2 LDX LDX $F234,Y                  A:FF X:00 Y:01 P:A4 SP:24
F24C  C9 00    CMP CMP #$00                     A:FF X:00 Y:01 P:26 SP:24
F24E  30 10    BMI BMI #$10                     A:FF X:00 Y:01 P:A5 SP:24
F260  BD 2B F2 LDA LDA $F22B,X                  A:FF X:00 Y:01 P:A5 SP:24
F263  A6 04    LDX LDX $04                      A:00 X:00 Y:01 P:27 SP:24
F265  C9 00    CMP CMP #$00                     A:00 X:00 Y:01 P:27 SP:24
F267  D0 03    BNE BNE #$03                     A:00 X:00 Y:01 P:27 SP:24
F269  88       DEY                              A:00 X:00 Y:01 P:27 SP:24
F26A  10 D1    BPL BPL #$D1                     A:00 X:00 Y:00 P:27 SP:24
F23D  B9 37 F2 LDA LDA $F237,Y                  A:00 X:00 Y:00 P:27 SP:24
F240  38       SEC                              A:FF X:00 Y:00 P:A5 SP:24
F241  F5 CE    SBC SBC $CE,X                    A:FF X:00 Y:00 P:A5 SP:24
F243  85 07    STA STA $07                      A:4F X:00 Y:00 P:25 SP:24
F245  A9 01    LDA LDA #$01                     A:4F X:00 Y:00 P:25 SP:24
F247  F5 B5    SBC SBC $B5,X                    A:01 X:00 Y:00 P:25 SP:24
F249  BE 34 F2 LDX LDX $F234,Y                  A:00 X:00 Y:00 P:27 SP:24
F24C  C9 00    CMP CMP #$00                     A:00 X:04 Y:00 P:25 SP:24
F24E  30 10    BMI BMI #$10                     A:00 X:04 Y:00 P:27 SP:24
F250  BE 35 F2 LDX LDX $F235,Y                  A:00 X:04 Y:00 P:27 SP:24
F253  C9 01    CMP CMP #$01                     A:00 X:00 Y:00 P:27 SP:24
F255  10 09    BPL BPL #$09                     A:00 X:00 Y:00 P:A4 SP:24
F257  A9 20    LDA LDA #$20                     A:00 X:00 Y:00 P:A4 SP:24
F259  85 06    STA STA $06                      A:20 X:00 Y:00 P:24 SP:24
F25B  A9 04    LDA LDA #$04                     A:20 X:00 Y:00 P:24 SP:24
F25D  20 6D F2 JSR JSR $F26D                    A:04 X:00 Y:00 P:24 SP:24
F26D  85 05    STA STA $05                      A:04 X:00 Y:00 P:24 SP:22
F26F  A5 07    LDA LDA $07                      A:04 X:00 Y:00 P:24 SP:22
F271  C5 06    CMP CMP $06                      A:4F X:00 Y:00 P:24 SP:22
F273  B0 0C    BCS BCS #$0C                     A:4F X:00 Y:00 P:25 SP:22
F281  60       RTS                              A:4F X:00 Y:00 P:25 SP:22
F260  BD 2B F2 LDA LDA $F22B,X                  A:4F X:00 Y:00 P:25 SP:24
F263  A6 04    LDX LDX $04                      A:00 X:00 Y:00 P:27 SP:24
F265  C9 00    CMP CMP #$00                     A:00 X:00 Y:00 P:27 SP:24
F267  D0 03    BNE BNE #$03                     A:00 X:00 Y:00 P:27 SP:24
F269  88       DEY                              A:00 X:00 Y:00 P:27 SP:24
F26A  10 D1    BPL BPL #$D1                     A:00 X:00 Y:FF P:A5 SP:24
F26C  60       RTS                              A:00 X:00 Y:FF P:A5 SP:24
[Repeated block (2 instrs)] ×2
<L041> ×2
# sample:
# F1C5  0A       ASL A                            A:00 X:00 Y:FF P:A5 SP:26
F1C9  05 00    ORA ORA $00                      A:00 X:00 Y:FF P:26 SP:26
<L002> ×2
# sample:
# F1CB  85 00    STA STA $00                      A:00 X:00 Y:FF P:26 SP:26
# F1CD  68       PLA                              A:00 X:00 Y:FF P:26 SP:26
F1D1  99 D0 03 STA STA $03D0,Y                  A:00 X:00 Y:00 P:26 SP:27
F1D4  A6 08    LDX LDX $08                      A:00 X:00 Y:00 P:26 SP:27
F1D6  60       RTS                              A:00 X:05 Y:00 P:24 SP:27
AF13  20 2A F1 JSR JSR $F12A                    A:00 X:05 Y:00 P:24 SP:29
F12A  A2 00    LDX LDX #$00                     A:00 X:05 Y:00 P:24 SP:27
F12C  A0 00    LDY LDY #$00                     A:00 X:00 Y:00 P:26 SP:27
F12E  4C 42 F1 JMP JMP $F142                    A:00 X:00 Y:00 P:26 SP:27
F142  20 71 F1 JSR JSR $F171                    A:00 X:00 Y:00 P:26 SP:27
F171  B5 CE    LDA LDA $CE,X                    A:00 X:00 Y:00 P:26 SP:25
F173  99 B8 03 STA STA $03B8,Y                  A:B0 X:00 Y:00 P:A4 SP:25
F176  B5 86    LDA LDA $86,X                    A:B0 X:00 Y:00 P:A4 SP:25
F178  38       SEC                              A:28 X:00 Y:00 P:24 SP:25
F179  ED 1C 07 SBC SBC $071C                    A:28 X:00 Y:00 P:25 SP:25
F17C  99 AD 03 STA STA $03AD,Y                  A:28 X:00 Y:00 P:25 SP:25
F17F  60       RTS                              A:28 X:00 Y:00 P:25 SP:25
F145  A6 08    LDX LDX $08                      A:28 X:00 Y:00 P:25 SP:27
F147  60       RTS                              A:28 X:05 Y:00 P:25 SP:27
<L039> ×2
# sample:
# AF16  20 E9 EE JSR JSR $EEE9                    A:28 X:05 Y:00 P:25 SP:29
# EEE9  AD 9E 07 LDA LDA $079E                    A:28 X:05 Y:00 P:25 SP:27
# EEEC  F0 05    BEQ BEQ #$05                     A:00 X:05 Y:00 P:27 SP:27
# EEF3  A5 0E    LDA LDA $0E                      A:00 X:05 Y:00 P:27 SP:27
# EEF5  C9 0B    CMP CMP #$0B                     A:08 X:05 Y:00 P:25 SP:27
# EEF7  F0 47    BEQ BEQ #$47                     A:08 X:05 Y:00 P:A4 SP:27
# EEF9  AD 0B 07 LDA LDA $070B                    A:08 X:05 Y:00 P:A4 SP:27
# EEFC  D0 3C    BNE BNE #$3C                     A:00 X:05 Y:00 P:26 SP:27
# EEFE  AC 04 07 LDY LDY $0704                    A:00 X:05 Y:00 P:26 SP:27
F00B  A0 06    LDY LDY #$06                     A:00 X:05 Y:00 P:A4 SP:25
F00D  AD 14 07 LDA LDA $0714                    A:00 X:05 Y:06 P:24 SP:25
F010  D0 16    BNE BNE #$16                     A:00 X:05 Y:06 P:26 SP:25
F012  A0 02    LDY LDY #$02                     A:00 X:05 Y:06 P:26 SP:25
F014  A5 57    LDA LDA $57                      A:00 X:05 Y:02 P:24 SP:25
F016  05 0C    ORA ORA $0C                      A:00 X:05 Y:02 P:26 SP:25
F018  F0 0E    BEQ BEQ #$0E                     A:00 X:05 Y:02 P:26 SP:25
F028  20 91 F0 JSR JSR $F091                    A:00 X:05 Y:02 P:26 SP:25
F091  AD 54 07 LDA LDA $0754                    A:00 X:05 Y:02 P:26 SP:23
F094  F0 05    BEQ BEQ #$05                     A:01 X:05 Y:02 P:24 SP:23
F096  98       TYA                              A:01 X:05 Y:02 P:24 SP:23
F097  18       CLC                              A:02 X:05 Y:02 P:24 SP:23
F098  69 08    ADC ADC #$08                     A:02 X:05 Y:02 P:24 SP:23
F09A  A8       TAY                              A:0A X:05 Y:02 P:24 SP:23
F09B  60       RTS                              A:0A X:05 Y:0A P:24 SP:23
F02B  A9 00    LDA LDA #$00                     A:0A X:05 Y:0A P:24 SP:25
F02D  8D 0D 07 STA STA $070D                    A:00 X:05 Y:0A P:26 SP:25
F030  B9 07 EE LDA LDA $EE07,Y                  A:00 X:05 Y:0A P:26 SP:25
F033  60       RTS                              A:B8 X:05 Y:0A P:A4 SP:25
<L032> ×2
# sample:
# EF37  4C 45 EF JMP JMP $EF45                    A:B8 X:05 Y:0A P:A4 SP:27
# EF45  8D D5 06 STA STA $06D5                    A:B8 X:05 Y:0A P:A4 SP:27
# EF48  A9 04    LDA LDA #$04                     A:B8 X:05 Y:0A P:A4 SP:27
# EF4A  20 BE EF JSR JSR $EFBE                    A:04 X:05 Y:0A P:24 SP:27
# EFBE  85 07    STA STA $07                      A:04 X:05 Y:0A P:24 SP:25
# EFC0  AD AD 03 LDA LDA $03AD                    A:04 X:05 Y:0A P:24 SP:25
# EFC3  8D 55 07 STA STA $0755                    A:28 X:05 Y:0A P:24 SP:25
# EFC6  85 05    STA STA $05                      A:28 X:05 Y:0A P:24 SP:25
# EFC8  AD B8 03 LDA LDA $03B8                    A:28 X:05 Y:0A P:24 SP:25
# EFCB  85 02    STA STA $02                      A:B0 X:05 Y:0A P:A4 SP:25
# EFCD  A5 33    LDA LDA $33                      A:B0 X:05 Y:0A P:A4 SP:25
F282  A5 03    LDA LDA $03                      A:FC X:B8 Y:04 P:A4 SP:23
<L024> ×2
# sample:
# F284  4A       LSR A                            A:01 X:B8 Y:04 P:24 SP:23
F286  A5 00    LDA LDA $00                      A:00 X:B8 Y:04 P:26 SP:23
F288  90 0C    BCC BCC #$0C                     A:FC X:B8 Y:04 P:A4 SP:23
<L036> ×2
# sample:
# F296  99 01 02 STA STA $0201,Y                  A:FC X:B8 Y:04 P:A4 SP:23
# F299  A5 01    LDA LDA $01                      A:FC X:B8 Y:04 P:A4 SP:23
F2A0  05 04    ORA ORA $04                      A:00 X:B8 Y:04 P:26 SP:23
<L013> ×2
# sample:
# F2A2  99 02 02 STA STA $0202,Y                  A:00 X:B8 Y:04 P:26 SP:23
F2A8  A5 02    LDA LDA $02                      A:00 X:B8 Y:04 P:26 SP:23
<L001> ×2
# sample:
# F2AA  99 00 02 STA STA $0200,Y                  A:B0 X:B8 Y:04 P:A4 SP:23
F2B0  A5 05    LDA LDA $05                      A:B0 X:B8 Y:04 P:A4 SP:23
F2B2  99 03 02 STA STA $0203,Y                  A:28 X:B8 Y:04 P:24 SP:23
F2B5  18       CLC                              A:28 X:B8 Y:04 P:24 SP:23
F2B6  69 08    ADC ADC #$08                     A:28 X:B8 Y:04 P:24 SP:23
F2B8  99 07 02 STA STA $0207,Y                  A:30 X:B8 Y:04 P:24 SP:23
<L001> ×3
# sample:
# F2BB  A5 02    LDA LDA $02                      A:30 X:B8 Y:04 P:24 SP:23
F2C0  85 02    STA STA $02                      A:B8 X:B8 Y:04 P:A4 SP:23
F2C2  98       TYA                              A:B8 X:B8 Y:04 P:A4 SP:23
F2C3  18       CLC                              A:04 X:B8 Y:04 P:24 SP:23
F2C4  69 08    ADC ADC #$08                     A:04 X:B8 Y:04 P:24 SP:23
F2C6  A8       TAY                              A:0C X:B8 Y:04 P:24 SP:23
<L028> ×2
# sample:
# F2C7  E8       INX                              A:0C X:B8 Y:0C P:24 SP:23
F2C9  60       RTS                              A:0C X:BA Y:0C P:A4 SP:23
<L018> ×2
# sample:
# EFE7  C6 07    DEC DEC $07                      A:0C X:BA Y:0C P:A4 SP:25
# EFE9  D0 F1    BNE BNE #$F1                     A:0C X:BA Y:0C P:24 SP:25
# EFDC  BD 17 EE LDA LDA $EE17,X                  A:0C X:BA Y:0C P:24 SP:25
# EFDF  85 00    STA STA $00                      A:FC X:BA Y:0C P:A4 SP:25
F282  A5 03    LDA LDA $03                      A:FC X:BA Y:0C P:A4 SP:23
<L024> ×2
# sample:
# F284  4A       LSR A                            A:01 X:BA Y:0C P:24 SP:23
F286  A5 00    LDA LDA $00                      A:00 X:BA Y:0C P:26 SP:23
F288  90 0C    BCC BCC #$0C                     A:FC X:BA Y:0C P:A4 SP:23
<L036> ×2
# sample:
# F296  99 01 02 STA STA $0201,Y                  A:FC X:BA Y:0C P:A4 SP:23
# F299  A5 01    LDA LDA $01                      A:FC X:BA Y:0C P:A4 SP:23
F2A0  05 04    ORA ORA $04                      A:00 X:BA Y:0C P:26 SP:23
<L013> ×2
# sample:
# F2A2  99 02 02 STA STA $0202,Y                  A:00 X:BA Y:0C P:26 SP:23
F2A8  A5 02    LDA LDA $02                      A:00 X:BA Y:0C P:26 SP:23
<L001> ×2
# sample:
# F2AA  99 00 02 STA STA $0200,Y                  A:B8 X:BA Y:0C P:A4 SP:23
F2B0  A5 05    LDA LDA $05                      A:B8 X:BA Y:0C P:A4 SP:23
F2B2  99 03 02 STA STA $0203,Y                  A:28 X:BA Y:0C P:24 SP:23
F2B5  18       CLC                              A:28 X:BA Y:0C P:24 SP:23
F2B6  69 08    ADC ADC #$08                     A:28 X:BA Y:0C P:24 SP:23
F2B8  99 07 02 STA STA $0207,Y                  A:30 X:BA Y:0C P:24 SP:23
<L001> ×3
# sample:
# F2BB  A5 02    LDA LDA $02                      A:30 X:BA Y:0C P:24 SP:23
F2C0  85 02    STA STA $02                      A:C0 X:BA Y:0C P:A4 SP:23
F2C2  98       TYA                              A:C0 X:BA Y:0C P:A4 SP:23
F2C3  18       CLC                              A:0C X:BA Y:0C P:24 SP:23
F2C4  69 08    ADC ADC #$08                     A:0C X:BA Y:0C P:24 SP:23
F2C6  A8       TAY                              A:14 X:BA Y:0C P:24 SP:23
<L028> ×2
# sample:
# F2C7  E8       INX                              A:14 X:BA Y:14 P:24 SP:23
F2C9  60       RTS                              A:14 X:BC Y:14 P:A4 SP:23
<L018> ×2
# sample:
# EFE7  C6 07    DEC DEC $07                      A:14 X:BC Y:14 P:A4 SP:25
# EFE9  D0 F1    BNE BNE #$F1                     A:14 X:BC Y:14 P:24 SP:25
# EFDC  BD 17 EE LDA LDA $EE17,X                  A:14 X:BC Y:14 P:24 SP:25
# EFDF  85 00    STA STA $00                      A:3A X:BC Y:14 P:24 SP:25
F282  A5 03    LDA LDA $03                      A:37 X:BC Y:14 P:24 SP:23
<L024> ×2
# sample:
# F284  4A       LSR A                            A:01 X:BC Y:14 P:24 SP:23
F286  A5 00    LDA LDA $00                      A:00 X:BC Y:14 P:26 SP:23
F288  90 0C    BCC BCC #$0C                     A:3A X:BC Y:14 P:24 SP:23
<L036> ×2
# sample:
# F296  99 01 02 STA STA $0201,Y                  A:3A X:BC Y:14 P:24 SP:23
# F299  A5 01    LDA LDA $01                      A:3A X:BC Y:14 P:24 SP:23
F2A0  05 04    ORA ORA $04                      A:00 X:BC Y:14 P:26 SP:23
<L013> ×2
# sample:
# F2A2  99 02 02 STA STA $0202,Y                  A:00 X:BC Y:14 P:26 SP:23
F2A8  A5 02    LDA LDA $02                      A:00 X:BC Y:14 P:26 SP:23
<L001> ×2
# sample:
# F2AA  99 00 02 STA STA $0200,Y                  A:C0 X:BC Y:14 P:A4 SP:23
F2B0  A5 05    LDA LDA $05                      A:C0 X:BC Y:14 P:A4 SP:23
F2B2  99 03 02 STA STA $0203,Y                  A:28 X:BC Y:14 P:24 SP:23
F2B5  18       CLC                              A:28 X:BC Y:14 P:24 SP:23
F2B6  69 08    ADC ADC #$08                     A:28 X:BC Y:14 P:24 SP:23
F2B8  99 07 02 STA STA $0207,Y                  A:30 X:BC Y:14 P:24 SP:23
<L001> ×3
# sample:
# F2BB  A5 02    LDA LDA $02                      A:30 X:BC Y:14 P:24 SP:23
F2C0  85 02    STA STA $02                      A:C8 X:BC Y:14 P:A4 SP:23
F2C2  98       TYA                              A:C8 X:BC Y:14 P:A4 SP:23
F2C3  18       CLC                              A:14 X:BC Y:14 P:24 SP:23
F2C4  69 08    ADC ADC #$08                     A:14 X:BC Y:14 P:24 SP:23
F2C6  A8       TAY                              A:1C X:BC Y:14 P:24 SP:23
<L028> ×2
# sample:
# F2C7  E8       INX                              A:1C X:BC Y:1C P:24 SP:23
F2C9  60       RTS                              A:1C X:BE Y:1C P:A4 SP:23
<L018> ×2
# sample:
# EFE7  C6 07    DEC DEC $07                      A:1C X:BE Y:1C P:A4 SP:25
# EFE9  D0 F1    BNE BNE #$F1                     A:1C X:BE Y:1C P:24 SP:25
# EFDC  BD 17 EE LDA LDA $EE17,X                  A:1C X:BE Y:1C P:24 SP:25
# EFDF  85 00    STA STA $00                      A:4F X:BE Y:1C P:24 SP:25
F282  A5 03    LDA LDA $03                      A:4F X:BE Y:1C P:24 SP:23
<L024> ×2
# sample:
# F284  4A       LSR A                            A:01 X:BE Y:1C P:24 SP:23
F286  A5 00    LDA LDA $00                      A:00 X:BE Y:1C P:26 SP:23
F288  90 0C    BCC BCC #$0C                     A:4F X:BE Y:1C P:24 SP:23
<L036> ×2
# sample:
# F296  99 01 02 STA STA $0201,Y                  A:4F X:BE Y:1C P:24 SP:23
# F299  A5 01    LDA LDA $01                      A:4F X:BE Y:1C P:24 SP:23
F2A0  05 04    ORA ORA $04                      A:00 X:BE Y:1C P:26 SP:23
<L013> ×2
# sample:
# F2A2  99 02 02 STA STA $0202,Y                  A:00 X:BE Y:1C P:26 SP:23
F2A8  A5 02    LDA LDA $02                      A:00 X:BE Y:1C P:26 SP:23
<L001> ×2
# sample:
# F2AA  99 00 02 STA STA $0200,Y                  A:C8 X:BE Y:1C P:A4 SP:23
F2B0  A5 05    LDA LDA $05                      A:C8 X:BE Y:1C P:A4 SP:23
F2B2  99 03 02 STA STA $0203,Y                  A:28 X:BE Y:1C P:24 SP:23
F2B5  18       CLC                              A:28 X:BE Y:1C P:24 SP:23
F2B6  69 08    ADC ADC #$08                     A:28 X:BE Y:1C P:24 SP:23
F2B8  99 07 02 STA STA $0207,Y                  A:30 X:BE Y:1C P:24 SP:23
<L001> ×3
# sample:
# F2BB  A5 02    LDA LDA $02                      A:30 X:BE Y:1C P:24 SP:23
F2C0  85 02    STA STA $02                      A:D0 X:BE Y:1C P:A4 SP:23
F2C2  98       TYA                              A:D0 X:BE Y:1C P:A4 SP:23
F2C3  18       CLC                              A:1C X:BE Y:1C P:24 SP:23
F2C4  69 08    ADC ADC #$08                     A:1C X:BE Y:1C P:24 SP:23
F2C6  A8       TAY                              A:24 X:BE Y:1C P:24 SP:23
<L028> ×2
# sample:
# F2C7  E8       INX                              A:24 X:BE Y:24 P:24 SP:23
F2C9  60       RTS                              A:24 X:C0 Y:24 P:A4 SP:23
<L002> ×2
# sample:
# EFE7  C6 07    DEC DEC $07                      A:24 X:C0 Y:24 P:A4 SP:25
# EFE9  D0 F1    BNE BNE #$F1                     A:24 X:C0 Y:24 P:26 SP:25
F0E9  AC E4 06 LDY LDY $06E4                    A:24 X:C0 Y:24 P:26 SP:25
<L001> ×2
# sample:
# F0EC  A5 0E    LDA LDA $0E                      A:24 X:C0 Y:04 P:24 SP:25
F0F0  F0 13    BEQ BEQ #$13                     A:08 X:C0 Y:04 P:A4 SP:25
F0F2  AD D5 06 LDA LDA $06D5                    A:08 X:C0 Y:04 P:A4 SP:25
F0F5  C9 50    CMP CMP #$50                     A:B8 X:C0 Y:04 P:A4 SP:25
F0F7  F0 1E    BEQ BEQ #$1E                     A:B8 X:C0 Y:04 P:25 SP:25
F0F9  C9 B8    CMP CMP #$B8                     A:B8 X:C0 Y:04 P:25 SP:25
F0FB  F0 1A    BEQ BEQ #$1A                     A:B8 X:C0 Y:04 P:27 SP:25
F117  B9 1A 02 LDA LDA $021A,Y                  A:B8 X:C0 Y:04 P:27 SP:25
F11A  29 3F    AND AND #$3F                     A:00 X:C0 Y:04 P:27 SP:25
F11C  99 1A 02 STA STA $021A,Y                  A:00 X:C0 Y:04 P:27 SP:25
F11F  B9 1E 02 LDA LDA $021E,Y                  A:00 X:C0 Y:04 P:27 SP:25
F122  29 3F    AND AND #$3F                     A:00 X:C0 Y:04 P:27 SP:25
F124  09 40    ORA ORA #$40                     A:00 X:C0 Y:04 P:27 SP:25
F126  99 1E 02 STA STA $021E,Y                  A:40 X:C0 Y:04 P:25 SP:25
F129  60       RTS                              A:40 X:C0 Y:04 P:25 SP:25
<L001> ×3
# sample:
# EF50  AD 11 07 LDA LDA $0711                    A:40 X:C0 Y:04 P:25 SP:27
[Repeated block (2 instrs)] ×2
<L003> ×3
# sample:
# EF7D  4A       LSR A                            A:00 X:C0 Y:04 P:27 SP:27
# EF7E  4A       LSR A                            A:00 X:C0 Y:04 P:26 SP:27
# EF81  85 00    STA STA $00                      A:00 X:C0 Y:04 P:26 SP:27
# EF83  A2 03    LDX LDX #$03                     A:00 X:C0 Y:04 P:26 SP:27
# EF85  AD E4 06 LDA LDA $06E4                    A:00 X:03 Y:04 P:24 SP:27
# EF88  18       CLC                              A:04 X:03 Y:04 P:24 SP:27
# EF89  69 18    ADC ADC #$18                     A:04 X:03 Y:04 P:24 SP:27
# EF8B  A8       TAY                              A:1C X:03 Y:04 P:24 SP:27
# EF8C  A9 F8    LDA LDA #$F8                     A:1C X:03 Y:1C P:24 SP:27
# EF8E  46 00    LSR LSR $00                      A:F8 X:03 Y:1C P:A4 SP:27
# EF90  90 03    BCC BCC #$03                     A:F8 X:03 Y:1C P:26 SP:27
# EF95  98       TYA                              A:F8 X:03 Y:1C P:26 SP:27
<L026> ×2
# sample:
# EF8E  46 00    LSR LSR $00                      A:F8 X:00 Y:04 P:A5 SP:27
# EF90  90 03    BCC BCC #$03                     A:F8 X:00 Y:04 P:26 SP:27
# EF95  98       TYA                              A:F8 X:00 Y:04 P:26 SP:27
# EF96  38       SEC                              A:04 X:00 Y:04 P:24 SP:27
# EF97  E9 08    SBC SBC #$08                     A:04 X:00 Y:04 P:25 SP:27
BED4  A2 01    LDX LDX #$01                     A:FC X:FF Y:FC P:A4 SP:27
[Repeated block (7 instrs)] ×2
<L003> ×2
# sample:
# BED6  86 08    STX STX $08                      A:FC X:01 Y:FC P:24 SP:27
# BED8  AD 01 03 LDA LDA $0301                    A:FC X:01 Y:FC P:24 SP:27
# BEDB  D0 21    BNE BNE #$21                     A:00 X:01 Y:FC P:26 SP:27
# BEDD  BD EC 03 LDA LDA $03EC,X                  A:00 X:01 Y:FC P:26 SP:27
# BEE0  F0 1C    BEQ BEQ #$1C                     A:00 X:01 Y:FC P:26 SP:27
# BEFE  CA       DEX                              A:00 X:01 Y:FC P:26 SP:27
# BEFF  10 D5    BPL BPL #$D5                     A:00 X:00 Y:FC P:26 SP:27
# BF01  60       RTS                              A:00 X:FF Y:FC P:A4 SP:27
# AF1C  A2 01    LDX LDX #$01                     A:00 X:FF Y:FC P:A4 SP:29
# AF1E  86 08    STX STX $08                      A:00 X:01 Y:FC P:24 SP:29
# AF20  20 70 BE JSR JSR $BE70                    A:00 X:01 Y:FC P:24 SP:29
# BE70  B5 26    LDA LDA $26,X                    A:00 X:01 Y:FC P:24 SP:27
[Repeated block (10 instrs)] ×4
<L039> ×2
# sample:
# BB98  86 08    STX STX $08                      A:00 X:08 Y:FC P:24 SP:27
# BB9A  B5 2A    LDA LDA $2A,X                    A:00 X:08 Y:FC P:24 SP:27
# BB9C  F0 56    BEQ BEQ #$56                     A:00 X:08 Y:FC P:26 SP:27
# BBF4  CA       DEX                              A:00 X:08 Y:FC P:26 SP:27
# BBF5  10 A1    BPL BPL #$A1                     A:00 X:07 Y:FC P:24 SP:27
# BB98  86 08    STX STX $08                      A:00 X:07 Y:FC P:24 SP:27
# BB9A  B5 2A    LDA LDA $2A,X                    A:00 X:07 Y:FC P:24 SP:27
# BB9C  F0 56    BEQ BEQ #$56                     A:00 X:07 Y:FC P:26 SP:27
# BBF4  CA       DEX                              A:00 X:07 Y:FC P:26 SP:27
B9BF  F0 6F    BEQ BEQ #$6F                     A:01 X:FF Y:FC P:24 SP:27
B9C1  A2 02    LDX LDX #$02                     A:01 X:FF Y:FC P:24 SP:27
B9C3  86 08    STX STX $08                      A:01 X:02 Y:FC P:24 SP:27
B9C5  B5 0F    LDA LDA $0F,X                    A:01 X:02 Y:FC P:24 SP:27
B9C7  D0 51    BNE BNE #$51                     A:00 X:02 Y:FC P:26 SP:27
B9C9  BD A8 07 LDA LDA $07A8,X                  A:00 X:02 Y:FC P:26 SP:27
<L001> ×2
# sample:
# B9CC  AC CC 06 LDY LDY $06CC                    A:80 X:02 Y:FC P:A4 SP:27
B9D2  C9 06    CMP CMP #$06                     A:00 X:02 Y:00 P:26 SP:27
B9D4  B0 44    BCS BCS #$44                     A:00 X:02 Y:00 P:A4 SP:27
B9D6  A8       TAY                              A:00 X:02 Y:00 P:A4 SP:27
B9D7  B9 6B 04 LDA LDA $046B,Y                  A:00 X:02 Y:00 P:26 SP:27
<L005> ×2
# sample:
# B9DA  F0 3E    BEQ BEQ #$3E                     A:00 X:02 Y:00 P:26 SP:27
# BA1A  B5 16    LDA LDA $16,X                    A:00 X:02 Y:00 P:26 SP:27
# BA1C  C9 33    CMP CMP #$33                     A:00 X:02 Y:00 P:26 SP:27
B9C3  86 08    STX STX $08                      A:00 X:01 Y:00 P:24 SP:27
B9C5  B5 0F    LDA LDA $0F,X                    A:00 X:01 Y:00 P:24 SP:27
B9C7  D0 51    BNE BNE #$51                     A:00 X:01 Y:00 P:26 SP:27
B9C9  BD A8 07 LDA LDA $07A8,X                  A:00 X:01 Y:00 P:26 SP:27
<L001> ×2
# sample:
# B9CC  AC CC 06 LDY LDY $06CC                    A:52 X:01 Y:00 P:24 SP:27
B9D2  C9 06    CMP CMP #$06                     A:02 X:01 Y:00 P:24 SP:27
B9D4  B0 44    BCS BCS #$44                     A:02 X:01 Y:00 P:A4 SP:27
B9D6  A8       TAY                              A:02 X:01 Y:00 P:A4 SP:27
B9D7  B9 6B 04 LDA LDA $046B,Y                  A:02 X:01 Y:02 P:24 SP:27
<L005> ×2
# sample:
# B9DA  F0 3E    BEQ BEQ #$3E                     A:00 X:01 Y:02 P:26 SP:27
# BA1A  B5 16    LDA LDA $16,X                    A:00 X:01 Y:02 P:26 SP:27
# BA1C  C9 33    CMP CMP #$33                     A:00 X:01 Y:02 P:26 SP:27
B9C3  86 08    STX STX $08                      A:00 X:00 Y:02 P:26 SP:27
B9C5  B5 0F    LDA LDA $0F,X                    A:00 X:00 Y:02 P:26 SP:27
B9C7  D0 51    BNE BNE #$51                     A:00 X:00 Y:02 P:26 SP:27
B9C9  BD A8 07 LDA LDA $07A8,X                  A:00 X:00 Y:02 P:26 SP:27
<L001> ×2
# sample:
# B9CC  AC CC 06 LDY LDY $06CC                    A:E9 X:00 Y:02 P:A4 SP:27
B9D2  C9 06    CMP CMP #$06                     A:09 X:00 Y:00 P:24 SP:27
B9D4  B0 44    BCS BCS #$44                     A:09 X:00 Y:00 P:25 SP:27
<L005> ×2
# sample:
# BA1A  B5 16    LDA LDA $16,X                    A:09 X:00 Y:00 P:25 SP:27
# BA1C  C9 33    CMP CMP #$33                     A:00 X:00 Y:00 P:27 SP:27
# BA1E  D0 0D    BNE BNE #$0D                     A:00 X:00 Y:00 P:A4 SP:27
AF2F  20 B8 B7 JSR JSR $B7B8                    A:00 X:FF Y:00 P:A4 SP:29
B7B8  AD 4E 07 LDA LDA $074E                    A:00 X:FF Y:00 P:A4 SP:27
B7BB  D0 37    BNE BNE #$37                     A:01 X:FF Y:00 P:24 SP:27
B7F4  60       RTS                              A:01 X:FF Y:00 P:24 SP:27
AF32  20 55 B8 JSR JSR $B855                    A:01 X:FF Y:00 P:24 SP:29
B855  A2 05    LDX LDX #$05                     A:01 X:FF Y:00 P:24 SP:27
B857  86 08    STX STX $08                      A:01 X:05 Y:00 P:24 SP:27
B859  B5 16    LDA LDA $16,X                    A:01 X:05 Y:00 P:24 SP:27
B85B  C9 30    CMP CMP #$30                     A:00 X:05 Y:00 P:26 SP:27
B85D  D0 56    BNE BNE #$56                     A:00 X:05 Y:00 P:A4 SP:27
B8B5  60       RTS                              A:00 X:05 Y:00 P:A4 SP:27
AF35  20 4F B7 JSR JSR $B74F                    A:00 X:05 Y:00 P:A4 SP:29
B74F  AD 70 07 LDA LDA $0770                    A:00 X:05 Y:00 P:A4 SP:27
B752  F0 4F    BEQ BEQ #$4F                     A:00 X:05 Y:00 P:26 SP:27
B7A3  60       RTS                              A:00 X:05 Y:00 P:26 SP:27
AF38  20 E1 89 JSR JSR $89E1                    A:00 X:05 Y:00 P:26 SP:29
89E1  A5 09    LDA LDA $09                      A:00 X:05 Y:00 P:26 SP:27
<L017> ×2
# sample:
# 89E3  29 07    AND AND #$07                     A:10 X:05 Y:00 P:24 SP:27
89E7  AE 00 03 LDX LDX $0300                    A:00 X:05 Y:00 P:26 SP:27
<L002> ×2
# sample:
# 89EA  E0 31    CPX CPX #$31                     A:00 X:00 Y:00 P:26 SP:27
# 89EC  B0 4A    BCS BCS #$4A                     A:00 X:00 Y:00 P:A4 SP:27
<L081> ×2
# sample:
# 89F2  9D 01 03 STA STA $0301,X                  A:3F X:00 Y:00 P:24 SP:27
# 89F5  E8       INX                              A:3F X:00 Y:00 P:24 SP:27
# 89F6  C8       INY                              A:3F X:01 Y:00 P:24 SP:27
# 89F7  C0 08    CPY CPY #$08                     A:3F X:01 Y:01 P:24 SP:27
# 89F9  90 F4    BCC BCC #$F4                     A:3F X:01 Y:01 P:A4 SP:27
# 89EF  B9 C9 89 LDA LDA $89C9,Y                  A:3F X:01 Y:01 P:A4 SP:27
89F2  9D 01 03 STA STA $0301,X                  A:04 X:02 Y:02 P:24 SP:27
89F5  E8       INX                              A:04 X:02 Y:02 P:24 SP:27
89F6  C8       INY                              A:04 X:03 Y:02 P:24 SP:27
[Repeated block (6 instrs)] ×4
<L082> ×2
# sample:
# 89F7  C0 08    CPY CPY #$08                     A:04 X:03 Y:03 P:24 SP:27
# 89F9  90 F4    BCC BCC #$F4                     A:04 X:03 Y:03 P:A4 SP:27
# 89EF  B9 C9 89 LDA LDA $89C9,Y                  A:04 X:03 Y:03 P:A4 SP:27
# 89F2  9D 01 03 STA STA $0301,X                  A:FF X:03 Y:03 P:A4 SP:27
# 89F5  E8       INX                              A:FF X:03 Y:03 P:A4 SP:27
# 89F6  C8       INY                              A:FF X:04 Y:03 P:24 SP:27
89F7  C0 08    CPY CPY #$08                     A:00 X:08 Y:08 P:24 SP:27
89F9  90 F4    BCC BCC #$F4                     A:00 X:08 Y:08 P:27 SP:27
<L001> ×2
# sample:
# 89FB  AE 00 03 LDX LDX $0300                    A:00 X:08 Y:08 P:27 SP:27
8A00  85 00    STA STA $00                      A:03 X:00 Y:08 P:25 SP:27
8A02  AD 4E 07 LDA LDA $074E                    A:03 X:00 Y:08 P:25 SP:27
<L041> ×2
# sample:
# 8A05  0A       ASL A                            A:01 X:00 Y:08 P:25 SP:27
8A07  A8       TAY                              A:04 X:00 Y:08 P:24 SP:27
<L049> ×2
# sample:
# 8A08  B9 D1 89 LDA LDA $89D1,Y                  A:04 X:00 Y:04 P:24 SP:27
# 8A0B  9D 04 03 STA STA $0304,X                  A:0F X:00 Y:04 P:24 SP:27
# 8A0E  C8       INY                              A:0F X:00 Y:04 P:24 SP:27
# 8A0F  E8       INX                              A:0F X:00 Y:05 P:24 SP:27
# 8A10  C6 00    DEC DEC $00                      A:0F X:01 Y:05 P:24 SP:27
# 8A12  10 F4    BPL BPL #$F4                     A:0F X:01 Y:05 P:24 SP:27
# 8A08  B9 D1 89 LDA LDA $89D1,Y                  A:0F X:01 Y:05 P:24 SP:27
# 8A0B  9D 04 03 STA STA $0304,X                  A:07 X:01 Y:05 P:24 SP:27
# 8A0E  C8       INY                              A:07 X:01 Y:05 P:24 SP:27
# 8A0F  E8       INX                              A:07 X:01 Y:06 P:24 SP:27
# 8A10  C6 00    DEC DEC $00                      A:07 X:02 Y:06 P:24 SP:27
# 8A12  10 F4    BPL BPL #$F4                     A:07 X:02 Y:06 P:24 SP:27
8A14  AE 00 03 LDX LDX $0300                    A:0F X:04 Y:08 P:A4 SP:27
8A17  AC D4 06 LDY LDY $06D4                    A:0F X:00 Y:08 P:26 SP:27
8A1A  B9 C3 89 LDA LDA $89C3,Y                  A:0F X:00 Y:00 P:26 SP:27
8A1D  9D 05 03 STA STA $0305,X                  A:27 X:00 Y:00 P:24 SP:27
8A20  AD 00 03 LDA LDA $0300                    A:27 X:00 Y:00 P:24 SP:27
8A23  18       CLC                              A:00 X:00 Y:00 P:26 SP:27
8A24  69 07    ADC ADC #$07                     A:00 X:00 Y:00 P:26 SP:27
8A26  8D 00 03 STA STA $0300                    A:07 X:00 Y:00 P:24 SP:27
8A29  EE D4 06 INC INC $06D4                    A:07 X:00 Y:00 P:24 SP:27
8A2C  AD D4 06 LDA LDA $06D4                    A:07 X:00 Y:00 P:24 SP:27
8A2F  C9 06    CMP CMP #$06                     A:01 X:00 Y:00 P:24 SP:27
8A31  90 05    BCC BCC #$05                     A:01 X:00 Y:00 P:A4 SP:27
8A38  60       RTS                              A:01 X:00 Y:00 P:A4 SP:27
<L005> ×2
# sample:
# AF3B  A5 B5    LDA LDA $B5                      A:01 X:00 Y:00 P:A4 SP:29
# AF3D  C9 02    CMP CMP #$02                     A:01 X:00 Y:00 P:24 SP:29
# AF3F  10 11    BPL BPL #$11                     A:01 X:00 Y:00 P:A4 SP:29
B29A  AD C4 03 LDA LDA $03C4                    A:00 X:00 Y:00 P:26 SP:27
B29D  29 FC    AND AND #$FC                     A:00 X:00 Y:00 P:26 SP:27
B29F  8D C4 03 STA STA $03C4                    A:00 X:00 Y:00 P:26 SP:27
B2A2  60       RTS                              A:00 X:00 Y:00 P:26 SP:27
<L010> ×2
# sample:
# AF67  A5 0A    LDA LDA $0A                      A:00 X:00 Y:00 P:26 SP:29
# AF69  85 0D    STA STA $0D                      A:00 X:00 Y:00 P:26 SP:29
# AF6B  A9 00    LDA LDA #$00                     A:00 X:00 Y:00 P:26 SP:29
# AF6D  85 0C    STA STA $0C                      A:00 X:00 Y:00 P:26 SP:29
# AF6F  AD 73 07 LDA LDA $0773                    A:00 X:00 Y:00 P:26 SP:29
# AF72  C9 06    CMP CMP #$06                     A:00 X:00 Y:00 P:26 SP:29
AF92  60       RTS                              A:00 X:00 Y:00 P:A4 SP:29
82C3  A5 0E    LDA LDA $0E                      A:00 X:00 Y:00 P:A4 SP:2B
82C5  C9 06    CMP CMP #$06                     A:08 X:00 Y:00 P:24 SP:2B
82C7  D0 44    BNE BNE #$44                     A:08 X:00 Y:00 P:25 SP:2B
830D  60       RTS                              A:08 X:00 Y:00 P:25 SP:2B
<L027> ×3
# sample:
# 8077  8D 8D 8D STA STA $8D8D                    A:08 X:00 Y:00 P:25 SP:2D
8080  00       BRK                              A:08 X:00 Y:00 P:25 SP:2D
[Repeated block (6 instrs)] ×215
<L026> ×2
# sample:
# FFF0  19 19 1A ORA ORA $1A19,Y                  A:08 X:00 Y:00 P:25 SP:2A
# FFF3  1A       *NOP                             A:3F X:00 Y:00 P:25 SP:2A
# FFF4  1C 1D 1D *NOP *NOP $1D1D,X                A:3F X:00 Y:00 P:25 SP:2A
# FFF7  1E 1E 1F ASL ASL $1F1E,X                  A:3F X:00 Y:00 P:25 SP:2A
# FFFA  82 80    *NOP *NOP #$80                   A:3F X:00 Y:00 P:26 SP:2A
Emulator Thread: Quit event, hiding window and stopping emulation.
Emulator Thread: Command channel closed, exiting thread.
